[0.036s] Invoking command in '/home/gyufoxy/dev_ws/build/srv_and_cli_ros2': CMAKE_PREFIX_PATH=${CMAKE_PREFIX_PATH}:/opt/ros/foxy /usr/bin/cmake --build /home/gyufoxy/dev_ws/build/srv_and_cli_ros2 -- -j8 -l8
[0.100s] [  2%] Built target srv_and_cli_ros2__cpp
[0.102s] [ 11%] Built target srv_and_cli_ros2__rosidl_generator_c
[0.115s] [ 16%] Built target server
[0.119s] [ 20%] Built target client
[0.133s] [ 30%] Built target srv_and_cli_ros2__rosidl_typesupport_introspection_cpp
[0.133s] [ 39%] Built target srv_and_cli_ros2__rosidl_typesupport_cpp
[0.134s] [ 48%] Built target srv_and_cli_ros2__rosidl_typesupport_introspection_c
[0.137s] [ 58%] Built target srv_and_cli_ros2__rosidl_typesupport_fastrtps_cpp
[0.141s] [ 67%] Built target srv_and_cli_ros2__rosidl_typesupport_c
[0.166s] [ 76%] Built target srv_and_cli_ros2__rosidl_typesupport_fastrtps_c
[0.192s] [ 76%] Built target srv_and_cli_ros2
[0.214s] [ 79%] Built target srv_and_cli_ros2__py
[0.242s] [ 86%] Built target srv_and_cli_ros2__python
[0.271s] [100%] Built target srv_and_cli_ros2__rosidl_typesupport_introspection_c__pyext
[0.271s] [100%] Built target srv_and_cli_ros2__rosidl_typesupport_c__pyext
[0.271s] [100%] Built target srv_and_cli_ros2__rosidl_typesupport_fastrtps_c__pyext
[0.283s] Invoked command in '/home/gyufoxy/dev_ws/build/srv_and_cli_ros2' returned '0': CMAKE_PREFIX_PATH=${CMAKE_PREFIX_PATH}:/opt/ros/foxy /usr/bin/cmake --build /home/gyufoxy/dev_ws/build/srv_and_cli_ros2 -- -j8 -l8
[0.349s] Invoking command in '/home/gyufoxy/dev_ws/build/srv_and_cli_ros2': CMAKE_PREFIX_PATH=${CMAKE_PREFIX_PATH}:/opt/ros/foxy /usr/bin/cmake --install /home/gyufoxy/dev_ws/build/srv_and_cli_ros2
[0.359s] -- Install configuration: ""
[0.359s] -- Up-to-date: /home/gyufoxy/dev_ws/install/srv_and_cli_ros2/lib/srv_and_cli_ros2/server
[0.359s] -- Up-to-date: /home/gyufoxy/dev_ws/install/srv_and_cli_ros2/lib/srv_and_cli_ros2/client
[0.359s] -- Up-to-date: /home/gyufoxy/dev_ws/install/srv_and_cli_ros2/share/ament_index/resource_index/rosidl_interfaces/srv_and_cli_ros2
[0.360s] -- Up-to-date: /home/gyufoxy/dev_ws/install/srv_and_cli_ros2/include/srv_and_cli_ros2
[0.360s] -- Up-to-date: /home/gyufoxy/dev_ws/install/srv_and_cli_ros2/include/srv_and_cli_ros2/srv
[0.360s] -- Up-to-date: /home/gyufoxy/dev_ws/install/srv_and_cli_ros2/include/srv_and_cli_ros2/srv/detail
[0.360s] -- Up-to-date: /home/gyufoxy/dev_ws/install/srv_and_cli_ros2/include/srv_and_cli_ros2/srv/detail/tutorial__functions.h
[0.360s] -- Up-to-date: /home/gyufoxy/dev_ws/install/srv_and_cli_ros2/include/srv_and_cli_ros2/srv/detail/tutorial__type_support.h
[0.360s] -- Up-to-date: /home/gyufoxy/dev_ws/install/srv_and_cli_ros2/include/srv_and_cli_ros2/srv/detail/tutorial__functions.c
[0.360s] -- Up-to-date: /home/gyufoxy/dev_ws/install/srv_and_cli_ros2/include/srv_and_cli_ros2/srv/detail/tutorial__struct.h
[0.360s] -- Up-to-date: /home/gyufoxy/dev_ws/install/srv_and_cli_ros2/include/srv_and_cli_ros2/srv/tutorial.h
[0.360s] -- Up-to-date: /home/gyufoxy/dev_ws/install/srv_and_cli_ros2/include/srv_and_cli_ros2/msg
[0.360s] -- Up-to-date: /home/gyufoxy/dev_ws/install/srv_and_cli_ros2/include/srv_and_cli_ros2/msg/detail
[0.360s] -- Up-to-date: /home/gyufoxy/dev_ws/install/srv_and_cli_ros2/include/srv_and_cli_ros2/msg/detail/tutorial__functions.h
[0.361s] -- Up-to-date: /home/gyufoxy/dev_ws/install/srv_and_cli_ros2/include/srv_and_cli_ros2/msg/detail/tutorial__type_support.h
[0.361s] -- Up-to-date: /home/gyufoxy/dev_ws/install/srv_and_cli_ros2/include/srv_and_cli_ros2/msg/detail/tutorial__functions.c
[0.361s] -- Up-to-date: /home/gyufoxy/dev_ws/install/srv_and_cli_ros2/include/srv_and_cli_ros2/msg/detail/tutorial__struct.h
[0.361s] -- Up-to-date: /home/gyufoxy/dev_ws/install/srv_and_cli_ros2/include/srv_and_cli_ros2/msg/tutorial.h
[0.361s] -- Up-to-date: /home/gyufoxy/dev_ws/install/srv_and_cli_ros2/include/srv_and_cli_ros2/msg/rosidl_generator_c__visibility_control.h
[0.361s] -- Up-to-date: /home/gyufoxy/dev_ws/install/srv_and_cli_ros2/share/srv_and_cli_ros2/environment/library_path.sh
[0.361s] -- Installing: /home/gyufoxy/dev_ws/install/srv_and_cli_ros2/share/srv_and_cli_ros2/environment/library_path.dsv
[0.361s] -- Up-to-date: /home/gyufoxy/dev_ws/install/srv_and_cli_ros2/lib/libsrv_and_cli_ros2__rosidl_generator_c.so
[0.361s] -- Up-to-date: /home/gyufoxy/dev_ws/install/srv_and_cli_ros2/include/srv_and_cli_ros2
[0.361s] -- Up-to-date: /home/gyufoxy/dev_ws/install/srv_and_cli_ros2/include/srv_and_cli_ros2/srv
[0.361s] -- Up-to-date: /home/gyufoxy/dev_ws/install/srv_and_cli_ros2/include/srv_and_cli_ros2/srv/detail
[0.361s] -- Up-to-date: /home/gyufoxy/dev_ws/install/srv_and_cli_ros2/include/srv_and_cli_ros2/srv/detail/tutorial__rosidl_typesupport_fastrtps_c.h
[0.361s] -- Up-to-date: /home/gyufoxy/dev_ws/install/srv_and_cli_ros2/include/srv_and_cli_ros2/msg
[0.362s] -- Up-to-date: /home/gyufoxy/dev_ws/install/srv_and_cli_ros2/include/srv_and_cli_ros2/msg/rosidl_typesupport_fastrtps_c__visibility_control.h
[0.362s] -- Up-to-date: /home/gyufoxy/dev_ws/install/srv_and_cli_ros2/include/srv_and_cli_ros2/msg/detail
[0.362s] -- Up-to-date: /home/gyufoxy/dev_ws/install/srv_and_cli_ros2/include/srv_and_cli_ros2/msg/detail/tutorial__rosidl_typesupport_fastrtps_c.h
[0.362s] -- Up-to-date: /home/gyufoxy/dev_ws/install/srv_and_cli_ros2/lib/libsrv_and_cli_ros2__rosidl_typesupport_fastrtps_c.so
[0.362s] -- Up-to-date: /home/gyufoxy/dev_ws/install/srv_and_cli_ros2/include/srv_and_cli_ros2
[0.362s] -- Up-to-date: /home/gyufoxy/dev_ws/install/srv_and_cli_ros2/include/srv_and_cli_ros2/srv
[0.362s] -- Up-to-date: /home/gyufoxy/dev_ws/install/srv_and_cli_ros2/include/srv_and_cli_ros2/srv/detail
[0.362s] -- Up-to-date: /home/gyufoxy/dev_ws/install/srv_and_cli_ros2/include/srv_and_cli_ros2/srv/detail/tutorial__rosidl_typesupport_fastrtps_cpp.hpp
[0.362s] -- Up-to-date: /home/gyufoxy/dev_ws/install/srv_and_cli_ros2/include/srv_and_cli_ros2/srv/detail/dds_fastrtps
[0.362s] -- Up-to-date: /home/gyufoxy/dev_ws/install/srv_and_cli_ros2/include/srv_and_cli_ros2/msg
[0.362s] -- Up-to-date: /home/gyufoxy/dev_ws/install/srv_and_cli_ros2/include/srv_and_cli_ros2/msg/detail
[0.362s] -- Up-to-date: /home/gyufoxy/dev_ws/install/srv_and_cli_ros2/include/srv_and_cli_ros2/msg/detail/tutorial__rosidl_typesupport_fastrtps_cpp.hpp
[0.363s] -- Up-to-date: /home/gyufoxy/dev_ws/install/srv_and_cli_ros2/include/srv_and_cli_ros2/msg/detail/dds_fastrtps
[0.363s] -- Up-to-date: /home/gyufoxy/dev_ws/install/srv_and_cli_ros2/include/srv_and_cli_ros2/msg/rosidl_typesupport_fastrtps_cpp__visibility_control.h
[0.363s] -- Up-to-date: /home/gyufoxy/dev_ws/install/srv_and_cli_ros2/lib/libsrv_and_cli_ros2__rosidl_typesupport_fastrtps_cpp.so
[0.363s] -- Up-to-date: /home/gyufoxy/dev_ws/install/srv_and_cli_ros2/include/srv_and_cli_ros2
[0.363s] -- Up-to-date: /home/gyufoxy/dev_ws/install/srv_and_cli_ros2/include/srv_and_cli_ros2/srv
[0.363s] -- Up-to-date: /home/gyufoxy/dev_ws/install/srv_and_cli_ros2/include/srv_and_cli_ros2/srv/detail
[0.363s] -- Up-to-date: /home/gyufoxy/dev_ws/install/srv_and_cli_ros2/include/srv_and_cli_ros2/srv/detail/tutorial__type_support.c
[0.363s] -- Up-to-date: /home/gyufoxy/dev_ws/install/srv_and_cli_ros2/include/srv_and_cli_ros2/srv/detail/tutorial__rosidl_typesupport_introspection_c.h
[0.363s] -- Up-to-date: /home/gyufoxy/dev_ws/install/srv_and_cli_ros2/include/srv_and_cli_ros2/msg
[0.363s] -- Up-to-date: /home/gyufoxy/dev_ws/install/srv_and_cli_ros2/include/srv_and_cli_ros2/msg/rosidl_typesupport_introspection_c__visibility_control.h
[0.363s] -- Up-to-date: /home/gyufoxy/dev_ws/install/srv_and_cli_ros2/include/srv_and_cli_ros2/msg/detail
[0.364s] -- Up-to-date: /home/gyufoxy/dev_ws/install/srv_and_cli_ros2/include/srv_and_cli_ros2/msg/detail/tutorial__type_support.c
[0.364s] -- Up-to-date: /home/gyufoxy/dev_ws/install/srv_and_cli_ros2/include/srv_and_cli_ros2/msg/detail/tutorial__rosidl_typesupport_introspection_c.h
[0.364s] -- Up-to-date: /home/gyufoxy/dev_ws/install/srv_and_cli_ros2/lib/libsrv_and_cli_ros2__rosidl_typesupport_introspection_c.so
[0.364s] -- Up-to-date: /home/gyufoxy/dev_ws/install/srv_and_cli_ros2/lib/libsrv_and_cli_ros2__rosidl_typesupport_c.so
[0.364s] -- Up-to-date: /home/gyufoxy/dev_ws/install/srv_and_cli_ros2/include/srv_and_cli_ros2
[0.364s] -- Up-to-date: /home/gyufoxy/dev_ws/install/srv_and_cli_ros2/include/srv_and_cli_ros2/srv
[0.364s] -- Up-to-date: /home/gyufoxy/dev_ws/install/srv_and_cli_ros2/include/srv_and_cli_ros2/srv/tutorial.hpp
[0.364s] -- Up-to-date: /home/gyufoxy/dev_ws/install/srv_and_cli_ros2/include/srv_and_cli_ros2/srv/detail
[0.364s] -- Up-to-date: /home/gyufoxy/dev_ws/install/srv_and_cli_ros2/include/srv_and_cli_ros2/srv/detail/tutorial__struct.hpp
[0.364s] -- Up-to-date: /home/gyufoxy/dev_ws/install/srv_and_cli_ros2/include/srv_and_cli_ros2/srv/detail/tutorial__traits.hpp
[0.364s] -- Up-to-date: /home/gyufoxy/dev_ws/install/srv_and_cli_ros2/include/srv_and_cli_ros2/srv/detail/tutorial__builder.hpp
[0.364s] -- Up-to-date: /home/gyufoxy/dev_ws/install/srv_and_cli_ros2/include/srv_and_cli_ros2/msg
[0.364s] -- Up-to-date: /home/gyufoxy/dev_ws/install/srv_and_cli_ros2/include/srv_and_cli_ros2/msg/tutorial.hpp
[0.364s] -- Up-to-date: /home/gyufoxy/dev_ws/install/srv_and_cli_ros2/include/srv_and_cli_ros2/msg/detail
[0.365s] -- Up-to-date: /home/gyufoxy/dev_ws/install/srv_and_cli_ros2/include/srv_and_cli_ros2/msg/detail/tutorial__struct.hpp
[0.365s] -- Up-to-date: /home/gyufoxy/dev_ws/install/srv_and_cli_ros2/include/srv_and_cli_ros2/msg/detail/tutorial__traits.hpp
[0.365s] -- Up-to-date: /home/gyufoxy/dev_ws/install/srv_and_cli_ros2/include/srv_and_cli_ros2/msg/detail/tutorial__builder.hpp
[0.365s] -- Up-to-date: /home/gyufoxy/dev_ws/install/srv_and_cli_ros2/include/srv_and_cli_ros2
[0.365s] -- Up-to-date: /home/gyufoxy/dev_ws/install/srv_and_cli_ros2/include/srv_and_cli_ros2/srv
[0.365s] -- Up-to-date: /home/gyufoxy/dev_ws/install/srv_and_cli_ros2/include/srv_and_cli_ros2/srv/detail
[0.365s] -- Up-to-date: /home/gyufoxy/dev_ws/install/srv_and_cli_ros2/include/srv_and_cli_ros2/srv/detail/tutorial__rosidl_typesupport_introspection_cpp.hpp
[0.365s] -- Up-to-date: /home/gyufoxy/dev_ws/install/srv_and_cli_ros2/include/srv_and_cli_ros2/srv/detail/tutorial__type_support.cpp
[0.365s] -- Up-to-date: /home/gyufoxy/dev_ws/install/srv_and_cli_ros2/include/srv_and_cli_ros2/msg
[0.365s] -- Up-to-date: /home/gyufoxy/dev_ws/install/srv_and_cli_ros2/include/srv_and_cli_ros2/msg/detail
[0.365s] -- Up-to-date: /home/gyufoxy/dev_ws/install/srv_and_cli_ros2/include/srv_and_cli_ros2/msg/detail/tutorial__rosidl_typesupport_introspection_cpp.hpp
[0.365s] -- Up-to-date: /home/gyufoxy/dev_ws/install/srv_and_cli_ros2/include/srv_and_cli_ros2/msg/detail/tutorial__type_support.cpp
[0.365s] -- Up-to-date: /home/gyufoxy/dev_ws/install/srv_and_cli_ros2/lib/libsrv_and_cli_ros2__rosidl_typesupport_introspection_cpp.so
[0.365s] -- Up-to-date: /home/gyufoxy/dev_ws/install/srv_and_cli_ros2/lib/libsrv_and_cli_ros2__rosidl_typesupport_cpp.so
[0.366s] -- Up-to-date: /home/gyufoxy/dev_ws/install/srv_and_cli_ros2/share/srv_and_cli_ros2/environment/pythonpath.sh
[0.366s] -- Installing: /home/gyufoxy/dev_ws/install/srv_and_cli_ros2/share/srv_and_cli_ros2/environment/pythonpath.dsv
[0.366s] -- Installing: /home/gyufoxy/dev_ws/install/srv_and_cli_ros2/lib/python3.8/site-packages/srv_and_cli_ros2/__init__.py
[0.396s] Compiling '/home/gyufoxy/dev_ws/install/srv_and_cli_ros2/lib/python3.8/site-packages/srv_and_cli_ros2/__init__.py'...
[0.400s] -- Up-to-date: /home/gyufoxy/dev_ws/install/srv_and_cli_ros2/lib/python3.8/site-packages/srv_and_cli_ros2/msg
[0.400s] -- Up-to-date: /home/gyufoxy/dev_ws/install/srv_and_cli_ros2/lib/python3.8/site-packages/srv_and_cli_ros2/msg/_tutorial.py
[0.400s] -- Up-to-date: /home/gyufoxy/dev_ws/install/srv_and_cli_ros2/lib/python3.8/site-packages/srv_and_cli_ros2/msg/__init__.py
[0.400s] -- Up-to-date: /home/gyufoxy/dev_ws/install/srv_and_cli_ros2/lib/python3.8/site-packages/srv_and_cli_ros2/msg/_tutorial_s.c
[0.401s] -- Up-to-date: /home/gyufoxy/dev_ws/install/srv_and_cli_ros2/lib/python3.8/site-packages/srv_and_cli_ros2/srv
[0.401s] -- Up-to-date: /home/gyufoxy/dev_ws/install/srv_and_cli_ros2/lib/python3.8/site-packages/srv_and_cli_ros2/srv/_tutorial.py
[0.401s] -- Up-to-date: /home/gyufoxy/dev_ws/install/srv_and_cli_ros2/lib/python3.8/site-packages/srv_and_cli_ros2/srv/__init__.py
[0.401s] -- Up-to-date: /home/gyufoxy/dev_ws/install/srv_and_cli_ros2/lib/python3.8/site-packages/srv_and_cli_ros2/srv/_tutorial_s.c
[0.401s] -- Up-to-date: /home/gyufoxy/dev_ws/install/srv_and_cli_ros2/lib/python3.8/site-packages/srv_and_cli_ros2/srv_and_cli_ros2_s__rosidl_typesupport_fastrtps_c.cpython-38-x86_64-linux-gnu.so
[0.401s] -- Up-to-date: /home/gyufoxy/dev_ws/install/srv_and_cli_ros2/lib/python3.8/site-packages/srv_and_cli_ros2/srv_and_cli_ros2_s__rosidl_typesupport_introspection_c.cpython-38-x86_64-linux-gnu.so
[0.402s] -- Up-to-date: /home/gyufoxy/dev_ws/install/srv_and_cli_ros2/lib/python3.8/site-packages/srv_and_cli_ros2/srv_and_cli_ros2_s__rosidl_typesupport_c.cpython-38-x86_64-linux-gnu.so
[0.403s] -- Up-to-date: /home/gyufoxy/dev_ws/install/srv_and_cli_ros2/lib/libsrv_and_cli_ros2__python.so
[0.403s] -- Up-to-date: /home/gyufoxy/dev_ws/install/srv_and_cli_ros2/share/srv_and_cli_ros2/msg/Tutorial.idl
[0.404s] -- Up-to-date: /home/gyufoxy/dev_ws/install/srv_and_cli_ros2/share/srv_and_cli_ros2/srv/Tutorial.idl
[0.404s] -- Up-to-date: /home/gyufoxy/dev_ws/install/srv_and_cli_ros2/share/srv_and_cli_ros2/msg/Tutorial.msg
[0.404s] -- Up-to-date: /home/gyufoxy/dev_ws/install/srv_and_cli_ros2/share/srv_and_cli_ros2/srv/Tutorial.srv
[0.404s] -- Up-to-date: /home/gyufoxy/dev_ws/install/srv_and_cli_ros2/share/srv_and_cli_ros2/srv/Tutorial_Request.msg
[0.404s] -- Up-to-date: /home/gyufoxy/dev_ws/install/srv_and_cli_ros2/share/srv_and_cli_ros2/srv/Tutorial_Response.msg
[0.404s] -- Installing: /home/gyufoxy/dev_ws/install/srv_and_cli_ros2/share/srv_and_cli_ros2//launch
[0.404s] -- Up-to-date: /home/gyufoxy/dev_ws/install/srv_and_cli_ros2/share/ament_index/resource_index/package_run_dependencies/srv_and_cli_ros2
[0.404s] -- Installing: /home/gyufoxy/dev_ws/install/srv_and_cli_ros2/share/ament_index/resource_index/parent_prefix_path/srv_and_cli_ros2
[0.405s] -- Up-to-date: /home/gyufoxy/dev_ws/install/srv_and_cli_ros2/share/srv_and_cli_ros2/environment/ament_prefix_path.sh
[0.405s] -- Installing: /home/gyufoxy/dev_ws/install/srv_and_cli_ros2/share/srv_and_cli_ros2/environment/ament_prefix_path.dsv
[0.405s] -- Up-to-date: /home/gyufoxy/dev_ws/install/srv_and_cli_ros2/share/srv_and_cli_ros2/environment/path.sh
[0.405s] -- Installing: /home/gyufoxy/dev_ws/install/srv_and_cli_ros2/share/srv_and_cli_ros2/environment/path.dsv
[0.405s] -- Up-to-date: /home/gyufoxy/dev_ws/install/srv_and_cli_ros2/share/srv_and_cli_ros2/local_setup.bash
[0.405s] -- Up-to-date: /home/gyufoxy/dev_ws/install/srv_and_cli_ros2/share/srv_and_cli_ros2/local_setup.sh
[0.405s] -- Up-to-date: /home/gyufoxy/dev_ws/install/srv_and_cli_ros2/share/srv_and_cli_ros2/local_setup.zsh
[0.405s] -- Installing: /home/gyufoxy/dev_ws/install/srv_and_cli_ros2/share/srv_and_cli_ros2/local_setup.dsv
[0.405s] -- Installing: /home/gyufoxy/dev_ws/install/srv_and_cli_ros2/share/srv_and_cli_ros2/package.dsv
[0.405s] -- Up-to-date: /home/gyufoxy/dev_ws/install/srv_and_cli_ros2/share/ament_index/resource_index/packages/srv_and_cli_ros2
[0.405s] -- Up-to-date: /home/gyufoxy/dev_ws/install/srv_and_cli_ros2/share/srv_and_cli_ros2/cmake/srv_and_cli_ros2__rosidl_generator_cExport.cmake
[0.406s] -- Installing: /home/gyufoxy/dev_ws/install/srv_and_cli_ros2/share/srv_and_cli_ros2/cmake/srv_and_cli_ros2__rosidl_generator_cExport-noconfig.cmake
[0.406s] -- Up-to-date: /home/gyufoxy/dev_ws/install/srv_and_cli_ros2/share/srv_and_cli_ros2/cmake/srv_and_cli_ros2__rosidl_typesupport_introspection_cExport.cmake
[0.406s] -- Installing: /home/gyufoxy/dev_ws/install/srv_and_cli_ros2/share/srv_and_cli_ros2/cmake/srv_and_cli_ros2__rosidl_typesupport_introspection_cExport-noconfig.cmake
[0.406s] -- Up-to-date: /home/gyufoxy/dev_ws/install/srv_and_cli_ros2/share/srv_and_cli_ros2/cmake/srv_and_cli_ros2__rosidl_typesupport_cExport.cmake
[0.406s] -- Installing: /home/gyufoxy/dev_ws/install/srv_and_cli_ros2/share/srv_and_cli_ros2/cmake/srv_and_cli_ros2__rosidl_typesupport_cExport-noconfig.cmake
[0.407s] -- Up-to-date: /home/gyufoxy/dev_ws/install/srv_and_cli_ros2/share/srv_and_cli_ros2/cmake/srv_and_cli_ros2__rosidl_generator_cppExport.cmake
[0.407s] -- Up-to-date: /home/gyufoxy/dev_ws/install/srv_and_cli_ros2/share/srv_and_cli_ros2/cmake/srv_and_cli_ros2__rosidl_typesupport_introspection_cppExport.cmake
[0.407s] -- Installing: /home/gyufoxy/dev_ws/install/srv_and_cli_ros2/share/srv_and_cli_ros2/cmake/srv_and_cli_ros2__rosidl_typesupport_introspection_cppExport-noconfig.cmake
[0.407s] -- Up-to-date: /home/gyufoxy/dev_ws/install/srv_and_cli_ros2/share/srv_and_cli_ros2/cmake/srv_and_cli_ros2__rosidl_typesupport_cppExport.cmake
[0.407s] -- Installing: /home/gyufoxy/dev_ws/install/srv_and_cli_ros2/share/srv_and_cli_ros2/cmake/srv_and_cli_ros2__rosidl_typesupport_cppExport-noconfig.cmake
[0.408s] -- Up-to-date: /home/gyufoxy/dev_ws/install/srv_and_cli_ros2/share/srv_and_cli_ros2/cmake/rosidl_cmake-extras.cmake
[0.408s] -- Up-to-date: /home/gyufoxy/dev_ws/install/srv_and_cli_ros2/share/srv_and_cli_ros2/cmake/ament_cmake_export_dependencies-extras.cmake
[0.408s] -- Up-to-date: /home/gyufoxy/dev_ws/install/srv_and_cli_ros2/share/srv_and_cli_ros2/cmake/ament_cmake_export_libraries-extras.cmake
[0.408s] -- Up-to-date: /home/gyufoxy/dev_ws/install/srv_and_cli_ros2/share/srv_and_cli_ros2/cmake/ament_cmake_export_targets-extras.cmake
[0.408s] -- Up-to-date: /home/gyufoxy/dev_ws/install/srv_and_cli_ros2/share/srv_and_cli_ros2/cmake/ament_cmake_export_include_directories-extras.cmake
[0.408s] -- Up-to-date: /home/gyufoxy/dev_ws/install/srv_and_cli_ros2/share/srv_and_cli_ros2/cmake/rosidl_cmake_export_typesupport_libraries-extras.cmake
[0.408s] -- Up-to-date: /home/gyufoxy/dev_ws/install/srv_and_cli_ros2/share/srv_and_cli_ros2/cmake/rosidl_cmake_export_typesupport_targets-extras.cmake
[0.408s] -- Up-to-date: /home/gyufoxy/dev_ws/install/srv_and_cli_ros2/share/srv_and_cli_ros2/cmake/srv_and_cli_ros2Config.cmake
[0.408s] -- Up-to-date: /home/gyufoxy/dev_ws/install/srv_and_cli_ros2/share/srv_and_cli_ros2/cmake/srv_and_cli_ros2Config-version.cmake
[0.408s] -- Up-to-date: /home/gyufoxy/dev_ws/install/srv_and_cli_ros2/share/srv_and_cli_ros2/package.xml
[0.411s] Invoked command in '/home/gyufoxy/dev_ws/build/srv_and_cli_ros2' returned '0': CMAKE_PREFIX_PATH=${CMAKE_PREFIX_PATH}:/opt/ros/foxy /usr/bin/cmake --install /home/gyufoxy/dev_ws/build/srv_and_cli_ros2
