[0.012s] Invoking command in '/home/gyufoxy/dev_ws/build/cpp_pubsub': CMAKE_PREFIX_PATH=${CMAKE_PREFIX_PATH}:/opt/ros/foxy /usr/bin/cmake /home/gyufoxy/dev_ws/src/cpp_pubsub -DCMAKE_INSTALL_PREFIX=/home/gyufoxy/dev_ws/install/cpp_pubsub
[0.066s] -- The C compiler identification is GNU 9.3.0
[0.116s] -- The CXX compiler identification is GNU 9.3.0
[0.121s] -- Check for working C compiler: /usr/bin/cc
[0.183s] -- Check for working C compiler: /usr/bin/cc -- works
[0.184s] -- Detecting C compiler ABI info
[0.245s] -- Detecting C compiler ABI info - done
[0.256s] -- Detecting C compile features
[0.257s] -- Detecting C compile features - done
[0.259s] -- Check for working CXX compiler: /usr/bin/c++
[0.332s] -- Check for working CXX compiler: /usr/bin/c++ -- works
[0.333s] -- Detecting CXX compiler ABI info
[0.404s] -- Detecting CXX compiler ABI info - done
[0.416s] -- Detecting CXX compile features
[0.417s] -- Detecting CXX compile features - done
[0.419s] -- Found ament_cmake: 0.9.9 (/opt/ros/foxy/share/ament_cmake/cmake)
[0.442s] -- Found PythonInterp: /usr/bin/python3 (found suitable version "3.8.10", minimum required is "3") 
[0.442s] -- Using PYTHON_EXECUTABLE: /usr/bin/python3
[0.632s] -- Found rclcpp: 2.4.0 (/opt/ros/foxy/share/rclcpp/cmake)
[0.673s] -- Using all available rosidl_typesupport_c: rosidl_typesupport_fastrtps_c;rosidl_typesupport_introspection_c
[0.679s] -- Found rosidl_adapter: 1.2.1 (/opt/ros/foxy/share/rosidl_adapter/cmake)
[0.747s] -- Found OpenSSL: /usr/lib/x86_64-linux-gnu/libcrypto.so (found version "1.1.1f")  
[0.773s] -- Found FastRTPS: /opt/ros/foxy/include  
[0.852s] -- Using all available rosidl_typesupport_cpp: rosidl_typesupport_fastrtps_cpp;rosidl_typesupport_introspection_cpp
[0.907s] -- Found rmw_implementation_cmake: 1.0.3 (/opt/ros/foxy/share/rmw_implementation_cmake/cmake)
[0.909s] -- Using RMW implementation 'rmw_fastrtps_cpp' as default
[0.910s] -- Looking for pthread.h
[0.976s] -- Looking for pthread.h - found
[0.976s] -- Performing Test CMAKE_HAVE_LIBC_PTHREAD
[1.046s] -- Performing Test CMAKE_HAVE_LIBC_PTHREAD - Failed
[1.047s] -- Looking for pthread_create in pthreads
[1.113s] -- Looking for pthread_create in pthreads - not found
[1.113s] -- Looking for pthread_create in pthread
[1.188s] -- Looking for pthread_create in pthread - found
[1.190s] -- Found Threads: TRUE  
[1.345s] -- Found ament_lint_auto: 0.9.6 (/opt/ros/foxy/share/ament_lint_auto/cmake)
[1.411s] -- Added test 'copyright' to check source files copyright and LICENSE
[1.412s] -- Added test 'cppcheck' to perform static code analysis on C / C++ code
[1.412s] -- Configured cppcheck include dirs: 
[1.413s] -- Configured cppcheck exclude dirs and/or files: 
[1.413s] -- Added test 'cpplint' to check C / C++ code against the Google style
[1.413s] -- Configured cpplint exclude dirs and/or files: 
[1.414s] -- Added test 'lint_cmake' to check CMake code style
[1.415s] -- Added test 'uncrustify' to check C / C++ code style
[1.415s] -- Configured uncrustify additional arguments: 
[1.415s] -- Added test 'xmllint' to check XML markup files
[1.418s] -- Configuring done
[1.428s] -- Generating done
[1.429s] -- Build files have been written to: /home/gyufoxy/dev_ws/build/cpp_pubsub
[1.440s] Invoked command in '/home/gyufoxy/dev_ws/build/cpp_pubsub' returned '0': CMAKE_PREFIX_PATH=${CMAKE_PREFIX_PATH}:/opt/ros/foxy /usr/bin/cmake /home/gyufoxy/dev_ws/src/cpp_pubsub -DCMAKE_INSTALL_PREFIX=/home/gyufoxy/dev_ws/install/cpp_pubsub
[1.442s] Invoking command in '/home/gyufoxy/dev_ws/build/cpp_pubsub': CMAKE_PREFIX_PATH=${CMAKE_PREFIX_PATH}:/opt/ros/foxy /usr/bin/cmake --build /home/gyufoxy/dev_ws/build/cpp_pubsub -- -j8 -l8
[1.478s] [35m[1mScanning dependencies of target listener[0m
[1.478s] [35m[1mScanning dependencies of target talker[0m
[1.513s] [ 50%] [32mBuilding CXX object CMakeFiles/listener.dir/src/publisher_member_function.cpp.o[0m
[1.513s] [ 50%] [32mBuilding CXX object CMakeFiles/talker.dir/src/publisher_member_function.cpp.o[0m
[4.367s] [ 75%] [32m[1mLinking CXX executable listener[0m
[4.381s] [100%] [32m[1mLinking CXX executable talker[0m
[4.534s] [100%] Built target listener
[4.549s] [100%] Built target talker
[4.560s] Invoked command in '/home/gyufoxy/dev_ws/build/cpp_pubsub' returned '0': CMAKE_PREFIX_PATH=${CMAKE_PREFIX_PATH}:/opt/ros/foxy /usr/bin/cmake --build /home/gyufoxy/dev_ws/build/cpp_pubsub -- -j8 -l8
[4.593s] Invoking command in '/home/gyufoxy/dev_ws/build/cpp_pubsub': CMAKE_PREFIX_PATH=${CMAKE_PREFIX_PATH}:/opt/ros/foxy /usr/bin/cmake --install /home/gyufoxy/dev_ws/build/cpp_pubsub
[4.600s] -- Install configuration: ""
[4.600s] -- Installing: /home/gyufoxy/dev_ws/install/cpp_pubsub/lib/cpp_pubsub/talker
[4.601s] -- Set runtime path of "/home/gyufoxy/dev_ws/install/cpp_pubsub/lib/cpp_pubsub/talker" to ""
[4.601s] -- Installing: /home/gyufoxy/dev_ws/install/cpp_pubsub/lib/cpp_pubsub/listener
[4.602s] -- Set runtime path of "/home/gyufoxy/dev_ws/install/cpp_pubsub/lib/cpp_pubsub/listener" to ""
[4.602s] -- Installing: /home/gyufoxy/dev_ws/install/cpp_pubsub/share/ament_index/resource_index/package_run_dependencies/cpp_pubsub
[4.602s] -- Installing: /home/gyufoxy/dev_ws/install/cpp_pubsub/share/ament_index/resource_index/parent_prefix_path/cpp_pubsub
[4.603s] -- Installing: /home/gyufoxy/dev_ws/install/cpp_pubsub/share/cpp_pubsub/environment/ament_prefix_path.sh
[4.603s] -- Installing: /home/gyufoxy/dev_ws/install/cpp_pubsub/share/cpp_pubsub/environment/ament_prefix_path.dsv
[4.603s] -- Installing: /home/gyufoxy/dev_ws/install/cpp_pubsub/share/cpp_pubsub/environment/path.sh
[4.603s] -- Installing: /home/gyufoxy/dev_ws/install/cpp_pubsub/share/cpp_pubsub/environment/path.dsv
[4.603s] -- Installing: /home/gyufoxy/dev_ws/install/cpp_pubsub/share/cpp_pubsub/local_setup.bash
[4.603s] -- Installing: /home/gyufoxy/dev_ws/install/cpp_pubsub/share/cpp_pubsub/local_setup.sh
[4.603s] -- Installing: /home/gyufoxy/dev_ws/install/cpp_pubsub/share/cpp_pubsub/local_setup.zsh
[4.603s] -- Installing: /home/gyufoxy/dev_ws/install/cpp_pubsub/share/cpp_pubsub/local_setup.dsv
[4.603s] -- Installing: /home/gyufoxy/dev_ws/install/cpp_pubsub/share/cpp_pubsub/package.dsv
[4.604s] -- Installing: /home/gyufoxy/dev_ws/install/cpp_pubsub/share/ament_index/resource_index/packages/cpp_pubsub
[4.604s] -- Installing: /home/gyufoxy/dev_ws/install/cpp_pubsub/share/cpp_pubsub/cmake/cpp_pubsubConfig.cmake
[4.604s] -- Installing: /home/gyufoxy/dev_ws/install/cpp_pubsub/share/cpp_pubsub/cmake/cpp_pubsubConfig-version.cmake
[4.604s] -- Installing: /home/gyufoxy/dev_ws/install/cpp_pubsub/share/cpp_pubsub/package.xml
[4.606s] Invoked command in '/home/gyufoxy/dev_ws/build/cpp_pubsub' returned '0': CMAKE_PREFIX_PATH=${CMAKE_PREFIX_PATH}:/opt/ros/foxy /usr/bin/cmake --install /home/gyufoxy/dev_ws/build/cpp_pubsub
