[0.013s] Invoking command in '/home/gyufoxy/dev_ws/build/turtlesim': CMAKE_PREFIX_PATH=${CMAKE_PREFIX_PATH}:/opt/ros/foxy /usr/bin/cmake --build /home/gyufoxy/dev_ws/build/turtlesim -- -j8 -l8
[0.069s] [  1%] Built target turtlesim__cpp
[0.070s] [ 11%] Built target turtlesim__rosidl_generator_c
[0.093s] [ 21%] Built target turtlesim__rosidl_typesupport_c
[0.094s] [ 31%] Built target turtlesim__rosidl_typesupport_cpp
[0.096s] [ 41%] Built target turtlesim__rosidl_typesupport_introspection_cpp
[0.098s] [ 51%] Built target turtlesim__rosidl_typesupport_introspection_c
[0.102s] [ 61%] Built target turtlesim__rosidl_typesupport_fastrtps_cpp
[0.132s] [ 71%] Built target turtlesim__rosidl_typesupport_fastrtps_c
[0.150s] [ 71%] Built target turtlesim
[0.173s] [ 72%] Built target turtlesim__py
[0.177s] [35m[1mScanning dependencies of target turtlesim_node[0m
[0.181s] [ 74%] Built target mimic
[0.181s] [ 76%] Built target turtle_teleop_key
[0.186s] [ 78%] Built target draw_square
[0.202s] [ 87%] Built target turtlesim__python
[0.227s] [ 89%] Built target turtlesim__rosidl_typesupport_introspection_c__pyext
[0.229s] [ 91%] Built target turtlesim__rosidl_typesupport_fastrtps_c__pyext
[0.232s] [ 93%] Built target turtlesim__rosidl_typesupport_c__pyext
[0.237s] [ 94%] [32mBuilding CXX object CMakeFiles/turtlesim_node.dir/src/turtle_frame.cpp.o[0m
[6.511s] [ 95%] [32m[1mLinking CXX executable turtlesim_node[0m
[7.829s] [100%] Built target turtlesim_node
[7.841s] Invoked command in '/home/gyufoxy/dev_ws/build/turtlesim' returned '0': CMAKE_PREFIX_PATH=${CMAKE_PREFIX_PATH}:/opt/ros/foxy /usr/bin/cmake --build /home/gyufoxy/dev_ws/build/turtlesim -- -j8 -l8
[7.989s] Invoking command in '/home/gyufoxy/dev_ws/build/turtlesim': CMAKE_PREFIX_PATH=${CMAKE_PREFIX_PATH}:/opt/ros/foxy /usr/bin/cmake --install /home/gyufoxy/dev_ws/build/turtlesim
[7.998s] -- Install configuration: ""
[7.998s] -- Up-to-date: /home/gyufoxy/dev_ws/install/turtlesim/share/ament_index/resource_index/rosidl_interfaces/turtlesim
[7.998s] -- Up-to-date: /home/gyufoxy/dev_ws/install/turtlesim/include/turtlesim
[7.998s] -- Up-to-date: /home/gyufoxy/dev_ws/install/turtlesim/include/turtlesim/action
[7.999s] -- Up-to-date: /home/gyufoxy/dev_ws/install/turtlesim/include/turtlesim/action/detail
[7.999s] -- Up-to-date: /home/gyufoxy/dev_ws/install/turtlesim/include/turtlesim/action/detail/rotate_absolute__functions.c
[7.999s] -- Up-to-date: /home/gyufoxy/dev_ws/install/turtlesim/include/turtlesim/action/detail/rotate_absolute__functions.h
[7.999s] -- Up-to-date: /home/gyufoxy/dev_ws/install/turtlesim/include/turtlesim/action/detail/rotate_absolute__type_support.h
[7.999s] -- Up-to-date: /home/gyufoxy/dev_ws/install/turtlesim/include/turtlesim/action/detail/rotate_absolute__struct.h
[7.999s] -- Up-to-date: /home/gyufoxy/dev_ws/install/turtlesim/include/turtlesim/action/rotate_absolute.h
[7.999s] -- Up-to-date: /home/gyufoxy/dev_ws/install/turtlesim/include/turtlesim/srv
[7.999s] -- Up-to-date: /home/gyufoxy/dev_ws/install/turtlesim/include/turtlesim/srv/teleport_relative.h
[7.999s] -- Up-to-date: /home/gyufoxy/dev_ws/install/turtlesim/include/turtlesim/srv/kill.h
[8.000s] -- Up-to-date: /home/gyufoxy/dev_ws/install/turtlesim/include/turtlesim/srv/detail
[8.000s] -- Up-to-date: /home/gyufoxy/dev_ws/install/turtlesim/include/turtlesim/srv/detail/kill__struct.h
[8.000s] -- Up-to-date: /home/gyufoxy/dev_ws/install/turtlesim/include/turtlesim/srv/detail/kill__functions.c
[8.000s] -- Up-to-date: /home/gyufoxy/dev_ws/install/turtlesim/include/turtlesim/srv/detail/kill__functions.h
[8.000s] -- Up-to-date: /home/gyufoxy/dev_ws/install/turtlesim/include/turtlesim/srv/detail/spawn__functions.h
[8.000s] -- Up-to-date: /home/gyufoxy/dev_ws/install/turtlesim/include/turtlesim/srv/detail/teleport_relative__type_support.h
[8.000s] -- Up-to-date: /home/gyufoxy/dev_ws/install/turtlesim/include/turtlesim/srv/detail/teleport_absolute__functions.c
[8.000s] -- Up-to-date: /home/gyufoxy/dev_ws/install/turtlesim/include/turtlesim/srv/detail/teleport_relative__functions.c
[8.000s] -- Up-to-date: /home/gyufoxy/dev_ws/install/turtlesim/include/turtlesim/srv/detail/set_pen__type_support.h
[8.000s] -- Up-to-date: /home/gyufoxy/dev_ws/install/turtlesim/include/turtlesim/srv/detail/set_pen__functions.c
[8.001s] -- Up-to-date: /home/gyufoxy/dev_ws/install/turtlesim/include/turtlesim/srv/detail/set_pen__struct.h
[8.001s] -- Up-to-date: /home/gyufoxy/dev_ws/install/turtlesim/include/turtlesim/srv/detail/spawn__functions.c
[8.001s] -- Up-to-date: /home/gyufoxy/dev_ws/install/turtlesim/include/turtlesim/srv/detail/kill__type_support.h
[8.001s] -- Up-to-date: /home/gyufoxy/dev_ws/install/turtlesim/include/turtlesim/srv/detail/teleport_relative__struct.h
[8.001s] -- Up-to-date: /home/gyufoxy/dev_ws/install/turtlesim/include/turtlesim/srv/detail/teleport_absolute__functions.h
[8.001s] -- Up-to-date: /home/gyufoxy/dev_ws/install/turtlesim/include/turtlesim/srv/detail/spawn__struct.h
[8.001s] -- Up-to-date: /home/gyufoxy/dev_ws/install/turtlesim/include/turtlesim/srv/detail/teleport_relative__functions.h
[8.001s] -- Up-to-date: /home/gyufoxy/dev_ws/install/turtlesim/include/turtlesim/srv/detail/spawn__type_support.h
[8.001s] -- Up-to-date: /home/gyufoxy/dev_ws/install/turtlesim/include/turtlesim/srv/detail/teleport_absolute__type_support.h
[8.002s] -- Up-to-date: /home/gyufoxy/dev_ws/install/turtlesim/include/turtlesim/srv/detail/set_pen__functions.h
[8.002s] -- Up-to-date: /home/gyufoxy/dev_ws/install/turtlesim/include/turtlesim/srv/detail/teleport_absolute__struct.h
[8.002s] -- Up-to-date: /home/gyufoxy/dev_ws/install/turtlesim/include/turtlesim/srv/spawn.h
[8.002s] -- Up-to-date: /home/gyufoxy/dev_ws/install/turtlesim/include/turtlesim/srv/set_pen.h
[8.002s] -- Up-to-date: /home/gyufoxy/dev_ws/install/turtlesim/include/turtlesim/srv/teleport_absolute.h
[8.002s] -- Up-to-date: /home/gyufoxy/dev_ws/install/turtlesim/include/turtlesim/msg
[8.002s] -- Up-to-date: /home/gyufoxy/dev_ws/install/turtlesim/include/turtlesim/msg/pose.h
[8.002s] -- Up-to-date: /home/gyufoxy/dev_ws/install/turtlesim/include/turtlesim/msg/detail
[8.002s] -- Up-to-date: /home/gyufoxy/dev_ws/install/turtlesim/include/turtlesim/msg/detail/pose__struct.h
[8.003s] -- Up-to-date: /home/gyufoxy/dev_ws/install/turtlesim/include/turtlesim/msg/detail/pose__functions.h
[8.003s] -- Up-to-date: /home/gyufoxy/dev_ws/install/turtlesim/include/turtlesim/msg/detail/pose__type_support.h
[8.003s] -- Up-to-date: /home/gyufoxy/dev_ws/install/turtlesim/include/turtlesim/msg/detail/color__type_support.h
[8.003s] -- Up-to-date: /home/gyufoxy/dev_ws/install/turtlesim/include/turtlesim/msg/detail/color__struct.h
[8.003s] -- Up-to-date: /home/gyufoxy/dev_ws/install/turtlesim/include/turtlesim/msg/detail/color__functions.h
[8.003s] -- Up-to-date: /home/gyufoxy/dev_ws/install/turtlesim/include/turtlesim/msg/detail/pose__functions.c
[8.003s] -- Up-to-date: /home/gyufoxy/dev_ws/install/turtlesim/include/turtlesim/msg/detail/color__functions.c
[8.003s] -- Up-to-date: /home/gyufoxy/dev_ws/install/turtlesim/include/turtlesim/msg/color.h
[8.004s] -- Up-to-date: /home/gyufoxy/dev_ws/install/turtlesim/include/turtlesim/msg/rosidl_generator_c__visibility_control.h
[8.004s] -- Up-to-date: /home/gyufoxy/dev_ws/install/turtlesim/share/turtlesim/environment/library_path.sh
[8.004s] -- Up-to-date: /home/gyufoxy/dev_ws/install/turtlesim/share/turtlesim/environment/library_path.dsv
[8.004s] -- Up-to-date: /home/gyufoxy/dev_ws/install/turtlesim/lib/libturtlesim__rosidl_generator_c.so
[8.004s] -- Up-to-date: /home/gyufoxy/dev_ws/install/turtlesim/include/turtlesim
[8.004s] -- Up-to-date: /home/gyufoxy/dev_ws/install/turtlesim/include/turtlesim/action
[8.004s] -- Up-to-date: /home/gyufoxy/dev_ws/install/turtlesim/include/turtlesim/action/detail
[8.004s] -- Up-to-date: /home/gyufoxy/dev_ws/install/turtlesim/include/turtlesim/action/detail/rotate_absolute__rosidl_typesupport_fastrtps_c.h
[8.004s] -- Up-to-date: /home/gyufoxy/dev_ws/install/turtlesim/include/turtlesim/srv
[8.004s] -- Up-to-date: /home/gyufoxy/dev_ws/install/turtlesim/include/turtlesim/srv/detail
[8.004s] -- Up-to-date: /home/gyufoxy/dev_ws/install/turtlesim/include/turtlesim/srv/detail/kill__rosidl_typesupport_fastrtps_c.h
[8.005s] -- Up-to-date: /home/gyufoxy/dev_ws/install/turtlesim/include/turtlesim/srv/detail/teleport_absolute__rosidl_typesupport_fastrtps_c.h
[8.005s] -- Up-to-date: /home/gyufoxy/dev_ws/install/turtlesim/include/turtlesim/srv/detail/spawn__rosidl_typesupport_fastrtps_c.h
[8.005s] -- Up-to-date: /home/gyufoxy/dev_ws/install/turtlesim/include/turtlesim/srv/detail/set_pen__rosidl_typesupport_fastrtps_c.h
[8.005s] -- Up-to-date: /home/gyufoxy/dev_ws/install/turtlesim/include/turtlesim/srv/detail/teleport_relative__rosidl_typesupport_fastrtps_c.h
[8.005s] -- Up-to-date: /home/gyufoxy/dev_ws/install/turtlesim/include/turtlesim/msg
[8.005s] -- Up-to-date: /home/gyufoxy/dev_ws/install/turtlesim/include/turtlesim/msg/rosidl_typesupport_fastrtps_c__visibility_control.h
[8.005s] -- Up-to-date: /home/gyufoxy/dev_ws/install/turtlesim/include/turtlesim/msg/detail
[8.005s] -- Up-to-date: /home/gyufoxy/dev_ws/install/turtlesim/include/turtlesim/msg/detail/pose__rosidl_typesupport_fastrtps_c.h
[8.005s] -- Up-to-date: /home/gyufoxy/dev_ws/install/turtlesim/include/turtlesim/msg/detail/color__rosidl_typesupport_fastrtps_c.h
[8.005s] -- Up-to-date: /home/gyufoxy/dev_ws/install/turtlesim/lib/libturtlesim__rosidl_typesupport_fastrtps_c.so
[8.005s] -- Up-to-date: /home/gyufoxy/dev_ws/install/turtlesim/include/turtlesim
[8.005s] -- Up-to-date: /home/gyufoxy/dev_ws/install/turtlesim/include/turtlesim/action
[8.006s] -- Up-to-date: /home/gyufoxy/dev_ws/install/turtlesim/include/turtlesim/action/detail
[8.006s] -- Up-to-date: /home/gyufoxy/dev_ws/install/turtlesim/include/turtlesim/action/detail/rotate_absolute__rosidl_typesupport_fastrtps_cpp.hpp
[8.006s] -- Up-to-date: /home/gyufoxy/dev_ws/install/turtlesim/include/turtlesim/action/detail/dds_fastrtps
[8.006s] -- Up-to-date: /home/gyufoxy/dev_ws/install/turtlesim/include/turtlesim/srv
[8.006s] -- Up-to-date: /home/gyufoxy/dev_ws/install/turtlesim/include/turtlesim/srv/detail
[8.006s] -- Up-to-date: /home/gyufoxy/dev_ws/install/turtlesim/include/turtlesim/srv/detail/spawn__rosidl_typesupport_fastrtps_cpp.hpp
[8.006s] -- Up-to-date: /home/gyufoxy/dev_ws/install/turtlesim/include/turtlesim/srv/detail/teleport_relative__rosidl_typesupport_fastrtps_cpp.hpp
[8.006s] -- Up-to-date: /home/gyufoxy/dev_ws/install/turtlesim/include/turtlesim/srv/detail/set_pen__rosidl_typesupport_fastrtps_cpp.hpp
[8.006s] -- Up-to-date: /home/gyufoxy/dev_ws/install/turtlesim/include/turtlesim/srv/detail/teleport_absolute__rosidl_typesupport_fastrtps_cpp.hpp
[8.006s] -- Up-to-date: /home/gyufoxy/dev_ws/install/turtlesim/include/turtlesim/srv/detail/dds_fastrtps
[8.006s] -- Up-to-date: /home/gyufoxy/dev_ws/install/turtlesim/include/turtlesim/srv/detail/kill__rosidl_typesupport_fastrtps_cpp.hpp
[8.006s] -- Up-to-date: /home/gyufoxy/dev_ws/install/turtlesim/include/turtlesim/msg
[8.006s] -- Up-to-date: /home/gyufoxy/dev_ws/install/turtlesim/include/turtlesim/msg/detail
[8.007s] -- Up-to-date: /home/gyufoxy/dev_ws/install/turtlesim/include/turtlesim/msg/detail/dds_fastrtps
[8.007s] -- Up-to-date: /home/gyufoxy/dev_ws/install/turtlesim/include/turtlesim/msg/detail/pose__rosidl_typesupport_fastrtps_cpp.hpp
[8.007s] -- Up-to-date: /home/gyufoxy/dev_ws/install/turtlesim/include/turtlesim/msg/detail/color__rosidl_typesupport_fastrtps_cpp.hpp
[8.007s] -- Up-to-date: /home/gyufoxy/dev_ws/install/turtlesim/include/turtlesim/msg/rosidl_typesupport_fastrtps_cpp__visibility_control.h
[8.007s] -- Up-to-date: /home/gyufoxy/dev_ws/install/turtlesim/lib/libturtlesim__rosidl_typesupport_fastrtps_cpp.so
[8.007s] -- Up-to-date: /home/gyufoxy/dev_ws/install/turtlesim/include/turtlesim
[8.007s] -- Up-to-date: /home/gyufoxy/dev_ws/install/turtlesim/include/turtlesim/action
[8.007s] -- Up-to-date: /home/gyufoxy/dev_ws/install/turtlesim/include/turtlesim/action/detail
[8.007s] -- Up-to-date: /home/gyufoxy/dev_ws/install/turtlesim/include/turtlesim/action/detail/rotate_absolute__type_support.c
[8.007s] -- Up-to-date: /home/gyufoxy/dev_ws/install/turtlesim/include/turtlesim/action/detail/rotate_absolute__rosidl_typesupport_introspection_c.h
[8.007s] -- Up-to-date: /home/gyufoxy/dev_ws/install/turtlesim/include/turtlesim/srv
[8.007s] -- Up-to-date: /home/gyufoxy/dev_ws/install/turtlesim/include/turtlesim/srv/detail
[8.008s] -- Up-to-date: /home/gyufoxy/dev_ws/install/turtlesim/include/turtlesim/srv/detail/kill__rosidl_typesupport_introspection_c.h
[8.008s] -- Up-to-date: /home/gyufoxy/dev_ws/install/turtlesim/include/turtlesim/srv/detail/teleport_relative__type_support.c
[8.008s] -- Up-to-date: /home/gyufoxy/dev_ws/install/turtlesim/include/turtlesim/srv/detail/kill__type_support.c
[8.008s] -- Up-to-date: /home/gyufoxy/dev_ws/install/turtlesim/include/turtlesim/srv/detail/set_pen__type_support.c
[8.008s] -- Up-to-date: /home/gyufoxy/dev_ws/install/turtlesim/include/turtlesim/srv/detail/spawn__rosidl_typesupport_introspection_c.h
[8.008s] -- Up-to-date: /home/gyufoxy/dev_ws/install/turtlesim/include/turtlesim/srv/detail/teleport_relative__rosidl_typesupport_introspection_c.h
[8.008s] -- Up-to-date: /home/gyufoxy/dev_ws/install/turtlesim/include/turtlesim/srv/detail/set_pen__rosidl_typesupport_introspection_c.h
[8.008s] -- Up-to-date: /home/gyufoxy/dev_ws/install/turtlesim/include/turtlesim/srv/detail/teleport_absolute__rosidl_typesupport_introspection_c.h
[8.008s] -- Up-to-date: /home/gyufoxy/dev_ws/install/turtlesim/include/turtlesim/srv/detail/teleport_absolute__type_support.c
[8.008s] -- Up-to-date: /home/gyufoxy/dev_ws/install/turtlesim/include/turtlesim/srv/detail/spawn__type_support.c
[8.008s] -- Up-to-date: /home/gyufoxy/dev_ws/install/turtlesim/include/turtlesim/msg
[8.008s] -- Up-to-date: /home/gyufoxy/dev_ws/install/turtlesim/include/turtlesim/msg/rosidl_typesupport_introspection_c__visibility_control.h
[8.008s] -- Up-to-date: /home/gyufoxy/dev_ws/install/turtlesim/include/turtlesim/msg/detail
[8.009s] -- Up-to-date: /home/gyufoxy/dev_ws/install/turtlesim/include/turtlesim/msg/detail/pose__rosidl_typesupport_introspection_c.h
[8.009s] -- Up-to-date: /home/gyufoxy/dev_ws/install/turtlesim/include/turtlesim/msg/detail/pose__type_support.c
[8.009s] -- Up-to-date: /home/gyufoxy/dev_ws/install/turtlesim/include/turtlesim/msg/detail/color__rosidl_typesupport_introspection_c.h
[8.009s] -- Up-to-date: /home/gyufoxy/dev_ws/install/turtlesim/include/turtlesim/msg/detail/color__type_support.c
[8.009s] -- Up-to-date: /home/gyufoxy/dev_ws/install/turtlesim/lib/libturtlesim__rosidl_typesupport_introspection_c.so
[8.009s] -- Up-to-date: /home/gyufoxy/dev_ws/install/turtlesim/lib/libturtlesim__rosidl_typesupport_c.so
[8.009s] -- Up-to-date: /home/gyufoxy/dev_ws/install/turtlesim/include/turtlesim
[8.009s] -- Up-to-date: /home/gyufoxy/dev_ws/install/turtlesim/include/turtlesim/action
[8.009s] -- Up-to-date: /home/gyufoxy/dev_ws/install/turtlesim/include/turtlesim/action/rotate_absolute.hpp
[8.009s] -- Up-to-date: /home/gyufoxy/dev_ws/install/turtlesim/include/turtlesim/action/detail
[8.009s] -- Up-to-date: /home/gyufoxy/dev_ws/install/turtlesim/include/turtlesim/action/detail/rotate_absolute__builder.hpp
[8.009s] -- Up-to-date: /home/gyufoxy/dev_ws/install/turtlesim/include/turtlesim/action/detail/rotate_absolute__traits.hpp
[8.009s] -- Up-to-date: /home/gyufoxy/dev_ws/install/turtlesim/include/turtlesim/action/detail/rotate_absolute__struct.hpp
[8.010s] -- Up-to-date: /home/gyufoxy/dev_ws/install/turtlesim/include/turtlesim/srv
[8.010s] -- Up-to-date: /home/gyufoxy/dev_ws/install/turtlesim/include/turtlesim/srv/teleport_relative.hpp
[8.010s] -- Up-to-date: /home/gyufoxy/dev_ws/install/turtlesim/include/turtlesim/srv/set_pen.hpp
[8.010s] -- Up-to-date: /home/gyufoxy/dev_ws/install/turtlesim/include/turtlesim/srv/detail
[8.010s] -- Up-to-date: /home/gyufoxy/dev_ws/install/turtlesim/include/turtlesim/srv/detail/teleport_absolute__builder.hpp
[8.010s] -- Up-to-date: /home/gyufoxy/dev_ws/install/turtlesim/include/turtlesim/srv/detail/spawn__traits.hpp
[8.010s] -- Up-to-date: /home/gyufoxy/dev_ws/install/turtlesim/include/turtlesim/srv/detail/kill__struct.hpp
[8.010s] -- Up-to-date: /home/gyufoxy/dev_ws/install/turtlesim/include/turtlesim/srv/detail/spawn__struct.hpp
[8.010s] -- Up-to-date: /home/gyufoxy/dev_ws/install/turtlesim/include/turtlesim/srv/detail/kill__builder.hpp
[8.010s] -- Up-to-date: /home/gyufoxy/dev_ws/install/turtlesim/include/turtlesim/srv/detail/teleport_absolute__traits.hpp
[8.010s] -- Up-to-date: /home/gyufoxy/dev_ws/install/turtlesim/include/turtlesim/srv/detail/teleport_relative__traits.hpp
[8.010s] -- Up-to-date: /home/gyufoxy/dev_ws/install/turtlesim/include/turtlesim/srv/detail/teleport_relative__struct.hpp
[8.011s] -- Up-to-date: /home/gyufoxy/dev_ws/install/turtlesim/include/turtlesim/srv/detail/spawn__builder.hpp
[8.011s] -- Up-to-date: /home/gyufoxy/dev_ws/install/turtlesim/include/turtlesim/srv/detail/teleport_relative__builder.hpp
[8.011s] -- Up-to-date: /home/gyufoxy/dev_ws/install/turtlesim/include/turtlesim/srv/detail/set_pen__builder.hpp
[8.011s] -- Up-to-date: /home/gyufoxy/dev_ws/install/turtlesim/include/turtlesim/srv/detail/set_pen__struct.hpp
[8.011s] -- Up-to-date: /home/gyufoxy/dev_ws/install/turtlesim/include/turtlesim/srv/detail/set_pen__traits.hpp
[8.011s] -- Up-to-date: /home/gyufoxy/dev_ws/install/turtlesim/include/turtlesim/srv/detail/kill__traits.hpp
[8.011s] -- Up-to-date: /home/gyufoxy/dev_ws/install/turtlesim/include/turtlesim/srv/detail/teleport_absolute__struct.hpp
[8.011s] -- Up-to-date: /home/gyufoxy/dev_ws/install/turtlesim/include/turtlesim/srv/spawn.hpp
[8.011s] -- Up-to-date: /home/gyufoxy/dev_ws/install/turtlesim/include/turtlesim/srv/teleport_absolute.hpp
[8.011s] -- Up-to-date: /home/gyufoxy/dev_ws/install/turtlesim/include/turtlesim/srv/kill.hpp
[8.011s] -- Up-to-date: /home/gyufoxy/dev_ws/install/turtlesim/include/turtlesim/msg
[8.012s] -- Up-to-date: /home/gyufoxy/dev_ws/install/turtlesim/include/turtlesim/msg/color.hpp
[8.012s] -- Up-to-date: /home/gyufoxy/dev_ws/install/turtlesim/include/turtlesim/msg/detail
[8.012s] -- Up-to-date: /home/gyufoxy/dev_ws/install/turtlesim/include/turtlesim/msg/detail/color__struct.hpp
[8.012s] -- Up-to-date: /home/gyufoxy/dev_ws/install/turtlesim/include/turtlesim/msg/detail/pose__struct.hpp
[8.012s] -- Up-to-date: /home/gyufoxy/dev_ws/install/turtlesim/include/turtlesim/msg/detail/color__traits.hpp
[8.012s] -- Up-to-date: /home/gyufoxy/dev_ws/install/turtlesim/include/turtlesim/msg/detail/color__builder.hpp
[8.012s] -- Up-to-date: /home/gyufoxy/dev_ws/install/turtlesim/include/turtlesim/msg/detail/pose__traits.hpp
[8.012s] -- Up-to-date: /home/gyufoxy/dev_ws/install/turtlesim/include/turtlesim/msg/detail/pose__builder.hpp
[8.012s] -- Up-to-date: /home/gyufoxy/dev_ws/install/turtlesim/include/turtlesim/msg/pose.hpp
[8.012s] -- Up-to-date: /home/gyufoxy/dev_ws/install/turtlesim/include/turtlesim
[8.012s] -- Up-to-date: /home/gyufoxy/dev_ws/install/turtlesim/include/turtlesim/action
[8.012s] -- Up-to-date: /home/gyufoxy/dev_ws/install/turtlesim/include/turtlesim/action/detail
[8.012s] -- Up-to-date: /home/gyufoxy/dev_ws/install/turtlesim/include/turtlesim/action/detail/rotate_absolute__type_support.cpp
[8.012s] -- Up-to-date: /home/gyufoxy/dev_ws/install/turtlesim/include/turtlesim/action/detail/rotate_absolute__rosidl_typesupport_introspection_cpp.hpp
[8.012s] -- Up-to-date: /home/gyufoxy/dev_ws/install/turtlesim/include/turtlesim/srv
[8.013s] -- Up-to-date: /home/gyufoxy/dev_ws/install/turtlesim/include/turtlesim/srv/detail
[8.013s] -- Up-to-date: /home/gyufoxy/dev_ws/install/turtlesim/include/turtlesim/srv/detail/kill__rosidl_typesupport_introspection_cpp.hpp
[8.013s] -- Up-to-date: /home/gyufoxy/dev_ws/install/turtlesim/include/turtlesim/srv/detail/kill__type_support.cpp
[8.013s] -- Up-to-date: /home/gyufoxy/dev_ws/install/turtlesim/include/turtlesim/srv/detail/spawn__type_support.cpp
[8.013s] -- Up-to-date: /home/gyufoxy/dev_ws/install/turtlesim/include/turtlesim/srv/detail/teleport_relative__type_support.cpp
[8.013s] -- Up-to-date: /home/gyufoxy/dev_ws/install/turtlesim/include/turtlesim/srv/detail/spawn__rosidl_typesupport_introspection_cpp.hpp
[8.013s] -- Up-to-date: /home/gyufoxy/dev_ws/install/turtlesim/include/turtlesim/srv/detail/teleport_absolute__rosidl_typesupport_introspection_cpp.hpp
[8.013s] -- Up-to-date: /home/gyufoxy/dev_ws/install/turtlesim/include/turtlesim/srv/detail/set_pen__type_support.cpp
[8.013s] -- Up-to-date: /home/gyufoxy/dev_ws/install/turtlesim/include/turtlesim/srv/detail/teleport_relative__rosidl_typesupport_introspection_cpp.hpp
[8.013s] -- Up-to-date: /home/gyufoxy/dev_ws/install/turtlesim/include/turtlesim/srv/detail/set_pen__rosidl_typesupport_introspection_cpp.hpp
[8.013s] -- Up-to-date: /home/gyufoxy/dev_ws/install/turtlesim/include/turtlesim/srv/detail/teleport_absolute__type_support.cpp
[8.013s] -- Up-to-date: /home/gyufoxy/dev_ws/install/turtlesim/include/turtlesim/msg
[8.013s] -- Up-to-date: /home/gyufoxy/dev_ws/install/turtlesim/include/turtlesim/msg/detail
[8.013s] -- Up-to-date: /home/gyufoxy/dev_ws/install/turtlesim/include/turtlesim/msg/detail/pose__rosidl_typesupport_introspection_cpp.hpp
[8.013s] -- Up-to-date: /home/gyufoxy/dev_ws/install/turtlesim/include/turtlesim/msg/detail/color__rosidl_typesupport_introspection_cpp.hpp
[8.014s] -- Up-to-date: /home/gyufoxy/dev_ws/install/turtlesim/include/turtlesim/msg/detail/pose__type_support.cpp
[8.014s] -- Up-to-date: /home/gyufoxy/dev_ws/install/turtlesim/include/turtlesim/msg/detail/color__type_support.cpp
[8.014s] -- Up-to-date: /home/gyufoxy/dev_ws/install/turtlesim/lib/libturtlesim__rosidl_typesupport_introspection_cpp.so
[8.014s] -- Up-to-date: /home/gyufoxy/dev_ws/install/turtlesim/lib/libturtlesim__rosidl_typesupport_cpp.so
[8.014s] -- Up-to-date: /home/gyufoxy/dev_ws/install/turtlesim/share/turtlesim/environment/pythonpath.sh
[8.014s] -- Up-to-date: /home/gyufoxy/dev_ws/install/turtlesim/share/turtlesim/environment/pythonpath.dsv
[8.014s] -- Up-to-date: /home/gyufoxy/dev_ws/install/turtlesim/lib/python3.8/site-packages/turtlesim/__init__.py
[8.035s] -- Up-to-date: /home/gyufoxy/dev_ws/install/turtlesim/lib/python3.8/site-packages/turtlesim/action
[8.035s] -- Up-to-date: /home/gyufoxy/dev_ws/install/turtlesim/lib/python3.8/site-packages/turtlesim/action/__init__.py
[8.036s] -- Up-to-date: /home/gyufoxy/dev_ws/install/turtlesim/lib/python3.8/site-packages/turtlesim/action/_rotate_absolute.py
[8.036s] -- Up-to-date: /home/gyufoxy/dev_ws/install/turtlesim/lib/python3.8/site-packages/turtlesim/action/_rotate_absolute_s.c
[8.036s] -- Up-to-date: /home/gyufoxy/dev_ws/install/turtlesim/lib/python3.8/site-packages/turtlesim/msg
[8.036s] -- Up-to-date: /home/gyufoxy/dev_ws/install/turtlesim/lib/python3.8/site-packages/turtlesim/msg/_pose_s.c
[8.036s] -- Up-to-date: /home/gyufoxy/dev_ws/install/turtlesim/lib/python3.8/site-packages/turtlesim/msg/_color.py
[8.036s] -- Up-to-date: /home/gyufoxy/dev_ws/install/turtlesim/lib/python3.8/site-packages/turtlesim/msg/__init__.py
[8.036s] -- Up-to-date: /home/gyufoxy/dev_ws/install/turtlesim/lib/python3.8/site-packages/turtlesim/msg/_pose.py
[8.036s] -- Up-to-date: /home/gyufoxy/dev_ws/install/turtlesim/lib/python3.8/site-packages/turtlesim/msg/_color_s.c
[8.036s] -- Up-to-date: /home/gyufoxy/dev_ws/install/turtlesim/lib/python3.8/site-packages/turtlesim/srv
[8.036s] -- Up-to-date: /home/gyufoxy/dev_ws/install/turtlesim/lib/python3.8/site-packages/turtlesim/srv/_teleport_absolute.py
[8.036s] -- Up-to-date: /home/gyufoxy/dev_ws/install/turtlesim/lib/python3.8/site-packages/turtlesim/srv/_spawn.py
[8.037s] -- Up-to-date: /home/gyufoxy/dev_ws/install/turtlesim/lib/python3.8/site-packages/turtlesim/srv/_teleport_relative_s.c
[8.037s] -- Up-to-date: /home/gyufoxy/dev_ws/install/turtlesim/lib/python3.8/site-packages/turtlesim/srv/_teleport_absolute_s.c
[8.037s] -- Up-to-date: /home/gyufoxy/dev_ws/install/turtlesim/lib/python3.8/site-packages/turtlesim/srv/_kill.py
[8.037s] -- Up-to-date: /home/gyufoxy/dev_ws/install/turtlesim/lib/python3.8/site-packages/turtlesim/srv/_set_pen_s.c
[8.037s] -- Up-to-date: /home/gyufoxy/dev_ws/install/turtlesim/lib/python3.8/site-packages/turtlesim/srv/__init__.py
[8.037s] -- Up-to-date: /home/gyufoxy/dev_ws/install/turtlesim/lib/python3.8/site-packages/turtlesim/srv/_kill_s.c
[8.037s] -- Up-to-date: /home/gyufoxy/dev_ws/install/turtlesim/lib/python3.8/site-packages/turtlesim/srv/_teleport_relative.py
[8.037s] -- Up-to-date: /home/gyufoxy/dev_ws/install/turtlesim/lib/python3.8/site-packages/turtlesim/srv/_spawn_s.c
[8.037s] -- Up-to-date: /home/gyufoxy/dev_ws/install/turtlesim/lib/python3.8/site-packages/turtlesim/srv/_set_pen.py
[8.037s] -- Up-to-date: /home/gyufoxy/dev_ws/install/turtlesim/lib/python3.8/site-packages/turtlesim/turtlesim_s__rosidl_typesupport_fastrtps_c.cpython-38-x86_64-linux-gnu.so
[8.037s] -- Up-to-date: /home/gyufoxy/dev_ws/install/turtlesim/lib/python3.8/site-packages/turtlesim/turtlesim_s__rosidl_typesupport_introspection_c.cpython-38-x86_64-linux-gnu.so
[8.037s] -- Up-to-date: /home/gyufoxy/dev_ws/install/turtlesim/lib/python3.8/site-packages/turtlesim/turtlesim_s__rosidl_typesupport_c.cpython-38-x86_64-linux-gnu.so
[8.038s] -- Up-to-date: /home/gyufoxy/dev_ws/install/turtlesim/lib/libturtlesim__python.so
[8.038s] -- Up-to-date: /home/gyufoxy/dev_ws/install/turtlesim/share/turtlesim/action/RotateAbsolute.idl
[8.038s] -- Up-to-date: /home/gyufoxy/dev_ws/install/turtlesim/share/turtlesim/msg/Color.idl
[8.038s] -- Up-to-date: /home/gyufoxy/dev_ws/install/turtlesim/share/turtlesim/msg/Pose.idl
[8.038s] -- Up-to-date: /home/gyufoxy/dev_ws/install/turtlesim/share/turtlesim/srv/Kill.idl
[8.038s] -- Up-to-date: /home/gyufoxy/dev_ws/install/turtlesim/share/turtlesim/srv/SetPen.idl
[8.038s] -- Up-to-date: /home/gyufoxy/dev_ws/install/turtlesim/share/turtlesim/srv/Spawn.idl
[8.038s] -- Up-to-date: /home/gyufoxy/dev_ws/install/turtlesim/share/turtlesim/srv/TeleportAbsolute.idl
[8.039s] -- Up-to-date: /home/gyufoxy/dev_ws/install/turtlesim/share/turtlesim/srv/TeleportRelative.idl
[8.039s] -- Up-to-date: /home/gyufoxy/dev_ws/install/turtlesim/share/turtlesim/action/RotateAbsolute.action
[8.039s] -- Up-to-date: /home/gyufoxy/dev_ws/install/turtlesim/share/turtlesim/msg/Color.msg
[8.039s] -- Up-to-date: /home/gyufoxy/dev_ws/install/turtlesim/share/turtlesim/msg/Pose.msg
[8.039s] -- Up-to-date: /home/gyufoxy/dev_ws/install/turtlesim/share/turtlesim/srv/Kill.srv
[8.039s] -- Up-to-date: /home/gyufoxy/dev_ws/install/turtlesim/share/turtlesim/srv/Kill_Request.msg
[8.039s] -- Up-to-date: /home/gyufoxy/dev_ws/install/turtlesim/share/turtlesim/srv/Kill_Response.msg
[8.039s] -- Up-to-date: /home/gyufoxy/dev_ws/install/turtlesim/share/turtlesim/srv/SetPen.srv
[8.039s] -- Up-to-date: /home/gyufoxy/dev_ws/install/turtlesim/share/turtlesim/srv/SetPen_Request.msg
[8.039s] -- Up-to-date: /home/gyufoxy/dev_ws/install/turtlesim/share/turtlesim/srv/SetPen_Response.msg
[8.039s] -- Up-to-date: /home/gyufoxy/dev_ws/install/turtlesim/share/turtlesim/srv/Spawn.srv
[8.040s] -- Up-to-date: /home/gyufoxy/dev_ws/install/turtlesim/share/turtlesim/srv/Spawn_Request.msg
[8.040s] -- Up-to-date: /home/gyufoxy/dev_ws/install/turtlesim/share/turtlesim/srv/Spawn_Response.msg
[8.040s] -- Up-to-date: /home/gyufoxy/dev_ws/install/turtlesim/share/turtlesim/srv/TeleportAbsolute.srv
[8.040s] -- Up-to-date: /home/gyufoxy/dev_ws/install/turtlesim/share/turtlesim/srv/TeleportAbsolute_Request.msg
[8.040s] -- Up-to-date: /home/gyufoxy/dev_ws/install/turtlesim/share/turtlesim/srv/TeleportAbsolute_Response.msg
[8.040s] -- Up-to-date: /home/gyufoxy/dev_ws/install/turtlesim/share/turtlesim/srv/TeleportRelative.srv
[8.040s] -- Up-to-date: /home/gyufoxy/dev_ws/install/turtlesim/share/turtlesim/srv/TeleportRelative_Request.msg
[8.040s] -- Up-to-date: /home/gyufoxy/dev_ws/install/turtlesim/share/turtlesim/srv/TeleportRelative_Response.msg
[8.040s] -- Installing: /home/gyufoxy/dev_ws/install/turtlesim/lib/turtlesim/turtlesim_node
[8.044s] -- Set runtime path of "/home/gyufoxy/dev_ws/install/turtlesim/lib/turtlesim/turtlesim_node" to ""
[8.044s] -- Up-to-date: /home/gyufoxy/dev_ws/install/turtlesim/lib/turtlesim/turtle_teleop_key
[8.045s] -- Up-to-date: /home/gyufoxy/dev_ws/install/turtlesim/lib/turtlesim/draw_square
[8.045s] -- Up-to-date: /home/gyufoxy/dev_ws/install/turtlesim/lib/turtlesim/mimic
[8.045s] -- Up-to-date: /home/gyufoxy/dev_ws/install/turtlesim/share/turtlesim/images
[8.046s] -- Up-to-date: /home/gyufoxy/dev_ws/install/turtlesim/share/turtlesim/images/ardent.png
[8.046s] -- Up-to-date: /home/gyufoxy/dev_ws/install/turtlesim/share/turtlesim/images/crystal.png
[8.046s] -- Up-to-date: /home/gyufoxy/dev_ws/install/turtlesim/share/turtlesim/images/eloquent.png
[8.046s] -- Up-to-date: /home/gyufoxy/dev_ws/install/turtlesim/share/turtlesim/images/foxy.png
[8.046s] -- Up-to-date: /home/gyufoxy/dev_ws/install/turtlesim/share/turtlesim/images/dashing.png
[8.046s] -- Up-to-date: /home/gyufoxy/dev_ws/install/turtlesim/share/turtlesim/images/bouncy.png
[8.046s] -- Up-to-date: /home/gyufoxy/dev_ws/install/turtlesim/share/turtlesim/launch
[8.046s] -- Up-to-date: /home/gyufoxy/dev_ws/install/turtlesim/share/turtlesim/launch/multisim.launch.py
[8.047s] -- Up-to-date: /home/gyufoxy/dev_ws/install/turtlesim/share/ament_index/resource_index/package_run_dependencies/turtlesim
[8.047s] -- Up-to-date: /home/gyufoxy/dev_ws/install/turtlesim/share/ament_index/resource_index/parent_prefix_path/turtlesim
[8.047s] -- Up-to-date: /home/gyufoxy/dev_ws/install/turtlesim/share/turtlesim/environment/ament_prefix_path.sh
[8.047s] -- Up-to-date: /home/gyufoxy/dev_ws/install/turtlesim/share/turtlesim/environment/ament_prefix_path.dsv
[8.047s] -- Up-to-date: /home/gyufoxy/dev_ws/install/turtlesim/share/turtlesim/environment/path.sh
[8.047s] -- Up-to-date: /home/gyufoxy/dev_ws/install/turtlesim/share/turtlesim/environment/path.dsv
[8.047s] -- Up-to-date: /home/gyufoxy/dev_ws/install/turtlesim/share/turtlesim/local_setup.bash
[8.047s] -- Up-to-date: /home/gyufoxy/dev_ws/install/turtlesim/share/turtlesim/local_setup.sh
[8.047s] -- Up-to-date: /home/gyufoxy/dev_ws/install/turtlesim/share/turtlesim/local_setup.zsh
[8.047s] -- Up-to-date: /home/gyufoxy/dev_ws/install/turtlesim/share/turtlesim/local_setup.dsv
[8.047s] -- Installing: /home/gyufoxy/dev_ws/install/turtlesim/share/turtlesim/package.dsv
[8.048s] -- Up-to-date: /home/gyufoxy/dev_ws/install/turtlesim/share/ament_index/resource_index/packages/turtlesim
[8.048s] -- Up-to-date: /home/gyufoxy/dev_ws/install/turtlesim/share/turtlesim/cmake/turtlesim__rosidl_generator_cExport.cmake
[8.048s] -- Up-to-date: /home/gyufoxy/dev_ws/install/turtlesim/share/turtlesim/cmake/turtlesim__rosidl_generator_cExport-noconfig.cmake
[8.048s] -- Up-to-date: /home/gyufoxy/dev_ws/install/turtlesim/share/turtlesim/cmake/turtlesim__rosidl_typesupport_introspection_cExport.cmake
[8.048s] -- Up-to-date: /home/gyufoxy/dev_ws/install/turtlesim/share/turtlesim/cmake/turtlesim__rosidl_typesupport_introspection_cExport-noconfig.cmake
[8.048s] -- Up-to-date: /home/gyufoxy/dev_ws/install/turtlesim/share/turtlesim/cmake/turtlesim__rosidl_typesupport_cExport.cmake
[8.048s] -- Up-to-date: /home/gyufoxy/dev_ws/install/turtlesim/share/turtlesim/cmake/turtlesim__rosidl_typesupport_cExport-noconfig.cmake
[8.048s] -- Up-to-date: /home/gyufoxy/dev_ws/install/turtlesim/share/turtlesim/cmake/turtlesim__rosidl_generator_cppExport.cmake
[8.048s] -- Up-to-date: /home/gyufoxy/dev_ws/install/turtlesim/share/turtlesim/cmake/turtlesim__rosidl_typesupport_introspection_cppExport.cmake
[8.048s] -- Up-to-date: /home/gyufoxy/dev_ws/install/turtlesim/share/turtlesim/cmake/turtlesim__rosidl_typesupport_introspection_cppExport-noconfig.cmake
[8.048s] -- Up-to-date: /home/gyufoxy/dev_ws/install/turtlesim/share/turtlesim/cmake/turtlesim__rosidl_typesupport_cppExport.cmake
[8.049s] -- Up-to-date: /home/gyufoxy/dev_ws/install/turtlesim/share/turtlesim/cmake/turtlesim__rosidl_typesupport_cppExport-noconfig.cmake
[8.049s] -- Up-to-date: /home/gyufoxy/dev_ws/install/turtlesim/share/turtlesim/cmake/rosidl_cmake-extras.cmake
[8.049s] -- Up-to-date: /home/gyufoxy/dev_ws/install/turtlesim/share/turtlesim/cmake/ament_cmake_export_dependencies-extras.cmake
[8.049s] -- Up-to-date: /home/gyufoxy/dev_ws/install/turtlesim/share/turtlesim/cmake/ament_cmake_export_libraries-extras.cmake
[8.049s] -- Up-to-date: /home/gyufoxy/dev_ws/install/turtlesim/share/turtlesim/cmake/ament_cmake_export_targets-extras.cmake
[8.049s] -- Up-to-date: /home/gyufoxy/dev_ws/install/turtlesim/share/turtlesim/cmake/ament_cmake_export_include_directories-extras.cmake
[8.049s] -- Up-to-date: /home/gyufoxy/dev_ws/install/turtlesim/share/turtlesim/cmake/rosidl_cmake_export_typesupport_libraries-extras.cmake
[8.049s] -- Up-to-date: /home/gyufoxy/dev_ws/install/turtlesim/share/turtlesim/cmake/rosidl_cmake_export_typesupport_targets-extras.cmake
[8.049s] -- Up-to-date: /home/gyufoxy/dev_ws/install/turtlesim/share/turtlesim/cmake/turtlesimConfig.cmake
[8.049s] -- Up-to-date: /home/gyufoxy/dev_ws/install/turtlesim/share/turtlesim/cmake/turtlesimConfig-version.cmake
[8.050s] -- Up-to-date: /home/gyufoxy/dev_ws/install/turtlesim/share/turtlesim/package.xml
[8.051s] Invoked command in '/home/gyufoxy/dev_ws/build/turtlesim' returned '0': CMAKE_PREFIX_PATH=${CMAKE_PREFIX_PATH}:/opt/ros/foxy /usr/bin/cmake --install /home/gyufoxy/dev_ws/build/turtlesim
