[0.015s] Invoking command in '/home/gyufoxy/dev_ws/build/srv_and_cli_ros2': CMAKE_PREFIX_PATH=${CMAKE_PREFIX_PATH}:/opt/ros/foxy /usr/bin/cmake --build /home/gyufoxy/dev_ws/build/srv_and_cli_ros2 -- -j8 -l8
[0.042s] -- Found ament_cmake: 0.9.9 (/opt/ros/foxy/share/ament_cmake/cmake)
[0.062s] -- Using PYTHON_EXECUTABLE: /usr/bin/python3
[0.235s] -- Found rclcpp: 2.4.0 (/opt/ros/foxy/share/rclcpp/cmake)
[0.266s] -- Using all available rosidl_typesupport_c: rosidl_typesupport_fastrtps_c;rosidl_typesupport_introspection_c
[0.269s] -- Found rosidl_adapter: 1.2.1 (/opt/ros/foxy/share/rosidl_adapter/cmake)
[0.376s] -- Using all available rosidl_typesupport_cpp: rosidl_typesupport_fastrtps_cpp;rosidl_typesupport_introspection_cpp
[0.421s] -- Found rmw_implementation_cmake: 1.0.3 (/opt/ros/foxy/share/rmw_implementation_cmake/cmake)
[0.422s] -- Using RMW implementation 'rmw_fastrtps_cpp' as default
[0.558s] -- Found rosidl_default_generators: 1.0.1 (/opt/ros/foxy/share/rosidl_default_generators/cmake)
[0.567s] CMake Error at /opt/ros/foxy/share/ament_cmake_target_dependencies/cmake/ament_target_dependencies.cmake:77 (message):
[0.567s]   ament_target_dependencies() the passed package name 'srv_and_cli_ros2' was
[0.567s]   not found before
[0.567s] Call Stack (most recent call first):
[0.567s]   CMakeLists.txt:25 (ament_target_dependencies)
[0.567s] 
[0.567s] 
[0.568s] -- Configuring incomplete, errors occurred!
[0.568s] See also "/home/gyufoxy/dev_ws/build/srv_and_cli_ros2/CMakeFiles/CMakeOutput.log".
[0.568s] See also "/home/gyufoxy/dev_ws/build/srv_and_cli_ros2/CMakeFiles/CMakeError.log".
[0.573s] make: *** [Makefile:1032: cmake_check_build_system] Error 1
[0.575s] Invoked command in '/home/gyufoxy/dev_ws/build/srv_and_cli_ros2' returned '2': CMAKE_PREFIX_PATH=${CMAKE_PREFIX_PATH}:/opt/ros/foxy /usr/bin/cmake --build /home/gyufoxy/dev_ws/build/srv_and_cli_ros2 -- -j8 -l8
