[0.034s] Invoking command in '/home/gyufoxy/dev_ws/build/action_interface_ros2': CMAKE_PREFIX_PATH=${CMAKE_PREFIX_PATH}:/opt/ros/foxy /usr/bin/cmake /home/gyufoxy/dev_ws/src/action_interface_ros2 -DCMAKE_INSTALL_PREFIX=/home/gyufoxy/dev_ws/install/action_interface_ros2
[0.096s] -- The C compiler identification is GNU 9.3.0
[0.182s] -- The CXX compiler identification is GNU 9.3.0
[0.187s] -- Check for working C compiler: /usr/bin/cc
[0.256s] -- Check for working C compiler: /usr/bin/cc -- works
[0.259s] -- Detecting C compiler ABI info
[0.328s] -- Detecting C compiler ABI info - done
[0.342s] -- Detecting C compile features
[0.342s] -- Detecting C compile features - done
[0.345s] -- Check for working CXX compiler: /usr/bin/c++
[0.421s] -- Check for working CXX compiler: /usr/bin/c++ -- works
[0.423s] -- Detecting CXX compiler ABI info
[0.503s] -- Detecting CXX compiler ABI info - done
[0.516s] -- Detecting CXX compile features
[0.516s] -- Detecting CXX compile features - done
[0.519s] -- Found ament_cmake: 0.9.9 (/opt/ros/foxy/share/ament_cmake/cmake)
[0.543s] -- Found PythonInterp: /usr/bin/python3 (found suitable version "3.8.10", minimum required is "3") 
[0.543s] -- Using PYTHON_EXECUTABLE: /usr/bin/python3
[0.743s] -- Found rosidl_default_generators: 1.0.1 (/opt/ros/foxy/share/rosidl_default_generators/cmake)
[0.747s] -- Using all available rosidl_typesupport_c: rosidl_typesupport_fastrtps_c;rosidl_typesupport_introspection_c
[0.754s] -- Found rosidl_adapter: 1.2.1 (/opt/ros/foxy/share/rosidl_adapter/cmake)
[0.878s] -- Found OpenSSL: /usr/lib/x86_64-linux-gnu/libcrypto.so (found version "1.1.1f")  
[0.913s] -- Found FastRTPS: /opt/ros/foxy/include  
[0.986s] -- Using all available rosidl_typesupport_cpp: rosidl_typesupport_fastrtps_cpp;rosidl_typesupport_introspection_cpp
[1.030s] -- Found PythonInterp: /usr/bin/python3 (found version "3.8.10") 
[1.227s] -- Found ament_cmake_ros: 0.9.2 (/opt/ros/foxy/share/ament_cmake_ros/cmake)
[1.362s] -- Using all available rosidl_typesupport_c: rosidl_typesupport_fastrtps_c;rosidl_typesupport_introspection_c
[1.386s] -- Using all available rosidl_typesupport_cpp: rosidl_typesupport_fastrtps_cpp;rosidl_typesupport_introspection_cpp
[1.410s] -- Found PythonInterp: /usr/bin/python3 (found suitable version "3.8.10", minimum required is "3.5") 
[1.411s] -- Found python_cmake_module: 0.8.1 (/opt/ros/foxy/share/python_cmake_module/cmake)
[1.437s] -- Found PythonLibs: /usr/lib/x86_64-linux-gnu/libpython3.8.so (found suitable version "3.8.10", minimum required is "3.5") 
[1.438s] -- Using PYTHON_EXECUTABLE: /usr/bin/python3
[1.438s] -- Using PYTHON_INCLUDE_DIRS: /usr/include/python3.8
[1.438s] -- Using PYTHON_LIBRARIES: /usr/lib/x86_64-linux-gnu/libpython3.8.so
[1.458s] -- Found PythonExtra: .so  
[1.508s] -- Found ament_lint_auto: 0.9.6 (/opt/ros/foxy/share/ament_lint_auto/cmake)
[1.530s] -- Added test 'copyright' to check source files copyright and LICENSE
[1.532s] -- Added test 'lint_cmake' to check CMake code style
[1.533s] -- Added test 'xmllint' to check XML markup files
[1.538s] -- Configuring done
[1.586s] -- Generating done
[1.589s] -- Build files have been written to: /home/gyufoxy/dev_ws/build/action_interface_ros2
[1.596s] Invoked command in '/home/gyufoxy/dev_ws/build/action_interface_ros2' returned '0': CMAKE_PREFIX_PATH=${CMAKE_PREFIX_PATH}:/opt/ros/foxy /usr/bin/cmake /home/gyufoxy/dev_ws/src/action_interface_ros2 -DCMAKE_INSTALL_PREFIX=/home/gyufoxy/dev_ws/install/action_interface_ros2
[1.599s] Invoking command in '/home/gyufoxy/dev_ws/build/action_interface_ros2': CMAKE_PREFIX_PATH=${CMAKE_PREFIX_PATH}:/opt/ros/foxy /usr/bin/cmake --build /home/gyufoxy/dev_ws/build/action_interface_ros2 -- -j8 -l8
[1.638s] [  3%] [34m[1mGenerating C code for ROS interfaces[0m
[1.638s] [35m[1mScanning dependencies of target action_interface_ros2__cpp[0m
[1.649s] [  6%] [34m[1mGenerating C++ code for ROS interfaces[0m
[1.992s] [35m[1mScanning dependencies of target action_interface_ros2__rosidl_generator_c[0m
[2.004s] [  9%] [32mBuilding C object CMakeFiles/action_interface_ros2__rosidl_generator_c.dir/rosidl_generator_c/action_interface_ros2/action/detail/fibonacci__functions.c.o[0m
[2.019s] [  9%] Built target action_interface_ros2__cpp
[2.029s] [ 19%] [34m[1mGenerating C++ type support dispatch for ROS interfaces[0m
[2.029s] [ 19%] [34m[1mGenerating C++ type support for eProsima Fast-RTPS[0m
[2.030s] [ 19%] [34m[1mGenerating C++ introspection for ROS interfaces[0m
[2.088s] [ 22%] [32m[1mLinking C shared library libaction_interface_ros2__rosidl_generator_c.so[0m
[2.124s] [ 22%] Built target action_interface_ros2__rosidl_generator_c
[2.135s] [ 29%] [34m[1mGenerating C type support dispatch for ROS interfaces[0m
[2.135s] [ 29%] [34m[1mGenerating C introspection for ROS interfaces[0m
[2.285s] [35m[1mScanning dependencies of target action_interface_ros2__rosidl_typesupport_cpp[0m
[2.299s] [ 32%] [32mBuilding CXX object CMakeFiles/action_interface_ros2__rosidl_typesupport_cpp.dir/rosidl_typesupport_cpp/action_interface_ros2/action/fibonacci__type_support.cpp.o[0m
[2.391s] [35m[1mScanning dependencies of target action_interface_ros2__rosidl_typesupport_c[0m
[2.405s] [ 35%] [32mBuilding CXX object CMakeFiles/action_interface_ros2__rosidl_typesupport_c.dir/rosidl_typesupport_c/action_interface_ros2/action/fibonacci__type_support.cpp.o[0m
[2.453s] [ 38%] [32m[1mLinking CXX shared library libaction_interface_ros2__rosidl_typesupport_c.so[0m
[2.485s] [35m[1mScanning dependencies of target action_interface_ros2__rosidl_typesupport_introspection_cpp[0m
[2.497s] [ 38%] Built target action_interface_ros2__rosidl_typesupport_c
[2.506s] [ 41%] [32mBuilding CXX object CMakeFiles/action_interface_ros2__rosidl_typesupport_introspection_cpp.dir/rosidl_typesupport_introspection_cpp/action_interface_ros2/action/detail/fibonacci__type_support.cpp.o[0m
[2.547s] [35m[1mScanning dependencies of target action_interface_ros2__rosidl_typesupport_fastrtps_cpp[0m
[2.569s] [ 45%] [32mBuilding CXX object CMakeFiles/action_interface_ros2__rosidl_typesupport_fastrtps_cpp.dir/rosidl_typesupport_fastrtps_cpp/action_interface_ros2/action/detail/dds_fastrtps/fibonacci__type_support.cpp.o[0m
[2.625s] [ 48%] [32m[1mLinking CXX shared library libaction_interface_ros2__rosidl_typesupport_cpp.so[0m
[2.662s] [35m[1mScanning dependencies of target action_interface_ros2__rosidl_typesupport_introspection_c[0m
[2.670s] [ 48%] Built target action_interface_ros2__rosidl_typesupport_cpp
[2.679s] [ 51%] [32mBuilding C object CMakeFiles/action_interface_ros2__rosidl_typesupport_introspection_c.dir/rosidl_typesupport_introspection_c/action_interface_ros2/action/detail/fibonacci__type_support.c.o[0m
[2.724s] [ 54%] [32m[1mLinking C shared library libaction_interface_ros2__rosidl_typesupport_introspection_c.so[0m
[2.757s] [ 54%] Built target action_interface_ros2__rosidl_typesupport_introspection_c
[2.891s] [ 58%] [32m[1mLinking CXX shared library libaction_interface_ros2__rosidl_typesupport_introspection_cpp.so[0m
[2.971s] [ 58%] Built target action_interface_ros2__rosidl_typesupport_introspection_cpp
[3.088s] [ 61%] [32m[1mLinking CXX shared library libaction_interface_ros2__rosidl_typesupport_fastrtps_cpp.so[0m
[3.177s] [ 61%] Built target action_interface_ros2__rosidl_typesupport_fastrtps_cpp
[3.187s] [ 64%] [34m[1mGenerating C type support for eProsima Fast-RTPS[0m
[3.512s] [35m[1mScanning dependencies of target action_interface_ros2__rosidl_typesupport_fastrtps_c[0m
[3.530s] [ 67%] [32mBuilding CXX object CMakeFiles/action_interface_ros2__rosidl_typesupport_fastrtps_c.dir/rosidl_typesupport_fastrtps_c/action_interface_ros2/action/detail/fibonacci__type_support_c.cpp.o[0m
[3.895s] [ 70%] [32m[1mLinking CXX shared library libaction_interface_ros2__rosidl_typesupport_fastrtps_c.so[0m
[3.987s] [ 70%] Built target action_interface_ros2__rosidl_typesupport_fastrtps_c
[3.997s] [35m[1mScanning dependencies of target action_interface_ros2[0m
[4.007s] [ 70%] Built target action_interface_ros2
[4.018s] [35m[1mScanning dependencies of target action_interface_ros2__py[0m
[4.028s] [ 74%] [34m[1mGenerating Python code for ROS interfaces[0m
[4.755s] [ 74%] Built target action_interface_ros2__py
[4.765s] [35m[1mScanning dependencies of target action_interface_ros2__python[0m
[4.783s] [ 77%] [32mBuilding C object CMakeFiles/action_interface_ros2__python.dir/rosidl_generator_py/action_interface_ros2/action/_fibonacci_s.c.o[0m
[4.909s] [ 80%] [32m[1mLinking C shared library rosidl_generator_py/action_interface_ros2/libaction_interface_ros2__python.so[0m
[4.952s] [ 80%] Built target action_interface_ros2__python
[4.963s] [35m[1mScanning dependencies of target action_interface_ros2__rosidl_typesupport_c__pyext[0m
[4.963s] [35m[1mScanning dependencies of target action_interface_ros2__rosidl_typesupport_introspection_c__pyext[0m
[4.963s] [35m[1mScanning dependencies of target action_interface_ros2__rosidl_typesupport_fastrtps_c__pyext[0m
[4.982s] [ 83%] [32mBuilding C object CMakeFiles/action_interface_ros2__rosidl_typesupport_c__pyext.dir/rosidl_generator_py/action_interface_ros2/_action_interface_ros2_s.ep.rosidl_typesupport_c.c.o[0m
[4.984s] [ 87%] [32mBuilding C object CMakeFiles/action_interface_ros2__rosidl_typesupport_fastrtps_c__pyext.dir/rosidl_generator_py/action_interface_ros2/_action_interface_ros2_s.ep.rosidl_typesupport_fastrtps_c.c.o[0m
[4.985s] [ 90%] [32mBuilding C object CMakeFiles/action_interface_ros2__rosidl_typesupport_introspection_c__pyext.dir/rosidl_generator_py/action_interface_ros2/_action_interface_ros2_s.ep.rosidl_typesupport_introspection_c.c.o[0m
[5.081s] [ 93%] [32m[1mLinking C shared library rosidl_generator_py/action_interface_ros2/action_interface_ros2_s__rosidl_typesupport_c.cpython-38-x86_64-linux-gnu.so[0m
[5.084s] [ 96%] [32m[1mLinking C shared library rosidl_generator_py/action_interface_ros2/action_interface_ros2_s__rosidl_typesupport_introspection_c.cpython-38-x86_64-linux-gnu.so[0m
[5.087s] [100%] [32m[1mLinking CXX shared library rosidl_generator_py/action_interface_ros2/action_interface_ros2_s__rosidl_typesupport_fastrtps_c.cpython-38-x86_64-linux-gnu.so[0m
[5.121s] [100%] Built target action_interface_ros2__rosidl_typesupport_c__pyext
[5.125s] [100%] Built target action_interface_ros2__rosidl_typesupport_introspection_c__pyext
[5.158s] [100%] Built target action_interface_ros2__rosidl_typesupport_fastrtps_c__pyext
[5.170s] Invoked command in '/home/gyufoxy/dev_ws/build/action_interface_ros2' returned '0': CMAKE_PREFIX_PATH=${CMAKE_PREFIX_PATH}:/opt/ros/foxy /usr/bin/cmake --build /home/gyufoxy/dev_ws/build/action_interface_ros2 -- -j8 -l8
[5.218s] Invoking command in '/home/gyufoxy/dev_ws/build/action_interface_ros2': CMAKE_PREFIX_PATH=${CMAKE_PREFIX_PATH}:/opt/ros/foxy /usr/bin/cmake --install /home/gyufoxy/dev_ws/build/action_interface_ros2
[5.226s] -- Install configuration: ""
[5.227s] -- Installing: /home/gyufoxy/dev_ws/install/action_interface_ros2/share/ament_index/resource_index/rosidl_interfaces/action_interface_ros2
[5.227s] -- Installing: /home/gyufoxy/dev_ws/install/action_interface_ros2/include/action_interface_ros2
[5.227s] -- Installing: /home/gyufoxy/dev_ws/install/action_interface_ros2/include/action_interface_ros2/action
[5.227s] -- Installing: /home/gyufoxy/dev_ws/install/action_interface_ros2/include/action_interface_ros2/action/detail
[5.227s] -- Installing: /home/gyufoxy/dev_ws/install/action_interface_ros2/include/action_interface_ros2/action/detail/fibonacci__struct.h
[5.228s] -- Installing: /home/gyufoxy/dev_ws/install/action_interface_ros2/include/action_interface_ros2/action/detail/fibonacci__type_support.h
[5.228s] -- Installing: /home/gyufoxy/dev_ws/install/action_interface_ros2/include/action_interface_ros2/action/detail/fibonacci__functions.h
[5.228s] -- Installing: /home/gyufoxy/dev_ws/install/action_interface_ros2/include/action_interface_ros2/action/detail/fibonacci__functions.c
[5.228s] -- Installing: /home/gyufoxy/dev_ws/install/action_interface_ros2/include/action_interface_ros2/action/fibonacci.h
[5.228s] -- Installing: /home/gyufoxy/dev_ws/install/action_interface_ros2/include/action_interface_ros2/msg
[5.229s] -- Installing: /home/gyufoxy/dev_ws/install/action_interface_ros2/include/action_interface_ros2/msg/rosidl_generator_c__visibility_control.h
[5.229s] -- Installing: /home/gyufoxy/dev_ws/install/action_interface_ros2/share/action_interface_ros2/environment/library_path.sh
[5.229s] -- Installing: /home/gyufoxy/dev_ws/install/action_interface_ros2/share/action_interface_ros2/environment/library_path.dsv
[5.229s] -- Installing: /home/gyufoxy/dev_ws/install/action_interface_ros2/lib/libaction_interface_ros2__rosidl_generator_c.so
[5.229s] -- Set runtime path of "/home/gyufoxy/dev_ws/install/action_interface_ros2/lib/libaction_interface_ros2__rosidl_generator_c.so" to ""
[5.229s] -- Up-to-date: /home/gyufoxy/dev_ws/install/action_interface_ros2/include/action_interface_ros2
[5.229s] -- Up-to-date: /home/gyufoxy/dev_ws/install/action_interface_ros2/include/action_interface_ros2/action
[5.230s] -- Up-to-date: /home/gyufoxy/dev_ws/install/action_interface_ros2/include/action_interface_ros2/action/detail
[5.230s] -- Installing: /home/gyufoxy/dev_ws/install/action_interface_ros2/include/action_interface_ros2/action/detail/fibonacci__rosidl_typesupport_fastrtps_c.h
[5.230s] -- Up-to-date: /home/gyufoxy/dev_ws/install/action_interface_ros2/include/action_interface_ros2/msg
[5.230s] -- Installing: /home/gyufoxy/dev_ws/install/action_interface_ros2/include/action_interface_ros2/msg/rosidl_typesupport_fastrtps_c__visibility_control.h
[5.230s] -- Installing: /home/gyufoxy/dev_ws/install/action_interface_ros2/lib/libaction_interface_ros2__rosidl_typesupport_fastrtps_c.so
[5.230s] -- Set runtime path of "/home/gyufoxy/dev_ws/install/action_interface_ros2/lib/libaction_interface_ros2__rosidl_typesupport_fastrtps_c.so" to ""
[5.231s] -- Up-to-date: /home/gyufoxy/dev_ws/install/action_interface_ros2/include/action_interface_ros2
[5.231s] -- Up-to-date: /home/gyufoxy/dev_ws/install/action_interface_ros2/include/action_interface_ros2/action
[5.231s] -- Up-to-date: /home/gyufoxy/dev_ws/install/action_interface_ros2/include/action_interface_ros2/action/detail
[5.231s] -- Installing: /home/gyufoxy/dev_ws/install/action_interface_ros2/include/action_interface_ros2/action/detail/fibonacci__rosidl_typesupport_fastrtps_cpp.hpp
[5.231s] -- Installing: /home/gyufoxy/dev_ws/install/action_interface_ros2/include/action_interface_ros2/action/detail/dds_fastrtps
[5.231s] -- Up-to-date: /home/gyufoxy/dev_ws/install/action_interface_ros2/include/action_interface_ros2/msg
[5.231s] -- Installing: /home/gyufoxy/dev_ws/install/action_interface_ros2/include/action_interface_ros2/msg/rosidl_typesupport_fastrtps_cpp__visibility_control.h
[5.232s] -- Installing: /home/gyufoxy/dev_ws/install/action_interface_ros2/lib/libaction_interface_ros2__rosidl_typesupport_fastrtps_cpp.so
[5.232s] -- Set runtime path of "/home/gyufoxy/dev_ws/install/action_interface_ros2/lib/libaction_interface_ros2__rosidl_typesupport_fastrtps_cpp.so" to ""
[5.232s] -- Up-to-date: /home/gyufoxy/dev_ws/install/action_interface_ros2/include/action_interface_ros2
[5.232s] -- Up-to-date: /home/gyufoxy/dev_ws/install/action_interface_ros2/include/action_interface_ros2/action
[5.232s] -- Up-to-date: /home/gyufoxy/dev_ws/install/action_interface_ros2/include/action_interface_ros2/action/detail
[5.232s] -- Installing: /home/gyufoxy/dev_ws/install/action_interface_ros2/include/action_interface_ros2/action/detail/fibonacci__rosidl_typesupport_introspection_c.h
[5.232s] -- Installing: /home/gyufoxy/dev_ws/install/action_interface_ros2/include/action_interface_ros2/action/detail/fibonacci__type_support.c
[5.233s] -- Up-to-date: /home/gyufoxy/dev_ws/install/action_interface_ros2/include/action_interface_ros2/msg
[5.233s] -- Installing: /home/gyufoxy/dev_ws/install/action_interface_ros2/include/action_interface_ros2/msg/rosidl_typesupport_introspection_c__visibility_control.h
[5.233s] -- Installing: /home/gyufoxy/dev_ws/install/action_interface_ros2/lib/libaction_interface_ros2__rosidl_typesupport_introspection_c.so
[5.233s] -- Set runtime path of "/home/gyufoxy/dev_ws/install/action_interface_ros2/lib/libaction_interface_ros2__rosidl_typesupport_introspection_c.so" to ""
[5.233s] -- Installing: /home/gyufoxy/dev_ws/install/action_interface_ros2/lib/libaction_interface_ros2__rosidl_typesupport_c.so
[5.233s] -- Set runtime path of "/home/gyufoxy/dev_ws/install/action_interface_ros2/lib/libaction_interface_ros2__rosidl_typesupport_c.so" to ""
[5.233s] -- Up-to-date: /home/gyufoxy/dev_ws/install/action_interface_ros2/include/action_interface_ros2
[5.234s] -- Up-to-date: /home/gyufoxy/dev_ws/install/action_interface_ros2/include/action_interface_ros2/action
[5.234s] -- Installing: /home/gyufoxy/dev_ws/install/action_interface_ros2/include/action_interface_ros2/action/fibonacci.hpp
[5.234s] -- Up-to-date: /home/gyufoxy/dev_ws/install/action_interface_ros2/include/action_interface_ros2/action/detail
[5.234s] -- Installing: /home/gyufoxy/dev_ws/install/action_interface_ros2/include/action_interface_ros2/action/detail/fibonacci__builder.hpp
[5.234s] -- Installing: /home/gyufoxy/dev_ws/install/action_interface_ros2/include/action_interface_ros2/action/detail/fibonacci__struct.hpp
[5.234s] -- Installing: /home/gyufoxy/dev_ws/install/action_interface_ros2/include/action_interface_ros2/action/detail/fibonacci__traits.hpp
[5.234s] -- Up-to-date: /home/gyufoxy/dev_ws/install/action_interface_ros2/include/action_interface_ros2
[5.235s] -- Up-to-date: /home/gyufoxy/dev_ws/install/action_interface_ros2/include/action_interface_ros2/action
[5.235s] -- Up-to-date: /home/gyufoxy/dev_ws/install/action_interface_ros2/include/action_interface_ros2/action/detail
[5.235s] -- Installing: /home/gyufoxy/dev_ws/install/action_interface_ros2/include/action_interface_ros2/action/detail/fibonacci__type_support.cpp
[5.235s] -- Installing: /home/gyufoxy/dev_ws/install/action_interface_ros2/include/action_interface_ros2/action/detail/fibonacci__rosidl_typesupport_introspection_cpp.hpp
[5.235s] -- Installing: /home/gyufoxy/dev_ws/install/action_interface_ros2/lib/libaction_interface_ros2__rosidl_typesupport_introspection_cpp.so
[5.235s] -- Set runtime path of "/home/gyufoxy/dev_ws/install/action_interface_ros2/lib/libaction_interface_ros2__rosidl_typesupport_introspection_cpp.so" to ""
[5.235s] -- Installing: /home/gyufoxy/dev_ws/install/action_interface_ros2/lib/libaction_interface_ros2__rosidl_typesupport_cpp.so
[5.235s] -- Set runtime path of "/home/gyufoxy/dev_ws/install/action_interface_ros2/lib/libaction_interface_ros2__rosidl_typesupport_cpp.so" to ""
[5.236s] -- Installing: /home/gyufoxy/dev_ws/install/action_interface_ros2/share/action_interface_ros2/environment/pythonpath.sh
[5.236s] -- Installing: /home/gyufoxy/dev_ws/install/action_interface_ros2/share/action_interface_ros2/environment/pythonpath.dsv
[5.236s] -- Installing: /home/gyufoxy/dev_ws/install/action_interface_ros2/lib/python3.8/site-packages/action_interface_ros2/__init__.py
[5.264s] Compiling '/home/gyufoxy/dev_ws/install/action_interface_ros2/lib/python3.8/site-packages/action_interface_ros2/__init__.py'...
[5.268s] -- Installing: /home/gyufoxy/dev_ws/install/action_interface_ros2/lib/python3.8/site-packages/action_interface_ros2/action
[5.268s] -- Installing: /home/gyufoxy/dev_ws/install/action_interface_ros2/lib/python3.8/site-packages/action_interface_ros2/action/_fibonacci_s.c
[5.268s] -- Installing: /home/gyufoxy/dev_ws/install/action_interface_ros2/lib/python3.8/site-packages/action_interface_ros2/action/_fibonacci.py
[5.268s] -- Installing: /home/gyufoxy/dev_ws/install/action_interface_ros2/lib/python3.8/site-packages/action_interface_ros2/action/__init__.py
[5.269s] -- Installing: /home/gyufoxy/dev_ws/install/action_interface_ros2/lib/python3.8/site-packages/action_interface_ros2/action_interface_ros2_s__rosidl_typesupport_fastrtps_c.cpython-38-x86_64-linux-gnu.so
[5.269s] -- Set runtime path of "/home/gyufoxy/dev_ws/install/action_interface_ros2/lib/python3.8/site-packages/action_interface_ros2/action_interface_ros2_s__rosidl_typesupport_fastrtps_c.cpython-38-x86_64-linux-gnu.so" to ""
[5.269s] -- Installing: /home/gyufoxy/dev_ws/install/action_interface_ros2/lib/python3.8/site-packages/action_interface_ros2/action_interface_ros2_s__rosidl_typesupport_introspection_c.cpython-38-x86_64-linux-gnu.so
[5.270s] -- Set runtime path of "/home/gyufoxy/dev_ws/install/action_interface_ros2/lib/python3.8/site-packages/action_interface_ros2/action_interface_ros2_s__rosidl_typesupport_introspection_c.cpython-38-x86_64-linux-gnu.so" to ""
[5.270s] -- Installing: /home/gyufoxy/dev_ws/install/action_interface_ros2/lib/python3.8/site-packages/action_interface_ros2/action_interface_ros2_s__rosidl_typesupport_c.cpython-38-x86_64-linux-gnu.so
[5.271s] -- Set runtime path of "/home/gyufoxy/dev_ws/install/action_interface_ros2/lib/python3.8/site-packages/action_interface_ros2/action_interface_ros2_s__rosidl_typesupport_c.cpython-38-x86_64-linux-gnu.so" to ""
[5.271s] -- Installing: /home/gyufoxy/dev_ws/install/action_interface_ros2/lib/libaction_interface_ros2__python.so
[5.271s] -- Set runtime path of "/home/gyufoxy/dev_ws/install/action_interface_ros2/lib/libaction_interface_ros2__python.so" to ""
[5.271s] -- Installing: /home/gyufoxy/dev_ws/install/action_interface_ros2/share/action_interface_ros2/action/Fibonacci.idl
[5.272s] -- Installing: /home/gyufoxy/dev_ws/install/action_interface_ros2/share/action_interface_ros2/action/Fibonacci.action
[5.272s] -- Installing: /home/gyufoxy/dev_ws/install/action_interface_ros2/share/ament_index/resource_index/package_run_dependencies/action_interface_ros2
[5.272s] -- Installing: /home/gyufoxy/dev_ws/install/action_interface_ros2/share/ament_index/resource_index/parent_prefix_path/action_interface_ros2
[5.272s] -- Installing: /home/gyufoxy/dev_ws/install/action_interface_ros2/share/action_interface_ros2/environment/ament_prefix_path.sh
[5.272s] -- Installing: /home/gyufoxy/dev_ws/install/action_interface_ros2/share/action_interface_ros2/environment/ament_prefix_path.dsv
[5.272s] -- Installing: /home/gyufoxy/dev_ws/install/action_interface_ros2/share/action_interface_ros2/environment/path.sh
[5.273s] -- Installing: /home/gyufoxy/dev_ws/install/action_interface_ros2/share/action_interface_ros2/environment/path.dsv
[5.273s] -- Installing: /home/gyufoxy/dev_ws/install/action_interface_ros2/share/action_interface_ros2/local_setup.bash
[5.273s] -- Installing: /home/gyufoxy/dev_ws/install/action_interface_ros2/share/action_interface_ros2/local_setup.sh
[5.273s] -- Installing: /home/gyufoxy/dev_ws/install/action_interface_ros2/share/action_interface_ros2/local_setup.zsh
[5.273s] -- Installing: /home/gyufoxy/dev_ws/install/action_interface_ros2/share/action_interface_ros2/local_setup.dsv
[5.273s] -- Installing: /home/gyufoxy/dev_ws/install/action_interface_ros2/share/action_interface_ros2/package.dsv
[5.274s] -- Installing: /home/gyufoxy/dev_ws/install/action_interface_ros2/share/ament_index/resource_index/packages/action_interface_ros2
[5.274s] -- Installing: /home/gyufoxy/dev_ws/install/action_interface_ros2/share/action_interface_ros2/cmake/action_interface_ros2__rosidl_generator_cExport.cmake
[5.274s] -- Installing: /home/gyufoxy/dev_ws/install/action_interface_ros2/share/action_interface_ros2/cmake/action_interface_ros2__rosidl_generator_cExport-noconfig.cmake
[5.274s] -- Installing: /home/gyufoxy/dev_ws/install/action_interface_ros2/share/action_interface_ros2/cmake/action_interface_ros2__rosidl_typesupport_introspection_cExport.cmake
[5.274s] -- Installing: /home/gyufoxy/dev_ws/install/action_interface_ros2/share/action_interface_ros2/cmake/action_interface_ros2__rosidl_typesupport_introspection_cExport-noconfig.cmake
[5.274s] -- Installing: /home/gyufoxy/dev_ws/install/action_interface_ros2/share/action_interface_ros2/cmake/action_interface_ros2__rosidl_typesupport_cExport.cmake
[5.274s] -- Installing: /home/gyufoxy/dev_ws/install/action_interface_ros2/share/action_interface_ros2/cmake/action_interface_ros2__rosidl_typesupport_cExport-noconfig.cmake
[5.275s] -- Installing: /home/gyufoxy/dev_ws/install/action_interface_ros2/share/action_interface_ros2/cmake/action_interface_ros2__rosidl_generator_cppExport.cmake
[5.275s] -- Installing: /home/gyufoxy/dev_ws/install/action_interface_ros2/share/action_interface_ros2/cmake/action_interface_ros2__rosidl_typesupport_introspection_cppExport.cmake
[5.275s] -- Installing: /home/gyufoxy/dev_ws/install/action_interface_ros2/share/action_interface_ros2/cmake/action_interface_ros2__rosidl_typesupport_introspection_cppExport-noconfig.cmake
[5.275s] -- Installing: /home/gyufoxy/dev_ws/install/action_interface_ros2/share/action_interface_ros2/cmake/action_interface_ros2__rosidl_typesupport_cppExport.cmake
[5.275s] -- Installing: /home/gyufoxy/dev_ws/install/action_interface_ros2/share/action_interface_ros2/cmake/action_interface_ros2__rosidl_typesupport_cppExport-noconfig.cmake
[5.275s] -- Installing: /home/gyufoxy/dev_ws/install/action_interface_ros2/share/action_interface_ros2/cmake/rosidl_cmake-extras.cmake
[5.276s] -- Installing: /home/gyufoxy/dev_ws/install/action_interface_ros2/share/action_interface_ros2/cmake/ament_cmake_export_dependencies-extras.cmake
[5.276s] -- Installing: /home/gyufoxy/dev_ws/install/action_interface_ros2/share/action_interface_ros2/cmake/ament_cmake_export_libraries-extras.cmake
[5.276s] -- Installing: /home/gyufoxy/dev_ws/install/action_interface_ros2/share/action_interface_ros2/cmake/ament_cmake_export_targets-extras.cmake
[5.276s] -- Installing: /home/gyufoxy/dev_ws/install/action_interface_ros2/share/action_interface_ros2/cmake/ament_cmake_export_include_directories-extras.cmake
[5.276s] -- Installing: /home/gyufoxy/dev_ws/install/action_interface_ros2/share/action_interface_ros2/cmake/rosidl_cmake_export_typesupport_libraries-extras.cmake
[5.276s] -- Installing: /home/gyufoxy/dev_ws/install/action_interface_ros2/share/action_interface_ros2/cmake/rosidl_cmake_export_typesupport_targets-extras.cmake
[5.277s] -- Installing: /home/gyufoxy/dev_ws/install/action_interface_ros2/share/action_interface_ros2/cmake/action_interface_ros2Config.cmake
[5.277s] -- Installing: /home/gyufoxy/dev_ws/install/action_interface_ros2/share/action_interface_ros2/cmake/action_interface_ros2Config-version.cmake
[5.277s] -- Installing: /home/gyufoxy/dev_ws/install/action_interface_ros2/share/action_interface_ros2/package.xml
[5.280s] Invoked command in '/home/gyufoxy/dev_ws/build/action_interface_ros2' returned '0': CMAKE_PREFIX_PATH=${CMAKE_PREFIX_PATH}:/opt/ros/foxy /usr/bin/cmake --install /home/gyufoxy/dev_ws/build/action_interface_ros2
