[0.035s] Invoking command in '/home/gyufoxy/dev_ws/build/srv_and_cli_ros2': CMAKE_PREFIX_PATH=${CMAKE_PREFIX_PATH}:/opt/ros/foxy /usr/bin/cmake --build /home/gyufoxy/dev_ws/build/srv_and_cli_ros2 -- -j8 -l8
[0.065s] -- Found ament_cmake: 0.9.9 (/opt/ros/foxy/share/ament_cmake/cmake)
[0.092s] -- Found PythonInterp: /usr/bin/python3 (found suitable version "3.8.10", minimum required is "3") 
[0.092s] -- Using PYTHON_EXECUTABLE: /usr/bin/python3
[0.292s] -- Found rclcpp: 2.4.0 (/opt/ros/foxy/share/rclcpp/cmake)
[0.329s] -- Using all available rosidl_typesupport_c: rosidl_typesupport_fastrtps_c;rosidl_typesupport_introspection_c
[0.332s] -- Found rosidl_adapter: 1.2.1 (/opt/ros/foxy/share/rosidl_adapter/cmake)
[0.454s] -- Using all available rosidl_typesupport_cpp: rosidl_typesupport_fastrtps_cpp;rosidl_typesupport_introspection_cpp
[0.506s] -- Found rmw_implementation_cmake: 1.0.3 (/opt/ros/foxy/share/rmw_implementation_cmake/cmake)
[0.507s] -- Using RMW implementation 'rmw_fastrtps_cpp' as default
[0.659s] -- Found rosidl_default_generators: 1.0.1 (/opt/ros/foxy/share/rosidl_default_generators/cmake)
[0.674s] -- Found srv_and_cli_ros2: 0.0.0 (/home/gyufoxy/dev_ws/install/srv_and_cli_ros2/share/srv_and_cli_ros2/cmake)
[0.720s] -- Found PythonInterp: /usr/bin/python3 (found version "3.8.10") 
[0.899s] -- Found ament_cmake_ros: 0.9.2 (/opt/ros/foxy/share/ament_cmake_ros/cmake)
[0.999s] -- Using all available rosidl_typesupport_c: rosidl_typesupport_fastrtps_c;rosidl_typesupport_introspection_c
[1.007s] -- Using all available rosidl_typesupport_cpp: rosidl_typesupport_fastrtps_cpp;rosidl_typesupport_introspection_cpp
[1.029s] -- Found PythonInterp: /usr/bin/python3 (found suitable version "3.8.10", minimum required is "3.5") 
[1.029s] -- Found python_cmake_module: 0.8.1 (/opt/ros/foxy/share/python_cmake_module/cmake)
[1.051s] -- Using PYTHON_EXECUTABLE: /usr/bin/python3
[1.052s] -- Using PYTHON_INCLUDE_DIRS: /usr/include/python3.8
[1.052s] -- Using PYTHON_LIBRARIES: /usr/lib/x86_64-linux-gnu/libpython3.8.so
[1.066s] -- Found ament_lint_auto: 0.9.6 (/opt/ros/foxy/share/ament_lint_auto/cmake)
[1.080s] -- Added test 'copyright' to check source files copyright and LICENSE
[1.081s] -- Added test 'cppcheck' to perform static code analysis on C / C++ code
[1.082s] -- Configured cppcheck include dirs: 
[1.082s] -- Configured cppcheck exclude dirs and/or files: 
[1.083s] -- Added test 'cpplint' to check C / C++ code against the Google style
[1.083s] -- Configured cpplint exclude dirs and/or files: 
[1.084s] -- Added test 'lint_cmake' to check CMake code style
[1.085s] -- Added test 'uncrustify' to check C / C++ code style
[1.085s] -- Configured uncrustify additional arguments: 
[1.085s] -- Added test 'xmllint' to check XML markup files
[1.092s] -- Configuring done
[1.137s] -- Generating done
[1.141s] -- Build files have been written to: /home/gyufoxy/dev_ws/build/srv_and_cli_ros2
[1.177s] [  9%] Built target srv_and_cli_ros2__rosidl_generator_c
[1.180s] [ 11%] Built target srv_and_cli_ros2__cpp
[1.188s] [ 16%] Built target client
[1.193s] [ 20%] Built target server
[1.203s] [ 30%] Built target srv_and_cli_ros2__rosidl_typesupport_c
[1.205s] [ 39%] Built target srv_and_cli_ros2__rosidl_typesupport_introspection_c
[1.206s] [ 58%] Built target srv_and_cli_ros2__rosidl_typesupport_cpp
[1.206s] [ 58%] Built target srv_and_cli_ros2__rosidl_typesupport_introspection_cpp
[1.213s] [ 67%] Built target srv_and_cli_ros2__rosidl_typesupport_fastrtps_cpp
[1.238s] [ 76%] Built target srv_and_cli_ros2__rosidl_typesupport_fastrtps_c
[1.259s] [ 76%] Built target srv_and_cli_ros2
[1.281s] [ 79%] Built target srv_and_cli_ros2__py
[1.308s] [ 86%] Built target srv_and_cli_ros2__python
[1.335s] [100%] Built target srv_and_cli_ros2__rosidl_typesupport_fastrtps_c__pyext
[1.335s] [100%] Built target srv_and_cli_ros2__rosidl_typesupport_c__pyext
[1.335s] [100%] Built target srv_and_cli_ros2__rosidl_typesupport_introspection_c__pyext
