[0.333s] DEBUG:colcon:Command line arguments: ['/usr/bin/colcon', 'build']
[0.333s] DEBUG:colcon:Parsed command line arguments: Namespace(ament_cmake_args=None, base_paths=['.'], build_base='build', catkin_cmake_args=None, catkin_skip_building_tests=False, cmake_args=None, cmake_clean_cache=False, cmake_clean_first=False, cmake_force_configure=False, cmake_target=None, cmake_target_skip_unavailable=False, continue_on_error=False, event_handlers=None, executor='parallel', ignore_user_meta=False, install_base='install', log_base=None, log_level=None, main=<bound method BuildVerb.main of <colcon_core.verb.build.BuildVerb object at 0x7f3856b8a100>>, merge_install=False, metas=['./colcon.meta'], packages_above=None, packages_above_and_dependencies=None, packages_above_depth=None, packages_end=None, packages_ignore=None, packages_ignore_regex=None, packages_select=None, packages_select_build_failed=False, packages_select_by_dep=None, packages_select_regex=None, packages_select_test_failures=False, packages_skip=None, packages_skip_build_finished=False, packages_skip_by_dep=None, packages_skip_regex=None, packages_skip_test_passed=False, packages_skip_up_to=None, packages_start=None, packages_up_to=None, packages_up_to_regex=None, parallel_workers=8, paths=None, symlink_install=False, test_result_base=None, verb_extension=<colcon_core.verb.build.BuildVerb object at 0x7f3856b8a100>, verb_name='build', verb_parser=<colcon_defaults.argument_parser.defaults.DefaultArgumentsDecorator object at 0x7f3856ce2e80>)
[0.342s] Level 1:colcon.colcon_core.package_discovery:discover_packages(colcon_meta) check parameters
[0.342s] Level 1:colcon.colcon_core.package_discovery:discover_packages(recursive) check parameters
[0.342s] Level 1:colcon.colcon_core.package_discovery:discover_packages(ignore) check parameters
[0.342s] Level 1:colcon.colcon_core.package_discovery:discover_packages(path) check parameters
[0.342s] Level 1:colcon.colcon_core.package_discovery:discover_packages(colcon_meta) discover
[0.342s] Level 1:colcon.colcon_core.package_discovery:discover_packages(recursive) discover
[0.342s] INFO:colcon.colcon_core.package_discovery:Crawling recursively for packages in '/home/gyufoxy/dev_ws'
[0.342s] Level 1:colcon.colcon_core.package_identification:_identify(.) by extensions ['ignore', 'ignore_ament_install']
[0.343s] Level 1:colcon.colcon_core.package_identification:_identify(.) by extension 'ignore'
[0.343s] Level 1:colcon.colcon_core.package_identification:_identify(.) by extension 'ignore_ament_install'
[0.343s] Level 1:colcon.colcon_core.package_identification:_identify(.) by extensions ['colcon_pkg']
[0.343s] Level 1:colcon.colcon_core.package_identification:_identify(.) by extension 'colcon_pkg'
[0.343s] Level 1:colcon.colcon_core.package_identification:_identify(.) by extensions ['colcon_meta']
[0.343s] Level 1:colcon.colcon_core.package_identification:_identify(.) by extension 'colcon_meta'
[0.343s] Level 1:colcon.colcon_core.package_identification:_identify(.) by extensions ['ros']
[0.343s] Level 1:colcon.colcon_core.package_identification:_identify(.) by extension 'ros'
[0.353s] Level 1:colcon.colcon_core.package_identification:_identify(.) by extensions ['cmake', 'python']
[0.353s] Level 1:colcon.colcon_core.package_identification:_identify(.) by extension 'cmake'
[0.353s] Level 1:colcon.colcon_core.package_identification:_identify(.) by extension 'python'
[0.353s] Level 1:colcon.colcon_core.package_identification:_identify(.) by extensions ['python_setup_py']
[0.354s] Level 1:colcon.colcon_core.package_identification:_identify(.) by extension 'python_setup_py'
[0.354s] Level 1:colcon.colcon_core.package_identification:_identify(build) by extensions ['ignore', 'ignore_ament_install']
[0.354s] Level 1:colcon.colcon_core.package_identification:_identify(build) by extension 'ignore'
[0.354s] Level 1:colcon.colcon_core.package_identification:_identify(build) ignored
[0.354s] Level 1:colcon.colcon_core.package_identification:_identify(install) by extensions ['ignore', 'ignore_ament_install']
[0.354s] Level 1:colcon.colcon_core.package_identification:_identify(install) by extension 'ignore'
[0.354s] Level 1:colcon.colcon_core.package_identification:_identify(install) ignored
[0.354s] Level 1:colcon.colcon_core.package_identification:_identify(log) by extensions ['ignore', 'ignore_ament_install']
[0.355s] Level 1:colcon.colcon_core.package_identification:_identify(log) by extension 'ignore'
[0.355s] Level 1:colcon.colcon_core.package_identification:_identify(log) ignored
[0.355s] Level 1:colcon.colcon_core.package_identification:_identify(src) by extensions ['ignore', 'ignore_ament_install']
[0.355s] Level 1:colcon.colcon_core.package_identification:_identify(src) by extension 'ignore'
[0.355s] Level 1:colcon.colcon_core.package_identification:_identify(src) by extension 'ignore_ament_install'
[0.355s] Level 1:colcon.colcon_core.package_identification:_identify(src) by extensions ['colcon_pkg']
[0.355s] Level 1:colcon.colcon_core.package_identification:_identify(src) by extension 'colcon_pkg'
[0.355s] Level 1:colcon.colcon_core.package_identification:_identify(src) by extensions ['colcon_meta']
[0.355s] Level 1:colcon.colcon_core.package_identification:_identify(src) by extension 'colcon_meta'
[0.355s] Level 1:colcon.colcon_core.package_identification:_identify(src) by extensions ['ros']
[0.355s] Level 1:colcon.colcon_core.package_identification:_identify(src) by extension 'ros'
[0.355s] Level 1:colcon.colcon_core.package_identification:_identify(src) by extensions ['cmake', 'python']
[0.355s] Level 1:colcon.colcon_core.package_identification:_identify(src) by extension 'cmake'
[0.355s] Level 1:colcon.colcon_core.package_identification:_identify(src) by extension 'python'
[0.355s] Level 1:colcon.colcon_core.package_identification:_identify(src) by extensions ['python_setup_py']
[0.355s] Level 1:colcon.colcon_core.package_identification:_identify(src) by extension 'python_setup_py'
[0.355s] Level 1:colcon.colcon_core.package_identification:_identify(src/action_interface_ros2) by extensions ['ignore', 'ignore_ament_install']
[0.356s] Level 1:colcon.colcon_core.package_identification:_identify(src/action_interface_ros2) by extension 'ignore'
[0.356s] Level 1:colcon.colcon_core.package_identification:_identify(src/action_interface_ros2) by extension 'ignore_ament_install'
[0.356s] Level 1:colcon.colcon_core.package_identification:_identify(src/action_interface_ros2) by extensions ['colcon_pkg']
[0.356s] Level 1:colcon.colcon_core.package_identification:_identify(src/action_interface_ros2) by extension 'colcon_pkg'
[0.356s] Level 1:colcon.colcon_core.package_identification:_identify(src/action_interface_ros2) by extensions ['colcon_meta']
[0.356s] Level 1:colcon.colcon_core.package_identification:_identify(src/action_interface_ros2) by extension 'colcon_meta'
[0.356s] Level 1:colcon.colcon_core.package_identification:_identify(src/action_interface_ros2) by extensions ['ros']
[0.356s] Level 1:colcon.colcon_core.package_identification:_identify(src/action_interface_ros2) by extension 'ros'
[0.359s] DEBUG:colcon.colcon_core.package_identification:Package 'src/action_interface_ros2' with type 'ros.ament_cmake' and name 'action_interface_ros2'
[0.359s] Level 1:colcon.colcon_core.package_identification:_identify(src/cpp_pubsub) by extensions ['ignore', 'ignore_ament_install']
[0.359s] Level 1:colcon.colcon_core.package_identification:_identify(src/cpp_pubsub) by extension 'ignore'
[0.359s] Level 1:colcon.colcon_core.package_identification:_identify(src/cpp_pubsub) by extension 'ignore_ament_install'
[0.359s] Level 1:colcon.colcon_core.package_identification:_identify(src/cpp_pubsub) by extensions ['colcon_pkg']
[0.359s] Level 1:colcon.colcon_core.package_identification:_identify(src/cpp_pubsub) by extension 'colcon_pkg'
[0.360s] Level 1:colcon.colcon_core.package_identification:_identify(src/cpp_pubsub) by extensions ['colcon_meta']
[0.360s] Level 1:colcon.colcon_core.package_identification:_identify(src/cpp_pubsub) by extension 'colcon_meta'
[0.360s] Level 1:colcon.colcon_core.package_identification:_identify(src/cpp_pubsub) by extensions ['ros']
[0.360s] Level 1:colcon.colcon_core.package_identification:_identify(src/cpp_pubsub) by extension 'ros'
[0.361s] DEBUG:colcon.colcon_core.package_identification:Package 'src/cpp_pubsub' with type 'ros.ament_cmake' and name 'cpp_pubsub'
[0.361s] Level 1:colcon.colcon_core.package_identification:_identify(src/pub_and_sub_ros2) by extensions ['ignore', 'ignore_ament_install']
[0.361s] Level 1:colcon.colcon_core.package_identification:_identify(src/pub_and_sub_ros2) by extension 'ignore'
[0.361s] Level 1:colcon.colcon_core.package_identification:_identify(src/pub_and_sub_ros2) by extension 'ignore_ament_install'
[0.361s] Level 1:colcon.colcon_core.package_identification:_identify(src/pub_and_sub_ros2) by extensions ['colcon_pkg']
[0.361s] Level 1:colcon.colcon_core.package_identification:_identify(src/pub_and_sub_ros2) by extension 'colcon_pkg'
[0.361s] Level 1:colcon.colcon_core.package_identification:_identify(src/pub_and_sub_ros2) by extensions ['colcon_meta']
[0.361s] Level 1:colcon.colcon_core.package_identification:_identify(src/pub_and_sub_ros2) by extension 'colcon_meta'
[0.361s] Level 1:colcon.colcon_core.package_identification:_identify(src/pub_and_sub_ros2) by extensions ['ros']
[0.361s] Level 1:colcon.colcon_core.package_identification:_identify(src/pub_and_sub_ros2) by extension 'ros'
[0.362s] DEBUG:colcon.colcon_core.package_identification:Package 'src/pub_and_sub_ros2' with type 'ros.ament_cmake' and name 'pub_and_sub_ros2'
[0.362s] Level 1:colcon.colcon_core.package_identification:_identify(src/srv_and_cli_ros2) by extensions ['ignore', 'ignore_ament_install']
[0.362s] Level 1:colcon.colcon_core.package_identification:_identify(src/srv_and_cli_ros2) by extension 'ignore'
[0.362s] Level 1:colcon.colcon_core.package_identification:_identify(src/srv_and_cli_ros2) by extension 'ignore_ament_install'
[0.362s] Level 1:colcon.colcon_core.package_identification:_identify(src/srv_and_cli_ros2) by extensions ['colcon_pkg']
[0.362s] Level 1:colcon.colcon_core.package_identification:_identify(src/srv_and_cli_ros2) by extension 'colcon_pkg'
[0.362s] Level 1:colcon.colcon_core.package_identification:_identify(src/srv_and_cli_ros2) by extensions ['colcon_meta']
[0.362s] Level 1:colcon.colcon_core.package_identification:_identify(src/srv_and_cli_ros2) by extension 'colcon_meta'
[0.362s] Level 1:colcon.colcon_core.package_identification:_identify(src/srv_and_cli_ros2) by extensions ['ros']
[0.362s] Level 1:colcon.colcon_core.package_identification:_identify(src/srv_and_cli_ros2) by extension 'ros'
[0.363s] DEBUG:colcon.colcon_core.package_identification:Package 'src/srv_and_cli_ros2' with type 'ros.ament_cmake' and name 'srv_and_cli_ros2'
[0.363s] Level 1:colcon.colcon_core.package_discovery:discover_packages(recursive) using defaults
[0.363s] Level 1:colcon.colcon_core.package_discovery:discover_packages(ignore) discover
[0.363s] Level 1:colcon.colcon_core.package_discovery:discover_packages(ignore) using defaults
[0.363s] Level 1:colcon.colcon_core.package_discovery:discover_packages(path) discover
[0.363s] Level 1:colcon.colcon_core.package_discovery:discover_packages(path) using defaults
[0.385s] Level 5:colcon.colcon_core.verb:set package 'action_interface_ros2' build argument 'cmake_args' from command line to 'None'
[0.385s] Level 5:colcon.colcon_core.verb:set package 'action_interface_ros2' build argument 'cmake_target' from command line to 'None'
[0.385s] Level 5:colcon.colcon_core.verb:set package 'action_interface_ros2' build argument 'cmake_target_skip_unavailable' from command line to 'False'
[0.385s] Level 5:colcon.colcon_core.verb:set package 'action_interface_ros2' build argument 'cmake_clean_cache' from command line to 'False'
[0.385s] Level 5:colcon.colcon_core.verb:set package 'action_interface_ros2' build argument 'cmake_clean_first' from command line to 'False'
[0.385s] Level 5:colcon.colcon_core.verb:set package 'action_interface_ros2' build argument 'cmake_force_configure' from command line to 'False'
[0.385s] Level 5:colcon.colcon_core.verb:set package 'action_interface_ros2' build argument 'ament_cmake_args' from command line to 'None'
[0.385s] Level 5:colcon.colcon_core.verb:set package 'action_interface_ros2' build argument 'catkin_cmake_args' from command line to 'None'
[0.385s] Level 5:colcon.colcon_core.verb:set package 'action_interface_ros2' build argument 'catkin_skip_building_tests' from command line to 'False'
[0.385s] DEBUG:colcon.colcon_core.verb:Building package 'action_interface_ros2' with the following arguments: {'ament_cmake_args': None, 'build_base': '/home/gyufoxy/dev_ws/build/action_interface_ros2', 'catkin_cmake_args': None, 'catkin_skip_building_tests': False, 'cmake_args': None, 'cmake_clean_cache': False, 'cmake_clean_first': False, 'cmake_force_configure': False, 'cmake_target': None, 'cmake_target_skip_unavailable': False, 'install_base': '/home/gyufoxy/dev_ws/install/action_interface_ros2', 'merge_install': False, 'path': '/home/gyufoxy/dev_ws/src/action_interface_ros2', 'symlink_install': False, 'test_result_base': None}
[0.387s] Level 5:colcon.colcon_core.verb:set package 'cpp_pubsub' build argument 'cmake_args' from command line to 'None'
[0.387s] Level 5:colcon.colcon_core.verb:set package 'cpp_pubsub' build argument 'cmake_target' from command line to 'None'
[0.387s] Level 5:colcon.colcon_core.verb:set package 'cpp_pubsub' build argument 'cmake_target_skip_unavailable' from command line to 'False'
[0.388s] Level 5:colcon.colcon_core.verb:set package 'cpp_pubsub' build argument 'cmake_clean_cache' from command line to 'False'
[0.388s] Level 5:colcon.colcon_core.verb:set package 'cpp_pubsub' build argument 'cmake_clean_first' from command line to 'False'
[0.388s] Level 5:colcon.colcon_core.verb:set package 'cpp_pubsub' build argument 'cmake_force_configure' from command line to 'False'
[0.388s] Level 5:colcon.colcon_core.verb:set package 'cpp_pubsub' build argument 'ament_cmake_args' from command line to 'None'
[0.388s] Level 5:colcon.colcon_core.verb:set package 'cpp_pubsub' build argument 'catkin_cmake_args' from command line to 'None'
[0.388s] Level 5:colcon.colcon_core.verb:set package 'cpp_pubsub' build argument 'catkin_skip_building_tests' from command line to 'False'
[0.388s] DEBUG:colcon.colcon_core.verb:Building package 'cpp_pubsub' with the following arguments: {'ament_cmake_args': None, 'build_base': '/home/gyufoxy/dev_ws/build/cpp_pubsub', 'catkin_cmake_args': None, 'catkin_skip_building_tests': False, 'cmake_args': None, 'cmake_clean_cache': False, 'cmake_clean_first': False, 'cmake_force_configure': False, 'cmake_target': None, 'cmake_target_skip_unavailable': False, 'install_base': '/home/gyufoxy/dev_ws/install/cpp_pubsub', 'merge_install': False, 'path': '/home/gyufoxy/dev_ws/src/cpp_pubsub', 'symlink_install': False, 'test_result_base': None}
[0.390s] Level 5:colcon.colcon_core.verb:set package 'pub_and_sub_ros2' build argument 'cmake_args' from command line to 'None'
[0.390s] Level 5:colcon.colcon_core.verb:set package 'pub_and_sub_ros2' build argument 'cmake_target' from command line to 'None'
[0.390s] Level 5:colcon.colcon_core.verb:set package 'pub_and_sub_ros2' build argument 'cmake_target_skip_unavailable' from command line to 'False'
[0.390s] Level 5:colcon.colcon_core.verb:set package 'pub_and_sub_ros2' build argument 'cmake_clean_cache' from command line to 'False'
[0.390s] Level 5:colcon.colcon_core.verb:set package 'pub_and_sub_ros2' build argument 'cmake_clean_first' from command line to 'False'
[0.390s] Level 5:colcon.colcon_core.verb:set package 'pub_and_sub_ros2' build argument 'cmake_force_configure' from command line to 'False'
[0.390s] Level 5:colcon.colcon_core.verb:set package 'pub_and_sub_ros2' build argument 'ament_cmake_args' from command line to 'None'
[0.390s] Level 5:colcon.colcon_core.verb:set package 'pub_and_sub_ros2' build argument 'catkin_cmake_args' from command line to 'None'
[0.390s] Level 5:colcon.colcon_core.verb:set package 'pub_and_sub_ros2' build argument 'catkin_skip_building_tests' from command line to 'False'
[0.390s] DEBUG:colcon.colcon_core.verb:Building package 'pub_and_sub_ros2' with the following arguments: {'ament_cmake_args': None, 'build_base': '/home/gyufoxy/dev_ws/build/pub_and_sub_ros2', 'catkin_cmake_args': None, 'catkin_skip_building_tests': False, 'cmake_args': None, 'cmake_clean_cache': False, 'cmake_clean_first': False, 'cmake_force_configure': False, 'cmake_target': None, 'cmake_target_skip_unavailable': False, 'install_base': '/home/gyufoxy/dev_ws/install/pub_and_sub_ros2', 'merge_install': False, 'path': '/home/gyufoxy/dev_ws/src/pub_and_sub_ros2', 'symlink_install': False, 'test_result_base': None}
[0.393s] Level 5:colcon.colcon_core.verb:set package 'srv_and_cli_ros2' build argument 'cmake_args' from command line to 'None'
[0.393s] Level 5:colcon.colcon_core.verb:set package 'srv_and_cli_ros2' build argument 'cmake_target' from command line to 'None'
[0.393s] Level 5:colcon.colcon_core.verb:set package 'srv_and_cli_ros2' build argument 'cmake_target_skip_unavailable' from command line to 'False'
[0.393s] Level 5:colcon.colcon_core.verb:set package 'srv_and_cli_ros2' build argument 'cmake_clean_cache' from command line to 'False'
[0.393s] Level 5:colcon.colcon_core.verb:set package 'srv_and_cli_ros2' build argument 'cmake_clean_first' from command line to 'False'
[0.393s] Level 5:colcon.colcon_core.verb:set package 'srv_and_cli_ros2' build argument 'cmake_force_configure' from command line to 'False'
[0.393s] Level 5:colcon.colcon_core.verb:set package 'srv_and_cli_ros2' build argument 'ament_cmake_args' from command line to 'None'
[0.393s] Level 5:colcon.colcon_core.verb:set package 'srv_and_cli_ros2' build argument 'catkin_cmake_args' from command line to 'None'
[0.393s] Level 5:colcon.colcon_core.verb:set package 'srv_and_cli_ros2' build argument 'catkin_skip_building_tests' from command line to 'False'
[0.393s] DEBUG:colcon.colcon_core.verb:Building package 'srv_and_cli_ros2' with the following arguments: {'ament_cmake_args': None, 'build_base': '/home/gyufoxy/dev_ws/build/srv_and_cli_ros2', 'catkin_cmake_args': None, 'catkin_skip_building_tests': False, 'cmake_args': None, 'cmake_clean_cache': False, 'cmake_clean_first': False, 'cmake_force_configure': False, 'cmake_target': None, 'cmake_target_skip_unavailable': False, 'install_base': '/home/gyufoxy/dev_ws/install/srv_and_cli_ros2', 'merge_install': False, 'path': '/home/gyufoxy/dev_ws/src/srv_and_cli_ros2', 'symlink_install': False, 'test_result_base': None}
[0.393s] INFO:colcon.colcon_core.executor:Executing jobs using 'parallel' executor
[0.395s] DEBUG:colcon.colcon_parallel_executor.executor.parallel:run_until_complete
[0.396s] INFO:colcon.colcon_ros.task.ament_cmake.build:Building ROS package in '/home/gyufoxy/dev_ws/src/action_interface_ros2' with build type 'ament_cmake'
[0.396s] INFO:colcon.colcon_cmake.task.cmake.build:Building CMake package in '/home/gyufoxy/dev_ws/src/action_interface_ros2'
[0.403s] INFO:colcon.colcon_core.plugin_system:Skipping extension 'colcon_core.shell.bat': Not used on non-Windows systems
[0.404s] INFO:colcon.colcon_core.shell:Skip shell extension 'powershell' for command environment: Not usable outside of PowerShell
[0.404s] DEBUG:colcon.colcon_core.shell:Skip shell extension 'dsv' for command environment
[0.408s] DEBUG:colcon.colcon_core.shell:Ignoring prefix path '/opt/ros/foxy'
[0.410s] INFO:colcon.colcon_ros.task.ament_cmake.build:Building ROS package in '/home/gyufoxy/dev_ws/src/cpp_pubsub' with build type 'ament_cmake'
[0.411s] INFO:colcon.colcon_cmake.task.cmake.build:Building CMake package in '/home/gyufoxy/dev_ws/src/cpp_pubsub'
[0.412s] INFO:colcon.colcon_core.shell:Skip shell extension 'powershell' for command environment: Not usable outside of PowerShell
[0.412s] DEBUG:colcon.colcon_core.shell:Skip shell extension 'dsv' for command environment
[0.414s] DEBUG:colcon.colcon_core.shell:Ignoring prefix path '/opt/ros/foxy'
[0.416s] INFO:colcon.colcon_ros.task.ament_cmake.build:Building ROS package in '/home/gyufoxy/dev_ws/src/pub_and_sub_ros2' with build type 'ament_cmake'
[0.417s] INFO:colcon.colcon_cmake.task.cmake.build:Building CMake package in '/home/gyufoxy/dev_ws/src/pub_and_sub_ros2'
[0.418s] INFO:colcon.colcon_core.shell:Skip shell extension 'powershell' for command environment: Not usable outside of PowerShell
[0.418s] DEBUG:colcon.colcon_core.shell:Skip shell extension 'dsv' for command environment
[0.420s] DEBUG:colcon.colcon_core.shell:Ignoring prefix path '/opt/ros/foxy'
[0.423s] INFO:colcon.colcon_ros.task.ament_cmake.build:Building ROS package in '/home/gyufoxy/dev_ws/src/srv_and_cli_ros2' with build type 'ament_cmake'
[0.423s] INFO:colcon.colcon_cmake.task.cmake.build:Building CMake package in '/home/gyufoxy/dev_ws/src/srv_and_cli_ros2'
[0.424s] INFO:colcon.colcon_core.shell:Skip shell extension 'powershell' for command environment: Not usable outside of PowerShell
[0.425s] DEBUG:colcon.colcon_core.shell:Skip shell extension 'dsv' for command environment
[0.427s] DEBUG:colcon.colcon_core.shell:Ignoring prefix path '/opt/ros/foxy'
[0.436s] DEBUG:colcon.colcon_core.event_handler.log_command:Invoking command in '/home/gyufoxy/dev_ws/build/action_interface_ros2': CMAKE_PREFIX_PATH=${CMAKE_PREFIX_PATH}:/opt/ros/foxy /usr/bin/cmake --build /home/gyufoxy/dev_ws/build/action_interface_ros2 -- -j8 -l8
[0.444s] DEBUG:colcon.colcon_core.event_handler.log_command:Invoking command in '/home/gyufoxy/dev_ws/build/cpp_pubsub': CMAKE_PREFIX_PATH=${CMAKE_PREFIX_PATH}:/opt/ros/foxy /usr/bin/cmake --build /home/gyufoxy/dev_ws/build/cpp_pubsub -- -j8 -l8
[0.450s] DEBUG:colcon.colcon_core.event_handler.log_command:Invoking command in '/home/gyufoxy/dev_ws/build/pub_and_sub_ros2': CMAKE_PREFIX_PATH=${CMAKE_PREFIX_PATH}:/opt/ros/foxy /usr/bin/cmake --build /home/gyufoxy/dev_ws/build/pub_and_sub_ros2 -- -j8 -l8
[0.455s] DEBUG:colcon.colcon_core.event_handler.log_command:Invoking command in '/home/gyufoxy/dev_ws/build/srv_and_cli_ros2': CMAKE_PREFIX_PATH=${CMAKE_PREFIX_PATH}:/opt/ros/foxy /usr/bin/cmake --build /home/gyufoxy/dev_ws/build/srv_and_cli_ros2 -- -j8 -l8
[0.558s] DEBUG:colcon.colcon_core.event_handler.log_command:Invoked command in '/home/gyufoxy/dev_ws/build/pub_and_sub_ros2' returned '0': CMAKE_PREFIX_PATH=${CMAKE_PREFIX_PATH}:/opt/ros/foxy /usr/bin/cmake --build /home/gyufoxy/dev_ws/build/pub_and_sub_ros2 -- -j8 -l8
[0.567s] DEBUG:colcon.colcon_core.event_handler.log_command:Invoked command in '/home/gyufoxy/dev_ws/build/cpp_pubsub' returned '0': CMAKE_PREFIX_PATH=${CMAKE_PREFIX_PATH}:/opt/ros/foxy /usr/bin/cmake --build /home/gyufoxy/dev_ws/build/cpp_pubsub -- -j8 -l8
[0.607s] DEBUG:colcon.colcon_core.event_handler.log_command:Invoking command in '/home/gyufoxy/dev_ws/build/pub_and_sub_ros2': CMAKE_PREFIX_PATH=${CMAKE_PREFIX_PATH}:/opt/ros/foxy /usr/bin/cmake --install /home/gyufoxy/dev_ws/build/pub_and_sub_ros2
[0.613s] DEBUG:colcon.colcon_core.event_handler.log_command:Invoking command in '/home/gyufoxy/dev_ws/build/cpp_pubsub': CMAKE_PREFIX_PATH=${CMAKE_PREFIX_PATH}:/opt/ros/foxy /usr/bin/cmake --install /home/gyufoxy/dev_ws/build/cpp_pubsub
[0.623s] Level 1:colcon.colcon_core.environment:create_environment_scripts_only(pub_and_sub_ros2)
[0.625s] DEBUG:colcon.colcon_core.event_handler.log_command:Invoked command in '/home/gyufoxy/dev_ws/build/pub_and_sub_ros2' returned '0': CMAKE_PREFIX_PATH=${CMAKE_PREFIX_PATH}:/opt/ros/foxy /usr/bin/cmake --install /home/gyufoxy/dev_ws/build/pub_and_sub_ros2
[0.633s] Level 1:colcon.colcon_core.environment:checking '/home/gyufoxy/dev_ws/install/pub_and_sub_ros2' for CMake module files
[0.633s] Level 1:colcon.colcon_core.environment:checking '/home/gyufoxy/dev_ws/install/pub_and_sub_ros2' for CMake config files
[0.634s] Level 1:colcon.colcon_core.shell:create_environment_hook('pub_and_sub_ros2', 'cmake_prefix_path')
[0.634s] INFO:colcon.colcon_core.shell:Creating environment hook '/home/gyufoxy/dev_ws/install/pub_and_sub_ros2/share/pub_and_sub_ros2/hook/cmake_prefix_path.ps1'
[0.635s] INFO:colcon.colcon_core.shell:Creating environment descriptor '/home/gyufoxy/dev_ws/install/pub_and_sub_ros2/share/pub_and_sub_ros2/hook/cmake_prefix_path.dsv'
[0.636s] INFO:colcon.colcon_core.shell:Creating environment hook '/home/gyufoxy/dev_ws/install/pub_and_sub_ros2/share/pub_and_sub_ros2/hook/cmake_prefix_path.sh'
[0.637s] Level 1:colcon.colcon_core.environment:checking '/home/gyufoxy/dev_ws/install/pub_and_sub_ros2/lib'
[0.638s] Level 1:colcon.colcon_core.environment:checking '/home/gyufoxy/dev_ws/install/pub_and_sub_ros2/bin'
[0.638s] Level 1:colcon.colcon_core.environment:checking '/home/gyufoxy/dev_ws/install/pub_and_sub_ros2/lib/pkgconfig/pub_and_sub_ros2.pc'
[0.638s] Level 1:colcon.colcon_core.environment:checking '/home/gyufoxy/dev_ws/install/pub_and_sub_ros2/lib/python3.8/site-packages'
[0.639s] INFO:colcon.colcon_core.shell:Creating package script '/home/gyufoxy/dev_ws/install/pub_and_sub_ros2/share/pub_and_sub_ros2/package.ps1'
[0.640s] INFO:colcon.colcon_core.shell:Creating package descriptor '/home/gyufoxy/dev_ws/install/pub_and_sub_ros2/share/pub_and_sub_ros2/package.dsv'
[0.640s] INFO:colcon.colcon_core.shell:Creating package script '/home/gyufoxy/dev_ws/install/pub_and_sub_ros2/share/pub_and_sub_ros2/package.sh'
[0.641s] INFO:colcon.colcon_core.shell:Creating package script '/home/gyufoxy/dev_ws/install/pub_and_sub_ros2/share/pub_and_sub_ros2/package.bash'
[0.643s] INFO:colcon.colcon_core.shell:Creating package script '/home/gyufoxy/dev_ws/install/pub_and_sub_ros2/share/pub_and_sub_ros2/package.zsh'
[0.644s] Level 1:colcon.colcon_core.environment:create_file_with_runtime_dependencies(/home/gyufoxy/dev_ws/install/pub_and_sub_ros2/share/colcon-core/packages/pub_and_sub_ros2)
[0.648s] Level 1:colcon.colcon_core.environment:create_environment_scripts_only(cpp_pubsub)
[0.650s] Level 1:colcon.colcon_core.environment:checking '/home/gyufoxy/dev_ws/install/cpp_pubsub' for CMake module files
[0.651s] DEBUG:colcon.colcon_core.event_handler.log_command:Invoked command in '/home/gyufoxy/dev_ws/build/cpp_pubsub' returned '0': CMAKE_PREFIX_PATH=${CMAKE_PREFIX_PATH}:/opt/ros/foxy /usr/bin/cmake --install /home/gyufoxy/dev_ws/build/cpp_pubsub
[0.651s] Level 1:colcon.colcon_core.environment:checking '/home/gyufoxy/dev_ws/install/cpp_pubsub' for CMake config files
[0.652s] Level 1:colcon.colcon_core.shell:create_environment_hook('cpp_pubsub', 'cmake_prefix_path')
[0.653s] INFO:colcon.colcon_core.shell:Creating environment hook '/home/gyufoxy/dev_ws/install/cpp_pubsub/share/cpp_pubsub/hook/cmake_prefix_path.ps1'
[0.653s] INFO:colcon.colcon_core.shell:Creating environment descriptor '/home/gyufoxy/dev_ws/install/cpp_pubsub/share/cpp_pubsub/hook/cmake_prefix_path.dsv'
[0.654s] INFO:colcon.colcon_core.shell:Creating environment hook '/home/gyufoxy/dev_ws/install/cpp_pubsub/share/cpp_pubsub/hook/cmake_prefix_path.sh'
[0.655s] Level 1:colcon.colcon_core.environment:checking '/home/gyufoxy/dev_ws/install/cpp_pubsub/lib'
[0.655s] Level 1:colcon.colcon_core.environment:checking '/home/gyufoxy/dev_ws/install/cpp_pubsub/bin'
[0.655s] Level 1:colcon.colcon_core.environment:checking '/home/gyufoxy/dev_ws/install/cpp_pubsub/lib/pkgconfig/cpp_pubsub.pc'
[0.655s] Level 1:colcon.colcon_core.environment:checking '/home/gyufoxy/dev_ws/install/cpp_pubsub/lib/python3.8/site-packages'
[0.656s] INFO:colcon.colcon_core.shell:Creating package script '/home/gyufoxy/dev_ws/install/cpp_pubsub/share/cpp_pubsub/package.ps1'
[0.658s] INFO:colcon.colcon_core.shell:Creating package descriptor '/home/gyufoxy/dev_ws/install/cpp_pubsub/share/cpp_pubsub/package.dsv'
[0.659s] INFO:colcon.colcon_core.shell:Creating package script '/home/gyufoxy/dev_ws/install/cpp_pubsub/share/cpp_pubsub/package.sh'
[0.659s] INFO:colcon.colcon_core.shell:Creating package script '/home/gyufoxy/dev_ws/install/cpp_pubsub/share/cpp_pubsub/package.bash'
[0.660s] INFO:colcon.colcon_core.shell:Creating package script '/home/gyufoxy/dev_ws/install/cpp_pubsub/share/cpp_pubsub/package.zsh'
[0.660s] Level 1:colcon.colcon_core.environment:create_file_with_runtime_dependencies(/home/gyufoxy/dev_ws/install/cpp_pubsub/share/colcon-core/packages/cpp_pubsub)
[0.674s] Level 1:colcon.colcon_core.environment:create_environment_scripts_only(pub_and_sub_ros2)
[0.675s] Level 1:colcon.colcon_core.environment:checking '/home/gyufoxy/dev_ws/install/pub_and_sub_ros2' for CMake module files
[0.675s] Level 1:colcon.colcon_core.environment:checking '/home/gyufoxy/dev_ws/install/pub_and_sub_ros2' for CMake config files
[0.676s] Level 1:colcon.colcon_core.shell:create_environment_hook('pub_and_sub_ros2', 'cmake_prefix_path')
[0.676s] INFO:colcon.colcon_core.shell:Creating environment hook '/home/gyufoxy/dev_ws/install/pub_and_sub_ros2/share/pub_and_sub_ros2/hook/cmake_prefix_path.ps1'
[0.677s] INFO:colcon.colcon_core.shell:Creating environment descriptor '/home/gyufoxy/dev_ws/install/pub_and_sub_ros2/share/pub_and_sub_ros2/hook/cmake_prefix_path.dsv'
[0.677s] INFO:colcon.colcon_core.shell:Creating environment hook '/home/gyufoxy/dev_ws/install/pub_and_sub_ros2/share/pub_and_sub_ros2/hook/cmake_prefix_path.sh'
[0.678s] Level 1:colcon.colcon_core.environment:checking '/home/gyufoxy/dev_ws/install/pub_and_sub_ros2/lib'
[0.678s] Level 1:colcon.colcon_core.environment:checking '/home/gyufoxy/dev_ws/install/pub_and_sub_ros2/bin'
[0.678s] Level 1:colcon.colcon_core.environment:checking '/home/gyufoxy/dev_ws/install/pub_and_sub_ros2/lib/pkgconfig/pub_and_sub_ros2.pc'
[0.678s] Level 1:colcon.colcon_core.environment:checking '/home/gyufoxy/dev_ws/install/pub_and_sub_ros2/lib/python3.8/site-packages'
[0.679s] INFO:colcon.colcon_core.shell:Creating package script '/home/gyufoxy/dev_ws/install/pub_and_sub_ros2/share/pub_and_sub_ros2/package.ps1'
[0.679s] INFO:colcon.colcon_core.shell:Creating package descriptor '/home/gyufoxy/dev_ws/install/pub_and_sub_ros2/share/pub_and_sub_ros2/package.dsv'
[0.680s] INFO:colcon.colcon_core.shell:Creating package script '/home/gyufoxy/dev_ws/install/pub_and_sub_ros2/share/pub_and_sub_ros2/package.sh'
[0.680s] INFO:colcon.colcon_core.shell:Creating package script '/home/gyufoxy/dev_ws/install/pub_and_sub_ros2/share/pub_and_sub_ros2/package.bash'
[0.680s] INFO:colcon.colcon_core.shell:Creating package script '/home/gyufoxy/dev_ws/install/pub_and_sub_ros2/share/pub_and_sub_ros2/package.zsh'
[0.681s] Level 1:colcon.colcon_core.environment:create_file_with_runtime_dependencies(/home/gyufoxy/dev_ws/install/pub_and_sub_ros2/share/colcon-core/packages/pub_and_sub_ros2)
[0.684s] Level 1:colcon.colcon_core.environment:create_environment_scripts_only(cpp_pubsub)
[0.685s] Level 1:colcon.colcon_core.environment:checking '/home/gyufoxy/dev_ws/install/cpp_pubsub' for CMake module files
[0.686s] Level 1:colcon.colcon_core.environment:checking '/home/gyufoxy/dev_ws/install/cpp_pubsub' for CMake config files
[0.686s] Level 1:colcon.colcon_core.shell:create_environment_hook('cpp_pubsub', 'cmake_prefix_path')
[0.687s] INFO:colcon.colcon_core.shell:Creating environment hook '/home/gyufoxy/dev_ws/install/cpp_pubsub/share/cpp_pubsub/hook/cmake_prefix_path.ps1'
[0.688s] INFO:colcon.colcon_core.shell:Creating environment descriptor '/home/gyufoxy/dev_ws/install/cpp_pubsub/share/cpp_pubsub/hook/cmake_prefix_path.dsv'
[0.688s] INFO:colcon.colcon_core.shell:Creating environment hook '/home/gyufoxy/dev_ws/install/cpp_pubsub/share/cpp_pubsub/hook/cmake_prefix_path.sh'
[0.689s] Level 1:colcon.colcon_core.environment:checking '/home/gyufoxy/dev_ws/install/cpp_pubsub/lib'
[0.689s] Level 1:colcon.colcon_core.environment:checking '/home/gyufoxy/dev_ws/install/cpp_pubsub/bin'
[0.689s] Level 1:colcon.colcon_core.environment:checking '/home/gyufoxy/dev_ws/install/cpp_pubsub/lib/pkgconfig/cpp_pubsub.pc'
[0.689s] Level 1:colcon.colcon_core.environment:checking '/home/gyufoxy/dev_ws/install/cpp_pubsub/lib/python3.8/site-packages'
[0.690s] INFO:colcon.colcon_core.shell:Creating package script '/home/gyufoxy/dev_ws/install/cpp_pubsub/share/cpp_pubsub/package.ps1'
[0.691s] INFO:colcon.colcon_core.shell:Creating package descriptor '/home/gyufoxy/dev_ws/install/cpp_pubsub/share/cpp_pubsub/package.dsv'
[0.691s] INFO:colcon.colcon_core.shell:Creating package script '/home/gyufoxy/dev_ws/install/cpp_pubsub/share/cpp_pubsub/package.sh'
[0.692s] INFO:colcon.colcon_core.shell:Creating package script '/home/gyufoxy/dev_ws/install/cpp_pubsub/share/cpp_pubsub/package.bash'
[0.692s] INFO:colcon.colcon_core.shell:Creating package script '/home/gyufoxy/dev_ws/install/cpp_pubsub/share/cpp_pubsub/package.zsh'
[0.693s] Level 1:colcon.colcon_core.environment:create_file_with_runtime_dependencies(/home/gyufoxy/dev_ws/install/cpp_pubsub/share/colcon-core/packages/cpp_pubsub)
[0.734s] DEBUG:colcon.colcon_core.event_handler.log_command:Invoked command in '/home/gyufoxy/dev_ws/build/srv_and_cli_ros2' returned '0': CMAKE_PREFIX_PATH=${CMAKE_PREFIX_PATH}:/opt/ros/foxy /usr/bin/cmake --build /home/gyufoxy/dev_ws/build/srv_and_cli_ros2 -- -j8 -l8
[0.801s] DEBUG:colcon.colcon_core.event_handler.log_command:Invoking command in '/home/gyufoxy/dev_ws/build/srv_and_cli_ros2': CMAKE_PREFIX_PATH=${CMAKE_PREFIX_PATH}:/opt/ros/foxy /usr/bin/cmake --install /home/gyufoxy/dev_ws/build/srv_and_cli_ros2
[0.863s] Level 1:colcon.colcon_core.environment:create_environment_scripts_only(srv_and_cli_ros2)
[0.864s] Level 1:colcon.colcon_core.environment:checking '/home/gyufoxy/dev_ws/install/srv_and_cli_ros2' for CMake module files
[0.865s] DEBUG:colcon.colcon_core.event_handler.log_command:Invoked command in '/home/gyufoxy/dev_ws/build/srv_and_cli_ros2' returned '0': CMAKE_PREFIX_PATH=${CMAKE_PREFIX_PATH}:/opt/ros/foxy /usr/bin/cmake --install /home/gyufoxy/dev_ws/build/srv_and_cli_ros2
[0.865s] Level 1:colcon.colcon_core.environment:checking '/home/gyufoxy/dev_ws/install/srv_and_cli_ros2' for CMake config files
[0.866s] Level 1:colcon.colcon_core.shell:create_environment_hook('srv_and_cli_ros2', 'cmake_prefix_path')
[0.866s] INFO:colcon.colcon_core.shell:Creating environment hook '/home/gyufoxy/dev_ws/install/srv_and_cli_ros2/share/srv_and_cli_ros2/hook/cmake_prefix_path.ps1'
[0.867s] INFO:colcon.colcon_core.shell:Creating environment descriptor '/home/gyufoxy/dev_ws/install/srv_and_cli_ros2/share/srv_and_cli_ros2/hook/cmake_prefix_path.dsv'
[0.867s] INFO:colcon.colcon_core.shell:Creating environment hook '/home/gyufoxy/dev_ws/install/srv_and_cli_ros2/share/srv_and_cli_ros2/hook/cmake_prefix_path.sh'
[0.867s] Level 1:colcon.colcon_core.environment:checking '/home/gyufoxy/dev_ws/install/srv_and_cli_ros2/lib'
[0.868s] Level 1:colcon.colcon_core.shell:create_environment_hook('srv_and_cli_ros2', 'ld_library_path_lib')
[0.868s] INFO:colcon.colcon_core.shell:Creating environment hook '/home/gyufoxy/dev_ws/install/srv_and_cli_ros2/share/srv_and_cli_ros2/hook/ld_library_path_lib.ps1'
[0.868s] INFO:colcon.colcon_core.shell:Creating environment descriptor '/home/gyufoxy/dev_ws/install/srv_and_cli_ros2/share/srv_and_cli_ros2/hook/ld_library_path_lib.dsv'
[0.869s] INFO:colcon.colcon_core.shell:Creating environment hook '/home/gyufoxy/dev_ws/install/srv_and_cli_ros2/share/srv_and_cli_ros2/hook/ld_library_path_lib.sh'
[0.869s] Level 1:colcon.colcon_core.environment:checking '/home/gyufoxy/dev_ws/install/srv_and_cli_ros2/bin'
[0.869s] Level 1:colcon.colcon_core.environment:checking '/home/gyufoxy/dev_ws/install/srv_and_cli_ros2/lib/pkgconfig/srv_and_cli_ros2.pc'
[0.869s] Level 1:colcon.colcon_core.environment:checking '/home/gyufoxy/dev_ws/install/srv_and_cli_ros2/lib/python3.8/site-packages'
[0.869s] Level 1:colcon.colcon_core.shell:create_environment_hook('srv_and_cli_ros2', 'pythonpath')
[0.870s] INFO:colcon.colcon_core.shell:Creating environment hook '/home/gyufoxy/dev_ws/install/srv_and_cli_ros2/share/srv_and_cli_ros2/hook/pythonpath.ps1'
[0.870s] INFO:colcon.colcon_core.shell:Creating environment descriptor '/home/gyufoxy/dev_ws/install/srv_and_cli_ros2/share/srv_and_cli_ros2/hook/pythonpath.dsv'
[0.870s] INFO:colcon.colcon_core.shell:Creating environment hook '/home/gyufoxy/dev_ws/install/srv_and_cli_ros2/share/srv_and_cli_ros2/hook/pythonpath.sh'
[0.871s] INFO:colcon.colcon_core.shell:Creating package script '/home/gyufoxy/dev_ws/install/srv_and_cli_ros2/share/srv_and_cli_ros2/package.ps1'
[0.872s] INFO:colcon.colcon_core.shell:Creating package descriptor '/home/gyufoxy/dev_ws/install/srv_and_cli_ros2/share/srv_and_cli_ros2/package.dsv'
[0.872s] INFO:colcon.colcon_core.shell:Creating package script '/home/gyufoxy/dev_ws/install/srv_and_cli_ros2/share/srv_and_cli_ros2/package.sh'
[0.872s] INFO:colcon.colcon_core.shell:Creating package script '/home/gyufoxy/dev_ws/install/srv_and_cli_ros2/share/srv_and_cli_ros2/package.bash'
[0.873s] INFO:colcon.colcon_core.shell:Creating package script '/home/gyufoxy/dev_ws/install/srv_and_cli_ros2/share/srv_and_cli_ros2/package.zsh'
[0.873s] Level 1:colcon.colcon_core.environment:create_file_with_runtime_dependencies(/home/gyufoxy/dev_ws/install/srv_and_cli_ros2/share/colcon-core/packages/srv_and_cli_ros2)
[0.939s] Level 1:colcon.colcon_core.environment:create_environment_scripts_only(srv_and_cli_ros2)
[0.939s] Level 1:colcon.colcon_core.environment:checking '/home/gyufoxy/dev_ws/install/srv_and_cli_ros2' for CMake module files
[0.940s] Level 1:colcon.colcon_core.environment:checking '/home/gyufoxy/dev_ws/install/srv_and_cli_ros2' for CMake config files
[0.940s] Level 1:colcon.colcon_core.shell:create_environment_hook('srv_and_cli_ros2', 'cmake_prefix_path')
[0.941s] INFO:colcon.colcon_core.shell:Creating environment hook '/home/gyufoxy/dev_ws/install/srv_and_cli_ros2/share/srv_and_cli_ros2/hook/cmake_prefix_path.ps1'
[0.941s] INFO:colcon.colcon_core.shell:Creating environment descriptor '/home/gyufoxy/dev_ws/install/srv_and_cli_ros2/share/srv_and_cli_ros2/hook/cmake_prefix_path.dsv'
[0.942s] INFO:colcon.colcon_core.shell:Creating environment hook '/home/gyufoxy/dev_ws/install/srv_and_cli_ros2/share/srv_and_cli_ros2/hook/cmake_prefix_path.sh'
[0.942s] Level 1:colcon.colcon_core.environment:checking '/home/gyufoxy/dev_ws/install/srv_and_cli_ros2/lib'
[0.942s] Level 1:colcon.colcon_core.shell:create_environment_hook('srv_and_cli_ros2', 'ld_library_path_lib')
[0.943s] INFO:colcon.colcon_core.shell:Creating environment hook '/home/gyufoxy/dev_ws/install/srv_and_cli_ros2/share/srv_and_cli_ros2/hook/ld_library_path_lib.ps1'
[0.943s] INFO:colcon.colcon_core.shell:Creating environment descriptor '/home/gyufoxy/dev_ws/install/srv_and_cli_ros2/share/srv_and_cli_ros2/hook/ld_library_path_lib.dsv'
[0.944s] INFO:colcon.colcon_core.shell:Creating environment hook '/home/gyufoxy/dev_ws/install/srv_and_cli_ros2/share/srv_and_cli_ros2/hook/ld_library_path_lib.sh'
[0.944s] Level 1:colcon.colcon_core.environment:checking '/home/gyufoxy/dev_ws/install/srv_and_cli_ros2/bin'
[0.944s] Level 1:colcon.colcon_core.environment:checking '/home/gyufoxy/dev_ws/install/srv_and_cli_ros2/lib/pkgconfig/srv_and_cli_ros2.pc'
[0.944s] Level 1:colcon.colcon_core.environment:checking '/home/gyufoxy/dev_ws/install/srv_and_cli_ros2/lib/python3.8/site-packages'
[0.944s] Level 1:colcon.colcon_core.shell:create_environment_hook('srv_and_cli_ros2', 'pythonpath')
[0.945s] INFO:colcon.colcon_core.shell:Creating environment hook '/home/gyufoxy/dev_ws/install/srv_and_cli_ros2/share/srv_and_cli_ros2/hook/pythonpath.ps1'
[0.945s] INFO:colcon.colcon_core.shell:Creating environment descriptor '/home/gyufoxy/dev_ws/install/srv_and_cli_ros2/share/srv_and_cli_ros2/hook/pythonpath.dsv'
[0.945s] INFO:colcon.colcon_core.shell:Creating environment hook '/home/gyufoxy/dev_ws/install/srv_and_cli_ros2/share/srv_and_cli_ros2/hook/pythonpath.sh'
[0.946s] INFO:colcon.colcon_core.shell:Creating package script '/home/gyufoxy/dev_ws/install/srv_and_cli_ros2/share/srv_and_cli_ros2/package.ps1'
[0.947s] INFO:colcon.colcon_core.shell:Creating package descriptor '/home/gyufoxy/dev_ws/install/srv_and_cli_ros2/share/srv_and_cli_ros2/package.dsv'
[0.947s] INFO:colcon.colcon_core.shell:Creating package script '/home/gyufoxy/dev_ws/install/srv_and_cli_ros2/share/srv_and_cli_ros2/package.sh'
[0.948s] INFO:colcon.colcon_core.shell:Creating package script '/home/gyufoxy/dev_ws/install/srv_and_cli_ros2/share/srv_and_cli_ros2/package.bash'
[0.948s] INFO:colcon.colcon_core.shell:Creating package script '/home/gyufoxy/dev_ws/install/srv_and_cli_ros2/share/srv_and_cli_ros2/package.zsh'
[0.949s] Level 1:colcon.colcon_core.environment:create_file_with_runtime_dependencies(/home/gyufoxy/dev_ws/install/srv_and_cli_ros2/share/colcon-core/packages/srv_and_cli_ros2)
[2.265s] DEBUG:colcon.colcon_core.event_handler.log_command:Invoked command in '/home/gyufoxy/dev_ws/build/action_interface_ros2' returned '2': CMAKE_PREFIX_PATH=${CMAKE_PREFIX_PATH}:/opt/ros/foxy /usr/bin/cmake --build /home/gyufoxy/dev_ws/build/action_interface_ros2 -- -j8 -l8
[2.310s] Level 1:colcon.colcon_core.environment:create_environment_scripts_only(action_interface_ros2)
[2.311s] Level 1:colcon.colcon_core.environment:checking '/home/gyufoxy/dev_ws/install/action_interface_ros2' for CMake module files
[2.312s] Level 1:colcon.colcon_core.environment:checking '/home/gyufoxy/dev_ws/install/action_interface_ros2' for CMake config files
[2.313s] Level 1:colcon.colcon_core.shell:create_environment_hook('action_interface_ros2', 'cmake_prefix_path')
[2.313s] INFO:colcon.colcon_core.shell:Creating environment hook '/home/gyufoxy/dev_ws/install/action_interface_ros2/share/action_interface_ros2/hook/cmake_prefix_path.ps1'
[2.314s] INFO:colcon.colcon_core.shell:Creating environment descriptor '/home/gyufoxy/dev_ws/install/action_interface_ros2/share/action_interface_ros2/hook/cmake_prefix_path.dsv'
[2.314s] INFO:colcon.colcon_core.shell:Creating environment hook '/home/gyufoxy/dev_ws/install/action_interface_ros2/share/action_interface_ros2/hook/cmake_prefix_path.sh'
[2.314s] Level 1:colcon.colcon_core.environment:checking '/home/gyufoxy/dev_ws/install/action_interface_ros2/lib'
[2.315s] Level 1:colcon.colcon_core.shell:create_environment_hook('action_interface_ros2', 'ld_library_path_lib')
[2.315s] INFO:colcon.colcon_core.shell:Creating environment hook '/home/gyufoxy/dev_ws/install/action_interface_ros2/share/action_interface_ros2/hook/ld_library_path_lib.ps1'
[2.315s] INFO:colcon.colcon_core.shell:Creating environment descriptor '/home/gyufoxy/dev_ws/install/action_interface_ros2/share/action_interface_ros2/hook/ld_library_path_lib.dsv'
[2.316s] INFO:colcon.colcon_core.shell:Creating environment hook '/home/gyufoxy/dev_ws/install/action_interface_ros2/share/action_interface_ros2/hook/ld_library_path_lib.sh'
[2.316s] Level 1:colcon.colcon_core.environment:checking '/home/gyufoxy/dev_ws/install/action_interface_ros2/bin'
[2.316s] Level 1:colcon.colcon_core.environment:checking '/home/gyufoxy/dev_ws/install/action_interface_ros2/lib/pkgconfig/action_interface_ros2.pc'
[2.316s] Level 1:colcon.colcon_core.environment:checking '/home/gyufoxy/dev_ws/install/action_interface_ros2/lib/python3.8/site-packages'
[2.316s] Level 1:colcon.colcon_core.shell:create_environment_hook('action_interface_ros2', 'pythonpath')
[2.317s] INFO:colcon.colcon_core.shell:Creating environment hook '/home/gyufoxy/dev_ws/install/action_interface_ros2/share/action_interface_ros2/hook/pythonpath.ps1'
[2.317s] INFO:colcon.colcon_core.shell:Creating environment descriptor '/home/gyufoxy/dev_ws/install/action_interface_ros2/share/action_interface_ros2/hook/pythonpath.dsv'
[2.318s] INFO:colcon.colcon_core.shell:Creating environment hook '/home/gyufoxy/dev_ws/install/action_interface_ros2/share/action_interface_ros2/hook/pythonpath.sh'
[2.318s] INFO:colcon.colcon_core.shell:Creating package script '/home/gyufoxy/dev_ws/install/action_interface_ros2/share/action_interface_ros2/package.ps1'
[2.319s] INFO:colcon.colcon_core.shell:Creating package descriptor '/home/gyufoxy/dev_ws/install/action_interface_ros2/share/action_interface_ros2/package.dsv'
[2.319s] INFO:colcon.colcon_core.shell:Creating package script '/home/gyufoxy/dev_ws/install/action_interface_ros2/share/action_interface_ros2/package.sh'
[2.320s] INFO:colcon.colcon_core.shell:Creating package script '/home/gyufoxy/dev_ws/install/action_interface_ros2/share/action_interface_ros2/package.bash'
[2.320s] INFO:colcon.colcon_core.shell:Creating package script '/home/gyufoxy/dev_ws/install/action_interface_ros2/share/action_interface_ros2/package.zsh'
[2.321s] Level 1:colcon.colcon_core.environment:create_file_with_runtime_dependencies(/home/gyufoxy/dev_ws/install/action_interface_ros2/share/colcon-core/packages/action_interface_ros2)
[2.331s] DEBUG:colcon.colcon_parallel_executor.executor.parallel:closing loop
[2.331s] DEBUG:colcon.colcon_parallel_executor.executor.parallel:loop closed
[2.331s] DEBUG:colcon.colcon_parallel_executor.executor.parallel:run_until_complete finished with '2'
[2.332s] DEBUG:colcon.colcon_core.event_reactor:joining thread
[2.339s] INFO:colcon.colcon_core.plugin_system:Skipping extension 'colcon_notification.desktop_notification.terminal_notifier': Not used on non-Darwin systems
[2.339s] INFO:colcon.colcon_core.plugin_system:Skipping extension 'colcon_notification.desktop_notification.win32': Not used on non-Windows systems
[2.339s] INFO:colcon.colcon_notification.desktop_notification:Sending desktop notification using 'notify2'
[2.359s] DEBUG:colcon.colcon_core.event_reactor:joined thread
[2.359s] INFO:colcon.colcon_core.shell:Creating prefix script '/home/gyufoxy/dev_ws/install/local_setup.ps1'
[2.361s] INFO:colcon.colcon_core.shell:Creating prefix util module '/home/gyufoxy/dev_ws/install/_local_setup_util_ps1.py'
[2.362s] INFO:colcon.colcon_core.shell:Creating prefix chain script '/home/gyufoxy/dev_ws/install/setup.ps1'
[2.365s] INFO:colcon.colcon_core.shell:Creating prefix script '/home/gyufoxy/dev_ws/install/local_setup.sh'
[2.366s] INFO:colcon.colcon_core.shell:Creating prefix util module '/home/gyufoxy/dev_ws/install/_local_setup_util_sh.py'
[2.367s] INFO:colcon.colcon_core.shell:Creating prefix chain script '/home/gyufoxy/dev_ws/install/setup.sh'
[2.370s] INFO:colcon.colcon_core.shell:Creating prefix script '/home/gyufoxy/dev_ws/install/local_setup.bash'
[2.370s] INFO:colcon.colcon_core.shell:Creating prefix chain script '/home/gyufoxy/dev_ws/install/setup.bash'
[2.373s] INFO:colcon.colcon_core.shell:Creating prefix script '/home/gyufoxy/dev_ws/install/local_setup.zsh'
[2.374s] INFO:colcon.colcon_core.shell:Creating prefix chain script '/home/gyufoxy/dev_ws/install/setup.zsh'
