[0.013s] Invoking command in '/home/gyufoxy/dev_ws/build/pub_and_sub_ros2': CMAKE_PREFIX_PATH=${CMAKE_PREFIX_PATH}:/opt/ros/foxy /usr/bin/cmake --build /home/gyufoxy/dev_ws/build/pub_and_sub_ros2 -- -j8 -l8
[0.041s] -- Found ament_cmake: 0.9.9 (/opt/ros/foxy/share/ament_cmake/cmake)
[0.061s] -- Using PYTHON_EXECUTABLE: /usr/bin/python3
[0.230s] -- Found rclcpp: 2.4.0 (/opt/ros/foxy/share/rclcpp/cmake)
[0.262s] -- Using all available rosidl_typesupport_c: rosidl_typesupport_fastrtps_c;rosidl_typesupport_introspection_c
[0.265s] -- Found rosidl_adapter: 1.2.1 (/opt/ros/foxy/share/rosidl_adapter/cmake)
[0.373s] -- Using all available rosidl_typesupport_cpp: rosidl_typesupport_fastrtps_cpp;rosidl_typesupport_introspection_cpp
[0.419s] -- Found rmw_implementation_cmake: 1.0.3 (/opt/ros/foxy/share/rmw_implementation_cmake/cmake)
[0.421s] -- Using RMW implementation 'rmw_fastrtps_cpp' as default
[0.559s] -- Found ament_lint_auto: 0.9.6 (/opt/ros/foxy/share/ament_lint_auto/cmake)
[0.616s] -- Added test 'copyright' to check source files copyright and LICENSE
[0.616s] -- Added test 'cppcheck' to perform static code analysis on C / C++ code
[0.617s] -- Configured cppcheck include dirs: 
[0.617s] -- Configured cppcheck exclude dirs and/or files: 
[0.618s] -- Added test 'cpplint' to check C / C++ code against the Google style
[0.618s] -- Configured cpplint exclude dirs and/or files: 
[0.618s] -- Added test 'lint_cmake' to check CMake code style
[0.619s] -- Added test 'uncrustify' to check C / C++ code style
[0.619s] -- Configured uncrustify additional arguments: 
[0.619s] -- Added test 'xmllint' to check XML markup files
[0.622s] -- Configuring done
[0.631s] -- Generating done
[0.633s] -- Build files have been written to: /home/gyufoxy/dev_ws/build/pub_and_sub_ros2
[0.656s] [35m[1mScanning dependencies of target sub_node[0m
[0.674s] [ 50%] Built target pub_node
[0.692s] [ 75%] [32mBuilding CXX object CMakeFiles/sub_node.dir/src/sub.cpp.o[0m
[4.920s] [100%] [32m[1mLinking CXX executable sub_node[0m
[5.141s] [100%] Built target sub_node
[5.153s] Invoked command in '/home/gyufoxy/dev_ws/build/pub_and_sub_ros2' returned '0': CMAKE_PREFIX_PATH=${CMAKE_PREFIX_PATH}:/opt/ros/foxy /usr/bin/cmake --build /home/gyufoxy/dev_ws/build/pub_and_sub_ros2 -- -j8 -l8
[5.187s] Invoking command in '/home/gyufoxy/dev_ws/build/pub_and_sub_ros2': CMAKE_PREFIX_PATH=${CMAKE_PREFIX_PATH}:/opt/ros/foxy /usr/bin/cmake --install /home/gyufoxy/dev_ws/build/pub_and_sub_ros2
[5.195s] -- Install configuration: ""
[5.195s] -- Up-to-date: /home/gyufoxy/dev_ws/install/pub_and_sub_ros2/lib/pub_and_sub_ros2/pub_node
[5.195s] -- Installing: /home/gyufoxy/dev_ws/install/pub_and_sub_ros2/lib/pub_and_sub_ros2/sub_node
[5.197s] -- Set runtime path of "/home/gyufoxy/dev_ws/install/pub_and_sub_ros2/lib/pub_and_sub_ros2/sub_node" to ""
[5.197s] -- Up-to-date: /home/gyufoxy/dev_ws/install/pub_and_sub_ros2/share/ament_index/resource_index/package_run_dependencies/pub_and_sub_ros2
[5.197s] -- Up-to-date: /home/gyufoxy/dev_ws/install/pub_and_sub_ros2/share/ament_index/resource_index/parent_prefix_path/pub_and_sub_ros2
[5.197s] -- Up-to-date: /home/gyufoxy/dev_ws/install/pub_and_sub_ros2/share/pub_and_sub_ros2/environment/ament_prefix_path.sh
[5.198s] -- Installing: /home/gyufoxy/dev_ws/install/pub_and_sub_ros2/share/pub_and_sub_ros2/environment/ament_prefix_path.dsv
[5.198s] -- Up-to-date: /home/gyufoxy/dev_ws/install/pub_and_sub_ros2/share/pub_and_sub_ros2/environment/path.sh
[5.198s] -- Installing: /home/gyufoxy/dev_ws/install/pub_and_sub_ros2/share/pub_and_sub_ros2/environment/path.dsv
[5.198s] -- Up-to-date: /home/gyufoxy/dev_ws/install/pub_and_sub_ros2/share/pub_and_sub_ros2/local_setup.bash
[5.198s] -- Up-to-date: /home/gyufoxy/dev_ws/install/pub_and_sub_ros2/share/pub_and_sub_ros2/local_setup.sh
[5.198s] -- Up-to-date: /home/gyufoxy/dev_ws/install/pub_and_sub_ros2/share/pub_and_sub_ros2/local_setup.zsh
[5.198s] -- Installing: /home/gyufoxy/dev_ws/install/pub_and_sub_ros2/share/pub_and_sub_ros2/local_setup.dsv
[5.198s] -- Installing: /home/gyufoxy/dev_ws/install/pub_and_sub_ros2/share/pub_and_sub_ros2/package.dsv
[5.198s] -- Up-to-date: /home/gyufoxy/dev_ws/install/pub_and_sub_ros2/share/ament_index/resource_index/packages/pub_and_sub_ros2
[5.198s] -- Up-to-date: /home/gyufoxy/dev_ws/install/pub_and_sub_ros2/share/pub_and_sub_ros2/cmake/pub_and_sub_ros2Config.cmake
[5.198s] -- Up-to-date: /home/gyufoxy/dev_ws/install/pub_and_sub_ros2/share/pub_and_sub_ros2/cmake/pub_and_sub_ros2Config-version.cmake
[5.198s] -- Up-to-date: /home/gyufoxy/dev_ws/install/pub_and_sub_ros2/share/pub_and_sub_ros2/package.xml
[5.200s] Invoked command in '/home/gyufoxy/dev_ws/build/pub_and_sub_ros2' returned '0': CMAKE_PREFIX_PATH=${CMAKE_PREFIX_PATH}:/opt/ros/foxy /usr/bin/cmake --install /home/gyufoxy/dev_ws/build/pub_and_sub_ros2
