[35m[1mScanning dependencies of target pub_node[0m
[ 50%] [32mBuilding CXX object CMakeFiles/pub_node.dir/src/pub.cpp.o[0m
[100%] [32m[1mLinking CXX executable pub_node[0m
[100%] Built target pub_node
-- Install configuration: ""
-- Installing: /home/gyufoxy/dev_ws/install/pub_and_sub_ros2/lib/pub_and_sub_ros2/pub_node
-- Set runtime path of "/home/gyufoxy/dev_ws/install/pub_and_sub_ros2/lib/pub_and_sub_ros2/pub_node" to ""
-- Up-to-date: /home/gyufoxy/dev_ws/install/pub_and_sub_ros2/share/ament_index/resource_index/package_run_dependencies/pub_and_sub_ros2
-- Up-to-date: /home/gyufoxy/dev_ws/install/pub_and_sub_ros2/share/ament_index/resource_index/parent_prefix_path/pub_and_sub_ros2
-- Up-to-date: /home/gyufoxy/dev_ws/install/pub_and_sub_ros2/share/pub_and_sub_ros2/environment/ament_prefix_path.sh
-- Up-to-date: /home/gyufoxy/dev_ws/install/pub_and_sub_ros2/share/pub_and_sub_ros2/environment/ament_prefix_path.dsv
-- Up-to-date: /home/gyufoxy/dev_ws/install/pub_and_sub_ros2/share/pub_and_sub_ros2/environment/path.sh
-- Up-to-date: /home/gyufoxy/dev_ws/install/pub_and_sub_ros2/share/pub_and_sub_ros2/environment/path.dsv
-- Up-to-date: /home/gyufoxy/dev_ws/install/pub_and_sub_ros2/share/pub_and_sub_ros2/local_setup.bash
-- Up-to-date: /home/gyufoxy/dev_ws/install/pub_and_sub_ros2/share/pub_and_sub_ros2/local_setup.sh
-- Up-to-date: /home/gyufoxy/dev_ws/install/pub_and_sub_ros2/share/pub_and_sub_ros2/local_setup.zsh
-- Up-to-date: /home/gyufoxy/dev_ws/install/pub_and_sub_ros2/share/pub_and_sub_ros2/local_setup.dsv
-- Installing: /home/gyufoxy/dev_ws/install/pub_and_sub_ros2/share/pub_and_sub_ros2/package.dsv
-- Up-to-date: /home/gyufoxy/dev_ws/install/pub_and_sub_ros2/share/ament_index/resource_index/packages/pub_and_sub_ros2
-- Up-to-date: /home/gyufoxy/dev_ws/install/pub_and_sub_ros2/share/pub_and_sub_ros2/cmake/pub_and_sub_ros2Config.cmake
-- Up-to-date: /home/gyufoxy/dev_ws/install/pub_and_sub_ros2/share/pub_and_sub_ros2/cmake/pub_and_sub_ros2Config-version.cmake
-- Up-to-date: /home/gyufoxy/dev_ws/install/pub_and_sub_ros2/share/pub_and_sub_ros2/package.xml
