[0.256s] DEBUG:colcon:Command line arguments: ['/usr/bin/colcon', 'build']
[0.256s] DEBUG:colcon:Parsed command line arguments: Namespace(ament_cmake_args=None, base_paths=['.'], build_base='build', catkin_cmake_args=None, catkin_skip_building_tests=False, cmake_args=None, cmake_clean_cache=False, cmake_clean_first=False, cmake_force_configure=False, cmake_target=None, cmake_target_skip_unavailable=False, continue_on_error=False, event_handlers=None, executor='parallel', ignore_user_meta=False, install_base='install', log_base=None, log_level=None, main=<bound method BuildVerb.main of <colcon_core.verb.build.BuildVerb object at 0x7fabc3eb66a0>>, merge_install=False, metas=['./colcon.meta'], packages_above=None, packages_above_and_dependencies=None, packages_above_depth=None, packages_end=None, packages_ignore=None, packages_ignore_regex=None, packages_select=None, packages_select_build_failed=False, packages_select_by_dep=None, packages_select_regex=None, packages_select_test_failures=False, packages_skip=None, packages_skip_build_finished=False, packages_skip_by_dep=None, packages_skip_regex=None, packages_skip_test_passed=False, packages_skip_up_to=None, packages_start=None, packages_up_to=None, packages_up_to_regex=None, parallel_workers=8, paths=None, symlink_install=False, test_result_base=None, verb_extension=<colcon_core.verb.build.BuildVerb object at 0x7fabc3eb66a0>, verb_name='build', verb_parser=<colcon_defaults.argument_parser.defaults.DefaultArgumentsDecorator object at 0x7fabc401fa30>)
[0.260s] Level 1:colcon.colcon_core.package_discovery:discover_packages(colcon_meta) check parameters
[0.260s] Level 1:colcon.colcon_core.package_discovery:discover_packages(recursive) check parameters
[0.261s] Level 1:colcon.colcon_core.package_discovery:discover_packages(ignore) check parameters
[0.261s] Level 1:colcon.colcon_core.package_discovery:discover_packages(path) check parameters
[0.261s] Level 1:colcon.colcon_core.package_discovery:discover_packages(colcon_meta) discover
[0.261s] Level 1:colcon.colcon_core.package_discovery:discover_packages(recursive) discover
[0.261s] INFO:colcon.colcon_core.package_discovery:Crawling recursively for packages in '/home/gyufoxy/dev_ws'
[0.261s] Level 1:colcon.colcon_core.package_identification:_identify(.) by extensions ['ignore', 'ignore_ament_install']
[0.261s] Level 1:colcon.colcon_core.package_identification:_identify(.) by extension 'ignore'
[0.261s] Level 1:colcon.colcon_core.package_identification:_identify(.) by extension 'ignore_ament_install'
[0.261s] Level 1:colcon.colcon_core.package_identification:_identify(.) by extensions ['colcon_pkg']
[0.261s] Level 1:colcon.colcon_core.package_identification:_identify(.) by extension 'colcon_pkg'
[0.261s] Level 1:colcon.colcon_core.package_identification:_identify(.) by extensions ['colcon_meta']
[0.261s] Level 1:colcon.colcon_core.package_identification:_identify(.) by extension 'colcon_meta'
[0.262s] Level 1:colcon.colcon_core.package_identification:_identify(.) by extensions ['ros']
[0.262s] Level 1:colcon.colcon_core.package_identification:_identify(.) by extension 'ros'
[0.272s] Level 1:colcon.colcon_core.package_identification:_identify(.) by extensions ['cmake', 'python']
[0.272s] Level 1:colcon.colcon_core.package_identification:_identify(.) by extension 'cmake'
[0.272s] Level 1:colcon.colcon_core.package_identification:_identify(.) by extension 'python'
[0.272s] Level 1:colcon.colcon_core.package_identification:_identify(.) by extensions ['python_setup_py']
[0.272s] Level 1:colcon.colcon_core.package_identification:_identify(.) by extension 'python_setup_py'
[0.272s] Level 1:colcon.colcon_core.package_identification:_identify(build) by extensions ['ignore', 'ignore_ament_install']
[0.272s] Level 1:colcon.colcon_core.package_identification:_identify(build) by extension 'ignore'
[0.272s] Level 1:colcon.colcon_core.package_identification:_identify(build) ignored
[0.273s] Level 1:colcon.colcon_core.package_identification:_identify(install) by extensions ['ignore', 'ignore_ament_install']
[0.273s] Level 1:colcon.colcon_core.package_identification:_identify(install) by extension 'ignore'
[0.273s] Level 1:colcon.colcon_core.package_identification:_identify(install) ignored
[0.273s] Level 1:colcon.colcon_core.package_identification:_identify(log) by extensions ['ignore', 'ignore_ament_install']
[0.273s] Level 1:colcon.colcon_core.package_identification:_identify(log) by extension 'ignore'
[0.273s] Level 1:colcon.colcon_core.package_identification:_identify(log) ignored
[0.273s] Level 1:colcon.colcon_core.package_identification:_identify(src) by extensions ['ignore', 'ignore_ament_install']
[0.273s] Level 1:colcon.colcon_core.package_identification:_identify(src) by extension 'ignore'
[0.273s] Level 1:colcon.colcon_core.package_identification:_identify(src) by extension 'ignore_ament_install'
[0.273s] Level 1:colcon.colcon_core.package_identification:_identify(src) by extensions ['colcon_pkg']
[0.273s] Level 1:colcon.colcon_core.package_identification:_identify(src) by extension 'colcon_pkg'
[0.274s] Level 1:colcon.colcon_core.package_identification:_identify(src) by extensions ['colcon_meta']
[0.274s] Level 1:colcon.colcon_core.package_identification:_identify(src) by extension 'colcon_meta'
[0.274s] Level 1:colcon.colcon_core.package_identification:_identify(src) by extensions ['ros']
[0.274s] Level 1:colcon.colcon_core.package_identification:_identify(src) by extension 'ros'
[0.274s] Level 1:colcon.colcon_core.package_identification:_identify(src) by extensions ['cmake', 'python']
[0.274s] Level 1:colcon.colcon_core.package_identification:_identify(src) by extension 'cmake'
[0.274s] Level 1:colcon.colcon_core.package_identification:_identify(src) by extension 'python'
[0.274s] Level 1:colcon.colcon_core.package_identification:_identify(src) by extensions ['python_setup_py']
[0.274s] Level 1:colcon.colcon_core.package_identification:_identify(src) by extension 'python_setup_py'
[0.274s] Level 1:colcon.colcon_core.package_identification:_identify(src/cpp_pubsub) by extensions ['ignore', 'ignore_ament_install']
[0.274s] Level 1:colcon.colcon_core.package_identification:_identify(src/cpp_pubsub) by extension 'ignore'
[0.274s] Level 1:colcon.colcon_core.package_identification:_identify(src/cpp_pubsub) by extension 'ignore_ament_install'
[0.274s] Level 1:colcon.colcon_core.package_identification:_identify(src/cpp_pubsub) by extensions ['colcon_pkg']
[0.274s] Level 1:colcon.colcon_core.package_identification:_identify(src/cpp_pubsub) by extension 'colcon_pkg'
[0.274s] Level 1:colcon.colcon_core.package_identification:_identify(src/cpp_pubsub) by extensions ['colcon_meta']
[0.274s] Level 1:colcon.colcon_core.package_identification:_identify(src/cpp_pubsub) by extension 'colcon_meta'
[0.274s] Level 1:colcon.colcon_core.package_identification:_identify(src/cpp_pubsub) by extensions ['ros']
[0.274s] Level 1:colcon.colcon_core.package_identification:_identify(src/cpp_pubsub) by extension 'ros'
[0.276s] DEBUG:colcon.colcon_core.package_identification:Package 'src/cpp_pubsub' with type 'ros.ament_cmake' and name 'cpp_pubsub'
[0.277s] Level 1:colcon.colcon_core.package_identification:_identify(src/pub_and_sub_ros2) by extensions ['ignore', 'ignore_ament_install']
[0.277s] Level 1:colcon.colcon_core.package_identification:_identify(src/pub_and_sub_ros2) by extension 'ignore'
[0.277s] Level 1:colcon.colcon_core.package_identification:_identify(src/pub_and_sub_ros2) by extension 'ignore_ament_install'
[0.277s] Level 1:colcon.colcon_core.package_identification:_identify(src/pub_and_sub_ros2) by extensions ['colcon_pkg']
[0.277s] Level 1:colcon.colcon_core.package_identification:_identify(src/pub_and_sub_ros2) by extension 'colcon_pkg'
[0.277s] Level 1:colcon.colcon_core.package_identification:_identify(src/pub_and_sub_ros2) by extensions ['colcon_meta']
[0.277s] Level 1:colcon.colcon_core.package_identification:_identify(src/pub_and_sub_ros2) by extension 'colcon_meta'
[0.277s] Level 1:colcon.colcon_core.package_identification:_identify(src/pub_and_sub_ros2) by extensions ['ros']
[0.277s] Level 1:colcon.colcon_core.package_identification:_identify(src/pub_and_sub_ros2) by extension 'ros'
[0.278s] DEBUG:colcon.colcon_core.package_identification:Package 'src/pub_and_sub_ros2' with type 'ros.ament_cmake' and name 'pub_and_sub_ros2'
[0.278s] Level 1:colcon.colcon_core.package_identification:_identify(src/srv_and_cli_ros2) by extensions ['ignore', 'ignore_ament_install']
[0.278s] Level 1:colcon.colcon_core.package_identification:_identify(src/srv_and_cli_ros2) by extension 'ignore'
[0.278s] Level 1:colcon.colcon_core.package_identification:_identify(src/srv_and_cli_ros2) by extension 'ignore_ament_install'
[0.278s] Level 1:colcon.colcon_core.package_identification:_identify(src/srv_and_cli_ros2) by extensions ['colcon_pkg']
[0.278s] Level 1:colcon.colcon_core.package_identification:_identify(src/srv_and_cli_ros2) by extension 'colcon_pkg'
[0.278s] Level 1:colcon.colcon_core.package_identification:_identify(src/srv_and_cli_ros2) by extensions ['colcon_meta']
[0.278s] Level 1:colcon.colcon_core.package_identification:_identify(src/srv_and_cli_ros2) by extension 'colcon_meta'
[0.278s] Level 1:colcon.colcon_core.package_identification:_identify(src/srv_and_cli_ros2) by extensions ['ros']
[0.278s] Level 1:colcon.colcon_core.package_identification:_identify(src/srv_and_cli_ros2) by extension 'ros'
[0.279s] DEBUG:colcon.colcon_core.package_identification:Package 'src/srv_and_cli_ros2' with type 'ros.ament_cmake' and name 'srv_and_cli_ros2'
[0.279s] Level 1:colcon.colcon_core.package_discovery:discover_packages(recursive) using defaults
[0.279s] Level 1:colcon.colcon_core.package_discovery:discover_packages(ignore) discover
[0.279s] Level 1:colcon.colcon_core.package_discovery:discover_packages(ignore) using defaults
[0.279s] Level 1:colcon.colcon_core.package_discovery:discover_packages(path) discover
[0.279s] Level 1:colcon.colcon_core.package_discovery:discover_packages(path) using defaults
[0.296s] Level 5:colcon.colcon_core.verb:set package 'cpp_pubsub' build argument 'cmake_args' from command line to 'None'
[0.296s] Level 5:colcon.colcon_core.verb:set package 'cpp_pubsub' build argument 'cmake_target' from command line to 'None'
[0.296s] Level 5:colcon.colcon_core.verb:set package 'cpp_pubsub' build argument 'cmake_target_skip_unavailable' from command line to 'False'
[0.296s] Level 5:colcon.colcon_core.verb:set package 'cpp_pubsub' build argument 'cmake_clean_cache' from command line to 'False'
[0.296s] Level 5:colcon.colcon_core.verb:set package 'cpp_pubsub' build argument 'cmake_clean_first' from command line to 'False'
[0.296s] Level 5:colcon.colcon_core.verb:set package 'cpp_pubsub' build argument 'cmake_force_configure' from command line to 'False'
[0.296s] Level 5:colcon.colcon_core.verb:set package 'cpp_pubsub' build argument 'ament_cmake_args' from command line to 'None'
[0.296s] Level 5:colcon.colcon_core.verb:set package 'cpp_pubsub' build argument 'catkin_cmake_args' from command line to 'None'
[0.296s] Level 5:colcon.colcon_core.verb:set package 'cpp_pubsub' build argument 'catkin_skip_building_tests' from command line to 'False'
[0.296s] DEBUG:colcon.colcon_core.verb:Building package 'cpp_pubsub' with the following arguments: {'ament_cmake_args': None, 'build_base': '/home/gyufoxy/dev_ws/build/cpp_pubsub', 'catkin_cmake_args': None, 'catkin_skip_building_tests': False, 'cmake_args': None, 'cmake_clean_cache': False, 'cmake_clean_first': False, 'cmake_force_configure': False, 'cmake_target': None, 'cmake_target_skip_unavailable': False, 'install_base': '/home/gyufoxy/dev_ws/install/cpp_pubsub', 'merge_install': False, 'path': '/home/gyufoxy/dev_ws/src/cpp_pubsub', 'symlink_install': False, 'test_result_base': None}
[0.298s] Level 5:colcon.colcon_core.verb:set package 'pub_and_sub_ros2' build argument 'cmake_args' from command line to 'None'
[0.298s] Level 5:colcon.colcon_core.verb:set package 'pub_and_sub_ros2' build argument 'cmake_target' from command line to 'None'
[0.298s] Level 5:colcon.colcon_core.verb:set package 'pub_and_sub_ros2' build argument 'cmake_target_skip_unavailable' from command line to 'False'
[0.298s] Level 5:colcon.colcon_core.verb:set package 'pub_and_sub_ros2' build argument 'cmake_clean_cache' from command line to 'False'
[0.298s] Level 5:colcon.colcon_core.verb:set package 'pub_and_sub_ros2' build argument 'cmake_clean_first' from command line to 'False'
[0.298s] Level 5:colcon.colcon_core.verb:set package 'pub_and_sub_ros2' build argument 'cmake_force_configure' from command line to 'False'
[0.298s] Level 5:colcon.colcon_core.verb:set package 'pub_and_sub_ros2' build argument 'ament_cmake_args' from command line to 'None'
[0.298s] Level 5:colcon.colcon_core.verb:set package 'pub_and_sub_ros2' build argument 'catkin_cmake_args' from command line to 'None'
[0.299s] Level 5:colcon.colcon_core.verb:set package 'pub_and_sub_ros2' build argument 'catkin_skip_building_tests' from command line to 'False'
[0.299s] DEBUG:colcon.colcon_core.verb:Building package 'pub_and_sub_ros2' with the following arguments: {'ament_cmake_args': None, 'build_base': '/home/gyufoxy/dev_ws/build/pub_and_sub_ros2', 'catkin_cmake_args': None, 'catkin_skip_building_tests': False, 'cmake_args': None, 'cmake_clean_cache': False, 'cmake_clean_first': False, 'cmake_force_configure': False, 'cmake_target': None, 'cmake_target_skip_unavailable': False, 'install_base': '/home/gyufoxy/dev_ws/install/pub_and_sub_ros2', 'merge_install': False, 'path': '/home/gyufoxy/dev_ws/src/pub_and_sub_ros2', 'symlink_install': False, 'test_result_base': None}
[0.301s] Level 5:colcon.colcon_core.verb:set package 'srv_and_cli_ros2' build argument 'cmake_args' from command line to 'None'
[0.301s] Level 5:colcon.colcon_core.verb:set package 'srv_and_cli_ros2' build argument 'cmake_target' from command line to 'None'
[0.301s] Level 5:colcon.colcon_core.verb:set package 'srv_and_cli_ros2' build argument 'cmake_target_skip_unavailable' from command line to 'False'
[0.301s] Level 5:colcon.colcon_core.verb:set package 'srv_and_cli_ros2' build argument 'cmake_clean_cache' from command line to 'False'
[0.301s] Level 5:colcon.colcon_core.verb:set package 'srv_and_cli_ros2' build argument 'cmake_clean_first' from command line to 'False'
[0.301s] Level 5:colcon.colcon_core.verb:set package 'srv_and_cli_ros2' build argument 'cmake_force_configure' from command line to 'False'
[0.301s] Level 5:colcon.colcon_core.verb:set package 'srv_and_cli_ros2' build argument 'ament_cmake_args' from command line to 'None'
[0.301s] Level 5:colcon.colcon_core.verb:set package 'srv_and_cli_ros2' build argument 'catkin_cmake_args' from command line to 'None'
[0.301s] Level 5:colcon.colcon_core.verb:set package 'srv_and_cli_ros2' build argument 'catkin_skip_building_tests' from command line to 'False'
[0.301s] DEBUG:colcon.colcon_core.verb:Building package 'srv_and_cli_ros2' with the following arguments: {'ament_cmake_args': None, 'build_base': '/home/gyufoxy/dev_ws/build/srv_and_cli_ros2', 'catkin_cmake_args': None, 'catkin_skip_building_tests': False, 'cmake_args': None, 'cmake_clean_cache': False, 'cmake_clean_first': False, 'cmake_force_configure': False, 'cmake_target': None, 'cmake_target_skip_unavailable': False, 'install_base': '/home/gyufoxy/dev_ws/install/srv_and_cli_ros2', 'merge_install': False, 'path': '/home/gyufoxy/dev_ws/src/srv_and_cli_ros2', 'symlink_install': False, 'test_result_base': None}
[0.301s] INFO:colcon.colcon_core.executor:Executing jobs using 'parallel' executor
[0.303s] DEBUG:colcon.colcon_parallel_executor.executor.parallel:run_until_complete
[0.303s] INFO:colcon.colcon_ros.task.ament_cmake.build:Building ROS package in '/home/gyufoxy/dev_ws/src/cpp_pubsub' with build type 'ament_cmake'
[0.304s] INFO:colcon.colcon_cmake.task.cmake.build:Building CMake package in '/home/gyufoxy/dev_ws/src/cpp_pubsub'
[0.307s] INFO:colcon.colcon_core.plugin_system:Skipping extension 'colcon_core.shell.bat': Not used on non-Windows systems
[0.307s] INFO:colcon.colcon_core.shell:Skip shell extension 'powershell' for command environment: Not usable outside of PowerShell
[0.307s] DEBUG:colcon.colcon_core.shell:Skip shell extension 'dsv' for command environment
[0.311s] DEBUG:colcon.colcon_core.shell:Ignoring prefix path '/opt/ros/foxy'
[0.313s] INFO:colcon.colcon_ros.task.ament_cmake.build:Building ROS package in '/home/gyufoxy/dev_ws/src/pub_and_sub_ros2' with build type 'ament_cmake'
[0.314s] INFO:colcon.colcon_cmake.task.cmake.build:Building CMake package in '/home/gyufoxy/dev_ws/src/pub_and_sub_ros2'
[0.315s] INFO:colcon.colcon_core.shell:Skip shell extension 'powershell' for command environment: Not usable outside of PowerShell
[0.315s] DEBUG:colcon.colcon_core.shell:Skip shell extension 'dsv' for command environment
[0.317s] DEBUG:colcon.colcon_core.shell:Ignoring prefix path '/opt/ros/foxy'
[0.320s] INFO:colcon.colcon_ros.task.ament_cmake.build:Building ROS package in '/home/gyufoxy/dev_ws/src/srv_and_cli_ros2' with build type 'ament_cmake'
[0.320s] INFO:colcon.colcon_cmake.task.cmake.build:Building CMake package in '/home/gyufoxy/dev_ws/src/srv_and_cli_ros2'
[0.321s] INFO:colcon.colcon_core.shell:Skip shell extension 'powershell' for command environment: Not usable outside of PowerShell
[0.321s] DEBUG:colcon.colcon_core.shell:Skip shell extension 'dsv' for command environment
[0.324s] DEBUG:colcon.colcon_core.shell:Ignoring prefix path '/opt/ros/foxy'
[0.335s] DEBUG:colcon.colcon_core.event_handler.log_command:Invoking command in '/home/gyufoxy/dev_ws/build/cpp_pubsub': CMAKE_PREFIX_PATH=${CMAKE_PREFIX_PATH}:/opt/ros/foxy /usr/bin/cmake --build /home/gyufoxy/dev_ws/build/cpp_pubsub -- -j8 -l8
[0.340s] DEBUG:colcon.colcon_core.event_handler.log_command:Invoking command in '/home/gyufoxy/dev_ws/build/pub_and_sub_ros2': CMAKE_PREFIX_PATH=${CMAKE_PREFIX_PATH}:/opt/ros/foxy /usr/bin/cmake --build /home/gyufoxy/dev_ws/build/pub_and_sub_ros2 -- -j8 -l8
[0.348s] DEBUG:colcon.colcon_core.event_handler.log_command:Invoking command in '/home/gyufoxy/dev_ws/build/srv_and_cli_ros2': CMAKE_PREFIX_PATH=${CMAKE_PREFIX_PATH}:/opt/ros/foxy /usr/bin/cmake --build /home/gyufoxy/dev_ws/build/srv_and_cli_ros2 -- -j8 -l8
[0.406s] DEBUG:colcon.colcon_core.event_handler.log_command:Invoked command in '/home/gyufoxy/dev_ws/build/cpp_pubsub' returned '0': CMAKE_PREFIX_PATH=${CMAKE_PREFIX_PATH}:/opt/ros/foxy /usr/bin/cmake --build /home/gyufoxy/dev_ws/build/cpp_pubsub -- -j8 -l8
[0.419s] DEBUG:colcon.colcon_core.event_handler.log_command:Invoked command in '/home/gyufoxy/dev_ws/build/pub_and_sub_ros2' returned '0': CMAKE_PREFIX_PATH=${CMAKE_PREFIX_PATH}:/opt/ros/foxy /usr/bin/cmake --build /home/gyufoxy/dev_ws/build/pub_and_sub_ros2 -- -j8 -l8
[0.445s] DEBUG:colcon.colcon_core.event_handler.log_command:Invoking command in '/home/gyufoxy/dev_ws/build/cpp_pubsub': CMAKE_PREFIX_PATH=${CMAKE_PREFIX_PATH}:/opt/ros/foxy /usr/bin/cmake --install /home/gyufoxy/dev_ws/build/cpp_pubsub
[0.450s] DEBUG:colcon.colcon_core.event_handler.log_command:Invoking command in '/home/gyufoxy/dev_ws/build/pub_and_sub_ros2': CMAKE_PREFIX_PATH=${CMAKE_PREFIX_PATH}:/opt/ros/foxy /usr/bin/cmake --install /home/gyufoxy/dev_ws/build/pub_and_sub_ros2
[0.458s] Level 1:colcon.colcon_core.environment:create_environment_scripts_only(cpp_pubsub)
[0.459s] DEBUG:colcon.colcon_core.event_handler.log_command:Invoked command in '/home/gyufoxy/dev_ws/build/cpp_pubsub' returned '0': CMAKE_PREFIX_PATH=${CMAKE_PREFIX_PATH}:/opt/ros/foxy /usr/bin/cmake --install /home/gyufoxy/dev_ws/build/cpp_pubsub
[0.464s] Level 1:colcon.colcon_core.environment:checking '/home/gyufoxy/dev_ws/install/cpp_pubsub' for CMake module files
[0.465s] Level 1:colcon.colcon_core.environment:checking '/home/gyufoxy/dev_ws/install/cpp_pubsub' for CMake config files
[0.465s] Level 1:colcon.colcon_core.shell:create_environment_hook('cpp_pubsub', 'cmake_prefix_path')
[0.466s] INFO:colcon.colcon_core.shell:Creating environment hook '/home/gyufoxy/dev_ws/install/cpp_pubsub/share/cpp_pubsub/hook/cmake_prefix_path.ps1'
[0.467s] INFO:colcon.colcon_core.shell:Creating environment descriptor '/home/gyufoxy/dev_ws/install/cpp_pubsub/share/cpp_pubsub/hook/cmake_prefix_path.dsv'
[0.467s] INFO:colcon.colcon_core.shell:Creating environment hook '/home/gyufoxy/dev_ws/install/cpp_pubsub/share/cpp_pubsub/hook/cmake_prefix_path.sh'
[0.468s] Level 1:colcon.colcon_core.environment:checking '/home/gyufoxy/dev_ws/install/cpp_pubsub/lib'
[0.468s] Level 1:colcon.colcon_core.environment:checking '/home/gyufoxy/dev_ws/install/cpp_pubsub/bin'
[0.468s] Level 1:colcon.colcon_core.environment:checking '/home/gyufoxy/dev_ws/install/cpp_pubsub/lib/pkgconfig/cpp_pubsub.pc'
[0.469s] Level 1:colcon.colcon_core.environment:checking '/home/gyufoxy/dev_ws/install/cpp_pubsub/lib/python3.8/site-packages'
[0.469s] INFO:colcon.colcon_core.shell:Creating package script '/home/gyufoxy/dev_ws/install/cpp_pubsub/share/cpp_pubsub/package.ps1'
[0.470s] INFO:colcon.colcon_core.shell:Creating package descriptor '/home/gyufoxy/dev_ws/install/cpp_pubsub/share/cpp_pubsub/package.dsv'
[0.470s] INFO:colcon.colcon_core.shell:Creating package script '/home/gyufoxy/dev_ws/install/cpp_pubsub/share/cpp_pubsub/package.sh'
[0.471s] INFO:colcon.colcon_core.shell:Creating package script '/home/gyufoxy/dev_ws/install/cpp_pubsub/share/cpp_pubsub/package.bash'
[0.472s] INFO:colcon.colcon_core.shell:Creating package script '/home/gyufoxy/dev_ws/install/cpp_pubsub/share/cpp_pubsub/package.zsh'
[0.472s] Level 1:colcon.colcon_core.environment:create_file_with_runtime_dependencies(/home/gyufoxy/dev_ws/install/cpp_pubsub/share/colcon-core/packages/cpp_pubsub)
[0.476s] Level 1:colcon.colcon_core.environment:create_environment_scripts_only(pub_and_sub_ros2)
[0.478s] Level 1:colcon.colcon_core.environment:checking '/home/gyufoxy/dev_ws/install/pub_and_sub_ros2' for CMake module files
[0.479s] DEBUG:colcon.colcon_core.event_handler.log_command:Invoked command in '/home/gyufoxy/dev_ws/build/pub_and_sub_ros2' returned '0': CMAKE_PREFIX_PATH=${CMAKE_PREFIX_PATH}:/opt/ros/foxy /usr/bin/cmake --install /home/gyufoxy/dev_ws/build/pub_and_sub_ros2
[0.479s] Level 1:colcon.colcon_core.environment:checking '/home/gyufoxy/dev_ws/install/pub_and_sub_ros2' for CMake config files
[0.479s] Level 1:colcon.colcon_core.shell:create_environment_hook('pub_and_sub_ros2', 'cmake_prefix_path')
[0.480s] INFO:colcon.colcon_core.shell:Creating environment hook '/home/gyufoxy/dev_ws/install/pub_and_sub_ros2/share/pub_and_sub_ros2/hook/cmake_prefix_path.ps1'
[0.481s] INFO:colcon.colcon_core.shell:Creating environment descriptor '/home/gyufoxy/dev_ws/install/pub_and_sub_ros2/share/pub_and_sub_ros2/hook/cmake_prefix_path.dsv'
[0.481s] INFO:colcon.colcon_core.shell:Creating environment hook '/home/gyufoxy/dev_ws/install/pub_and_sub_ros2/share/pub_and_sub_ros2/hook/cmake_prefix_path.sh'
[0.482s] Level 1:colcon.colcon_core.environment:checking '/home/gyufoxy/dev_ws/install/pub_and_sub_ros2/lib'
[0.482s] Level 1:colcon.colcon_core.environment:checking '/home/gyufoxy/dev_ws/install/pub_and_sub_ros2/bin'
[0.482s] Level 1:colcon.colcon_core.environment:checking '/home/gyufoxy/dev_ws/install/pub_and_sub_ros2/lib/pkgconfig/pub_and_sub_ros2.pc'
[0.482s] Level 1:colcon.colcon_core.environment:checking '/home/gyufoxy/dev_ws/install/pub_and_sub_ros2/lib/python3.8/site-packages'
[0.483s] INFO:colcon.colcon_core.shell:Creating package script '/home/gyufoxy/dev_ws/install/pub_and_sub_ros2/share/pub_and_sub_ros2/package.ps1'
[0.484s] INFO:colcon.colcon_core.shell:Creating package descriptor '/home/gyufoxy/dev_ws/install/pub_and_sub_ros2/share/pub_and_sub_ros2/package.dsv'
[0.485s] INFO:colcon.colcon_core.shell:Creating package script '/home/gyufoxy/dev_ws/install/pub_and_sub_ros2/share/pub_and_sub_ros2/package.sh'
[0.485s] INFO:colcon.colcon_core.shell:Creating package script '/home/gyufoxy/dev_ws/install/pub_and_sub_ros2/share/pub_and_sub_ros2/package.bash'
[0.485s] INFO:colcon.colcon_core.shell:Creating package script '/home/gyufoxy/dev_ws/install/pub_and_sub_ros2/share/pub_and_sub_ros2/package.zsh'
[0.486s] Level 1:colcon.colcon_core.environment:create_file_with_runtime_dependencies(/home/gyufoxy/dev_ws/install/pub_and_sub_ros2/share/colcon-core/packages/pub_and_sub_ros2)
[0.499s] Level 1:colcon.colcon_core.environment:create_environment_scripts_only(cpp_pubsub)
[0.500s] Level 1:colcon.colcon_core.environment:checking '/home/gyufoxy/dev_ws/install/cpp_pubsub' for CMake module files
[0.501s] Level 1:colcon.colcon_core.environment:checking '/home/gyufoxy/dev_ws/install/cpp_pubsub' for CMake config files
[0.501s] Level 1:colcon.colcon_core.shell:create_environment_hook('cpp_pubsub', 'cmake_prefix_path')
[0.501s] INFO:colcon.colcon_core.shell:Creating environment hook '/home/gyufoxy/dev_ws/install/cpp_pubsub/share/cpp_pubsub/hook/cmake_prefix_path.ps1'
[0.502s] INFO:colcon.colcon_core.shell:Creating environment descriptor '/home/gyufoxy/dev_ws/install/cpp_pubsub/share/cpp_pubsub/hook/cmake_prefix_path.dsv'
[0.502s] INFO:colcon.colcon_core.shell:Creating environment hook '/home/gyufoxy/dev_ws/install/cpp_pubsub/share/cpp_pubsub/hook/cmake_prefix_path.sh'
[0.503s] Level 1:colcon.colcon_core.environment:checking '/home/gyufoxy/dev_ws/install/cpp_pubsub/lib'
[0.503s] Level 1:colcon.colcon_core.environment:checking '/home/gyufoxy/dev_ws/install/cpp_pubsub/bin'
[0.503s] Level 1:colcon.colcon_core.environment:checking '/home/gyufoxy/dev_ws/install/cpp_pubsub/lib/pkgconfig/cpp_pubsub.pc'
[0.503s] Level 1:colcon.colcon_core.environment:checking '/home/gyufoxy/dev_ws/install/cpp_pubsub/lib/python3.8/site-packages'
[0.504s] INFO:colcon.colcon_core.shell:Creating package script '/home/gyufoxy/dev_ws/install/cpp_pubsub/share/cpp_pubsub/package.ps1'
[0.505s] INFO:colcon.colcon_core.shell:Creating package descriptor '/home/gyufoxy/dev_ws/install/cpp_pubsub/share/cpp_pubsub/package.dsv'
[0.505s] INFO:colcon.colcon_core.shell:Creating package script '/home/gyufoxy/dev_ws/install/cpp_pubsub/share/cpp_pubsub/package.sh'
[0.506s] INFO:colcon.colcon_core.shell:Creating package script '/home/gyufoxy/dev_ws/install/cpp_pubsub/share/cpp_pubsub/package.bash'
[0.506s] INFO:colcon.colcon_core.shell:Creating package script '/home/gyufoxy/dev_ws/install/cpp_pubsub/share/cpp_pubsub/package.zsh'
[0.506s] Level 1:colcon.colcon_core.environment:create_file_with_runtime_dependencies(/home/gyufoxy/dev_ws/install/cpp_pubsub/share/colcon-core/packages/cpp_pubsub)
[0.510s] Level 1:colcon.colcon_core.environment:create_environment_scripts_only(pub_and_sub_ros2)
[0.511s] Level 1:colcon.colcon_core.environment:checking '/home/gyufoxy/dev_ws/install/pub_and_sub_ros2' for CMake module files
[0.511s] Level 1:colcon.colcon_core.environment:checking '/home/gyufoxy/dev_ws/install/pub_and_sub_ros2' for CMake config files
[0.512s] Level 1:colcon.colcon_core.shell:create_environment_hook('pub_and_sub_ros2', 'cmake_prefix_path')
[0.512s] INFO:colcon.colcon_core.shell:Creating environment hook '/home/gyufoxy/dev_ws/install/pub_and_sub_ros2/share/pub_and_sub_ros2/hook/cmake_prefix_path.ps1'
[0.512s] INFO:colcon.colcon_core.shell:Creating environment descriptor '/home/gyufoxy/dev_ws/install/pub_and_sub_ros2/share/pub_and_sub_ros2/hook/cmake_prefix_path.dsv'
[0.513s] INFO:colcon.colcon_core.shell:Creating environment hook '/home/gyufoxy/dev_ws/install/pub_and_sub_ros2/share/pub_and_sub_ros2/hook/cmake_prefix_path.sh'
[0.513s] Level 1:colcon.colcon_core.environment:checking '/home/gyufoxy/dev_ws/install/pub_and_sub_ros2/lib'
[0.513s] Level 1:colcon.colcon_core.environment:checking '/home/gyufoxy/dev_ws/install/pub_and_sub_ros2/bin'
[0.513s] Level 1:colcon.colcon_core.environment:checking '/home/gyufoxy/dev_ws/install/pub_and_sub_ros2/lib/pkgconfig/pub_and_sub_ros2.pc'
[0.513s] Level 1:colcon.colcon_core.environment:checking '/home/gyufoxy/dev_ws/install/pub_and_sub_ros2/lib/python3.8/site-packages'
[0.514s] INFO:colcon.colcon_core.shell:Creating package script '/home/gyufoxy/dev_ws/install/pub_and_sub_ros2/share/pub_and_sub_ros2/package.ps1'
[0.515s] INFO:colcon.colcon_core.shell:Creating package descriptor '/home/gyufoxy/dev_ws/install/pub_and_sub_ros2/share/pub_and_sub_ros2/package.dsv'
[0.515s] INFO:colcon.colcon_core.shell:Creating package script '/home/gyufoxy/dev_ws/install/pub_and_sub_ros2/share/pub_and_sub_ros2/package.sh'
[0.516s] INFO:colcon.colcon_core.shell:Creating package script '/home/gyufoxy/dev_ws/install/pub_and_sub_ros2/share/pub_and_sub_ros2/package.bash'
[0.516s] INFO:colcon.colcon_core.shell:Creating package script '/home/gyufoxy/dev_ws/install/pub_and_sub_ros2/share/pub_and_sub_ros2/package.zsh'
[0.516s] Level 1:colcon.colcon_core.environment:create_file_with_runtime_dependencies(/home/gyufoxy/dev_ws/install/pub_and_sub_ros2/share/colcon-core/packages/pub_and_sub_ros2)
[4.231s] DEBUG:colcon.colcon_core.event_handler.log_command:Invoked command in '/home/gyufoxy/dev_ws/build/srv_and_cli_ros2' returned '0': CMAKE_PREFIX_PATH=${CMAKE_PREFIX_PATH}:/opt/ros/foxy /usr/bin/cmake --build /home/gyufoxy/dev_ws/build/srv_and_cli_ros2 -- -j8 -l8
[4.288s] DEBUG:colcon.colcon_core.event_handler.log_command:Invoking command in '/home/gyufoxy/dev_ws/build/srv_and_cli_ros2': CMAKE_PREFIX_PATH=${CMAKE_PREFIX_PATH}:/opt/ros/foxy /usr/bin/cmake --install /home/gyufoxy/dev_ws/build/srv_and_cli_ros2
[4.351s] Level 1:colcon.colcon_core.environment:create_environment_scripts_only(srv_and_cli_ros2)
[4.352s] Level 1:colcon.colcon_core.environment:checking '/home/gyufoxy/dev_ws/install/srv_and_cli_ros2' for CMake module files
[4.352s] DEBUG:colcon.colcon_core.event_handler.log_command:Invoked command in '/home/gyufoxy/dev_ws/build/srv_and_cli_ros2' returned '0': CMAKE_PREFIX_PATH=${CMAKE_PREFIX_PATH}:/opt/ros/foxy /usr/bin/cmake --install /home/gyufoxy/dev_ws/build/srv_and_cli_ros2
[4.353s] Level 1:colcon.colcon_core.environment:checking '/home/gyufoxy/dev_ws/install/srv_and_cli_ros2' for CMake config files
[4.353s] Level 1:colcon.colcon_core.shell:create_environment_hook('srv_and_cli_ros2', 'cmake_prefix_path')
[4.354s] INFO:colcon.colcon_core.shell:Creating environment hook '/home/gyufoxy/dev_ws/install/srv_and_cli_ros2/share/srv_and_cli_ros2/hook/cmake_prefix_path.ps1'
[4.354s] INFO:colcon.colcon_core.shell:Creating environment descriptor '/home/gyufoxy/dev_ws/install/srv_and_cli_ros2/share/srv_and_cli_ros2/hook/cmake_prefix_path.dsv'
[4.355s] INFO:colcon.colcon_core.shell:Creating environment hook '/home/gyufoxy/dev_ws/install/srv_and_cli_ros2/share/srv_and_cli_ros2/hook/cmake_prefix_path.sh'
[4.355s] Level 1:colcon.colcon_core.environment:checking '/home/gyufoxy/dev_ws/install/srv_and_cli_ros2/lib'
[4.355s] Level 1:colcon.colcon_core.shell:create_environment_hook('srv_and_cli_ros2', 'ld_library_path_lib')
[4.356s] INFO:colcon.colcon_core.shell:Creating environment hook '/home/gyufoxy/dev_ws/install/srv_and_cli_ros2/share/srv_and_cli_ros2/hook/ld_library_path_lib.ps1'
[4.356s] INFO:colcon.colcon_core.shell:Creating environment descriptor '/home/gyufoxy/dev_ws/install/srv_and_cli_ros2/share/srv_and_cli_ros2/hook/ld_library_path_lib.dsv'
[4.356s] INFO:colcon.colcon_core.shell:Creating environment hook '/home/gyufoxy/dev_ws/install/srv_and_cli_ros2/share/srv_and_cli_ros2/hook/ld_library_path_lib.sh'
[4.357s] Level 1:colcon.colcon_core.environment:checking '/home/gyufoxy/dev_ws/install/srv_and_cli_ros2/bin'
[4.357s] Level 1:colcon.colcon_core.environment:checking '/home/gyufoxy/dev_ws/install/srv_and_cli_ros2/lib/pkgconfig/srv_and_cli_ros2.pc'
[4.357s] Level 1:colcon.colcon_core.environment:checking '/home/gyufoxy/dev_ws/install/srv_and_cli_ros2/lib/python3.8/site-packages'
[4.357s] Level 1:colcon.colcon_core.shell:create_environment_hook('srv_and_cli_ros2', 'pythonpath')
[4.358s] INFO:colcon.colcon_core.shell:Creating environment hook '/home/gyufoxy/dev_ws/install/srv_and_cli_ros2/share/srv_and_cli_ros2/hook/pythonpath.ps1'
[4.358s] INFO:colcon.colcon_core.shell:Creating environment descriptor '/home/gyufoxy/dev_ws/install/srv_and_cli_ros2/share/srv_and_cli_ros2/hook/pythonpath.dsv'
[4.358s] INFO:colcon.colcon_core.shell:Creating environment hook '/home/gyufoxy/dev_ws/install/srv_and_cli_ros2/share/srv_and_cli_ros2/hook/pythonpath.sh'
[4.359s] INFO:colcon.colcon_core.shell:Creating package script '/home/gyufoxy/dev_ws/install/srv_and_cli_ros2/share/srv_and_cli_ros2/package.ps1'
[4.360s] INFO:colcon.colcon_core.shell:Creating package descriptor '/home/gyufoxy/dev_ws/install/srv_and_cli_ros2/share/srv_and_cli_ros2/package.dsv'
[4.360s] INFO:colcon.colcon_core.shell:Creating package script '/home/gyufoxy/dev_ws/install/srv_and_cli_ros2/share/srv_and_cli_ros2/package.sh'
[4.361s] INFO:colcon.colcon_core.shell:Creating package script '/home/gyufoxy/dev_ws/install/srv_and_cli_ros2/share/srv_and_cli_ros2/package.bash'
[4.361s] INFO:colcon.colcon_core.shell:Creating package script '/home/gyufoxy/dev_ws/install/srv_and_cli_ros2/share/srv_and_cli_ros2/package.zsh'
[4.361s] Level 1:colcon.colcon_core.environment:create_file_with_runtime_dependencies(/home/gyufoxy/dev_ws/install/srv_and_cli_ros2/share/colcon-core/packages/srv_and_cli_ros2)
[4.418s] Level 1:colcon.colcon_core.environment:create_environment_scripts_only(srv_and_cli_ros2)
[4.419s] Level 1:colcon.colcon_core.environment:checking '/home/gyufoxy/dev_ws/install/srv_and_cli_ros2' for CMake module files
[4.419s] Level 1:colcon.colcon_core.environment:checking '/home/gyufoxy/dev_ws/install/srv_and_cli_ros2' for CMake config files
[4.420s] Level 1:colcon.colcon_core.shell:create_environment_hook('srv_and_cli_ros2', 'cmake_prefix_path')
[4.420s] INFO:colcon.colcon_core.shell:Creating environment hook '/home/gyufoxy/dev_ws/install/srv_and_cli_ros2/share/srv_and_cli_ros2/hook/cmake_prefix_path.ps1'
[4.421s] INFO:colcon.colcon_core.shell:Creating environment descriptor '/home/gyufoxy/dev_ws/install/srv_and_cli_ros2/share/srv_and_cli_ros2/hook/cmake_prefix_path.dsv'
[4.421s] INFO:colcon.colcon_core.shell:Creating environment hook '/home/gyufoxy/dev_ws/install/srv_and_cli_ros2/share/srv_and_cli_ros2/hook/cmake_prefix_path.sh'
[4.422s] Level 1:colcon.colcon_core.environment:checking '/home/gyufoxy/dev_ws/install/srv_and_cli_ros2/lib'
[4.422s] Level 1:colcon.colcon_core.shell:create_environment_hook('srv_and_cli_ros2', 'ld_library_path_lib')
[4.422s] INFO:colcon.colcon_core.shell:Creating environment hook '/home/gyufoxy/dev_ws/install/srv_and_cli_ros2/share/srv_and_cli_ros2/hook/ld_library_path_lib.ps1'
[4.423s] INFO:colcon.colcon_core.shell:Creating environment descriptor '/home/gyufoxy/dev_ws/install/srv_and_cli_ros2/share/srv_and_cli_ros2/hook/ld_library_path_lib.dsv'
[4.423s] INFO:colcon.colcon_core.shell:Creating environment hook '/home/gyufoxy/dev_ws/install/srv_and_cli_ros2/share/srv_and_cli_ros2/hook/ld_library_path_lib.sh'
[4.423s] Level 1:colcon.colcon_core.environment:checking '/home/gyufoxy/dev_ws/install/srv_and_cli_ros2/bin'
[4.423s] Level 1:colcon.colcon_core.environment:checking '/home/gyufoxy/dev_ws/install/srv_and_cli_ros2/lib/pkgconfig/srv_and_cli_ros2.pc'
[4.423s] Level 1:colcon.colcon_core.environment:checking '/home/gyufoxy/dev_ws/install/srv_and_cli_ros2/lib/python3.8/site-packages'
[4.424s] Level 1:colcon.colcon_core.shell:create_environment_hook('srv_and_cli_ros2', 'pythonpath')
[4.424s] INFO:colcon.colcon_core.shell:Creating environment hook '/home/gyufoxy/dev_ws/install/srv_and_cli_ros2/share/srv_and_cli_ros2/hook/pythonpath.ps1'
[4.424s] INFO:colcon.colcon_core.shell:Creating environment descriptor '/home/gyufoxy/dev_ws/install/srv_and_cli_ros2/share/srv_and_cli_ros2/hook/pythonpath.dsv'
[4.425s] INFO:colcon.colcon_core.shell:Creating environment hook '/home/gyufoxy/dev_ws/install/srv_and_cli_ros2/share/srv_and_cli_ros2/hook/pythonpath.sh'
[4.425s] INFO:colcon.colcon_core.shell:Creating package script '/home/gyufoxy/dev_ws/install/srv_and_cli_ros2/share/srv_and_cli_ros2/package.ps1'
[4.426s] INFO:colcon.colcon_core.shell:Creating package descriptor '/home/gyufoxy/dev_ws/install/srv_and_cli_ros2/share/srv_and_cli_ros2/package.dsv'
[4.426s] INFO:colcon.colcon_core.shell:Creating package script '/home/gyufoxy/dev_ws/install/srv_and_cli_ros2/share/srv_and_cli_ros2/package.sh'
[4.427s] INFO:colcon.colcon_core.shell:Creating package script '/home/gyufoxy/dev_ws/install/srv_and_cli_ros2/share/srv_and_cli_ros2/package.bash'
[4.427s] INFO:colcon.colcon_core.shell:Creating package script '/home/gyufoxy/dev_ws/install/srv_and_cli_ros2/share/srv_and_cli_ros2/package.zsh'
[4.427s] Level 1:colcon.colcon_core.environment:create_file_with_runtime_dependencies(/home/gyufoxy/dev_ws/install/srv_and_cli_ros2/share/colcon-core/packages/srv_and_cli_ros2)
[4.428s] DEBUG:colcon.colcon_parallel_executor.executor.parallel:closing loop
[4.428s] DEBUG:colcon.colcon_parallel_executor.executor.parallel:loop closed
[4.428s] DEBUG:colcon.colcon_parallel_executor.executor.parallel:run_until_complete finished with '0'
[4.429s] DEBUG:colcon.colcon_core.event_reactor:joining thread
[4.434s] INFO:colcon.colcon_core.plugin_system:Skipping extension 'colcon_notification.desktop_notification.terminal_notifier': Not used on non-Darwin systems
[4.434s] INFO:colcon.colcon_core.plugin_system:Skipping extension 'colcon_notification.desktop_notification.win32': Not used on non-Windows systems
[4.434s] INFO:colcon.colcon_notification.desktop_notification:Sending desktop notification using 'notify2'
[4.448s] DEBUG:colcon.colcon_core.event_reactor:joined thread
[4.449s] INFO:colcon.colcon_core.shell:Creating prefix script '/home/gyufoxy/dev_ws/install/local_setup.ps1'
[4.451s] INFO:colcon.colcon_core.shell:Creating prefix util module '/home/gyufoxy/dev_ws/install/_local_setup_util_ps1.py'
[4.453s] INFO:colcon.colcon_core.shell:Creating prefix chain script '/home/gyufoxy/dev_ws/install/setup.ps1'
[4.457s] INFO:colcon.colcon_core.shell:Creating prefix script '/home/gyufoxy/dev_ws/install/local_setup.sh'
[4.458s] INFO:colcon.colcon_core.shell:Creating prefix util module '/home/gyufoxy/dev_ws/install/_local_setup_util_sh.py'
[4.458s] INFO:colcon.colcon_core.shell:Creating prefix chain script '/home/gyufoxy/dev_ws/install/setup.sh'
[4.462s] INFO:colcon.colcon_core.shell:Creating prefix script '/home/gyufoxy/dev_ws/install/local_setup.bash'
[4.463s] INFO:colcon.colcon_core.shell:Creating prefix chain script '/home/gyufoxy/dev_ws/install/setup.bash'
[4.466s] INFO:colcon.colcon_core.shell:Creating prefix script '/home/gyufoxy/dev_ws/install/local_setup.zsh'
[4.467s] INFO:colcon.colcon_core.shell:Creating prefix chain script '/home/gyufoxy/dev_ws/install/setup.zsh'
