-- Found ament_cmake: 0.9.9 (/opt/ros/foxy/share/ament_cmake/cmake)
-- Using PYTHON_EXECUTABLE: /usr/bin/python3
-- Found rclcpp: 2.4.0 (/opt/ros/foxy/share/rclcpp/cmake)
-- Using all available rosidl_typesupport_c: rosidl_typesupport_fastrtps_c;rosidl_typesupport_introspection_c
-- Found rosidl_adapter: 1.2.1 (/opt/ros/foxy/share/rosidl_adapter/cmake)
-- Using all available rosidl_typesupport_cpp: rosidl_typesupport_fastrtps_cpp;rosidl_typesupport_introspection_cpp
-- Found rmw_implementation_cmake: 1.0.3 (/opt/ros/foxy/share/rmw_implementation_cmake/cmake)
-- Using RMW implementation 'rmw_fastrtps_cpp' as default
-- Found rosidl_default_generators: 1.0.1 (/opt/ros/foxy/share/rosidl_default_generators/cmake)
-- Found PythonInterp: /usr/bin/python3 (found version "3.8.10") 
-- Found ament_cmake_ros: 0.9.2 (/opt/ros/foxy/share/ament_cmake_ros/cmake)
-- Using all available rosidl_typesupport_c: rosidl_typesupport_fastrtps_c;rosidl_typesupport_introspection_c
-- Using all available rosidl_typesupport_cpp: rosidl_typesupport_fastrtps_cpp;rosidl_typesupport_introspection_cpp
-- Found PythonInterp: /usr/bin/python3 (found suitable version "3.8.10", minimum required is "3.5") 
-- Found python_cmake_module: 0.8.1 (/opt/ros/foxy/share/python_cmake_module/cmake)
-- Found PythonLibs: /usr/lib/x86_64-linux-gnu/libpython3.8.so (found suitable version "3.8.10", minimum required is "3.5") 
-- Using PYTHON_EXECUTABLE: /usr/bin/python3
-- Using PYTHON_INCLUDE_DIRS: /usr/include/python3.8
-- Using PYTHON_LIBRARIES: /usr/lib/x86_64-linux-gnu/libpython3.8.so
-- Found PythonExtra: .so  
-- Found ament_lint_auto: 0.9.6 (/opt/ros/foxy/share/ament_lint_auto/cmake)
-- Added test 'copyright' to check source files copyright and LICENSE
-- Added test 'cppcheck' to perform static code analysis on C / C++ code
-- Configured cppcheck include dirs: 
-- Configured cppcheck exclude dirs and/or files: 
-- Added test 'cpplint' to check C / C++ code against the Google style
-- Configured cpplint exclude dirs and/or files: 
-- Added test 'lint_cmake' to check CMake code style
-- Added test 'uncrustify' to check C / C++ code style
-- Configured uncrustify additional arguments: 
-- Added test 'xmllint' to check XML markup files
-- Configuring done
-- Generating done
-- Build files have been written to: /home/gyufoxy/dev_ws/build/srv_and_cli_ros2
[  2%] [34m[1mGenerating C code for ROS interfaces[0m
[35m[1mScanning dependencies of target srv_and_cli_ros2__cpp[0m
[  5%] [34m[1mGenerating C++ code for ROS interfaces[0m
[  5%] Built target srv_and_cli_ros2__cpp
[  7%] [34m[1mGenerating C++ type support dispatch for ROS interfaces[0m
[ 10%] [34m[1mGenerating C++ type support for eProsima Fast-RTPS[0m
[ 12%] [34m[1mGenerating C++ introspection for ROS interfaces[0m
[35m[1mScanning dependencies of target srv_and_cli_ros2__rosidl_generator_c[0m
[ 15%] [32mBuilding C object CMakeFiles/srv_and_cli_ros2__rosidl_generator_c.dir/rosidl_generator_c/srv_and_cli_ros2/srv/detail/tutorial__functions.c.o[0m
[ 17%] [32mBuilding C object CMakeFiles/srv_and_cli_ros2__rosidl_generator_c.dir/rosidl_generator_c/srv_and_cli_ros2/msg/detail/tutorial__functions.c.o[0m
[ 20%] [32m[1mLinking C shared library libsrv_and_cli_ros2__rosidl_generator_c.so[0m
[ 20%] Built target srv_and_cli_ros2__rosidl_generator_c
[ 25%] [34m[1mGenerating C introspection for ROS interfaces[0m
[ 25%] [34m[1mGenerating C type support dispatch for ROS interfaces[0m
[35m[1mScanning dependencies of target srv_and_cli_ros2__rosidl_typesupport_cpp[0m
[ 28%] [32mBuilding CXX object CMakeFiles/srv_and_cli_ros2__rosidl_typesupport_cpp.dir/rosidl_typesupport_cpp/srv_and_cli_ros2/srv/tutorial__type_support.cpp.o[0m
[ 30%] [32mBuilding CXX object CMakeFiles/srv_and_cli_ros2__rosidl_typesupport_cpp.dir/rosidl_typesupport_cpp/srv_and_cli_ros2/msg/tutorial__type_support.cpp.o[0m
[35m[1mScanning dependencies of target srv_and_cli_ros2__rosidl_typesupport_fastrtps_cpp[0m
[ 33%] [32mBuilding CXX object CMakeFiles/srv_and_cli_ros2__rosidl_typesupport_fastrtps_cpp.dir/rosidl_typesupport_fastrtps_cpp/srv_and_cli_ros2/srv/detail/dds_fastrtps/tutorial__type_support.cpp.o[0m
[ 35%] [32mBuilding CXX object CMakeFiles/srv_and_cli_ros2__rosidl_typesupport_fastrtps_cpp.dir/rosidl_typesupport_fastrtps_cpp/srv_and_cli_ros2/msg/detail/dds_fastrtps/tutorial__type_support.cpp.o[0m
[35m[1mScanning dependencies of target srv_and_cli_ros2__rosidl_typesupport_introspection_cpp[0m
[ 41%] [32mBuilding CXX object CMakeFiles/srv_and_cli_ros2__rosidl_typesupport_introspection_cpp.dir/rosidl_typesupport_introspection_cpp/srv_and_cli_ros2/srv/detail/tutorial__type_support.cpp.o[0m
[ 41%] [32mBuilding CXX object CMakeFiles/srv_and_cli_ros2__rosidl_typesupport_introspection_cpp.dir/rosidl_typesupport_introspection_cpp/srv_and_cli_ros2/msg/detail/tutorial__type_support.cpp.o[0m
[35m[1mScanning dependencies of target srv_and_cli_ros2__rosidl_typesupport_introspection_c[0m
[35m[1mScanning dependencies of target srv_and_cli_ros2__rosidl_typesupport_c[0m
[ 43%] [32mBuilding C object CMakeFiles/srv_and_cli_ros2__rosidl_typesupport_introspection_c.dir/rosidl_typesupport_introspection_c/srv_and_cli_ros2/msg/detail/tutorial__type_support.c.o[0m
[ 46%] [32mBuilding CXX object CMakeFiles/srv_and_cli_ros2__rosidl_typesupport_c.dir/rosidl_typesupport_c/srv_and_cli_ros2/msg/tutorial__type_support.cpp.o[0m
[ 48%] [32mBuilding C object CMakeFiles/srv_and_cli_ros2__rosidl_typesupport_introspection_c.dir/rosidl_typesupport_introspection_c/srv_and_cli_ros2/srv/detail/tutorial__type_support.c.o[0m
[ 51%] [32mBuilding CXX object CMakeFiles/srv_and_cli_ros2__rosidl_typesupport_c.dir/rosidl_typesupport_c/srv_and_cli_ros2/srv/tutorial__type_support.cpp.o[0m
[ 53%] [32m[1mLinking C shared library libsrv_and_cli_ros2__rosidl_typesupport_introspection_c.so[0m
[ 56%] [32m[1mLinking CXX shared library libsrv_and_cli_ros2__rosidl_typesupport_c.so[0m
[ 56%] Built target srv_and_cli_ros2__rosidl_typesupport_introspection_c
[ 56%] Built target srv_and_cli_ros2__rosidl_typesupport_c
[ 58%] [32m[1mLinking CXX shared library libsrv_and_cli_ros2__rosidl_typesupport_cpp.so[0m
[ 58%] Built target srv_and_cli_ros2__rosidl_typesupport_cpp
[ 61%] [32m[1mLinking CXX shared library libsrv_and_cli_ros2__rosidl_typesupport_introspection_cpp.so[0m
[ 61%] Built target srv_and_cli_ros2__rosidl_typesupport_introspection_cpp
[ 64%] [32m[1mLinking CXX shared library libsrv_and_cli_ros2__rosidl_typesupport_fastrtps_cpp.so[0m
[ 64%] Built target srv_and_cli_ros2__rosidl_typesupport_fastrtps_cpp
[ 66%] [34m[1mGenerating C type support for eProsima Fast-RTPS[0m
[35m[1mScanning dependencies of target srv_and_cli_ros2__rosidl_typesupport_fastrtps_c[0m
[ 69%] [32mBuilding CXX object CMakeFiles/srv_and_cli_ros2__rosidl_typesupport_fastrtps_c.dir/rosidl_typesupport_fastrtps_c/srv_and_cli_ros2/msg/detail/tutorial__type_support_c.cpp.o[0m
[ 71%] [32mBuilding CXX object CMakeFiles/srv_and_cli_ros2__rosidl_typesupport_fastrtps_c.dir/rosidl_typesupport_fastrtps_c/srv_and_cli_ros2/srv/detail/tutorial__type_support_c.cpp.o[0m
[ 74%] [32m[1mLinking CXX shared library libsrv_and_cli_ros2__rosidl_typesupport_fastrtps_c.so[0m
[ 74%] Built target srv_and_cli_ros2__rosidl_typesupport_fastrtps_c
[35m[1mScanning dependencies of target srv_and_cli_ros2[0m
[ 74%] Built target srv_and_cli_ros2
[35m[1mScanning dependencies of target srv_and_cli_ros2__py[0m
[ 76%] [34m[1mGenerating Python code for ROS interfaces[0m
[ 76%] Built target srv_and_cli_ros2__py
[35m[1mScanning dependencies of target srv_and_cli_ros2__python[0m
[ 82%] [32mBuilding C object CMakeFiles/srv_and_cli_ros2__python.dir/rosidl_generator_py/srv_and_cli_ros2/srv/_tutorial_s.c.o[0m
[ 82%] [32mBuilding C object CMakeFiles/srv_and_cli_ros2__python.dir/rosidl_generator_py/srv_and_cli_ros2/msg/_tutorial_s.c.o[0m
[ 84%] [32m[1mLinking C shared library rosidl_generator_py/srv_and_cli_ros2/libsrv_and_cli_ros2__python.so[0m
[ 84%] Built target srv_and_cli_ros2__python
[35m[1mScanning dependencies of target srv_and_cli_ros2__rosidl_typesupport_introspection_c__pyext[0m
[35m[1mScanning dependencies of target srv_and_cli_ros2__rosidl_typesupport_c__pyext[0m
[35m[1mScanning dependencies of target srv_and_cli_ros2__rosidl_typesupport_fastrtps_c__pyext[0m
[ 87%] [32mBuilding C object CMakeFiles/srv_and_cli_ros2__rosidl_typesupport_c__pyext.dir/rosidl_generator_py/srv_and_cli_ros2/_srv_and_cli_ros2_s.ep.rosidl_typesupport_c.c.o[0m
[ 89%] [32mBuilding C object CMakeFiles/srv_and_cli_ros2__rosidl_typesupport_fastrtps_c__pyext.dir/rosidl_generator_py/srv_and_cli_ros2/_srv_and_cli_ros2_s.ep.rosidl_typesupport_fastrtps_c.c.o[0m
[ 92%] [32mBuilding C object CMakeFiles/srv_and_cli_ros2__rosidl_typesupport_introspection_c__pyext.dir/rosidl_generator_py/srv_and_cli_ros2/_srv_and_cli_ros2_s.ep.rosidl_typesupport_introspection_c.c.o[0m
[ 94%] [32m[1mLinking C shared library rosidl_generator_py/srv_and_cli_ros2/srv_and_cli_ros2_s__rosidl_typesupport_c.cpython-38-x86_64-linux-gnu.so[0m
[ 97%] [32m[1mLinking CXX shared library rosidl_generator_py/srv_and_cli_ros2/srv_and_cli_ros2_s__rosidl_typesupport_fastrtps_c.cpython-38-x86_64-linux-gnu.so[0m
[100%] [32m[1mLinking C shared library rosidl_generator_py/srv_and_cli_ros2/srv_and_cli_ros2_s__rosidl_typesupport_introspection_c.cpython-38-x86_64-linux-gnu.so[0m
[100%] Built target srv_and_cli_ros2__rosidl_typesupport_c__pyext
[100%] Built target srv_and_cli_ros2__rosidl_typesupport_introspection_c__pyext
[100%] Built target srv_and_cli_ros2__rosidl_typesupport_fastrtps_c__pyext
-- Install configuration: ""
-- Installing: /home/gyufoxy/dev_ws/install/srv_and_cli_ros2/share/ament_index/resource_index/rosidl_interfaces/srv_and_cli_ros2
-- Installing: /home/gyufoxy/dev_ws/install/srv_and_cli_ros2/include/srv_and_cli_ros2
-- Installing: /home/gyufoxy/dev_ws/install/srv_and_cli_ros2/include/srv_and_cli_ros2/srv
-- Installing: /home/gyufoxy/dev_ws/install/srv_and_cli_ros2/include/srv_and_cli_ros2/srv/detail
-- Installing: /home/gyufoxy/dev_ws/install/srv_and_cli_ros2/include/srv_and_cli_ros2/srv/detail/tutorial__functions.h
-- Installing: /home/gyufoxy/dev_ws/install/srv_and_cli_ros2/include/srv_and_cli_ros2/srv/detail/tutorial__type_support.h
-- Installing: /home/gyufoxy/dev_ws/install/srv_and_cli_ros2/include/srv_and_cli_ros2/srv/detail/tutorial__functions.c
-- Installing: /home/gyufoxy/dev_ws/install/srv_and_cli_ros2/include/srv_and_cli_ros2/srv/detail/tutorial__struct.h
-- Installing: /home/gyufoxy/dev_ws/install/srv_and_cli_ros2/include/srv_and_cli_ros2/srv/tutorial.h
-- Installing: /home/gyufoxy/dev_ws/install/srv_and_cli_ros2/include/srv_and_cli_ros2/msg
-- Installing: /home/gyufoxy/dev_ws/install/srv_and_cli_ros2/include/srv_and_cli_ros2/msg/detail
-- Installing: /home/gyufoxy/dev_ws/install/srv_and_cli_ros2/include/srv_and_cli_ros2/msg/detail/tutorial__functions.h
-- Installing: /home/gyufoxy/dev_ws/install/srv_and_cli_ros2/include/srv_and_cli_ros2/msg/detail/tutorial__type_support.h
-- Installing: /home/gyufoxy/dev_ws/install/srv_and_cli_ros2/include/srv_and_cli_ros2/msg/detail/tutorial__functions.c
-- Installing: /home/gyufoxy/dev_ws/install/srv_and_cli_ros2/include/srv_and_cli_ros2/msg/detail/tutorial__struct.h
-- Installing: /home/gyufoxy/dev_ws/install/srv_and_cli_ros2/include/srv_and_cli_ros2/msg/tutorial.h
-- Installing: /home/gyufoxy/dev_ws/install/srv_and_cli_ros2/include/srv_and_cli_ros2/msg/rosidl_generator_c__visibility_control.h
-- Installing: /home/gyufoxy/dev_ws/install/srv_and_cli_ros2/share/srv_and_cli_ros2/environment/library_path.sh
-- Installing: /home/gyufoxy/dev_ws/install/srv_and_cli_ros2/share/srv_and_cli_ros2/environment/library_path.dsv
-- Installing: /home/gyufoxy/dev_ws/install/srv_and_cli_ros2/lib/libsrv_and_cli_ros2__rosidl_generator_c.so
-- Set runtime path of "/home/gyufoxy/dev_ws/install/srv_and_cli_ros2/lib/libsrv_and_cli_ros2__rosidl_generator_c.so" to ""
-- Up-to-date: /home/gyufoxy/dev_ws/install/srv_and_cli_ros2/include/srv_and_cli_ros2
-- Up-to-date: /home/gyufoxy/dev_ws/install/srv_and_cli_ros2/include/srv_and_cli_ros2/srv
-- Up-to-date: /home/gyufoxy/dev_ws/install/srv_and_cli_ros2/include/srv_and_cli_ros2/srv/detail
-- Installing: /home/gyufoxy/dev_ws/install/srv_and_cli_ros2/include/srv_and_cli_ros2/srv/detail/tutorial__rosidl_typesupport_fastrtps_c.h
-- Up-to-date: /home/gyufoxy/dev_ws/install/srv_and_cli_ros2/include/srv_and_cli_ros2/msg
-- Installing: /home/gyufoxy/dev_ws/install/srv_and_cli_ros2/include/srv_and_cli_ros2/msg/rosidl_typesupport_fastrtps_c__visibility_control.h
-- Up-to-date: /home/gyufoxy/dev_ws/install/srv_and_cli_ros2/include/srv_and_cli_ros2/msg/detail
-- Installing: /home/gyufoxy/dev_ws/install/srv_and_cli_ros2/include/srv_and_cli_ros2/msg/detail/tutorial__rosidl_typesupport_fastrtps_c.h
-- Installing: /home/gyufoxy/dev_ws/install/srv_and_cli_ros2/lib/libsrv_and_cli_ros2__rosidl_typesupport_fastrtps_c.so
-- Set runtime path of "/home/gyufoxy/dev_ws/install/srv_and_cli_ros2/lib/libsrv_and_cli_ros2__rosidl_typesupport_fastrtps_c.so" to ""
-- Up-to-date: /home/gyufoxy/dev_ws/install/srv_and_cli_ros2/include/srv_and_cli_ros2
-- Up-to-date: /home/gyufoxy/dev_ws/install/srv_and_cli_ros2/include/srv_and_cli_ros2/srv
-- Up-to-date: /home/gyufoxy/dev_ws/install/srv_and_cli_ros2/include/srv_and_cli_ros2/srv/detail
-- Installing: /home/gyufoxy/dev_ws/install/srv_and_cli_ros2/include/srv_and_cli_ros2/srv/detail/tutorial__rosidl_typesupport_fastrtps_cpp.hpp
-- Installing: /home/gyufoxy/dev_ws/install/srv_and_cli_ros2/include/srv_and_cli_ros2/srv/detail/dds_fastrtps
-- Up-to-date: /home/gyufoxy/dev_ws/install/srv_and_cli_ros2/include/srv_and_cli_ros2/msg
-- Up-to-date: /home/gyufoxy/dev_ws/install/srv_and_cli_ros2/include/srv_and_cli_ros2/msg/detail
-- Installing: /home/gyufoxy/dev_ws/install/srv_and_cli_ros2/include/srv_and_cli_ros2/msg/detail/tutorial__rosidl_typesupport_fastrtps_cpp.hpp
-- Installing: /home/gyufoxy/dev_ws/install/srv_and_cli_ros2/include/srv_and_cli_ros2/msg/detail/dds_fastrtps
-- Installing: /home/gyufoxy/dev_ws/install/srv_and_cli_ros2/include/srv_and_cli_ros2/msg/rosidl_typesupport_fastrtps_cpp__visibility_control.h
-- Installing: /home/gyufoxy/dev_ws/install/srv_and_cli_ros2/lib/libsrv_and_cli_ros2__rosidl_typesupport_fastrtps_cpp.so
-- Set runtime path of "/home/gyufoxy/dev_ws/install/srv_and_cli_ros2/lib/libsrv_and_cli_ros2__rosidl_typesupport_fastrtps_cpp.so" to ""
-- Up-to-date: /home/gyufoxy/dev_ws/install/srv_and_cli_ros2/include/srv_and_cli_ros2
-- Up-to-date: /home/gyufoxy/dev_ws/install/srv_and_cli_ros2/include/srv_and_cli_ros2/srv
-- Up-to-date: /home/gyufoxy/dev_ws/install/srv_and_cli_ros2/include/srv_and_cli_ros2/srv/detail
-- Installing: /home/gyufoxy/dev_ws/install/srv_and_cli_ros2/include/srv_and_cli_ros2/srv/detail/tutorial__type_support.c
-- Installing: /home/gyufoxy/dev_ws/install/srv_and_cli_ros2/include/srv_and_cli_ros2/srv/detail/tutorial__rosidl_typesupport_introspection_c.h
-- Up-to-date: /home/gyufoxy/dev_ws/install/srv_and_cli_ros2/include/srv_and_cli_ros2/msg
-- Installing: /home/gyufoxy/dev_ws/install/srv_and_cli_ros2/include/srv_and_cli_ros2/msg/rosidl_typesupport_introspection_c__visibility_control.h
-- Up-to-date: /home/gyufoxy/dev_ws/install/srv_and_cli_ros2/include/srv_and_cli_ros2/msg/detail
-- Installing: /home/gyufoxy/dev_ws/install/srv_and_cli_ros2/include/srv_and_cli_ros2/msg/detail/tutorial__type_support.c
-- Installing: /home/gyufoxy/dev_ws/install/srv_and_cli_ros2/include/srv_and_cli_ros2/msg/detail/tutorial__rosidl_typesupport_introspection_c.h
-- Installing: /home/gyufoxy/dev_ws/install/srv_and_cli_ros2/lib/libsrv_and_cli_ros2__rosidl_typesupport_introspection_c.so
-- Set runtime path of "/home/gyufoxy/dev_ws/install/srv_and_cli_ros2/lib/libsrv_and_cli_ros2__rosidl_typesupport_introspection_c.so" to ""
-- Installing: /home/gyufoxy/dev_ws/install/srv_and_cli_ros2/lib/libsrv_and_cli_ros2__rosidl_typesupport_c.so
-- Set runtime path of "/home/gyufoxy/dev_ws/install/srv_and_cli_ros2/lib/libsrv_and_cli_ros2__rosidl_typesupport_c.so" to ""
-- Up-to-date: /home/gyufoxy/dev_ws/install/srv_and_cli_ros2/include/srv_and_cli_ros2
-- Up-to-date: /home/gyufoxy/dev_ws/install/srv_and_cli_ros2/include/srv_and_cli_ros2/srv
-- Installing: /home/gyufoxy/dev_ws/install/srv_and_cli_ros2/include/srv_and_cli_ros2/srv/tutorial.hpp
-- Up-to-date: /home/gyufoxy/dev_ws/install/srv_and_cli_ros2/include/srv_and_cli_ros2/srv/detail
-- Installing: /home/gyufoxy/dev_ws/install/srv_and_cli_ros2/include/srv_and_cli_ros2/srv/detail/tutorial__struct.hpp
-- Installing: /home/gyufoxy/dev_ws/install/srv_and_cli_ros2/include/srv_and_cli_ros2/srv/detail/tutorial__traits.hpp
-- Installing: /home/gyufoxy/dev_ws/install/srv_and_cli_ros2/include/srv_and_cli_ros2/srv/detail/tutorial__builder.hpp
-- Up-to-date: /home/gyufoxy/dev_ws/install/srv_and_cli_ros2/include/srv_and_cli_ros2/msg
-- Installing: /home/gyufoxy/dev_ws/install/srv_and_cli_ros2/include/srv_and_cli_ros2/msg/tutorial.hpp
-- Up-to-date: /home/gyufoxy/dev_ws/install/srv_and_cli_ros2/include/srv_and_cli_ros2/msg/detail
-- Installing: /home/gyufoxy/dev_ws/install/srv_and_cli_ros2/include/srv_and_cli_ros2/msg/detail/tutorial__struct.hpp
-- Installing: /home/gyufoxy/dev_ws/install/srv_and_cli_ros2/include/srv_and_cli_ros2/msg/detail/tutorial__traits.hpp
-- Installing: /home/gyufoxy/dev_ws/install/srv_and_cli_ros2/include/srv_and_cli_ros2/msg/detail/tutorial__builder.hpp
-- Up-to-date: /home/gyufoxy/dev_ws/install/srv_and_cli_ros2/include/srv_and_cli_ros2
-- Up-to-date: /home/gyufoxy/dev_ws/install/srv_and_cli_ros2/include/srv_and_cli_ros2/srv
-- Up-to-date: /home/gyufoxy/dev_ws/install/srv_and_cli_ros2/include/srv_and_cli_ros2/srv/detail
-- Installing: /home/gyufoxy/dev_ws/install/srv_and_cli_ros2/include/srv_and_cli_ros2/srv/detail/tutorial__rosidl_typesupport_introspection_cpp.hpp
-- Installing: /home/gyufoxy/dev_ws/install/srv_and_cli_ros2/include/srv_and_cli_ros2/srv/detail/tutorial__type_support.cpp
-- Up-to-date: /home/gyufoxy/dev_ws/install/srv_and_cli_ros2/include/srv_and_cli_ros2/msg
-- Up-to-date: /home/gyufoxy/dev_ws/install/srv_and_cli_ros2/include/srv_and_cli_ros2/msg/detail
-- Installing: /home/gyufoxy/dev_ws/install/srv_and_cli_ros2/include/srv_and_cli_ros2/msg/detail/tutorial__rosidl_typesupport_introspection_cpp.hpp
-- Installing: /home/gyufoxy/dev_ws/install/srv_and_cli_ros2/include/srv_and_cli_ros2/msg/detail/tutorial__type_support.cpp
-- Installing: /home/gyufoxy/dev_ws/install/srv_and_cli_ros2/lib/libsrv_and_cli_ros2__rosidl_typesupport_introspection_cpp.so
-- Set runtime path of "/home/gyufoxy/dev_ws/install/srv_and_cli_ros2/lib/libsrv_and_cli_ros2__rosidl_typesupport_introspection_cpp.so" to ""
-- Installing: /home/gyufoxy/dev_ws/install/srv_and_cli_ros2/lib/libsrv_and_cli_ros2__rosidl_typesupport_cpp.so
-- Set runtime path of "/home/gyufoxy/dev_ws/install/srv_and_cli_ros2/lib/libsrv_and_cli_ros2__rosidl_typesupport_cpp.so" to ""
-- Installing: /home/gyufoxy/dev_ws/install/srv_and_cli_ros2/share/srv_and_cli_ros2/environment/pythonpath.sh
-- Installing: /home/gyufoxy/dev_ws/install/srv_and_cli_ros2/share/srv_and_cli_ros2/environment/pythonpath.dsv
-- Installing: /home/gyufoxy/dev_ws/install/srv_and_cli_ros2/lib/python3.8/site-packages/srv_and_cli_ros2/__init__.py
Compiling '/home/gyufoxy/dev_ws/install/srv_and_cli_ros2/lib/python3.8/site-packages/srv_and_cli_ros2/__init__.py'...
-- Installing: /home/gyufoxy/dev_ws/install/srv_and_cli_ros2/lib/python3.8/site-packages/srv_and_cli_ros2/msg
-- Installing: /home/gyufoxy/dev_ws/install/srv_and_cli_ros2/lib/python3.8/site-packages/srv_and_cli_ros2/msg/_tutorial.py
-- Installing: /home/gyufoxy/dev_ws/install/srv_and_cli_ros2/lib/python3.8/site-packages/srv_and_cli_ros2/msg/__init__.py
-- Installing: /home/gyufoxy/dev_ws/install/srv_and_cli_ros2/lib/python3.8/site-packages/srv_and_cli_ros2/msg/_tutorial_s.c
-- Installing: /home/gyufoxy/dev_ws/install/srv_and_cli_ros2/lib/python3.8/site-packages/srv_and_cli_ros2/srv
-- Installing: /home/gyufoxy/dev_ws/install/srv_and_cli_ros2/lib/python3.8/site-packages/srv_and_cli_ros2/srv/_tutorial.py
-- Installing: /home/gyufoxy/dev_ws/install/srv_and_cli_ros2/lib/python3.8/site-packages/srv_and_cli_ros2/srv/__init__.py
-- Installing: /home/gyufoxy/dev_ws/install/srv_and_cli_ros2/lib/python3.8/site-packages/srv_and_cli_ros2/srv/_tutorial_s.c
-- Installing: /home/gyufoxy/dev_ws/install/srv_and_cli_ros2/lib/python3.8/site-packages/srv_and_cli_ros2/srv_and_cli_ros2_s__rosidl_typesupport_fastrtps_c.cpython-38-x86_64-linux-gnu.so
-- Set runtime path of "/home/gyufoxy/dev_ws/install/srv_and_cli_ros2/lib/python3.8/site-packages/srv_and_cli_ros2/srv_and_cli_ros2_s__rosidl_typesupport_fastrtps_c.cpython-38-x86_64-linux-gnu.so" to ""
-- Installing: /home/gyufoxy/dev_ws/install/srv_and_cli_ros2/lib/python3.8/site-packages/srv_and_cli_ros2/srv_and_cli_ros2_s__rosidl_typesupport_introspection_c.cpython-38-x86_64-linux-gnu.so
-- Set runtime path of "/home/gyufoxy/dev_ws/install/srv_and_cli_ros2/lib/python3.8/site-packages/srv_and_cli_ros2/srv_and_cli_ros2_s__rosidl_typesupport_introspection_c.cpython-38-x86_64-linux-gnu.so" to ""
-- Installing: /home/gyufoxy/dev_ws/install/srv_and_cli_ros2/lib/python3.8/site-packages/srv_and_cli_ros2/srv_and_cli_ros2_s__rosidl_typesupport_c.cpython-38-x86_64-linux-gnu.so
-- Set runtime path of "/home/gyufoxy/dev_ws/install/srv_and_cli_ros2/lib/python3.8/site-packages/srv_and_cli_ros2/srv_and_cli_ros2_s__rosidl_typesupport_c.cpython-38-x86_64-linux-gnu.so" to ""
-- Installing: /home/gyufoxy/dev_ws/install/srv_and_cli_ros2/lib/libsrv_and_cli_ros2__python.so
-- Set runtime path of "/home/gyufoxy/dev_ws/install/srv_and_cli_ros2/lib/libsrv_and_cli_ros2__python.so" to ""
-- Installing: /home/gyufoxy/dev_ws/install/srv_and_cli_ros2/share/srv_and_cli_ros2/msg/Tutorial.idl
-- Installing: /home/gyufoxy/dev_ws/install/srv_and_cli_ros2/share/srv_and_cli_ros2/srv/Tutorial.idl
-- Installing: /home/gyufoxy/dev_ws/install/srv_and_cli_ros2/share/srv_and_cli_ros2/msg/Tutorial.msg
-- Installing: /home/gyufoxy/dev_ws/install/srv_and_cli_ros2/share/srv_and_cli_ros2/srv/Tutorial.srv
-- Installing: /home/gyufoxy/dev_ws/install/srv_and_cli_ros2/share/srv_and_cli_ros2/srv/Tutorial_Request.msg
-- Installing: /home/gyufoxy/dev_ws/install/srv_and_cli_ros2/share/srv_and_cli_ros2/srv/Tutorial_Response.msg
-- Installing: /home/gyufoxy/dev_ws/install/srv_and_cli_ros2/share/ament_index/resource_index/package_run_dependencies/srv_and_cli_ros2
-- Up-to-date: /home/gyufoxy/dev_ws/install/srv_and_cli_ros2/share/ament_index/resource_index/parent_prefix_path/srv_and_cli_ros2
-- Up-to-date: /home/gyufoxy/dev_ws/install/srv_and_cli_ros2/share/srv_and_cli_ros2/environment/ament_prefix_path.sh
-- Installing: /home/gyufoxy/dev_ws/install/srv_and_cli_ros2/share/srv_and_cli_ros2/environment/ament_prefix_path.dsv
-- Up-to-date: /home/gyufoxy/dev_ws/install/srv_and_cli_ros2/share/srv_and_cli_ros2/environment/path.sh
-- Installing: /home/gyufoxy/dev_ws/install/srv_and_cli_ros2/share/srv_and_cli_ros2/environment/path.dsv
-- Up-to-date: /home/gyufoxy/dev_ws/install/srv_and_cli_ros2/share/srv_and_cli_ros2/local_setup.bash
-- Installing: /home/gyufoxy/dev_ws/install/srv_and_cli_ros2/share/srv_and_cli_ros2/local_setup.sh
-- Up-to-date: /home/gyufoxy/dev_ws/install/srv_and_cli_ros2/share/srv_and_cli_ros2/local_setup.zsh
-- Installing: /home/gyufoxy/dev_ws/install/srv_and_cli_ros2/share/srv_and_cli_ros2/local_setup.dsv
-- Installing: /home/gyufoxy/dev_ws/install/srv_and_cli_ros2/share/srv_and_cli_ros2/package.dsv
-- Up-to-date: /home/gyufoxy/dev_ws/install/srv_and_cli_ros2/share/ament_index/resource_index/packages/srv_and_cli_ros2
-- Installing: /home/gyufoxy/dev_ws/install/srv_and_cli_ros2/share/srv_and_cli_ros2/cmake/srv_and_cli_ros2__rosidl_generator_cExport.cmake
-- Installing: /home/gyufoxy/dev_ws/install/srv_and_cli_ros2/share/srv_and_cli_ros2/cmake/srv_and_cli_ros2__rosidl_generator_cExport-noconfig.cmake
-- Installing: /home/gyufoxy/dev_ws/install/srv_and_cli_ros2/share/srv_and_cli_ros2/cmake/srv_and_cli_ros2__rosidl_typesupport_introspection_cExport.cmake
-- Installing: /home/gyufoxy/dev_ws/install/srv_and_cli_ros2/share/srv_and_cli_ros2/cmake/srv_and_cli_ros2__rosidl_typesupport_introspection_cExport-noconfig.cmake
-- Installing: /home/gyufoxy/dev_ws/install/srv_and_cli_ros2/share/srv_and_cli_ros2/cmake/srv_and_cli_ros2__rosidl_typesupport_cExport.cmake
-- Installing: /home/gyufoxy/dev_ws/install/srv_and_cli_ros2/share/srv_and_cli_ros2/cmake/srv_and_cli_ros2__rosidl_typesupport_cExport-noconfig.cmake
-- Installing: /home/gyufoxy/dev_ws/install/srv_and_cli_ros2/share/srv_and_cli_ros2/cmake/srv_and_cli_ros2__rosidl_generator_cppExport.cmake
-- Installing: /home/gyufoxy/dev_ws/install/srv_and_cli_ros2/share/srv_and_cli_ros2/cmake/srv_and_cli_ros2__rosidl_typesupport_introspection_cppExport.cmake
-- Installing: /home/gyufoxy/dev_ws/install/srv_and_cli_ros2/share/srv_and_cli_ros2/cmake/srv_and_cli_ros2__rosidl_typesupport_introspection_cppExport-noconfig.cmake
-- Installing: /home/gyufoxy/dev_ws/install/srv_and_cli_ros2/share/srv_and_cli_ros2/cmake/srv_and_cli_ros2__rosidl_typesupport_cppExport.cmake
-- Installing: /home/gyufoxy/dev_ws/install/srv_and_cli_ros2/share/srv_and_cli_ros2/cmake/srv_and_cli_ros2__rosidl_typesupport_cppExport-noconfig.cmake
-- Installing: /home/gyufoxy/dev_ws/install/srv_and_cli_ros2/share/srv_and_cli_ros2/cmake/rosidl_cmake-extras.cmake
-- Installing: /home/gyufoxy/dev_ws/install/srv_and_cli_ros2/share/srv_and_cli_ros2/cmake/ament_cmake_export_dependencies-extras.cmake
-- Installing: /home/gyufoxy/dev_ws/install/srv_and_cli_ros2/share/srv_and_cli_ros2/cmake/ament_cmake_export_libraries-extras.cmake
-- Installing: /home/gyufoxy/dev_ws/install/srv_and_cli_ros2/share/srv_and_cli_ros2/cmake/ament_cmake_export_targets-extras.cmake
-- Installing: /home/gyufoxy/dev_ws/install/srv_and_cli_ros2/share/srv_and_cli_ros2/cmake/ament_cmake_export_include_directories-extras.cmake
-- Installing: /home/gyufoxy/dev_ws/install/srv_and_cli_ros2/share/srv_and_cli_ros2/cmake/rosidl_cmake_export_typesupport_libraries-extras.cmake
-- Installing: /home/gyufoxy/dev_ws/install/srv_and_cli_ros2/share/srv_and_cli_ros2/cmake/rosidl_cmake_export_typesupport_targets-extras.cmake
-- Installing: /home/gyufoxy/dev_ws/install/srv_and_cli_ros2/share/srv_and_cli_ros2/cmake/srv_and_cli_ros2Config.cmake
-- Up-to-date: /home/gyufoxy/dev_ws/install/srv_and_cli_ros2/share/srv_and_cli_ros2/cmake/srv_and_cli_ros2Config-version.cmake
-- Installing: /home/gyufoxy/dev_ws/install/srv_and_cli_ros2/share/srv_and_cli_ros2/package.xml
