[0.024s] Invoking command in '/home/gyufoxy/dev_ws/build/srv_and_cli_ros2': CMAKE_PREFIX_PATH=${CMAKE_PREFIX_PATH}:/opt/ros/foxy /usr/bin/cmake --build /home/gyufoxy/dev_ws/build/srv_and_cli_ros2 -- -j8 -l8
[0.051s] -- Found ament_cmake: 0.9.9 (/opt/ros/foxy/share/ament_cmake/cmake)
[0.076s] -- Using PYTHON_EXECUTABLE: /usr/bin/python3
[0.271s] -- Found rclcpp: 2.4.0 (/opt/ros/foxy/share/rclcpp/cmake)
[0.307s] -- Using all available rosidl_typesupport_c: rosidl_typesupport_fastrtps_c;rosidl_typesupport_introspection_c
[0.311s] -- Found rosidl_adapter: 1.2.1 (/opt/ros/foxy/share/rosidl_adapter/cmake)
[0.418s] -- Using all available rosidl_typesupport_cpp: rosidl_typesupport_fastrtps_cpp;rosidl_typesupport_introspection_cpp
[0.463s] -- Found rmw_implementation_cmake: 1.0.3 (/opt/ros/foxy/share/rmw_implementation_cmake/cmake)
[0.465s] -- Using RMW implementation 'rmw_fastrtps_cpp' as default
[0.598s] -- Found rosidl_default_generators: 1.0.1 (/opt/ros/foxy/share/rosidl_default_generators/cmake)
[0.627s] -- Found PythonInterp: /usr/bin/python3 (found version "3.8.10") 
[0.738s] -- Found ament_cmake_ros: 0.9.2 (/opt/ros/foxy/share/ament_cmake_ros/cmake)
[0.840s] -- Using all available rosidl_typesupport_c: rosidl_typesupport_fastrtps_c;rosidl_typesupport_introspection_c
[0.849s] -- Using all available rosidl_typesupport_cpp: rosidl_typesupport_fastrtps_cpp;rosidl_typesupport_introspection_cpp
[0.877s] -- Found PythonInterp: /usr/bin/python3 (found suitable version "3.8.10", minimum required is "3.5") 
[0.878s] -- Found python_cmake_module: 0.8.1 (/opt/ros/foxy/share/python_cmake_module/cmake)
[0.910s] -- Found PythonLibs: /usr/lib/x86_64-linux-gnu/libpython3.8.so (found suitable version "3.8.10", minimum required is "3.5") 
[0.910s] -- Using PYTHON_EXECUTABLE: /usr/bin/python3
[0.910s] -- Using PYTHON_INCLUDE_DIRS: /usr/include/python3.8
[0.910s] -- Using PYTHON_LIBRARIES: /usr/lib/x86_64-linux-gnu/libpython3.8.so
[0.931s] -- Found PythonExtra: .so  
[0.969s] -- Found ament_lint_auto: 0.9.6 (/opt/ros/foxy/share/ament_lint_auto/cmake)
[0.979s] -- Added test 'copyright' to check source files copyright and LICENSE
[0.980s] -- Added test 'cppcheck' to perform static code analysis on C / C++ code
[0.981s] -- Configured cppcheck include dirs: 
[0.981s] -- Configured cppcheck exclude dirs and/or files: 
[0.982s] -- Added test 'cpplint' to check C / C++ code against the Google style
[0.982s] -- Configured cpplint exclude dirs and/or files: 
[0.982s] -- Added test 'lint_cmake' to check CMake code style
[0.983s] -- Added test 'uncrustify' to check C / C++ code style
[0.983s] -- Configured uncrustify additional arguments: 
[0.984s] -- Added test 'xmllint' to check XML markup files
[0.988s] -- Configuring done
[1.023s] -- Generating done
[1.026s] -- Build files have been written to: /home/gyufoxy/dev_ws/build/srv_and_cli_ros2
[1.049s] [  2%] [34m[1mGenerating C code for ROS interfaces[0m
[1.050s] [35m[1mScanning dependencies of target srv_and_cli_ros2__cpp[0m
[1.060s] [  5%] [34m[1mGenerating C++ code for ROS interfaces[0m
[1.331s] [  5%] Built target srv_and_cli_ros2__cpp
[1.342s] [  7%] [34m[1mGenerating C++ type support dispatch for ROS interfaces[0m
[1.347s] [ 10%] [34m[1mGenerating C++ type support for eProsima Fast-RTPS[0m
[1.350s] [ 12%] [34m[1mGenerating C++ introspection for ROS interfaces[0m
[1.357s] [35m[1mScanning dependencies of target srv_and_cli_ros2__rosidl_generator_c[0m
[1.369s] [ 15%] [32mBuilding C object CMakeFiles/srv_and_cli_ros2__rosidl_generator_c.dir/rosidl_generator_c/srv_and_cli_ros2/srv/detail/tutorial__functions.c.o[0m
[1.372s] [ 17%] [32mBuilding C object CMakeFiles/srv_and_cli_ros2__rosidl_generator_c.dir/rosidl_generator_c/srv_and_cli_ros2/msg/detail/tutorial__functions.c.o[0m
[1.423s] [ 20%] [32m[1mLinking C shared library libsrv_and_cli_ros2__rosidl_generator_c.so[0m
[1.460s] [ 20%] Built target srv_and_cli_ros2__rosidl_generator_c
[1.474s] [ 25%] [34m[1mGenerating C introspection for ROS interfaces[0m
[1.474s] [ 25%] [34m[1mGenerating C type support dispatch for ROS interfaces[0m
[1.617s] [35m[1mScanning dependencies of target srv_and_cli_ros2__rosidl_typesupport_cpp[0m
[1.632s] [ 28%] [32mBuilding CXX object CMakeFiles/srv_and_cli_ros2__rosidl_typesupport_cpp.dir/rosidl_typesupport_cpp/srv_and_cli_ros2/srv/tutorial__type_support.cpp.o[0m
[1.634s] [ 30%] [32mBuilding CXX object CMakeFiles/srv_and_cli_ros2__rosidl_typesupport_cpp.dir/rosidl_typesupport_cpp/srv_and_cli_ros2/msg/tutorial__type_support.cpp.o[0m
[1.636s] [35m[1mScanning dependencies of target srv_and_cli_ros2__rosidl_typesupport_fastrtps_cpp[0m
[1.656s] [ 33%] [32mBuilding CXX object CMakeFiles/srv_and_cli_ros2__rosidl_typesupport_fastrtps_cpp.dir/rosidl_typesupport_fastrtps_cpp/srv_and_cli_ros2/srv/detail/dds_fastrtps/tutorial__type_support.cpp.o[0m
[1.656s] [ 35%] [32mBuilding CXX object CMakeFiles/srv_and_cli_ros2__rosidl_typesupport_fastrtps_cpp.dir/rosidl_typesupport_fastrtps_cpp/srv_and_cli_ros2/msg/detail/dds_fastrtps/tutorial__type_support.cpp.o[0m
[1.724s] [35m[1mScanning dependencies of target srv_and_cli_ros2__rosidl_typesupport_introspection_cpp[0m
[1.743s] [ 41%] [32mBuilding CXX object CMakeFiles/srv_and_cli_ros2__rosidl_typesupport_introspection_cpp.dir/rosidl_typesupport_introspection_cpp/srv_and_cli_ros2/srv/detail/tutorial__type_support.cpp.o[0m
[1.743s] [ 41%] [32mBuilding CXX object CMakeFiles/srv_and_cli_ros2__rosidl_typesupport_introspection_cpp.dir/rosidl_typesupport_introspection_cpp/srv_and_cli_ros2/msg/detail/tutorial__type_support.cpp.o[0m
[1.827s] [35m[1mScanning dependencies of target srv_and_cli_ros2__rosidl_typesupport_introspection_c[0m
[1.846s] [35m[1mScanning dependencies of target srv_and_cli_ros2__rosidl_typesupport_c[0m
[1.850s] [ 43%] [32mBuilding C object CMakeFiles/srv_and_cli_ros2__rosidl_typesupport_introspection_c.dir/rosidl_typesupport_introspection_c/srv_and_cli_ros2/msg/detail/tutorial__type_support.c.o[0m
[1.869s] [ 46%] [32mBuilding CXX object CMakeFiles/srv_and_cli_ros2__rosidl_typesupport_c.dir/rosidl_typesupport_c/srv_and_cli_ros2/msg/tutorial__type_support.cpp.o[0m
[1.898s] [ 48%] [32mBuilding C object CMakeFiles/srv_and_cli_ros2__rosidl_typesupport_introspection_c.dir/rosidl_typesupport_introspection_c/srv_and_cli_ros2/srv/detail/tutorial__type_support.c.o[0m
[1.915s] [ 51%] [32mBuilding CXX object CMakeFiles/srv_and_cli_ros2__rosidl_typesupport_c.dir/rosidl_typesupport_c/srv_and_cli_ros2/srv/tutorial__type_support.cpp.o[0m
[1.950s] [ 53%] [32m[1mLinking C shared library libsrv_and_cli_ros2__rosidl_typesupport_introspection_c.so[0m
[1.963s] [ 56%] [32m[1mLinking CXX shared library libsrv_and_cli_ros2__rosidl_typesupport_c.so[0m
[1.993s] [ 56%] Built target srv_and_cli_ros2__rosidl_typesupport_introspection_c
[2.024s] [ 56%] Built target srv_and_cli_ros2__rosidl_typesupport_c
[2.053s] [ 58%] [32m[1mLinking CXX shared library libsrv_and_cli_ros2__rosidl_typesupport_cpp.so[0m
[2.093s] [ 58%] Built target srv_and_cli_ros2__rosidl_typesupport_cpp
[2.138s] [ 61%] [32m[1mLinking CXX shared library libsrv_and_cli_ros2__rosidl_typesupport_introspection_cpp.so[0m
[2.177s] [ 61%] Built target srv_and_cli_ros2__rosidl_typesupport_introspection_cpp
[2.253s] [ 64%] [32m[1mLinking CXX shared library libsrv_and_cli_ros2__rosidl_typesupport_fastrtps_cpp.so[0m
[2.332s] [ 64%] Built target srv_and_cli_ros2__rosidl_typesupport_fastrtps_cpp
[2.341s] [ 66%] [34m[1mGenerating C type support for eProsima Fast-RTPS[0m
[2.615s] [35m[1mScanning dependencies of target srv_and_cli_ros2__rosidl_typesupport_fastrtps_c[0m
[2.633s] [ 69%] [32mBuilding CXX object CMakeFiles/srv_and_cli_ros2__rosidl_typesupport_fastrtps_c.dir/rosidl_typesupport_fastrtps_c/srv_and_cli_ros2/msg/detail/tutorial__type_support_c.cpp.o[0m
[2.633s] [ 71%] [32mBuilding CXX object CMakeFiles/srv_and_cli_ros2__rosidl_typesupport_fastrtps_c.dir/rosidl_typesupport_fastrtps_c/srv_and_cli_ros2/srv/detail/tutorial__type_support_c.cpp.o[0m
[2.970s] [ 74%] [32m[1mLinking CXX shared library libsrv_and_cli_ros2__rosidl_typesupport_fastrtps_c.so[0m
[3.057s] [ 74%] Built target srv_and_cli_ros2__rosidl_typesupport_fastrtps_c
[3.066s] [35m[1mScanning dependencies of target srv_and_cli_ros2[0m
[3.076s] [ 74%] Built target srv_and_cli_ros2
[3.085s] [35m[1mScanning dependencies of target srv_and_cli_ros2__py[0m
[3.095s] [ 76%] [34m[1mGenerating Python code for ROS interfaces[0m
[3.571s] [ 76%] Built target srv_and_cli_ros2__py
[3.580s] [35m[1mScanning dependencies of target srv_and_cli_ros2__python[0m
[3.599s] [ 82%] [32mBuilding C object CMakeFiles/srv_and_cli_ros2__python.dir/rosidl_generator_py/srv_and_cli_ros2/srv/_tutorial_s.c.o[0m
[3.599s] [ 82%] [32mBuilding C object CMakeFiles/srv_and_cli_ros2__python.dir/rosidl_generator_py/srv_and_cli_ros2/msg/_tutorial_s.c.o[0m
[3.686s] [ 84%] [32m[1mLinking C shared library rosidl_generator_py/srv_and_cli_ros2/libsrv_and_cli_ros2__python.so[0m
[3.722s] [ 84%] Built target srv_and_cli_ros2__python
[3.732s] [35m[1mScanning dependencies of target srv_and_cli_ros2__rosidl_typesupport_introspection_c__pyext[0m
[3.732s] [35m[1mScanning dependencies of target srv_and_cli_ros2__rosidl_typesupport_c__pyext[0m
[3.732s] [35m[1mScanning dependencies of target srv_and_cli_ros2__rosidl_typesupport_fastrtps_c__pyext[0m
[3.750s] [ 87%] [32mBuilding C object CMakeFiles/srv_and_cli_ros2__rosidl_typesupport_c__pyext.dir/rosidl_generator_py/srv_and_cli_ros2/_srv_and_cli_ros2_s.ep.rosidl_typesupport_c.c.o[0m
[3.751s] [ 89%] [32mBuilding C object CMakeFiles/srv_and_cli_ros2__rosidl_typesupport_fastrtps_c__pyext.dir/rosidl_generator_py/srv_and_cli_ros2/_srv_and_cli_ros2_s.ep.rosidl_typesupport_fastrtps_c.c.o[0m
[3.754s] [ 92%] [32mBuilding C object CMakeFiles/srv_and_cli_ros2__rosidl_typesupport_introspection_c__pyext.dir/rosidl_generator_py/srv_and_cli_ros2/_srv_and_cli_ros2_s.ep.rosidl_typesupport_introspection_c.c.o[0m
[3.832s] [ 94%] [32m[1mLinking C shared library rosidl_generator_py/srv_and_cli_ros2/srv_and_cli_ros2_s__rosidl_typesupport_c.cpython-38-x86_64-linux-gnu.so[0m
[3.834s] [ 97%] [32m[1mLinking CXX shared library rosidl_generator_py/srv_and_cli_ros2/srv_and_cli_ros2_s__rosidl_typesupport_fastrtps_c.cpython-38-x86_64-linux-gnu.so[0m
[3.836s] [100%] [32m[1mLinking C shared library rosidl_generator_py/srv_and_cli_ros2/srv_and_cli_ros2_s__rosidl_typesupport_introspection_c.cpython-38-x86_64-linux-gnu.so[0m
[3.865s] [100%] Built target srv_and_cli_ros2__rosidl_typesupport_c__pyext
[3.870s] [100%] Built target srv_and_cli_ros2__rosidl_typesupport_introspection_c__pyext
[3.896s] [100%] Built target srv_and_cli_ros2__rosidl_typesupport_fastrtps_c__pyext
[3.908s] Invoked command in '/home/gyufoxy/dev_ws/build/srv_and_cli_ros2' returned '0': CMAKE_PREFIX_PATH=${CMAKE_PREFIX_PATH}:/opt/ros/foxy /usr/bin/cmake --build /home/gyufoxy/dev_ws/build/srv_and_cli_ros2 -- -j8 -l8
[3.965s] Invoking command in '/home/gyufoxy/dev_ws/build/srv_and_cli_ros2': CMAKE_PREFIX_PATH=${CMAKE_PREFIX_PATH}:/opt/ros/foxy /usr/bin/cmake --install /home/gyufoxy/dev_ws/build/srv_and_cli_ros2
[3.974s] -- Install configuration: ""
[3.975s] -- Installing: /home/gyufoxy/dev_ws/install/srv_and_cli_ros2/share/ament_index/resource_index/rosidl_interfaces/srv_and_cli_ros2
[3.975s] -- Installing: /home/gyufoxy/dev_ws/install/srv_and_cli_ros2/include/srv_and_cli_ros2
[3.975s] -- Installing: /home/gyufoxy/dev_ws/install/srv_and_cli_ros2/include/srv_and_cli_ros2/srv
[3.975s] -- Installing: /home/gyufoxy/dev_ws/install/srv_and_cli_ros2/include/srv_and_cli_ros2/srv/detail
[3.975s] -- Installing: /home/gyufoxy/dev_ws/install/srv_and_cli_ros2/include/srv_and_cli_ros2/srv/detail/tutorial__functions.h
[3.975s] -- Installing: /home/gyufoxy/dev_ws/install/srv_and_cli_ros2/include/srv_and_cli_ros2/srv/detail/tutorial__type_support.h
[3.975s] -- Installing: /home/gyufoxy/dev_ws/install/srv_and_cli_ros2/include/srv_and_cli_ros2/srv/detail/tutorial__functions.c
[3.975s] -- Installing: /home/gyufoxy/dev_ws/install/srv_and_cli_ros2/include/srv_and_cli_ros2/srv/detail/tutorial__struct.h
[3.975s] -- Installing: /home/gyufoxy/dev_ws/install/srv_and_cli_ros2/include/srv_and_cli_ros2/srv/tutorial.h
[3.976s] -- Installing: /home/gyufoxy/dev_ws/install/srv_and_cli_ros2/include/srv_and_cli_ros2/msg
[3.976s] -- Installing: /home/gyufoxy/dev_ws/install/srv_and_cli_ros2/include/srv_and_cli_ros2/msg/detail
[3.976s] -- Installing: /home/gyufoxy/dev_ws/install/srv_and_cli_ros2/include/srv_and_cli_ros2/msg/detail/tutorial__functions.h
[3.976s] -- Installing: /home/gyufoxy/dev_ws/install/srv_and_cli_ros2/include/srv_and_cli_ros2/msg/detail/tutorial__type_support.h
[3.976s] -- Installing: /home/gyufoxy/dev_ws/install/srv_and_cli_ros2/include/srv_and_cli_ros2/msg/detail/tutorial__functions.c
[3.976s] -- Installing: /home/gyufoxy/dev_ws/install/srv_and_cli_ros2/include/srv_and_cli_ros2/msg/detail/tutorial__struct.h
[3.976s] -- Installing: /home/gyufoxy/dev_ws/install/srv_and_cli_ros2/include/srv_and_cli_ros2/msg/tutorial.h
[3.976s] -- Installing: /home/gyufoxy/dev_ws/install/srv_and_cli_ros2/include/srv_and_cli_ros2/msg/rosidl_generator_c__visibility_control.h
[3.976s] -- Installing: /home/gyufoxy/dev_ws/install/srv_and_cli_ros2/share/srv_and_cli_ros2/environment/library_path.sh
[3.976s] -- Installing: /home/gyufoxy/dev_ws/install/srv_and_cli_ros2/share/srv_and_cli_ros2/environment/library_path.dsv
[3.977s] -- Installing: /home/gyufoxy/dev_ws/install/srv_and_cli_ros2/lib/libsrv_and_cli_ros2__rosidl_generator_c.so
[3.977s] -- Set runtime path of "/home/gyufoxy/dev_ws/install/srv_and_cli_ros2/lib/libsrv_and_cli_ros2__rosidl_generator_c.so" to ""
[3.977s] -- Up-to-date: /home/gyufoxy/dev_ws/install/srv_and_cli_ros2/include/srv_and_cli_ros2
[3.977s] -- Up-to-date: /home/gyufoxy/dev_ws/install/srv_and_cli_ros2/include/srv_and_cli_ros2/srv
[3.977s] -- Up-to-date: /home/gyufoxy/dev_ws/install/srv_and_cli_ros2/include/srv_and_cli_ros2/srv/detail
[3.978s] -- Installing: /home/gyufoxy/dev_ws/install/srv_and_cli_ros2/include/srv_and_cli_ros2/srv/detail/tutorial__rosidl_typesupport_fastrtps_c.h
[3.978s] -- Up-to-date: /home/gyufoxy/dev_ws/install/srv_and_cli_ros2/include/srv_and_cli_ros2/msg
[3.978s] -- Installing: /home/gyufoxy/dev_ws/install/srv_and_cli_ros2/include/srv_and_cli_ros2/msg/rosidl_typesupport_fastrtps_c__visibility_control.h
[3.978s] -- Up-to-date: /home/gyufoxy/dev_ws/install/srv_and_cli_ros2/include/srv_and_cli_ros2/msg/detail
[3.978s] -- Installing: /home/gyufoxy/dev_ws/install/srv_and_cli_ros2/include/srv_and_cli_ros2/msg/detail/tutorial__rosidl_typesupport_fastrtps_c.h
[3.978s] -- Installing: /home/gyufoxy/dev_ws/install/srv_and_cli_ros2/lib/libsrv_and_cli_ros2__rosidl_typesupport_fastrtps_c.so
[3.978s] -- Set runtime path of "/home/gyufoxy/dev_ws/install/srv_and_cli_ros2/lib/libsrv_and_cli_ros2__rosidl_typesupport_fastrtps_c.so" to ""
[3.978s] -- Up-to-date: /home/gyufoxy/dev_ws/install/srv_and_cli_ros2/include/srv_and_cli_ros2
[3.979s] -- Up-to-date: /home/gyufoxy/dev_ws/install/srv_and_cli_ros2/include/srv_and_cli_ros2/srv
[3.979s] -- Up-to-date: /home/gyufoxy/dev_ws/install/srv_and_cli_ros2/include/srv_and_cli_ros2/srv/detail
[3.979s] -- Installing: /home/gyufoxy/dev_ws/install/srv_and_cli_ros2/include/srv_and_cli_ros2/srv/detail/tutorial__rosidl_typesupport_fastrtps_cpp.hpp
[3.979s] -- Installing: /home/gyufoxy/dev_ws/install/srv_and_cli_ros2/include/srv_and_cli_ros2/srv/detail/dds_fastrtps
[3.979s] -- Up-to-date: /home/gyufoxy/dev_ws/install/srv_and_cli_ros2/include/srv_and_cli_ros2/msg
[3.979s] -- Up-to-date: /home/gyufoxy/dev_ws/install/srv_and_cli_ros2/include/srv_and_cli_ros2/msg/detail
[3.979s] -- Installing: /home/gyufoxy/dev_ws/install/srv_and_cli_ros2/include/srv_and_cli_ros2/msg/detail/tutorial__rosidl_typesupport_fastrtps_cpp.hpp
[3.979s] -- Installing: /home/gyufoxy/dev_ws/install/srv_and_cli_ros2/include/srv_and_cli_ros2/msg/detail/dds_fastrtps
[3.979s] -- Installing: /home/gyufoxy/dev_ws/install/srv_and_cli_ros2/include/srv_and_cli_ros2/msg/rosidl_typesupport_fastrtps_cpp__visibility_control.h
[3.979s] -- Installing: /home/gyufoxy/dev_ws/install/srv_and_cli_ros2/lib/libsrv_and_cli_ros2__rosidl_typesupport_fastrtps_cpp.so
[3.980s] -- Set runtime path of "/home/gyufoxy/dev_ws/install/srv_and_cli_ros2/lib/libsrv_and_cli_ros2__rosidl_typesupport_fastrtps_cpp.so" to ""
[3.980s] -- Up-to-date: /home/gyufoxy/dev_ws/install/srv_and_cli_ros2/include/srv_and_cli_ros2
[3.980s] -- Up-to-date: /home/gyufoxy/dev_ws/install/srv_and_cli_ros2/include/srv_and_cli_ros2/srv
[3.980s] -- Up-to-date: /home/gyufoxy/dev_ws/install/srv_and_cli_ros2/include/srv_and_cli_ros2/srv/detail
[3.980s] -- Installing: /home/gyufoxy/dev_ws/install/srv_and_cli_ros2/include/srv_and_cli_ros2/srv/detail/tutorial__type_support.c
[3.980s] -- Installing: /home/gyufoxy/dev_ws/install/srv_and_cli_ros2/include/srv_and_cli_ros2/srv/detail/tutorial__rosidl_typesupport_introspection_c.h
[3.980s] -- Up-to-date: /home/gyufoxy/dev_ws/install/srv_and_cli_ros2/include/srv_and_cli_ros2/msg
[3.980s] -- Installing: /home/gyufoxy/dev_ws/install/srv_and_cli_ros2/include/srv_and_cli_ros2/msg/rosidl_typesupport_introspection_c__visibility_control.h
[3.980s] -- Up-to-date: /home/gyufoxy/dev_ws/install/srv_and_cli_ros2/include/srv_and_cli_ros2/msg/detail
[3.981s] -- Installing: /home/gyufoxy/dev_ws/install/srv_and_cli_ros2/include/srv_and_cli_ros2/msg/detail/tutorial__type_support.c
[3.981s] -- Installing: /home/gyufoxy/dev_ws/install/srv_and_cli_ros2/include/srv_and_cli_ros2/msg/detail/tutorial__rosidl_typesupport_introspection_c.h
[3.981s] -- Installing: /home/gyufoxy/dev_ws/install/srv_and_cli_ros2/lib/libsrv_and_cli_ros2__rosidl_typesupport_introspection_c.so
[3.981s] -- Set runtime path of "/home/gyufoxy/dev_ws/install/srv_and_cli_ros2/lib/libsrv_and_cli_ros2__rosidl_typesupport_introspection_c.so" to ""
[3.981s] -- Installing: /home/gyufoxy/dev_ws/install/srv_and_cli_ros2/lib/libsrv_and_cli_ros2__rosidl_typesupport_c.so
[3.982s] -- Set runtime path of "/home/gyufoxy/dev_ws/install/srv_and_cli_ros2/lib/libsrv_and_cli_ros2__rosidl_typesupport_c.so" to ""
[3.982s] -- Up-to-date: /home/gyufoxy/dev_ws/install/srv_and_cli_ros2/include/srv_and_cli_ros2
[3.982s] -- Up-to-date: /home/gyufoxy/dev_ws/install/srv_and_cli_ros2/include/srv_and_cli_ros2/srv
[3.982s] -- Installing: /home/gyufoxy/dev_ws/install/srv_and_cli_ros2/include/srv_and_cli_ros2/srv/tutorial.hpp
[3.982s] -- Up-to-date: /home/gyufoxy/dev_ws/install/srv_and_cli_ros2/include/srv_and_cli_ros2/srv/detail
[3.982s] -- Installing: /home/gyufoxy/dev_ws/install/srv_and_cli_ros2/include/srv_and_cli_ros2/srv/detail/tutorial__struct.hpp
[3.982s] -- Installing: /home/gyufoxy/dev_ws/install/srv_and_cli_ros2/include/srv_and_cli_ros2/srv/detail/tutorial__traits.hpp
[3.982s] -- Installing: /home/gyufoxy/dev_ws/install/srv_and_cli_ros2/include/srv_and_cli_ros2/srv/detail/tutorial__builder.hpp
[3.983s] -- Up-to-date: /home/gyufoxy/dev_ws/install/srv_and_cli_ros2/include/srv_and_cli_ros2/msg
[3.983s] -- Installing: /home/gyufoxy/dev_ws/install/srv_and_cli_ros2/include/srv_and_cli_ros2/msg/tutorial.hpp
[3.983s] -- Up-to-date: /home/gyufoxy/dev_ws/install/srv_and_cli_ros2/include/srv_and_cli_ros2/msg/detail
[3.983s] -- Installing: /home/gyufoxy/dev_ws/install/srv_and_cli_ros2/include/srv_and_cli_ros2/msg/detail/tutorial__struct.hpp
[3.983s] -- Installing: /home/gyufoxy/dev_ws/install/srv_and_cli_ros2/include/srv_and_cli_ros2/msg/detail/tutorial__traits.hpp
[3.983s] -- Installing: /home/gyufoxy/dev_ws/install/srv_and_cli_ros2/include/srv_and_cli_ros2/msg/detail/tutorial__builder.hpp
[3.983s] -- Up-to-date: /home/gyufoxy/dev_ws/install/srv_and_cli_ros2/include/srv_and_cli_ros2
[3.983s] -- Up-to-date: /home/gyufoxy/dev_ws/install/srv_and_cli_ros2/include/srv_and_cli_ros2/srv
[3.983s] -- Up-to-date: /home/gyufoxy/dev_ws/install/srv_and_cli_ros2/include/srv_and_cli_ros2/srv/detail
[3.983s] -- Installing: /home/gyufoxy/dev_ws/install/srv_and_cli_ros2/include/srv_and_cli_ros2/srv/detail/tutorial__rosidl_typesupport_introspection_cpp.hpp
[3.983s] -- Installing: /home/gyufoxy/dev_ws/install/srv_and_cli_ros2/include/srv_and_cli_ros2/srv/detail/tutorial__type_support.cpp
[3.984s] -- Up-to-date: /home/gyufoxy/dev_ws/install/srv_and_cli_ros2/include/srv_and_cli_ros2/msg
[3.984s] -- Up-to-date: /home/gyufoxy/dev_ws/install/srv_and_cli_ros2/include/srv_and_cli_ros2/msg/detail
[3.984s] -- Installing: /home/gyufoxy/dev_ws/install/srv_and_cli_ros2/include/srv_and_cli_ros2/msg/detail/tutorial__rosidl_typesupport_introspection_cpp.hpp
[3.984s] -- Installing: /home/gyufoxy/dev_ws/install/srv_and_cli_ros2/include/srv_and_cli_ros2/msg/detail/tutorial__type_support.cpp
[3.984s] -- Installing: /home/gyufoxy/dev_ws/install/srv_and_cli_ros2/lib/libsrv_and_cli_ros2__rosidl_typesupport_introspection_cpp.so
[3.984s] -- Set runtime path of "/home/gyufoxy/dev_ws/install/srv_and_cli_ros2/lib/libsrv_and_cli_ros2__rosidl_typesupport_introspection_cpp.so" to ""
[3.984s] -- Installing: /home/gyufoxy/dev_ws/install/srv_and_cli_ros2/lib/libsrv_and_cli_ros2__rosidl_typesupport_cpp.so
[3.984s] -- Set runtime path of "/home/gyufoxy/dev_ws/install/srv_and_cli_ros2/lib/libsrv_and_cli_ros2__rosidl_typesupport_cpp.so" to ""
[3.984s] -- Installing: /home/gyufoxy/dev_ws/install/srv_and_cli_ros2/share/srv_and_cli_ros2/environment/pythonpath.sh
[3.984s] -- Installing: /home/gyufoxy/dev_ws/install/srv_and_cli_ros2/share/srv_and_cli_ros2/environment/pythonpath.dsv
[3.985s] -- Installing: /home/gyufoxy/dev_ws/install/srv_and_cli_ros2/lib/python3.8/site-packages/srv_and_cli_ros2/__init__.py
[4.013s] Compiling '/home/gyufoxy/dev_ws/install/srv_and_cli_ros2/lib/python3.8/site-packages/srv_and_cli_ros2/__init__.py'...
[4.016s] -- Installing: /home/gyufoxy/dev_ws/install/srv_and_cli_ros2/lib/python3.8/site-packages/srv_and_cli_ros2/msg
[4.017s] -- Installing: /home/gyufoxy/dev_ws/install/srv_and_cli_ros2/lib/python3.8/site-packages/srv_and_cli_ros2/msg/_tutorial.py
[4.017s] -- Installing: /home/gyufoxy/dev_ws/install/srv_and_cli_ros2/lib/python3.8/site-packages/srv_and_cli_ros2/msg/__init__.py
[4.017s] -- Installing: /home/gyufoxy/dev_ws/install/srv_and_cli_ros2/lib/python3.8/site-packages/srv_and_cli_ros2/msg/_tutorial_s.c
[4.017s] -- Installing: /home/gyufoxy/dev_ws/install/srv_and_cli_ros2/lib/python3.8/site-packages/srv_and_cli_ros2/srv
[4.017s] -- Installing: /home/gyufoxy/dev_ws/install/srv_and_cli_ros2/lib/python3.8/site-packages/srv_and_cli_ros2/srv/_tutorial.py
[4.017s] -- Installing: /home/gyufoxy/dev_ws/install/srv_and_cli_ros2/lib/python3.8/site-packages/srv_and_cli_ros2/srv/__init__.py
[4.017s] -- Installing: /home/gyufoxy/dev_ws/install/srv_and_cli_ros2/lib/python3.8/site-packages/srv_and_cli_ros2/srv/_tutorial_s.c
[4.017s] -- Installing: /home/gyufoxy/dev_ws/install/srv_and_cli_ros2/lib/python3.8/site-packages/srv_and_cli_ros2/srv_and_cli_ros2_s__rosidl_typesupport_fastrtps_c.cpython-38-x86_64-linux-gnu.so
[4.018s] -- Set runtime path of "/home/gyufoxy/dev_ws/install/srv_and_cli_ros2/lib/python3.8/site-packages/srv_and_cli_ros2/srv_and_cli_ros2_s__rosidl_typesupport_fastrtps_c.cpython-38-x86_64-linux-gnu.so" to ""
[4.018s] -- Installing: /home/gyufoxy/dev_ws/install/srv_and_cli_ros2/lib/python3.8/site-packages/srv_and_cli_ros2/srv_and_cli_ros2_s__rosidl_typesupport_introspection_c.cpython-38-x86_64-linux-gnu.so
[4.019s] -- Set runtime path of "/home/gyufoxy/dev_ws/install/srv_and_cli_ros2/lib/python3.8/site-packages/srv_and_cli_ros2/srv_and_cli_ros2_s__rosidl_typesupport_introspection_c.cpython-38-x86_64-linux-gnu.so" to ""
[4.019s] -- Installing: /home/gyufoxy/dev_ws/install/srv_and_cli_ros2/lib/python3.8/site-packages/srv_and_cli_ros2/srv_and_cli_ros2_s__rosidl_typesupport_c.cpython-38-x86_64-linux-gnu.so
[4.020s] -- Set runtime path of "/home/gyufoxy/dev_ws/install/srv_and_cli_ros2/lib/python3.8/site-packages/srv_and_cli_ros2/srv_and_cli_ros2_s__rosidl_typesupport_c.cpython-38-x86_64-linux-gnu.so" to ""
[4.020s] -- Installing: /home/gyufoxy/dev_ws/install/srv_and_cli_ros2/lib/libsrv_and_cli_ros2__python.so
[4.020s] -- Set runtime path of "/home/gyufoxy/dev_ws/install/srv_and_cli_ros2/lib/libsrv_and_cli_ros2__python.so" to ""
[4.020s] -- Installing: /home/gyufoxy/dev_ws/install/srv_and_cli_ros2/share/srv_and_cli_ros2/msg/Tutorial.idl
[4.021s] -- Installing: /home/gyufoxy/dev_ws/install/srv_and_cli_ros2/share/srv_and_cli_ros2/srv/Tutorial.idl
[4.021s] -- Installing: /home/gyufoxy/dev_ws/install/srv_and_cli_ros2/share/srv_and_cli_ros2/msg/Tutorial.msg
[4.021s] -- Installing: /home/gyufoxy/dev_ws/install/srv_and_cli_ros2/share/srv_and_cli_ros2/srv/Tutorial.srv
[4.021s] -- Installing: /home/gyufoxy/dev_ws/install/srv_and_cli_ros2/share/srv_and_cli_ros2/srv/Tutorial_Request.msg
[4.021s] -- Installing: /home/gyufoxy/dev_ws/install/srv_and_cli_ros2/share/srv_and_cli_ros2/srv/Tutorial_Response.msg
[4.021s] -- Installing: /home/gyufoxy/dev_ws/install/srv_and_cli_ros2/share/ament_index/resource_index/package_run_dependencies/srv_and_cli_ros2
[4.021s] -- Up-to-date: /home/gyufoxy/dev_ws/install/srv_and_cli_ros2/share/ament_index/resource_index/parent_prefix_path/srv_and_cli_ros2
[4.022s] -- Up-to-date: /home/gyufoxy/dev_ws/install/srv_and_cli_ros2/share/srv_and_cli_ros2/environment/ament_prefix_path.sh
[4.022s] -- Installing: /home/gyufoxy/dev_ws/install/srv_and_cli_ros2/share/srv_and_cli_ros2/environment/ament_prefix_path.dsv
[4.022s] -- Up-to-date: /home/gyufoxy/dev_ws/install/srv_and_cli_ros2/share/srv_and_cli_ros2/environment/path.sh
[4.022s] -- Installing: /home/gyufoxy/dev_ws/install/srv_and_cli_ros2/share/srv_and_cli_ros2/environment/path.dsv
[4.022s] -- Up-to-date: /home/gyufoxy/dev_ws/install/srv_and_cli_ros2/share/srv_and_cli_ros2/local_setup.bash
[4.022s] -- Installing: /home/gyufoxy/dev_ws/install/srv_and_cli_ros2/share/srv_and_cli_ros2/local_setup.sh
[4.022s] -- Up-to-date: /home/gyufoxy/dev_ws/install/srv_and_cli_ros2/share/srv_and_cli_ros2/local_setup.zsh
[4.022s] -- Installing: /home/gyufoxy/dev_ws/install/srv_and_cli_ros2/share/srv_and_cli_ros2/local_setup.dsv
[4.022s] -- Installing: /home/gyufoxy/dev_ws/install/srv_and_cli_ros2/share/srv_and_cli_ros2/package.dsv
[4.022s] -- Up-to-date: /home/gyufoxy/dev_ws/install/srv_and_cli_ros2/share/ament_index/resource_index/packages/srv_and_cli_ros2
[4.022s] -- Installing: /home/gyufoxy/dev_ws/install/srv_and_cli_ros2/share/srv_and_cli_ros2/cmake/srv_and_cli_ros2__rosidl_generator_cExport.cmake
[4.023s] -- Installing: /home/gyufoxy/dev_ws/install/srv_and_cli_ros2/share/srv_and_cli_ros2/cmake/srv_and_cli_ros2__rosidl_generator_cExport-noconfig.cmake
[4.023s] -- Installing: /home/gyufoxy/dev_ws/install/srv_and_cli_ros2/share/srv_and_cli_ros2/cmake/srv_and_cli_ros2__rosidl_typesupport_introspection_cExport.cmake
[4.023s] -- Installing: /home/gyufoxy/dev_ws/install/srv_and_cli_ros2/share/srv_and_cli_ros2/cmake/srv_and_cli_ros2__rosidl_typesupport_introspection_cExport-noconfig.cmake
[4.023s] -- Installing: /home/gyufoxy/dev_ws/install/srv_and_cli_ros2/share/srv_and_cli_ros2/cmake/srv_and_cli_ros2__rosidl_typesupport_cExport.cmake
[4.023s] -- Installing: /home/gyufoxy/dev_ws/install/srv_and_cli_ros2/share/srv_and_cli_ros2/cmake/srv_and_cli_ros2__rosidl_typesupport_cExport-noconfig.cmake
[4.024s] -- Installing: /home/gyufoxy/dev_ws/install/srv_and_cli_ros2/share/srv_and_cli_ros2/cmake/srv_and_cli_ros2__rosidl_generator_cppExport.cmake
[4.024s] -- Installing: /home/gyufoxy/dev_ws/install/srv_and_cli_ros2/share/srv_and_cli_ros2/cmake/srv_and_cli_ros2__rosidl_typesupport_introspection_cppExport.cmake
[4.024s] -- Installing: /home/gyufoxy/dev_ws/install/srv_and_cli_ros2/share/srv_and_cli_ros2/cmake/srv_and_cli_ros2__rosidl_typesupport_introspection_cppExport-noconfig.cmake
[4.024s] -- Installing: /home/gyufoxy/dev_ws/install/srv_and_cli_ros2/share/srv_and_cli_ros2/cmake/srv_and_cli_ros2__rosidl_typesupport_cppExport.cmake
[4.024s] -- Installing: /home/gyufoxy/dev_ws/install/srv_and_cli_ros2/share/srv_and_cli_ros2/cmake/srv_and_cli_ros2__rosidl_typesupport_cppExport-noconfig.cmake
[4.024s] -- Installing: /home/gyufoxy/dev_ws/install/srv_and_cli_ros2/share/srv_and_cli_ros2/cmake/rosidl_cmake-extras.cmake
[4.024s] -- Installing: /home/gyufoxy/dev_ws/install/srv_and_cli_ros2/share/srv_and_cli_ros2/cmake/ament_cmake_export_dependencies-extras.cmake
[4.025s] -- Installing: /home/gyufoxy/dev_ws/install/srv_and_cli_ros2/share/srv_and_cli_ros2/cmake/ament_cmake_export_libraries-extras.cmake
[4.025s] -- Installing: /home/gyufoxy/dev_ws/install/srv_and_cli_ros2/share/srv_and_cli_ros2/cmake/ament_cmake_export_targets-extras.cmake
[4.025s] -- Installing: /home/gyufoxy/dev_ws/install/srv_and_cli_ros2/share/srv_and_cli_ros2/cmake/ament_cmake_export_include_directories-extras.cmake
[4.025s] -- Installing: /home/gyufoxy/dev_ws/install/srv_and_cli_ros2/share/srv_and_cli_ros2/cmake/rosidl_cmake_export_typesupport_libraries-extras.cmake
[4.025s] -- Installing: /home/gyufoxy/dev_ws/install/srv_and_cli_ros2/share/srv_and_cli_ros2/cmake/rosidl_cmake_export_typesupport_targets-extras.cmake
[4.025s] -- Installing: /home/gyufoxy/dev_ws/install/srv_and_cli_ros2/share/srv_and_cli_ros2/cmake/srv_and_cli_ros2Config.cmake
[4.025s] -- Up-to-date: /home/gyufoxy/dev_ws/install/srv_and_cli_ros2/share/srv_and_cli_ros2/cmake/srv_and_cli_ros2Config-version.cmake
[4.026s] -- Installing: /home/gyufoxy/dev_ws/install/srv_and_cli_ros2/share/srv_and_cli_ros2/package.xml
[4.029s] Invoked command in '/home/gyufoxy/dev_ws/build/srv_and_cli_ros2' returned '0': CMAKE_PREFIX_PATH=${CMAKE_PREFIX_PATH}:/opt/ros/foxy /usr/bin/cmake --install /home/gyufoxy/dev_ws/build/srv_and_cli_ros2
