[0.022s] Invoking command in '/home/gyufoxy/dev_ws/build/my_pkg': CMAKE_PREFIX_PATH=${CMAKE_PREFIX_PATH}:/opt/ros/foxy /usr/bin/cmake /home/gyufoxy/dev_ws/src/my_pkg -DCMAKE_INSTALL_PREFIX=/home/gyufoxy/dev_ws/install/my_pkg
[0.077s] -- The C compiler identification is GNU 9.3.0
[0.139s] -- The CXX compiler identification is GNU 9.3.0
[0.144s] -- Check for working C compiler: /usr/bin/cc
[0.215s] -- Check for working C compiler: /usr/bin/cc -- works
[0.217s] -- Detecting C compiler ABI info
[0.285s] -- Detecting C compiler ABI info - done
[0.298s] -- Detecting C compile features
[0.298s] -- Detecting C compile features - done
[0.301s] -- Check for working CXX compiler: /usr/bin/c++
[0.381s] -- Check for working CXX compiler: /usr/bin/c++ -- works
[0.382s] -- Detecting CXX compiler ABI info
[0.459s] -- Detecting CXX compiler ABI info - done
[0.484s] -- Detecting CXX compile features
[0.484s] -- Detecting CXX compile features - done
[0.488s] -- Found ament_cmake: 0.9.9 (/opt/ros/foxy/share/ament_cmake/cmake)
[0.510s] -- Found PythonInterp: /usr/bin/python3 (found suitable version "3.8.10", minimum required is "3") 
[0.511s] -- Using PYTHON_EXECUTABLE: /usr/bin/python3
[0.741s] -- Found ament_lint_auto: 0.9.6 (/opt/ros/foxy/share/ament_lint_auto/cmake)
[0.812s] -- Added test 'copyright' to check source files copyright and LICENSE
[0.813s] -- Added test 'cppcheck' to perform static code analysis on C / C++ code
[0.813s] -- Configured cppcheck include dirs: $<BUILD_INTERFACE:/home/gyufoxy/dev_ws/src/my_pkg/include>
[0.814s] -- Configured cppcheck exclude dirs and/or files: 
[0.814s] -- Added test 'cpplint' to check C / C++ code against the Google style
[0.814s] -- Configured cpplint exclude dirs and/or files: 
[0.815s] -- Added test 'lint_cmake' to check CMake code style
[0.817s] -- Added test 'uncrustify' to check C / C++ code style
[0.817s] -- Configured uncrustify additional arguments: 
[0.817s] -- Added test 'xmllint' to check XML markup files
[0.819s] -- Configuring done
[0.822s] -- Generating done
[0.823s] -- Build files have been written to: /home/gyufoxy/dev_ws/build/my_pkg
[0.826s] Invoked command in '/home/gyufoxy/dev_ws/build/my_pkg' returned '0': CMAKE_PREFIX_PATH=${CMAKE_PREFIX_PATH}:/opt/ros/foxy /usr/bin/cmake /home/gyufoxy/dev_ws/src/my_pkg -DCMAKE_INSTALL_PREFIX=/home/gyufoxy/dev_ws/install/my_pkg
[0.828s] Invoking command in '/home/gyufoxy/dev_ws/build/my_pkg': CMAKE_PREFIX_PATH=${CMAKE_PREFIX_PATH}:/opt/ros/foxy /usr/bin/cmake --build /home/gyufoxy/dev_ws/build/my_pkg -- -j8 -l8
[0.865s] [35m[1mScanning dependencies of target my_node[0m
[0.875s] [ 50%] [32mBuilding CXX object CMakeFiles/my_node.dir/src/my_node.cpp.o[0m
[0.903s] [100%] [32m[1mLinking CXX executable my_node[0m
[0.946s] [100%] Built target my_node
[0.956s] Invoked command in '/home/gyufoxy/dev_ws/build/my_pkg' returned '0': CMAKE_PREFIX_PATH=${CMAKE_PREFIX_PATH}:/opt/ros/foxy /usr/bin/cmake --build /home/gyufoxy/dev_ws/build/my_pkg -- -j8 -l8
[0.981s] Invoking command in '/home/gyufoxy/dev_ws/build/my_pkg': CMAKE_PREFIX_PATH=${CMAKE_PREFIX_PATH}:/opt/ros/foxy /usr/bin/cmake --install /home/gyufoxy/dev_ws/build/my_pkg
[0.989s] -- Install configuration: ""
[0.989s] -- Installing: /home/gyufoxy/dev_ws/install/my_pkg/lib/my_pkg/my_node
[0.989s] -- Installing: /home/gyufoxy/dev_ws/install/my_pkg/share/ament_index/resource_index/package_run_dependencies/my_pkg
[0.989s] -- Installing: /home/gyufoxy/dev_ws/install/my_pkg/share/ament_index/resource_index/parent_prefix_path/my_pkg
[0.990s] -- Installing: /home/gyufoxy/dev_ws/install/my_pkg/share/my_pkg/environment/ament_prefix_path.sh
[0.990s] -- Installing: /home/gyufoxy/dev_ws/install/my_pkg/share/my_pkg/environment/ament_prefix_path.dsv
[0.990s] -- Installing: /home/gyufoxy/dev_ws/install/my_pkg/share/my_pkg/environment/path.sh
[0.990s] -- Installing: /home/gyufoxy/dev_ws/install/my_pkg/share/my_pkg/environment/path.dsv
[0.990s] -- Installing: /home/gyufoxy/dev_ws/install/my_pkg/share/my_pkg/local_setup.bash
[0.990s] -- Installing: /home/gyufoxy/dev_ws/install/my_pkg/share/my_pkg/local_setup.sh
[0.990s] -- Installing: /home/gyufoxy/dev_ws/install/my_pkg/share/my_pkg/local_setup.zsh
[0.990s] -- Installing: /home/gyufoxy/dev_ws/install/my_pkg/share/my_pkg/local_setup.dsv
[0.991s] -- Installing: /home/gyufoxy/dev_ws/install/my_pkg/share/my_pkg/package.dsv
[0.991s] -- Installing: /home/gyufoxy/dev_ws/install/my_pkg/share/ament_index/resource_index/packages/my_pkg
[0.991s] -- Installing: /home/gyufoxy/dev_ws/install/my_pkg/share/my_pkg/cmake/my_pkgConfig.cmake
[0.991s] -- Installing: /home/gyufoxy/dev_ws/install/my_pkg/share/my_pkg/cmake/my_pkgConfig-version.cmake
[0.991s] -- Installing: /home/gyufoxy/dev_ws/install/my_pkg/share/my_pkg/package.xml
[0.994s] Invoked command in '/home/gyufoxy/dev_ws/build/my_pkg' returned '0': CMAKE_PREFIX_PATH=${CMAKE_PREFIX_PATH}:/opt/ros/foxy /usr/bin/cmake --install /home/gyufoxy/dev_ws/build/my_pkg
