[0.015s] Invoking command in '/home/gyufoxy/dev_ws/build/srv_and_cli_ros2': CMAKE_PREFIX_PATH=${CMAKE_PREFIX_PATH}:/opt/ros/foxy /usr/bin/cmake --build /home/gyufoxy/dev_ws/build/srv_and_cli_ros2 -- -j8 -l8
[0.042s] -- Found ament_cmake: 0.9.9 (/opt/ros/foxy/share/ament_cmake/cmake)
[0.062s] -- Using PYTHON_EXECUTABLE: /usr/bin/python3
[0.231s] -- Found rclcpp: 2.4.0 (/opt/ros/foxy/share/rclcpp/cmake)
[0.264s] -- Using all available rosidl_typesupport_c: rosidl_typesupport_fastrtps_c;rosidl_typesupport_introspection_c
[0.268s] -- Found rosidl_adapter: 1.2.1 (/opt/ros/foxy/share/rosidl_adapter/cmake)
[0.377s] -- Using all available rosidl_typesupport_cpp: rosidl_typesupport_fastrtps_cpp;rosidl_typesupport_introspection_cpp
[0.425s] -- Found rmw_implementation_cmake: 1.0.3 (/opt/ros/foxy/share/rmw_implementation_cmake/cmake)
[0.426s] -- Using RMW implementation 'rmw_fastrtps_cpp' as default
[0.569s] -- Found rosidl_default_generators: 1.0.1 (/opt/ros/foxy/share/rosidl_default_generators/cmake)
[0.579s] -- Found srv_and_cli_ros2: 0.0.0 (/home/gyufoxy/dev_ws/install/srv_and_cli_ros2/share/srv_and_cli_ros2/cmake)
[0.606s] -- Found PythonInterp: /usr/bin/python3 (found version "3.8.10") 
[0.743s] -- Found ament_cmake_ros: 0.9.2 (/opt/ros/foxy/share/ament_cmake_ros/cmake)
[0.841s] -- Using all available rosidl_typesupport_c: rosidl_typesupport_fastrtps_c;rosidl_typesupport_introspection_c
[0.849s] -- Using all available rosidl_typesupport_cpp: rosidl_typesupport_fastrtps_cpp;rosidl_typesupport_introspection_cpp
[0.872s] -- Found PythonInterp: /usr/bin/python3 (found suitable version "3.8.10", minimum required is "3.5") 
[0.872s] -- Found python_cmake_module: 0.8.1 (/opt/ros/foxy/share/python_cmake_module/cmake)
[0.894s] -- Using PYTHON_EXECUTABLE: /usr/bin/python3
[0.894s] -- Using PYTHON_INCLUDE_DIRS: /usr/include/python3.8
[0.894s] -- Using PYTHON_LIBRARIES: /usr/lib/x86_64-linux-gnu/libpython3.8.so
[0.909s] -- Found ament_lint_auto: 0.9.6 (/opt/ros/foxy/share/ament_lint_auto/cmake)
[0.920s] -- Added test 'copyright' to check source files copyright and LICENSE
[0.921s] -- Added test 'cppcheck' to perform static code analysis on C / C++ code
[0.923s] -- Configured cppcheck include dirs: 
[0.923s] -- Configured cppcheck exclude dirs and/or files: 
[0.924s] -- Added test 'cpplint' to check C / C++ code against the Google style
[0.924s] -- Configured cpplint exclude dirs and/or files: 
[0.924s] -- Added test 'lint_cmake' to check CMake code style
[0.925s] -- Added test 'uncrustify' to check C / C++ code style
[0.926s] -- Configured uncrustify additional arguments: 
[0.926s] -- Added test 'xmllint' to check XML markup files
[0.930s] -- Configuring done
[0.969s] -- Generating done
[0.974s] -- Build files have been written to: /home/gyufoxy/dev_ws/build/srv_and_cli_ros2
[1.000s] [35m[1mScanning dependencies of target server[0m
[1.010s] [  9%] Built target srv_and_cli_ros2__cpp
[1.010s] [  9%] [32mBuilding CXX object CMakeFiles/server.dir/src/srv.cpp.o[0m
[1.010s] [ 14%] Built target srv_and_cli_ros2__rosidl_generator_c
[1.035s] [ 24%] Built target srv_and_cli_ros2__rosidl_typesupport_introspection_cpp
[1.036s] [ 39%] Built target srv_and_cli_ros2__rosidl_typesupport_introspection_c
[1.036s] [ 43%] Built target srv_and_cli_ros2__rosidl_typesupport_c
[1.038s] [ 53%] Built target srv_and_cli_ros2__rosidl_typesupport_cpp
[1.038s] [ 63%] Built target srv_and_cli_ros2__rosidl_typesupport_fastrtps_cpp
[1.064s] [ 73%] Built target srv_and_cli_ros2__rosidl_typesupport_fastrtps_c
[1.083s] [ 73%] Built target srv_and_cli_ros2
[1.102s] [ 75%] Built target srv_and_cli_ros2__py
[1.127s] [ 82%] Built target srv_and_cli_ros2__python
[1.154s] [ 97%] Built target srv_and_cli_ros2__rosidl_typesupport_fastrtps_c__pyext
[1.154s] [ 97%] Built target srv_and_cli_ros2__rosidl_typesupport_c__pyext
[1.154s] [ 97%] Built target srv_and_cli_ros2__rosidl_typesupport_introspection_c__pyext
[2.838s] [100%] [32m[1mLinking CXX executable server[0m
[2.960s] [100%] Built target server
[2.971s] Invoked command in '/home/gyufoxy/dev_ws/build/srv_and_cli_ros2' returned '0': CMAKE_PREFIX_PATH=${CMAKE_PREFIX_PATH}:/opt/ros/foxy /usr/bin/cmake --build /home/gyufoxy/dev_ws/build/srv_and_cli_ros2 -- -j8 -l8
[3.040s] Invoking command in '/home/gyufoxy/dev_ws/build/srv_and_cli_ros2': CMAKE_PREFIX_PATH=${CMAKE_PREFIX_PATH}:/opt/ros/foxy /usr/bin/cmake --install /home/gyufoxy/dev_ws/build/srv_and_cli_ros2
[3.048s] -- Install configuration: ""
[3.048s] -- Installing: /home/gyufoxy/dev_ws/install/srv_and_cli_ros2/lib/srv_and_cli_ros2/server
[3.049s] -- Set runtime path of "/home/gyufoxy/dev_ws/install/srv_and_cli_ros2/lib/srv_and_cli_ros2/server" to ""
[3.049s] -- Up-to-date: /home/gyufoxy/dev_ws/install/srv_and_cli_ros2/share/ament_index/resource_index/rosidl_interfaces/srv_and_cli_ros2
[3.050s] -- Up-to-date: /home/gyufoxy/dev_ws/install/srv_and_cli_ros2/include/srv_and_cli_ros2
[3.050s] -- Up-to-date: /home/gyufoxy/dev_ws/install/srv_and_cli_ros2/include/srv_and_cli_ros2/srv
[3.050s] -- Up-to-date: /home/gyufoxy/dev_ws/install/srv_and_cli_ros2/include/srv_and_cli_ros2/srv/detail
[3.050s] -- Up-to-date: /home/gyufoxy/dev_ws/install/srv_and_cli_ros2/include/srv_and_cli_ros2/srv/detail/tutorial__functions.h
[3.050s] -- Up-to-date: /home/gyufoxy/dev_ws/install/srv_and_cli_ros2/include/srv_and_cli_ros2/srv/detail/tutorial__type_support.h
[3.050s] -- Up-to-date: /home/gyufoxy/dev_ws/install/srv_and_cli_ros2/include/srv_and_cli_ros2/srv/detail/tutorial__functions.c
[3.050s] -- Up-to-date: /home/gyufoxy/dev_ws/install/srv_and_cli_ros2/include/srv_and_cli_ros2/srv/detail/tutorial__struct.h
[3.050s] -- Up-to-date: /home/gyufoxy/dev_ws/install/srv_and_cli_ros2/include/srv_and_cli_ros2/srv/tutorial.h
[3.050s] -- Up-to-date: /home/gyufoxy/dev_ws/install/srv_and_cli_ros2/include/srv_and_cli_ros2/msg
[3.050s] -- Up-to-date: /home/gyufoxy/dev_ws/install/srv_and_cli_ros2/include/srv_and_cli_ros2/msg/detail
[3.051s] -- Up-to-date: /home/gyufoxy/dev_ws/install/srv_and_cli_ros2/include/srv_and_cli_ros2/msg/detail/tutorial__functions.h
[3.051s] -- Up-to-date: /home/gyufoxy/dev_ws/install/srv_and_cli_ros2/include/srv_and_cli_ros2/msg/detail/tutorial__type_support.h
[3.051s] -- Up-to-date: /home/gyufoxy/dev_ws/install/srv_and_cli_ros2/include/srv_and_cli_ros2/msg/detail/tutorial__functions.c
[3.051s] -- Up-to-date: /home/gyufoxy/dev_ws/install/srv_and_cli_ros2/include/srv_and_cli_ros2/msg/detail/tutorial__struct.h
[3.051s] -- Up-to-date: /home/gyufoxy/dev_ws/install/srv_and_cli_ros2/include/srv_and_cli_ros2/msg/tutorial.h
[3.051s] -- Up-to-date: /home/gyufoxy/dev_ws/install/srv_and_cli_ros2/include/srv_and_cli_ros2/msg/rosidl_generator_c__visibility_control.h
[3.051s] -- Up-to-date: /home/gyufoxy/dev_ws/install/srv_and_cli_ros2/share/srv_and_cli_ros2/environment/library_path.sh
[3.051s] -- Installing: /home/gyufoxy/dev_ws/install/srv_and_cli_ros2/share/srv_and_cli_ros2/environment/library_path.dsv
[3.051s] -- Up-to-date: /home/gyufoxy/dev_ws/install/srv_and_cli_ros2/lib/libsrv_and_cli_ros2__rosidl_generator_c.so
[3.051s] -- Up-to-date: /home/gyufoxy/dev_ws/install/srv_and_cli_ros2/include/srv_and_cli_ros2
[3.052s] -- Up-to-date: /home/gyufoxy/dev_ws/install/srv_and_cli_ros2/include/srv_and_cli_ros2/srv
[3.052s] -- Up-to-date: /home/gyufoxy/dev_ws/install/srv_and_cli_ros2/include/srv_and_cli_ros2/srv/detail
[3.052s] -- Up-to-date: /home/gyufoxy/dev_ws/install/srv_and_cli_ros2/include/srv_and_cli_ros2/srv/detail/tutorial__rosidl_typesupport_fastrtps_c.h
[3.052s] -- Up-to-date: /home/gyufoxy/dev_ws/install/srv_and_cli_ros2/include/srv_and_cli_ros2/msg
[3.052s] -- Up-to-date: /home/gyufoxy/dev_ws/install/srv_and_cli_ros2/include/srv_and_cli_ros2/msg/rosidl_typesupport_fastrtps_c__visibility_control.h
[3.052s] -- Up-to-date: /home/gyufoxy/dev_ws/install/srv_and_cli_ros2/include/srv_and_cli_ros2/msg/detail
[3.052s] -- Up-to-date: /home/gyufoxy/dev_ws/install/srv_and_cli_ros2/include/srv_and_cli_ros2/msg/detail/tutorial__rosidl_typesupport_fastrtps_c.h
[3.052s] -- Up-to-date: /home/gyufoxy/dev_ws/install/srv_and_cli_ros2/lib/libsrv_and_cli_ros2__rosidl_typesupport_fastrtps_c.so
[3.052s] -- Up-to-date: /home/gyufoxy/dev_ws/install/srv_and_cli_ros2/include/srv_and_cli_ros2
[3.052s] -- Up-to-date: /home/gyufoxy/dev_ws/install/srv_and_cli_ros2/include/srv_and_cli_ros2/srv
[3.052s] -- Up-to-date: /home/gyufoxy/dev_ws/install/srv_and_cli_ros2/include/srv_and_cli_ros2/srv/detail
[3.052s] -- Up-to-date: /home/gyufoxy/dev_ws/install/srv_and_cli_ros2/include/srv_and_cli_ros2/srv/detail/tutorial__rosidl_typesupport_fastrtps_cpp.hpp
[3.053s] -- Up-to-date: /home/gyufoxy/dev_ws/install/srv_and_cli_ros2/include/srv_and_cli_ros2/srv/detail/dds_fastrtps
[3.053s] -- Up-to-date: /home/gyufoxy/dev_ws/install/srv_and_cli_ros2/include/srv_and_cli_ros2/msg
[3.053s] -- Up-to-date: /home/gyufoxy/dev_ws/install/srv_and_cli_ros2/include/srv_and_cli_ros2/msg/detail
[3.053s] -- Up-to-date: /home/gyufoxy/dev_ws/install/srv_and_cli_ros2/include/srv_and_cli_ros2/msg/detail/tutorial__rosidl_typesupport_fastrtps_cpp.hpp
[3.053s] -- Up-to-date: /home/gyufoxy/dev_ws/install/srv_and_cli_ros2/include/srv_and_cli_ros2/msg/detail/dds_fastrtps
[3.053s] -- Up-to-date: /home/gyufoxy/dev_ws/install/srv_and_cli_ros2/include/srv_and_cli_ros2/msg/rosidl_typesupport_fastrtps_cpp__visibility_control.h
[3.053s] -- Up-to-date: /home/gyufoxy/dev_ws/install/srv_and_cli_ros2/lib/libsrv_and_cli_ros2__rosidl_typesupport_fastrtps_cpp.so
[3.053s] -- Up-to-date: /home/gyufoxy/dev_ws/install/srv_and_cli_ros2/include/srv_and_cli_ros2
[3.053s] -- Up-to-date: /home/gyufoxy/dev_ws/install/srv_and_cli_ros2/include/srv_and_cli_ros2/srv
[3.054s] -- Up-to-date: /home/gyufoxy/dev_ws/install/srv_and_cli_ros2/include/srv_and_cli_ros2/srv/detail
[3.054s] -- Up-to-date: /home/gyufoxy/dev_ws/install/srv_and_cli_ros2/include/srv_and_cli_ros2/srv/detail/tutorial__type_support.c
[3.054s] -- Up-to-date: /home/gyufoxy/dev_ws/install/srv_and_cli_ros2/include/srv_and_cli_ros2/srv/detail/tutorial__rosidl_typesupport_introspection_c.h
[3.054s] -- Up-to-date: /home/gyufoxy/dev_ws/install/srv_and_cli_ros2/include/srv_and_cli_ros2/msg
[3.054s] -- Up-to-date: /home/gyufoxy/dev_ws/install/srv_and_cli_ros2/include/srv_and_cli_ros2/msg/rosidl_typesupport_introspection_c__visibility_control.h
[3.054s] -- Up-to-date: /home/gyufoxy/dev_ws/install/srv_and_cli_ros2/include/srv_and_cli_ros2/msg/detail
[3.054s] -- Up-to-date: /home/gyufoxy/dev_ws/install/srv_and_cli_ros2/include/srv_and_cli_ros2/msg/detail/tutorial__type_support.c
[3.054s] -- Up-to-date: /home/gyufoxy/dev_ws/install/srv_and_cli_ros2/include/srv_and_cli_ros2/msg/detail/tutorial__rosidl_typesupport_introspection_c.h
[3.054s] -- Up-to-date: /home/gyufoxy/dev_ws/install/srv_and_cli_ros2/lib/libsrv_and_cli_ros2__rosidl_typesupport_introspection_c.so
[3.054s] -- Up-to-date: /home/gyufoxy/dev_ws/install/srv_and_cli_ros2/lib/libsrv_and_cli_ros2__rosidl_typesupport_c.so
[3.054s] -- Up-to-date: /home/gyufoxy/dev_ws/install/srv_and_cli_ros2/include/srv_and_cli_ros2
[3.054s] -- Up-to-date: /home/gyufoxy/dev_ws/install/srv_and_cli_ros2/include/srv_and_cli_ros2/srv
[3.054s] -- Up-to-date: /home/gyufoxy/dev_ws/install/srv_and_cli_ros2/include/srv_and_cli_ros2/srv/tutorial.hpp
[3.055s] -- Up-to-date: /home/gyufoxy/dev_ws/install/srv_and_cli_ros2/include/srv_and_cli_ros2/srv/detail
[3.055s] -- Up-to-date: /home/gyufoxy/dev_ws/install/srv_and_cli_ros2/include/srv_and_cli_ros2/srv/detail/tutorial__struct.hpp
[3.055s] -- Up-to-date: /home/gyufoxy/dev_ws/install/srv_and_cli_ros2/include/srv_and_cli_ros2/srv/detail/tutorial__traits.hpp
[3.055s] -- Up-to-date: /home/gyufoxy/dev_ws/install/srv_and_cli_ros2/include/srv_and_cli_ros2/srv/detail/tutorial__builder.hpp
[3.055s] -- Up-to-date: /home/gyufoxy/dev_ws/install/srv_and_cli_ros2/include/srv_and_cli_ros2/msg
[3.055s] -- Up-to-date: /home/gyufoxy/dev_ws/install/srv_and_cli_ros2/include/srv_and_cli_ros2/msg/tutorial.hpp
[3.055s] -- Up-to-date: /home/gyufoxy/dev_ws/install/srv_and_cli_ros2/include/srv_and_cli_ros2/msg/detail
[3.055s] -- Up-to-date: /home/gyufoxy/dev_ws/install/srv_and_cli_ros2/include/srv_and_cli_ros2/msg/detail/tutorial__struct.hpp
[3.055s] -- Up-to-date: /home/gyufoxy/dev_ws/install/srv_and_cli_ros2/include/srv_and_cli_ros2/msg/detail/tutorial__traits.hpp
[3.055s] -- Up-to-date: /home/gyufoxy/dev_ws/install/srv_and_cli_ros2/include/srv_and_cli_ros2/msg/detail/tutorial__builder.hpp
[3.055s] -- Up-to-date: /home/gyufoxy/dev_ws/install/srv_and_cli_ros2/include/srv_and_cli_ros2
[3.055s] -- Up-to-date: /home/gyufoxy/dev_ws/install/srv_and_cli_ros2/include/srv_and_cli_ros2/srv
[3.055s] -- Up-to-date: /home/gyufoxy/dev_ws/install/srv_and_cli_ros2/include/srv_and_cli_ros2/srv/detail
[3.055s] -- Up-to-date: /home/gyufoxy/dev_ws/install/srv_and_cli_ros2/include/srv_and_cli_ros2/srv/detail/tutorial__rosidl_typesupport_introspection_cpp.hpp
[3.055s] -- Up-to-date: /home/gyufoxy/dev_ws/install/srv_and_cli_ros2/include/srv_and_cli_ros2/srv/detail/tutorial__type_support.cpp
[3.056s] -- Up-to-date: /home/gyufoxy/dev_ws/install/srv_and_cli_ros2/include/srv_and_cli_ros2/msg
[3.056s] -- Up-to-date: /home/gyufoxy/dev_ws/install/srv_and_cli_ros2/include/srv_and_cli_ros2/msg/detail
[3.056s] -- Up-to-date: /home/gyufoxy/dev_ws/install/srv_and_cli_ros2/include/srv_and_cli_ros2/msg/detail/tutorial__rosidl_typesupport_introspection_cpp.hpp
[3.056s] -- Up-to-date: /home/gyufoxy/dev_ws/install/srv_and_cli_ros2/include/srv_and_cli_ros2/msg/detail/tutorial__type_support.cpp
[3.056s] -- Up-to-date: /home/gyufoxy/dev_ws/install/srv_and_cli_ros2/lib/libsrv_and_cli_ros2__rosidl_typesupport_introspection_cpp.so
[3.056s] -- Up-to-date: /home/gyufoxy/dev_ws/install/srv_and_cli_ros2/lib/libsrv_and_cli_ros2__rosidl_typesupport_cpp.so
[3.056s] -- Up-to-date: /home/gyufoxy/dev_ws/install/srv_and_cli_ros2/share/srv_and_cli_ros2/environment/pythonpath.sh
[3.056s] -- Installing: /home/gyufoxy/dev_ws/install/srv_and_cli_ros2/share/srv_and_cli_ros2/environment/pythonpath.dsv
[3.056s] -- Installing: /home/gyufoxy/dev_ws/install/srv_and_cli_ros2/lib/python3.8/site-packages/srv_and_cli_ros2/__init__.py
[3.083s] Compiling '/home/gyufoxy/dev_ws/install/srv_and_cli_ros2/lib/python3.8/site-packages/srv_and_cli_ros2/__init__.py'...
[3.087s] -- Up-to-date: /home/gyufoxy/dev_ws/install/srv_and_cli_ros2/lib/python3.8/site-packages/srv_and_cli_ros2/msg
[3.087s] -- Up-to-date: /home/gyufoxy/dev_ws/install/srv_and_cli_ros2/lib/python3.8/site-packages/srv_and_cli_ros2/msg/_tutorial.py
[3.087s] -- Up-to-date: /home/gyufoxy/dev_ws/install/srv_and_cli_ros2/lib/python3.8/site-packages/srv_and_cli_ros2/msg/__init__.py
[3.087s] -- Up-to-date: /home/gyufoxy/dev_ws/install/srv_and_cli_ros2/lib/python3.8/site-packages/srv_and_cli_ros2/msg/_tutorial_s.c
[3.088s] -- Up-to-date: /home/gyufoxy/dev_ws/install/srv_and_cli_ros2/lib/python3.8/site-packages/srv_and_cli_ros2/srv
[3.088s] -- Up-to-date: /home/gyufoxy/dev_ws/install/srv_and_cli_ros2/lib/python3.8/site-packages/srv_and_cli_ros2/srv/_tutorial.py
[3.088s] -- Up-to-date: /home/gyufoxy/dev_ws/install/srv_and_cli_ros2/lib/python3.8/site-packages/srv_and_cli_ros2/srv/__init__.py
[3.088s] -- Up-to-date: /home/gyufoxy/dev_ws/install/srv_and_cli_ros2/lib/python3.8/site-packages/srv_and_cli_ros2/srv/_tutorial_s.c
[3.088s] -- Up-to-date: /home/gyufoxy/dev_ws/install/srv_and_cli_ros2/lib/python3.8/site-packages/srv_and_cli_ros2/srv_and_cli_ros2_s__rosidl_typesupport_fastrtps_c.cpython-38-x86_64-linux-gnu.so
[3.088s] -- Up-to-date: /home/gyufoxy/dev_ws/install/srv_and_cli_ros2/lib/python3.8/site-packages/srv_and_cli_ros2/srv_and_cli_ros2_s__rosidl_typesupport_introspection_c.cpython-38-x86_64-linux-gnu.so
[3.089s] -- Up-to-date: /home/gyufoxy/dev_ws/install/srv_and_cli_ros2/lib/python3.8/site-packages/srv_and_cli_ros2/srv_and_cli_ros2_s__rosidl_typesupport_c.cpython-38-x86_64-linux-gnu.so
[3.090s] -- Up-to-date: /home/gyufoxy/dev_ws/install/srv_and_cli_ros2/lib/libsrv_and_cli_ros2__python.so
[3.090s] -- Up-to-date: /home/gyufoxy/dev_ws/install/srv_and_cli_ros2/share/srv_and_cli_ros2/msg/Tutorial.idl
[3.090s] -- Up-to-date: /home/gyufoxy/dev_ws/install/srv_and_cli_ros2/share/srv_and_cli_ros2/srv/Tutorial.idl
[3.090s] -- Up-to-date: /home/gyufoxy/dev_ws/install/srv_and_cli_ros2/share/srv_and_cli_ros2/msg/Tutorial.msg
[3.090s] -- Up-to-date: /home/gyufoxy/dev_ws/install/srv_and_cli_ros2/share/srv_and_cli_ros2/srv/Tutorial.srv
[3.091s] -- Up-to-date: /home/gyufoxy/dev_ws/install/srv_and_cli_ros2/share/srv_and_cli_ros2/srv/Tutorial_Request.msg
[3.091s] -- Up-to-date: /home/gyufoxy/dev_ws/install/srv_and_cli_ros2/share/srv_and_cli_ros2/srv/Tutorial_Response.msg
[3.091s] -- Up-to-date: /home/gyufoxy/dev_ws/install/srv_and_cli_ros2/share/ament_index/resource_index/package_run_dependencies/srv_and_cli_ros2
[3.091s] -- Installing: /home/gyufoxy/dev_ws/install/srv_and_cli_ros2/share/ament_index/resource_index/parent_prefix_path/srv_and_cli_ros2
[3.091s] -- Up-to-date: /home/gyufoxy/dev_ws/install/srv_and_cli_ros2/share/srv_and_cli_ros2/environment/ament_prefix_path.sh
[3.091s] -- Installing: /home/gyufoxy/dev_ws/install/srv_and_cli_ros2/share/srv_and_cli_ros2/environment/ament_prefix_path.dsv
[3.091s] -- Up-to-date: /home/gyufoxy/dev_ws/install/srv_and_cli_ros2/share/srv_and_cli_ros2/environment/path.sh
[3.091s] -- Installing: /home/gyufoxy/dev_ws/install/srv_and_cli_ros2/share/srv_and_cli_ros2/environment/path.dsv
[3.091s] -- Up-to-date: /home/gyufoxy/dev_ws/install/srv_and_cli_ros2/share/srv_and_cli_ros2/local_setup.bash
[3.091s] -- Up-to-date: /home/gyufoxy/dev_ws/install/srv_and_cli_ros2/share/srv_and_cli_ros2/local_setup.sh
[3.091s] -- Up-to-date: /home/gyufoxy/dev_ws/install/srv_and_cli_ros2/share/srv_and_cli_ros2/local_setup.zsh
[3.092s] -- Installing: /home/gyufoxy/dev_ws/install/srv_and_cli_ros2/share/srv_and_cli_ros2/local_setup.dsv
[3.092s] -- Installing: /home/gyufoxy/dev_ws/install/srv_and_cli_ros2/share/srv_and_cli_ros2/package.dsv
[3.092s] -- Up-to-date: /home/gyufoxy/dev_ws/install/srv_and_cli_ros2/share/ament_index/resource_index/packages/srv_and_cli_ros2
[3.092s] -- Up-to-date: /home/gyufoxy/dev_ws/install/srv_and_cli_ros2/share/srv_and_cli_ros2/cmake/srv_and_cli_ros2__rosidl_generator_cExport.cmake
[3.092s] -- Installing: /home/gyufoxy/dev_ws/install/srv_and_cli_ros2/share/srv_and_cli_ros2/cmake/srv_and_cli_ros2__rosidl_generator_cExport-noconfig.cmake
[3.092s] -- Up-to-date: /home/gyufoxy/dev_ws/install/srv_and_cli_ros2/share/srv_and_cli_ros2/cmake/srv_and_cli_ros2__rosidl_typesupport_introspection_cExport.cmake
[3.092s] -- Installing: /home/gyufoxy/dev_ws/install/srv_and_cli_ros2/share/srv_and_cli_ros2/cmake/srv_and_cli_ros2__rosidl_typesupport_introspection_cExport-noconfig.cmake
[3.092s] -- Up-to-date: /home/gyufoxy/dev_ws/install/srv_and_cli_ros2/share/srv_and_cli_ros2/cmake/srv_and_cli_ros2__rosidl_typesupport_cExport.cmake
[3.092s] -- Installing: /home/gyufoxy/dev_ws/install/srv_and_cli_ros2/share/srv_and_cli_ros2/cmake/srv_and_cli_ros2__rosidl_typesupport_cExport-noconfig.cmake
[3.092s] -- Up-to-date: /home/gyufoxy/dev_ws/install/srv_and_cli_ros2/share/srv_and_cli_ros2/cmake/srv_and_cli_ros2__rosidl_generator_cppExport.cmake
[3.092s] -- Up-to-date: /home/gyufoxy/dev_ws/install/srv_and_cli_ros2/share/srv_and_cli_ros2/cmake/srv_and_cli_ros2__rosidl_typesupport_introspection_cppExport.cmake
[3.093s] -- Installing: /home/gyufoxy/dev_ws/install/srv_and_cli_ros2/share/srv_and_cli_ros2/cmake/srv_and_cli_ros2__rosidl_typesupport_introspection_cppExport-noconfig.cmake
[3.093s] -- Up-to-date: /home/gyufoxy/dev_ws/install/srv_and_cli_ros2/share/srv_and_cli_ros2/cmake/srv_and_cli_ros2__rosidl_typesupport_cppExport.cmake
[3.093s] -- Installing: /home/gyufoxy/dev_ws/install/srv_and_cli_ros2/share/srv_and_cli_ros2/cmake/srv_and_cli_ros2__rosidl_typesupport_cppExport-noconfig.cmake
[3.093s] -- Up-to-date: /home/gyufoxy/dev_ws/install/srv_and_cli_ros2/share/srv_and_cli_ros2/cmake/rosidl_cmake-extras.cmake
[3.093s] -- Up-to-date: /home/gyufoxy/dev_ws/install/srv_and_cli_ros2/share/srv_and_cli_ros2/cmake/ament_cmake_export_dependencies-extras.cmake
[3.093s] -- Up-to-date: /home/gyufoxy/dev_ws/install/srv_and_cli_ros2/share/srv_and_cli_ros2/cmake/ament_cmake_export_libraries-extras.cmake
[3.093s] -- Up-to-date: /home/gyufoxy/dev_ws/install/srv_and_cli_ros2/share/srv_and_cli_ros2/cmake/ament_cmake_export_targets-extras.cmake
[3.093s] -- Up-to-date: /home/gyufoxy/dev_ws/install/srv_and_cli_ros2/share/srv_and_cli_ros2/cmake/ament_cmake_export_include_directories-extras.cmake
[3.093s] -- Up-to-date: /home/gyufoxy/dev_ws/install/srv_and_cli_ros2/share/srv_and_cli_ros2/cmake/rosidl_cmake_export_typesupport_libraries-extras.cmake
[3.094s] -- Up-to-date: /home/gyufoxy/dev_ws/install/srv_and_cli_ros2/share/srv_and_cli_ros2/cmake/rosidl_cmake_export_typesupport_targets-extras.cmake
[3.094s] -- Up-to-date: /home/gyufoxy/dev_ws/install/srv_and_cli_ros2/share/srv_and_cli_ros2/cmake/srv_and_cli_ros2Config.cmake
[3.094s] -- Up-to-date: /home/gyufoxy/dev_ws/install/srv_and_cli_ros2/share/srv_and_cli_ros2/cmake/srv_and_cli_ros2Config-version.cmake
[3.094s] -- Up-to-date: /home/gyufoxy/dev_ws/install/srv_and_cli_ros2/share/srv_and_cli_ros2/package.xml
[3.096s] Invoked command in '/home/gyufoxy/dev_ws/build/srv_and_cli_ros2' returned '0': CMAKE_PREFIX_PATH=${CMAKE_PREFIX_PATH}:/opt/ros/foxy /usr/bin/cmake --install /home/gyufoxy/dev_ws/build/srv_and_cli_ros2
