[  2%] Built target srv_and_cli_ros2__cpp
[ 11%] Built target srv_and_cli_ros2__rosidl_generator_c
[ 16%] Built target server
[ 20%] Built target client
[ 30%] Built target srv_and_cli_ros2__rosidl_typesupport_cpp
[ 39%] Built target srv_and_cli_ros2__rosidl_typesupport_fastrtps_cpp
[ 48%] Built target srv_and_cli_ros2__rosidl_typesupport_introspection_c
[ 58%] Built target srv_and_cli_ros2__rosidl_typesupport_c
[ 67%] Built target srv_and_cli_ros2__rosidl_typesupport_introspection_cpp
[ 76%] Built target srv_and_cli_ros2__rosidl_typesupport_fastrtps_c
[ 76%] Built target srv_and_cli_ros2
[ 79%] Built target srv_and_cli_ros2__py
[ 86%] Built target srv_and_cli_ros2__python
[ 90%] Built target srv_and_cli_ros2__rosidl_typesupport_introspection_c__pyext
[ 95%] Built target srv_and_cli_ros2__rosidl_typesupport_c__pyext
[100%] Built target srv_and_cli_ros2__rosidl_typesupport_fastrtps_c__pyext
-- Install configuration: ""
-- Up-to-date: /home/gyufoxy/dev_ws/install/srv_and_cli_ros2/lib/srv_and_cli_ros2/server
-- Up-to-date: /home/gyufoxy/dev_ws/install/srv_and_cli_ros2/lib/srv_and_cli_ros2/client
-- Up-to-date: /home/gyufoxy/dev_ws/install/srv_and_cli_ros2/share/ament_index/resource_index/rosidl_interfaces/srv_and_cli_ros2
-- Up-to-date: /home/gyufoxy/dev_ws/install/srv_and_cli_ros2/include/srv_and_cli_ros2
-- Up-to-date: /home/gyufoxy/dev_ws/install/srv_and_cli_ros2/include/srv_and_cli_ros2/srv
-- Up-to-date: /home/gyufoxy/dev_ws/install/srv_and_cli_ros2/include/srv_and_cli_ros2/srv/detail
-- Up-to-date: /home/gyufoxy/dev_ws/install/srv_and_cli_ros2/include/srv_and_cli_ros2/srv/detail/tutorial__functions.h
-- Up-to-date: /home/gyufoxy/dev_ws/install/srv_and_cli_ros2/include/srv_and_cli_ros2/srv/detail/tutorial__type_support.h
-- Up-to-date: /home/gyufoxy/dev_ws/install/srv_and_cli_ros2/include/srv_and_cli_ros2/srv/detail/tutorial__functions.c
-- Up-to-date: /home/gyufoxy/dev_ws/install/srv_and_cli_ros2/include/srv_and_cli_ros2/srv/detail/tutorial__struct.h
-- Up-to-date: /home/gyufoxy/dev_ws/install/srv_and_cli_ros2/include/srv_and_cli_ros2/srv/tutorial.h
-- Up-to-date: /home/gyufoxy/dev_ws/install/srv_and_cli_ros2/include/srv_and_cli_ros2/msg
-- Up-to-date: /home/gyufoxy/dev_ws/install/srv_and_cli_ros2/include/srv_and_cli_ros2/msg/detail
-- Up-to-date: /home/gyufoxy/dev_ws/install/srv_and_cli_ros2/include/srv_and_cli_ros2/msg/detail/tutorial__functions.h
-- Up-to-date: /home/gyufoxy/dev_ws/install/srv_and_cli_ros2/include/srv_and_cli_ros2/msg/detail/tutorial__type_support.h
-- Up-to-date: /home/gyufoxy/dev_ws/install/srv_and_cli_ros2/include/srv_and_cli_ros2/msg/detail/tutorial__functions.c
-- Up-to-date: /home/gyufoxy/dev_ws/install/srv_and_cli_ros2/include/srv_and_cli_ros2/msg/detail/tutorial__struct.h
-- Up-to-date: /home/gyufoxy/dev_ws/install/srv_and_cli_ros2/include/srv_and_cli_ros2/msg/tutorial.h
-- Up-to-date: /home/gyufoxy/dev_ws/install/srv_and_cli_ros2/include/srv_and_cli_ros2/msg/rosidl_generator_c__visibility_control.h
-- Up-to-date: /home/gyufoxy/dev_ws/install/srv_and_cli_ros2/share/srv_and_cli_ros2/environment/library_path.sh
-- Up-to-date: /home/gyufoxy/dev_ws/install/srv_and_cli_ros2/share/srv_and_cli_ros2/environment/library_path.dsv
-- Up-to-date: /home/gyufoxy/dev_ws/install/srv_and_cli_ros2/lib/libsrv_and_cli_ros2__rosidl_generator_c.so
-- Up-to-date: /home/gyufoxy/dev_ws/install/srv_and_cli_ros2/include/srv_and_cli_ros2
-- Up-to-date: /home/gyufoxy/dev_ws/install/srv_and_cli_ros2/include/srv_and_cli_ros2/srv
-- Up-to-date: /home/gyufoxy/dev_ws/install/srv_and_cli_ros2/include/srv_and_cli_ros2/srv/detail
-- Up-to-date: /home/gyufoxy/dev_ws/install/srv_and_cli_ros2/include/srv_and_cli_ros2/srv/detail/tutorial__rosidl_typesupport_fastrtps_c.h
-- Up-to-date: /home/gyufoxy/dev_ws/install/srv_and_cli_ros2/include/srv_and_cli_ros2/msg
-- Up-to-date: /home/gyufoxy/dev_ws/install/srv_and_cli_ros2/include/srv_and_cli_ros2/msg/rosidl_typesupport_fastrtps_c__visibility_control.h
-- Up-to-date: /home/gyufoxy/dev_ws/install/srv_and_cli_ros2/include/srv_and_cli_ros2/msg/detail
-- Up-to-date: /home/gyufoxy/dev_ws/install/srv_and_cli_ros2/include/srv_and_cli_ros2/msg/detail/tutorial__rosidl_typesupport_fastrtps_c.h
-- Up-to-date: /home/gyufoxy/dev_ws/install/srv_and_cli_ros2/lib/libsrv_and_cli_ros2__rosidl_typesupport_fastrtps_c.so
-- Up-to-date: /home/gyufoxy/dev_ws/install/srv_and_cli_ros2/include/srv_and_cli_ros2
-- Up-to-date: /home/gyufoxy/dev_ws/install/srv_and_cli_ros2/include/srv_and_cli_ros2/srv
-- Up-to-date: /home/gyufoxy/dev_ws/install/srv_and_cli_ros2/include/srv_and_cli_ros2/srv/detail
-- Up-to-date: /home/gyufoxy/dev_ws/install/srv_and_cli_ros2/include/srv_and_cli_ros2/srv/detail/tutorial__rosidl_typesupport_fastrtps_cpp.hpp
-- Up-to-date: /home/gyufoxy/dev_ws/install/srv_and_cli_ros2/include/srv_and_cli_ros2/srv/detail/dds_fastrtps
-- Up-to-date: /home/gyufoxy/dev_ws/install/srv_and_cli_ros2/include/srv_and_cli_ros2/msg
-- Up-to-date: /home/gyufoxy/dev_ws/install/srv_and_cli_ros2/include/srv_and_cli_ros2/msg/detail
-- Up-to-date: /home/gyufoxy/dev_ws/install/srv_and_cli_ros2/include/srv_and_cli_ros2/msg/detail/tutorial__rosidl_typesupport_fastrtps_cpp.hpp
-- Up-to-date: /home/gyufoxy/dev_ws/install/srv_and_cli_ros2/include/srv_and_cli_ros2/msg/detail/dds_fastrtps
-- Up-to-date: /home/gyufoxy/dev_ws/install/srv_and_cli_ros2/include/srv_and_cli_ros2/msg/rosidl_typesupport_fastrtps_cpp__visibility_control.h
-- Up-to-date: /home/gyufoxy/dev_ws/install/srv_and_cli_ros2/lib/libsrv_and_cli_ros2__rosidl_typesupport_fastrtps_cpp.so
-- Up-to-date: /home/gyufoxy/dev_ws/install/srv_and_cli_ros2/include/srv_and_cli_ros2
-- Up-to-date: /home/gyufoxy/dev_ws/install/srv_and_cli_ros2/include/srv_and_cli_ros2/srv
-- Up-to-date: /home/gyufoxy/dev_ws/install/srv_and_cli_ros2/include/srv_and_cli_ros2/srv/detail
-- Up-to-date: /home/gyufoxy/dev_ws/install/srv_and_cli_ros2/include/srv_and_cli_ros2/srv/detail/tutorial__type_support.c
-- Up-to-date: /home/gyufoxy/dev_ws/install/srv_and_cli_ros2/include/srv_and_cli_ros2/srv/detail/tutorial__rosidl_typesupport_introspection_c.h
-- Up-to-date: /home/gyufoxy/dev_ws/install/srv_and_cli_ros2/include/srv_and_cli_ros2/msg
-- Up-to-date: /home/gyufoxy/dev_ws/install/srv_and_cli_ros2/include/srv_and_cli_ros2/msg/rosidl_typesupport_introspection_c__visibility_control.h
-- Up-to-date: /home/gyufoxy/dev_ws/install/srv_and_cli_ros2/include/srv_and_cli_ros2/msg/detail
-- Up-to-date: /home/gyufoxy/dev_ws/install/srv_and_cli_ros2/include/srv_and_cli_ros2/msg/detail/tutorial__type_support.c
-- Up-to-date: /home/gyufoxy/dev_ws/install/srv_and_cli_ros2/include/srv_and_cli_ros2/msg/detail/tutorial__rosidl_typesupport_introspection_c.h
-- Up-to-date: /home/gyufoxy/dev_ws/install/srv_and_cli_ros2/lib/libsrv_and_cli_ros2__rosidl_typesupport_introspection_c.so
-- Up-to-date: /home/gyufoxy/dev_ws/install/srv_and_cli_ros2/lib/libsrv_and_cli_ros2__rosidl_typesupport_c.so
-- Up-to-date: /home/gyufoxy/dev_ws/install/srv_and_cli_ros2/include/srv_and_cli_ros2
-- Up-to-date: /home/gyufoxy/dev_ws/install/srv_and_cli_ros2/include/srv_and_cli_ros2/srv
-- Up-to-date: /home/gyufoxy/dev_ws/install/srv_and_cli_ros2/include/srv_and_cli_ros2/srv/tutorial.hpp
-- Up-to-date: /home/gyufoxy/dev_ws/install/srv_and_cli_ros2/include/srv_and_cli_ros2/srv/detail
-- Up-to-date: /home/gyufoxy/dev_ws/install/srv_and_cli_ros2/include/srv_and_cli_ros2/srv/detail/tutorial__struct.hpp
-- Up-to-date: /home/gyufoxy/dev_ws/install/srv_and_cli_ros2/include/srv_and_cli_ros2/srv/detail/tutorial__traits.hpp
-- Up-to-date: /home/gyufoxy/dev_ws/install/srv_and_cli_ros2/include/srv_and_cli_ros2/srv/detail/tutorial__builder.hpp
-- Up-to-date: /home/gyufoxy/dev_ws/install/srv_and_cli_ros2/include/srv_and_cli_ros2/msg
-- Up-to-date: /home/gyufoxy/dev_ws/install/srv_and_cli_ros2/include/srv_and_cli_ros2/msg/tutorial.hpp
-- Up-to-date: /home/gyufoxy/dev_ws/install/srv_and_cli_ros2/include/srv_and_cli_ros2/msg/detail
-- Up-to-date: /home/gyufoxy/dev_ws/install/srv_and_cli_ros2/include/srv_and_cli_ros2/msg/detail/tutorial__struct.hpp
-- Up-to-date: /home/gyufoxy/dev_ws/install/srv_and_cli_ros2/include/srv_and_cli_ros2/msg/detail/tutorial__traits.hpp
-- Up-to-date: /home/gyufoxy/dev_ws/install/srv_and_cli_ros2/include/srv_and_cli_ros2/msg/detail/tutorial__builder.hpp
-- Up-to-date: /home/gyufoxy/dev_ws/install/srv_and_cli_ros2/include/srv_and_cli_ros2
-- Up-to-date: /home/gyufoxy/dev_ws/install/srv_and_cli_ros2/include/srv_and_cli_ros2/srv
-- Up-to-date: /home/gyufoxy/dev_ws/install/srv_and_cli_ros2/include/srv_and_cli_ros2/srv/detail
-- Up-to-date: /home/gyufoxy/dev_ws/install/srv_and_cli_ros2/include/srv_and_cli_ros2/srv/detail/tutorial__rosidl_typesupport_introspection_cpp.hpp
-- Up-to-date: /home/gyufoxy/dev_ws/install/srv_and_cli_ros2/include/srv_and_cli_ros2/srv/detail/tutorial__type_support.cpp
-- Up-to-date: /home/gyufoxy/dev_ws/install/srv_and_cli_ros2/include/srv_and_cli_ros2/msg
-- Up-to-date: /home/gyufoxy/dev_ws/install/srv_and_cli_ros2/include/srv_and_cli_ros2/msg/detail
-- Up-to-date: /home/gyufoxy/dev_ws/install/srv_and_cli_ros2/include/srv_and_cli_ros2/msg/detail/tutorial__rosidl_typesupport_introspection_cpp.hpp
-- Up-to-date: /home/gyufoxy/dev_ws/install/srv_and_cli_ros2/include/srv_and_cli_ros2/msg/detail/tutorial__type_support.cpp
-- Up-to-date: /home/gyufoxy/dev_ws/install/srv_and_cli_ros2/lib/libsrv_and_cli_ros2__rosidl_typesupport_introspection_cpp.so
-- Up-to-date: /home/gyufoxy/dev_ws/install/srv_and_cli_ros2/lib/libsrv_and_cli_ros2__rosidl_typesupport_cpp.so
-- Up-to-date: /home/gyufoxy/dev_ws/install/srv_and_cli_ros2/share/srv_and_cli_ros2/environment/pythonpath.sh
-- Up-to-date: /home/gyufoxy/dev_ws/install/srv_and_cli_ros2/share/srv_and_cli_ros2/environment/pythonpath.dsv
-- Up-to-date: /home/gyufoxy/dev_ws/install/srv_and_cli_ros2/lib/python3.8/site-packages/srv_and_cli_ros2/__init__.py
-- Up-to-date: /home/gyufoxy/dev_ws/install/srv_and_cli_ros2/lib/python3.8/site-packages/srv_and_cli_ros2/msg
-- Up-to-date: /home/gyufoxy/dev_ws/install/srv_and_cli_ros2/lib/python3.8/site-packages/srv_and_cli_ros2/msg/_tutorial.py
-- Up-to-date: /home/gyufoxy/dev_ws/install/srv_and_cli_ros2/lib/python3.8/site-packages/srv_and_cli_ros2/msg/__init__.py
-- Up-to-date: /home/gyufoxy/dev_ws/install/srv_and_cli_ros2/lib/python3.8/site-packages/srv_and_cli_ros2/msg/_tutorial_s.c
-- Up-to-date: /home/gyufoxy/dev_ws/install/srv_and_cli_ros2/lib/python3.8/site-packages/srv_and_cli_ros2/srv
-- Up-to-date: /home/gyufoxy/dev_ws/install/srv_and_cli_ros2/lib/python3.8/site-packages/srv_and_cli_ros2/srv/_tutorial.py
-- Up-to-date: /home/gyufoxy/dev_ws/install/srv_and_cli_ros2/lib/python3.8/site-packages/srv_and_cli_ros2/srv/__init__.py
-- Up-to-date: /home/gyufoxy/dev_ws/install/srv_and_cli_ros2/lib/python3.8/site-packages/srv_and_cli_ros2/srv/_tutorial_s.c
-- Up-to-date: /home/gyufoxy/dev_ws/install/srv_and_cli_ros2/lib/python3.8/site-packages/srv_and_cli_ros2/srv_and_cli_ros2_s__rosidl_typesupport_fastrtps_c.cpython-38-x86_64-linux-gnu.so
-- Up-to-date: /home/gyufoxy/dev_ws/install/srv_and_cli_ros2/lib/python3.8/site-packages/srv_and_cli_ros2/srv_and_cli_ros2_s__rosidl_typesupport_introspection_c.cpython-38-x86_64-linux-gnu.so
-- Up-to-date: /home/gyufoxy/dev_ws/install/srv_and_cli_ros2/lib/python3.8/site-packages/srv_and_cli_ros2/srv_and_cli_ros2_s__rosidl_typesupport_c.cpython-38-x86_64-linux-gnu.so
-- Up-to-date: /home/gyufoxy/dev_ws/install/srv_and_cli_ros2/lib/libsrv_and_cli_ros2__python.so
-- Up-to-date: /home/gyufoxy/dev_ws/install/srv_and_cli_ros2/share/srv_and_cli_ros2/msg/Tutorial.idl
-- Up-to-date: /home/gyufoxy/dev_ws/install/srv_and_cli_ros2/share/srv_and_cli_ros2/srv/Tutorial.idl
-- Up-to-date: /home/gyufoxy/dev_ws/install/srv_and_cli_ros2/share/srv_and_cli_ros2/msg/Tutorial.msg
-- Up-to-date: /home/gyufoxy/dev_ws/install/srv_and_cli_ros2/share/srv_and_cli_ros2/srv/Tutorial.srv
-- Up-to-date: /home/gyufoxy/dev_ws/install/srv_and_cli_ros2/share/srv_and_cli_ros2/srv/Tutorial_Request.msg
-- Up-to-date: /home/gyufoxy/dev_ws/install/srv_and_cli_ros2/share/srv_and_cli_ros2/srv/Tutorial_Response.msg
-- Up-to-date: /home/gyufoxy/dev_ws/install/srv_and_cli_ros2/share/ament_index/resource_index/package_run_dependencies/srv_and_cli_ros2
-- Up-to-date: /home/gyufoxy/dev_ws/install/srv_and_cli_ros2/share/ament_index/resource_index/parent_prefix_path/srv_and_cli_ros2
-- Up-to-date: /home/gyufoxy/dev_ws/install/srv_and_cli_ros2/share/srv_and_cli_ros2/environment/ament_prefix_path.sh
-- Up-to-date: /home/gyufoxy/dev_ws/install/srv_and_cli_ros2/share/srv_and_cli_ros2/environment/ament_prefix_path.dsv
-- Up-to-date: /home/gyufoxy/dev_ws/install/srv_and_cli_ros2/share/srv_and_cli_ros2/environment/path.sh
-- Up-to-date: /home/gyufoxy/dev_ws/install/srv_and_cli_ros2/share/srv_and_cli_ros2/environment/path.dsv
-- Up-to-date: /home/gyufoxy/dev_ws/install/srv_and_cli_ros2/share/srv_and_cli_ros2/local_setup.bash
-- Up-to-date: /home/gyufoxy/dev_ws/install/srv_and_cli_ros2/share/srv_and_cli_ros2/local_setup.sh
-- Up-to-date: /home/gyufoxy/dev_ws/install/srv_and_cli_ros2/share/srv_and_cli_ros2/local_setup.zsh
-- Up-to-date: /home/gyufoxy/dev_ws/install/srv_and_cli_ros2/share/srv_and_cli_ros2/local_setup.dsv
-- Installing: /home/gyufoxy/dev_ws/install/srv_and_cli_ros2/share/srv_and_cli_ros2/package.dsv
-- Up-to-date: /home/gyufoxy/dev_ws/install/srv_and_cli_ros2/share/ament_index/resource_index/packages/srv_and_cli_ros2
-- Up-to-date: /home/gyufoxy/dev_ws/install/srv_and_cli_ros2/share/srv_and_cli_ros2/cmake/srv_and_cli_ros2__rosidl_generator_cExport.cmake
-- Up-to-date: /home/gyufoxy/dev_ws/install/srv_and_cli_ros2/share/srv_and_cli_ros2/cmake/srv_and_cli_ros2__rosidl_generator_cExport-noconfig.cmake
-- Up-to-date: /home/gyufoxy/dev_ws/install/srv_and_cli_ros2/share/srv_and_cli_ros2/cmake/srv_and_cli_ros2__rosidl_typesupport_introspection_cExport.cmake
-- Up-to-date: /home/gyufoxy/dev_ws/install/srv_and_cli_ros2/share/srv_and_cli_ros2/cmake/srv_and_cli_ros2__rosidl_typesupport_introspection_cExport-noconfig.cmake
-- Up-to-date: /home/gyufoxy/dev_ws/install/srv_and_cli_ros2/share/srv_and_cli_ros2/cmake/srv_and_cli_ros2__rosidl_typesupport_cExport.cmake
-- Up-to-date: /home/gyufoxy/dev_ws/install/srv_and_cli_ros2/share/srv_and_cli_ros2/cmake/srv_and_cli_ros2__rosidl_typesupport_cExport-noconfig.cmake
-- Up-to-date: /home/gyufoxy/dev_ws/install/srv_and_cli_ros2/share/srv_and_cli_ros2/cmake/srv_and_cli_ros2__rosidl_generator_cppExport.cmake
-- Up-to-date: /home/gyufoxy/dev_ws/install/srv_and_cli_ros2/share/srv_and_cli_ros2/cmake/srv_and_cli_ros2__rosidl_typesupport_introspection_cppExport.cmake
-- Up-to-date: /home/gyufoxy/dev_ws/install/srv_and_cli_ros2/share/srv_and_cli_ros2/cmake/srv_and_cli_ros2__rosidl_typesupport_introspection_cppExport-noconfig.cmake
-- Up-to-date: /home/gyufoxy/dev_ws/install/srv_and_cli_ros2/share/srv_and_cli_ros2/cmake/srv_and_cli_ros2__rosidl_typesupport_cppExport.cmake
-- Up-to-date: /home/gyufoxy/dev_ws/install/srv_and_cli_ros2/share/srv_and_cli_ros2/cmake/srv_and_cli_ros2__rosidl_typesupport_cppExport-noconfig.cmake
-- Up-to-date: /home/gyufoxy/dev_ws/install/srv_and_cli_ros2/share/srv_and_cli_ros2/cmake/rosidl_cmake-extras.cmake
-- Up-to-date: /home/gyufoxy/dev_ws/install/srv_and_cli_ros2/share/srv_and_cli_ros2/cmake/ament_cmake_export_dependencies-extras.cmake
-- Up-to-date: /home/gyufoxy/dev_ws/install/srv_and_cli_ros2/share/srv_and_cli_ros2/cmake/ament_cmake_export_libraries-extras.cmake
-- Up-to-date: /home/gyufoxy/dev_ws/install/srv_and_cli_ros2/share/srv_and_cli_ros2/cmake/ament_cmake_export_targets-extras.cmake
-- Up-to-date: /home/gyufoxy/dev_ws/install/srv_and_cli_ros2/share/srv_and_cli_ros2/cmake/ament_cmake_export_include_directories-extras.cmake
-- Up-to-date: /home/gyufoxy/dev_ws/install/srv_and_cli_ros2/share/srv_and_cli_ros2/cmake/rosidl_cmake_export_typesupport_libraries-extras.cmake
-- Up-to-date: /home/gyufoxy/dev_ws/install/srv_and_cli_ros2/share/srv_and_cli_ros2/cmake/rosidl_cmake_export_typesupport_targets-extras.cmake
-- Up-to-date: /home/gyufoxy/dev_ws/install/srv_and_cli_ros2/share/srv_and_cli_ros2/cmake/srv_and_cli_ros2Config.cmake
-- Up-to-date: /home/gyufoxy/dev_ws/install/srv_and_cli_ros2/share/srv_and_cli_ros2/cmake/srv_and_cli_ros2Config-version.cmake
-- Up-to-date: /home/gyufoxy/dev_ws/install/srv_and_cli_ros2/share/srv_and_cli_ros2/package.xml
