[0.015s] Invoking command in '/home/gyufoxy/dev_ws/build/cpp_pubsub': CMAKE_PREFIX_PATH=${CMAKE_PREFIX_PATH}:/opt/ros/foxy /usr/bin/cmake --build /home/gyufoxy/dev_ws/build/cpp_pubsub -- -j8 -l8
[0.041s] -- Found ament_cmake: 0.9.9 (/opt/ros/foxy/share/ament_cmake/cmake)
[0.060s] -- Using PYTHON_EXECUTABLE: /usr/bin/python3
[0.227s] -- Found rclcpp: 2.4.0 (/opt/ros/foxy/share/rclcpp/cmake)
[0.259s] -- Using all available rosidl_typesupport_c: rosidl_typesupport_fastrtps_c;rosidl_typesupport_introspection_c
[0.263s] -- Found rosidl_adapter: 1.2.1 (/opt/ros/foxy/share/rosidl_adapter/cmake)
[0.371s] -- Using all available rosidl_typesupport_cpp: rosidl_typesupport_fastrtps_cpp;rosidl_typesupport_introspection_cpp
[0.418s] -- Found rmw_implementation_cmake: 1.0.3 (/opt/ros/foxy/share/rmw_implementation_cmake/cmake)
[0.419s] -- Using RMW implementation 'rmw_fastrtps_cpp' as default
[0.558s] -- Found ament_lint_auto: 0.9.6 (/opt/ros/foxy/share/ament_lint_auto/cmake)
[0.613s] -- Added test 'copyright' to check source files copyright and LICENSE
[0.614s] -- Added test 'cppcheck' to perform static code analysis on C / C++ code
[0.614s] -- Configured cppcheck include dirs: 
[0.614s] -- Configured cppcheck exclude dirs and/or files: 
[0.615s] -- Added test 'cpplint' to check C / C++ code against the Google style
[0.615s] -- Configured cpplint exclude dirs and/or files: 
[0.616s] -- Added test 'lint_cmake' to check CMake code style
[0.617s] -- Added test 'uncrustify' to check C / C++ code style
[0.617s] -- Configured uncrustify additional arguments: 
[0.617s] -- Added test 'xmllint' to check XML markup files
[0.619s] -- Configuring done
[0.629s] -- Generating done
[0.630s] -- Build files have been written to: /home/gyufoxy/dev_ws/build/cpp_pubsub
[0.674s] [100%] Built target talker
[0.674s] [100%] Built target listener
[0.685s] Invoked command in '/home/gyufoxy/dev_ws/build/cpp_pubsub' returned '0': CMAKE_PREFIX_PATH=${CMAKE_PREFIX_PATH}:/opt/ros/foxy /usr/bin/cmake --build /home/gyufoxy/dev_ws/build/cpp_pubsub -- -j8 -l8
[0.722s] Invoking command in '/home/gyufoxy/dev_ws/build/cpp_pubsub': CMAKE_PREFIX_PATH=${CMAKE_PREFIX_PATH}:/opt/ros/foxy /usr/bin/cmake --install /home/gyufoxy/dev_ws/build/cpp_pubsub
[0.730s] -- Install configuration: ""
[0.730s] -- Up-to-date: /home/gyufoxy/dev_ws/install/cpp_pubsub/lib/cpp_pubsub/talker
[0.730s] -- Up-to-date: /home/gyufoxy/dev_ws/install/cpp_pubsub/lib/cpp_pubsub/listener
[0.731s] -- Up-to-date: /home/gyufoxy/dev_ws/install/cpp_pubsub/share/ament_index/resource_index/package_run_dependencies/cpp_pubsub
[0.731s] -- Installing: /home/gyufoxy/dev_ws/install/cpp_pubsub/share/ament_index/resource_index/parent_prefix_path/cpp_pubsub
[0.731s] -- Up-to-date: /home/gyufoxy/dev_ws/install/cpp_pubsub/share/cpp_pubsub/environment/ament_prefix_path.sh
[0.731s] -- Installing: /home/gyufoxy/dev_ws/install/cpp_pubsub/share/cpp_pubsub/environment/ament_prefix_path.dsv
[0.732s] -- Up-to-date: /home/gyufoxy/dev_ws/install/cpp_pubsub/share/cpp_pubsub/environment/path.sh
[0.732s] -- Installing: /home/gyufoxy/dev_ws/install/cpp_pubsub/share/cpp_pubsub/environment/path.dsv
[0.732s] -- Up-to-date: /home/gyufoxy/dev_ws/install/cpp_pubsub/share/cpp_pubsub/local_setup.bash
[0.732s] -- Up-to-date: /home/gyufoxy/dev_ws/install/cpp_pubsub/share/cpp_pubsub/local_setup.sh
[0.732s] -- Up-to-date: /home/gyufoxy/dev_ws/install/cpp_pubsub/share/cpp_pubsub/local_setup.zsh
[0.732s] -- Installing: /home/gyufoxy/dev_ws/install/cpp_pubsub/share/cpp_pubsub/local_setup.dsv
[0.732s] -- Installing: /home/gyufoxy/dev_ws/install/cpp_pubsub/share/cpp_pubsub/package.dsv
[0.732s] -- Up-to-date: /home/gyufoxy/dev_ws/install/cpp_pubsub/share/ament_index/resource_index/packages/cpp_pubsub
[0.732s] -- Installing: /home/gyufoxy/dev_ws/install/cpp_pubsub/share/cpp_pubsub/cmake/cpp_pubsubConfig.cmake
[0.732s] -- Installing: /home/gyufoxy/dev_ws/install/cpp_pubsub/share/cpp_pubsub/cmake/cpp_pubsubConfig-version.cmake
[0.733s] -- Installing: /home/gyufoxy/dev_ws/install/cpp_pubsub/share/cpp_pubsub/package.xml
[0.736s] Invoked command in '/home/gyufoxy/dev_ws/build/cpp_pubsub' returned '0': CMAKE_PREFIX_PATH=${CMAKE_PREFIX_PATH}:/opt/ros/foxy /usr/bin/cmake --install /home/gyufoxy/dev_ws/build/cpp_pubsub
