[0.015s] Invoking command in '/home/gyufoxy/dev_ws/build/pub_and_sub_ros2': CMAKE_PREFIX_PATH=${CMAKE_PREFIX_PATH}:/opt/ros/foxy /usr/bin/cmake --build /home/gyufoxy/dev_ws/build/pub_and_sub_ros2 -- -j8 -l8
[0.041s] -- Found ament_cmake: 0.9.9 (/opt/ros/foxy/share/ament_cmake/cmake)
[0.060s] -- Using PYTHON_EXECUTABLE: /usr/bin/python3
[0.231s] -- Found rclcpp: 2.4.0 (/opt/ros/foxy/share/rclcpp/cmake)
[0.262s] -- Using all available rosidl_typesupport_c: rosidl_typesupport_fastrtps_c;rosidl_typesupport_introspection_c
[0.266s] -- Found rosidl_adapter: 1.2.1 (/opt/ros/foxy/share/rosidl_adapter/cmake)
[0.380s] -- Using all available rosidl_typesupport_cpp: rosidl_typesupport_fastrtps_cpp;rosidl_typesupport_introspection_cpp
[0.426s] -- Found rmw_implementation_cmake: 1.0.3 (/opt/ros/foxy/share/rmw_implementation_cmake/cmake)
[0.427s] -- Using RMW implementation 'rmw_fastrtps_cpp' as default
[0.564s] -- Found ament_lint_auto: 0.9.6 (/opt/ros/foxy/share/ament_lint_auto/cmake)
[0.621s] -- Added test 'copyright' to check source files copyright and LICENSE
[0.622s] -- Added test 'cppcheck' to perform static code analysis on C / C++ code
[0.622s] -- Configured cppcheck include dirs: 
[0.622s] -- Configured cppcheck exclude dirs and/or files: 
[0.622s] -- Added test 'cpplint' to check C / C++ code against the Google style
[0.623s] -- Configured cpplint exclude dirs and/or files: 
[0.623s] -- Added test 'lint_cmake' to check CMake code style
[0.624s] -- Added test 'uncrustify' to check C / C++ code style
[0.624s] -- Configured uncrustify additional arguments: 
[0.624s] -- Added test 'xmllint' to check XML markup files
[0.627s] -- Configuring done
[0.634s] -- Generating done
[0.636s] -- Build files have been written to: /home/gyufoxy/dev_ws/build/pub_and_sub_ros2
[0.661s] [35m[1mScanning dependencies of target pub_node[0m
[0.698s] [ 50%] [32mBuilding CXX object CMakeFiles/pub_node.dir/src/pub.cpp.o[0m
[3.210s] [100%] [32m[1mLinking CXX executable pub_node[0m
[3.358s] [100%] Built target pub_node
[3.371s] Invoked command in '/home/gyufoxy/dev_ws/build/pub_and_sub_ros2' returned '0': CMAKE_PREFIX_PATH=${CMAKE_PREFIX_PATH}:/opt/ros/foxy /usr/bin/cmake --build /home/gyufoxy/dev_ws/build/pub_and_sub_ros2 -- -j8 -l8
[3.407s] Invoking command in '/home/gyufoxy/dev_ws/build/pub_and_sub_ros2': CMAKE_PREFIX_PATH=${CMAKE_PREFIX_PATH}:/opt/ros/foxy /usr/bin/cmake --install /home/gyufoxy/dev_ws/build/pub_and_sub_ros2
[3.417s] -- Install configuration: ""
[3.417s] -- Installing: /home/gyufoxy/dev_ws/install/pub_and_sub_ros2/lib/pub_and_sub_ros2/pub_node
[3.418s] -- Set runtime path of "/home/gyufoxy/dev_ws/install/pub_and_sub_ros2/lib/pub_and_sub_ros2/pub_node" to ""
[3.418s] -- Up-to-date: /home/gyufoxy/dev_ws/install/pub_and_sub_ros2/share/ament_index/resource_index/package_run_dependencies/pub_and_sub_ros2
[3.418s] -- Installing: /home/gyufoxy/dev_ws/install/pub_and_sub_ros2/share/ament_index/resource_index/parent_prefix_path/pub_and_sub_ros2
[3.418s] -- Up-to-date: /home/gyufoxy/dev_ws/install/pub_and_sub_ros2/share/pub_and_sub_ros2/environment/ament_prefix_path.sh
[3.418s] -- Installing: /home/gyufoxy/dev_ws/install/pub_and_sub_ros2/share/pub_and_sub_ros2/environment/ament_prefix_path.dsv
[3.418s] -- Up-to-date: /home/gyufoxy/dev_ws/install/pub_and_sub_ros2/share/pub_and_sub_ros2/environment/path.sh
[3.419s] -- Installing: /home/gyufoxy/dev_ws/install/pub_and_sub_ros2/share/pub_and_sub_ros2/environment/path.dsv
[3.419s] -- Up-to-date: /home/gyufoxy/dev_ws/install/pub_and_sub_ros2/share/pub_and_sub_ros2/local_setup.bash
[3.419s] -- Up-to-date: /home/gyufoxy/dev_ws/install/pub_and_sub_ros2/share/pub_and_sub_ros2/local_setup.sh
[3.419s] -- Up-to-date: /home/gyufoxy/dev_ws/install/pub_and_sub_ros2/share/pub_and_sub_ros2/local_setup.zsh
[3.419s] -- Installing: /home/gyufoxy/dev_ws/install/pub_and_sub_ros2/share/pub_and_sub_ros2/local_setup.dsv
[3.419s] -- Installing: /home/gyufoxy/dev_ws/install/pub_and_sub_ros2/share/pub_and_sub_ros2/package.dsv
[3.419s] -- Up-to-date: /home/gyufoxy/dev_ws/install/pub_and_sub_ros2/share/ament_index/resource_index/packages/pub_and_sub_ros2
[3.419s] -- Up-to-date: /home/gyufoxy/dev_ws/install/pub_and_sub_ros2/share/pub_and_sub_ros2/cmake/pub_and_sub_ros2Config.cmake
[3.420s] -- Up-to-date: /home/gyufoxy/dev_ws/install/pub_and_sub_ros2/share/pub_and_sub_ros2/cmake/pub_and_sub_ros2Config-version.cmake
[3.420s] -- Up-to-date: /home/gyufoxy/dev_ws/install/pub_and_sub_ros2/share/pub_and_sub_ros2/package.xml
[3.422s] Invoked command in '/home/gyufoxy/dev_ws/build/pub_and_sub_ros2' returned '0': CMAKE_PREFIX_PATH=${CMAKE_PREFIX_PATH}:/opt/ros/foxy /usr/bin/cmake --install /home/gyufoxy/dev_ws/build/pub_and_sub_ros2
