[ 50%] Built target sub_node
[100%] Built target pub_node
-- Install configuration: ""
-- Up-to-date: /home/gyufoxy/dev_ws/install/pub_and_sub_ros2/lib/pub_and_sub_ros2/pub_node
-- Up-to-date: /home/gyufoxy/dev_ws/install/pub_and_sub_ros2/lib/pub_and_sub_ros2/sub_node
-- Installing: /home/gyufoxy/dev_ws/install/pub_and_sub_ros2/share/pub_and_sub_ros2//launch
-- Up-to-date: /home/gyufoxy/dev_ws/install/pub_and_sub_ros2/share/ament_index/resource_index/package_run_dependencies/pub_and_sub_ros2
-- Installing: /home/gyufoxy/dev_ws/install/pub_and_sub_ros2/share/ament_index/resource_index/parent_prefix_path/pub_and_sub_ros2
-- Up-to-date: /home/gyufoxy/dev_ws/install/pub_and_sub_ros2/share/pub_and_sub_ros2/environment/ament_prefix_path.sh
-- Installing: /home/gyufoxy/dev_ws/install/pub_and_sub_ros2/share/pub_and_sub_ros2/environment/ament_prefix_path.dsv
-- Up-to-date: /home/gyufoxy/dev_ws/install/pub_and_sub_ros2/share/pub_and_sub_ros2/environment/path.sh
-- Installing: /home/gyufoxy/dev_ws/install/pub_and_sub_ros2/share/pub_and_sub_ros2/environment/path.dsv
-- Up-to-date: /home/gyufoxy/dev_ws/install/pub_and_sub_ros2/share/pub_and_sub_ros2/local_setup.bash
-- Up-to-date: /home/gyufoxy/dev_ws/install/pub_and_sub_ros2/share/pub_and_sub_ros2/local_setup.sh
-- Up-to-date: /home/gyufoxy/dev_ws/install/pub_and_sub_ros2/share/pub_and_sub_ros2/local_setup.zsh
-- Installing: /home/gyufoxy/dev_ws/install/pub_and_sub_ros2/share/pub_and_sub_ros2/local_setup.dsv
-- Installing: /home/gyufoxy/dev_ws/install/pub_and_sub_ros2/share/pub_and_sub_ros2/package.dsv
-- Up-to-date: /home/gyufoxy/dev_ws/install/pub_and_sub_ros2/share/ament_index/resource_index/packages/pub_and_sub_ros2
-- Up-to-date: /home/gyufoxy/dev_ws/install/pub_and_sub_ros2/share/pub_and_sub_ros2/cmake/pub_and_sub_ros2Config.cmake
-- Up-to-date: /home/gyufoxy/dev_ws/install/pub_and_sub_ros2/share/pub_and_sub_ros2/cmake/pub_and_sub_ros2Config-version.cmake
-- Up-to-date: /home/gyufoxy/dev_ws/install/pub_and_sub_ros2/share/pub_and_sub_ros2/package.xml
