[0.257s] DEBUG:colcon:Command line arguments: ['/usr/bin/colcon', 'build']
[0.257s] DEBUG:colcon:Parsed command line arguments: Namespace(ament_cmake_args=None, base_paths=['.'], build_base='build', catkin_cmake_args=None, catkin_skip_building_tests=False, cmake_args=None, cmake_clean_cache=False, cmake_clean_first=False, cmake_force_configure=False, cmake_target=None, cmake_target_skip_unavailable=False, continue_on_error=False, event_handlers=None, executor='parallel', ignore_user_meta=False, install_base='install', log_base=None, log_level=None, main=<bound method BuildVerb.main of <colcon_core.verb.build.BuildVerb object at 0x7f6f6f66ae80>>, merge_install=False, metas=['./colcon.meta'], packages_above=None, packages_above_and_dependencies=None, packages_above_depth=None, packages_end=None, packages_ignore=None, packages_ignore_regex=None, packages_select=None, packages_select_build_failed=False, packages_select_by_dep=None, packages_select_regex=None, packages_select_test_failures=False, packages_skip=None, packages_skip_build_finished=False, packages_skip_by_dep=None, packages_skip_regex=None, packages_skip_test_passed=False, packages_skip_up_to=None, packages_start=None, packages_up_to=None, packages_up_to_regex=None, parallel_workers=8, paths=None, symlink_install=False, test_result_base=None, verb_extension=<colcon_core.verb.build.BuildVerb object at 0x7f6f6f66ae80>, verb_name='build', verb_parser=<colcon_defaults.argument_parser.defaults.DefaultArgumentsDecorator object at 0x7f6f6f7dc310>)
[0.261s] Level 1:colcon.colcon_core.package_discovery:discover_packages(colcon_meta) check parameters
[0.262s] Level 1:colcon.colcon_core.package_discovery:discover_packages(recursive) check parameters
[0.262s] Level 1:colcon.colcon_core.package_discovery:discover_packages(ignore) check parameters
[0.262s] Level 1:colcon.colcon_core.package_discovery:discover_packages(path) check parameters
[0.262s] Level 1:colcon.colcon_core.package_discovery:discover_packages(colcon_meta) discover
[0.262s] Level 1:colcon.colcon_core.package_discovery:discover_packages(recursive) discover
[0.262s] INFO:colcon.colcon_core.package_discovery:Crawling recursively for packages in '/home/gyufoxy/dev_ws'
[0.262s] Level 1:colcon.colcon_core.package_identification:_identify(.) by extensions ['ignore', 'ignore_ament_install']
[0.262s] Level 1:colcon.colcon_core.package_identification:_identify(.) by extension 'ignore'
[0.262s] Level 1:colcon.colcon_core.package_identification:_identify(.) by extension 'ignore_ament_install'
[0.262s] Level 1:colcon.colcon_core.package_identification:_identify(.) by extensions ['colcon_pkg']
[0.262s] Level 1:colcon.colcon_core.package_identification:_identify(.) by extension 'colcon_pkg'
[0.262s] Level 1:colcon.colcon_core.package_identification:_identify(.) by extensions ['colcon_meta']
[0.262s] Level 1:colcon.colcon_core.package_identification:_identify(.) by extension 'colcon_meta'
[0.262s] Level 1:colcon.colcon_core.package_identification:_identify(.) by extensions ['ros']
[0.262s] Level 1:colcon.colcon_core.package_identification:_identify(.) by extension 'ros'
[0.273s] Level 1:colcon.colcon_core.package_identification:_identify(.) by extensions ['cmake', 'python']
[0.273s] Level 1:colcon.colcon_core.package_identification:_identify(.) by extension 'cmake'
[0.273s] Level 1:colcon.colcon_core.package_identification:_identify(.) by extension 'python'
[0.273s] Level 1:colcon.colcon_core.package_identification:_identify(.) by extensions ['python_setup_py']
[0.273s] Level 1:colcon.colcon_core.package_identification:_identify(.) by extension 'python_setup_py'
[0.273s] Level 1:colcon.colcon_core.package_identification:_identify(build) by extensions ['ignore', 'ignore_ament_install']
[0.274s] Level 1:colcon.colcon_core.package_identification:_identify(build) by extension 'ignore'
[0.274s] Level 1:colcon.colcon_core.package_identification:_identify(build) ignored
[0.274s] Level 1:colcon.colcon_core.package_identification:_identify(install) by extensions ['ignore', 'ignore_ament_install']
[0.274s] Level 1:colcon.colcon_core.package_identification:_identify(install) by extension 'ignore'
[0.274s] Level 1:colcon.colcon_core.package_identification:_identify(install) ignored
[0.274s] Level 1:colcon.colcon_core.package_identification:_identify(log) by extensions ['ignore', 'ignore_ament_install']
[0.274s] Level 1:colcon.colcon_core.package_identification:_identify(log) by extension 'ignore'
[0.274s] Level 1:colcon.colcon_core.package_identification:_identify(log) ignored
[0.274s] Level 1:colcon.colcon_core.package_identification:_identify(src) by extensions ['ignore', 'ignore_ament_install']
[0.274s] Level 1:colcon.colcon_core.package_identification:_identify(src) by extension 'ignore'
[0.274s] Level 1:colcon.colcon_core.package_identification:_identify(src) by extension 'ignore_ament_install'
[0.274s] Level 1:colcon.colcon_core.package_identification:_identify(src) by extensions ['colcon_pkg']
[0.274s] Level 1:colcon.colcon_core.package_identification:_identify(src) by extension 'colcon_pkg'
[0.275s] Level 1:colcon.colcon_core.package_identification:_identify(src) by extensions ['colcon_meta']
[0.275s] Level 1:colcon.colcon_core.package_identification:_identify(src) by extension 'colcon_meta'
[0.275s] Level 1:colcon.colcon_core.package_identification:_identify(src) by extensions ['ros']
[0.275s] Level 1:colcon.colcon_core.package_identification:_identify(src) by extension 'ros'
[0.275s] Level 1:colcon.colcon_core.package_identification:_identify(src) by extensions ['cmake', 'python']
[0.275s] Level 1:colcon.colcon_core.package_identification:_identify(src) by extension 'cmake'
[0.275s] Level 1:colcon.colcon_core.package_identification:_identify(src) by extension 'python'
[0.275s] Level 1:colcon.colcon_core.package_identification:_identify(src) by extensions ['python_setup_py']
[0.275s] Level 1:colcon.colcon_core.package_identification:_identify(src) by extension 'python_setup_py'
[0.275s] Level 1:colcon.colcon_core.package_identification:_identify(src/action_interface_ros2) by extensions ['ignore', 'ignore_ament_install']
[0.275s] Level 1:colcon.colcon_core.package_identification:_identify(src/action_interface_ros2) by extension 'ignore'
[0.275s] Level 1:colcon.colcon_core.package_identification:_identify(src/action_interface_ros2) by extension 'ignore_ament_install'
[0.275s] Level 1:colcon.colcon_core.package_identification:_identify(src/action_interface_ros2) by extensions ['colcon_pkg']
[0.275s] Level 1:colcon.colcon_core.package_identification:_identify(src/action_interface_ros2) by extension 'colcon_pkg'
[0.275s] Level 1:colcon.colcon_core.package_identification:_identify(src/action_interface_ros2) by extensions ['colcon_meta']
[0.275s] Level 1:colcon.colcon_core.package_identification:_identify(src/action_interface_ros2) by extension 'colcon_meta'
[0.275s] Level 1:colcon.colcon_core.package_identification:_identify(src/action_interface_ros2) by extensions ['ros']
[0.276s] Level 1:colcon.colcon_core.package_identification:_identify(src/action_interface_ros2) by extension 'ros'
[0.278s] DEBUG:colcon.colcon_core.package_identification:Package 'src/action_interface_ros2' with type 'ros.ament_cmake' and name 'action_interface_ros2'
[0.278s] Level 1:colcon.colcon_core.package_identification:_identify(src/cpp_pubsub) by extensions ['ignore', 'ignore_ament_install']
[0.278s] Level 1:colcon.colcon_core.package_identification:_identify(src/cpp_pubsub) by extension 'ignore'
[0.278s] Level 1:colcon.colcon_core.package_identification:_identify(src/cpp_pubsub) by extension 'ignore_ament_install'
[0.278s] Level 1:colcon.colcon_core.package_identification:_identify(src/cpp_pubsub) by extensions ['colcon_pkg']
[0.278s] Level 1:colcon.colcon_core.package_identification:_identify(src/cpp_pubsub) by extension 'colcon_pkg'
[0.278s] Level 1:colcon.colcon_core.package_identification:_identify(src/cpp_pubsub) by extensions ['colcon_meta']
[0.278s] Level 1:colcon.colcon_core.package_identification:_identify(src/cpp_pubsub) by extension 'colcon_meta'
[0.278s] Level 1:colcon.colcon_core.package_identification:_identify(src/cpp_pubsub) by extensions ['ros']
[0.278s] Level 1:colcon.colcon_core.package_identification:_identify(src/cpp_pubsub) by extension 'ros'
[0.279s] DEBUG:colcon.colcon_core.package_identification:Package 'src/cpp_pubsub' with type 'ros.ament_cmake' and name 'cpp_pubsub'
[0.279s] Level 1:colcon.colcon_core.package_identification:_identify(src/pub_and_sub_ros2) by extensions ['ignore', 'ignore_ament_install']
[0.279s] Level 1:colcon.colcon_core.package_identification:_identify(src/pub_and_sub_ros2) by extension 'ignore'
[0.279s] Level 1:colcon.colcon_core.package_identification:_identify(src/pub_and_sub_ros2) by extension 'ignore_ament_install'
[0.279s] Level 1:colcon.colcon_core.package_identification:_identify(src/pub_and_sub_ros2) by extensions ['colcon_pkg']
[0.280s] Level 1:colcon.colcon_core.package_identification:_identify(src/pub_and_sub_ros2) by extension 'colcon_pkg'
[0.280s] Level 1:colcon.colcon_core.package_identification:_identify(src/pub_and_sub_ros2) by extensions ['colcon_meta']
[0.280s] Level 1:colcon.colcon_core.package_identification:_identify(src/pub_and_sub_ros2) by extension 'colcon_meta'
[0.280s] Level 1:colcon.colcon_core.package_identification:_identify(src/pub_and_sub_ros2) by extensions ['ros']
[0.280s] Level 1:colcon.colcon_core.package_identification:_identify(src/pub_and_sub_ros2) by extension 'ros'
[0.280s] DEBUG:colcon.colcon_core.package_identification:Package 'src/pub_and_sub_ros2' with type 'ros.ament_cmake' and name 'pub_and_sub_ros2'
[0.280s] Level 1:colcon.colcon_core.package_identification:_identify(src/srv_and_cli_ros2) by extensions ['ignore', 'ignore_ament_install']
[0.281s] Level 1:colcon.colcon_core.package_identification:_identify(src/srv_and_cli_ros2) by extension 'ignore'
[0.281s] Level 1:colcon.colcon_core.package_identification:_identify(src/srv_and_cli_ros2) by extension 'ignore_ament_install'
[0.281s] Level 1:colcon.colcon_core.package_identification:_identify(src/srv_and_cli_ros2) by extensions ['colcon_pkg']
[0.281s] Level 1:colcon.colcon_core.package_identification:_identify(src/srv_and_cli_ros2) by extension 'colcon_pkg'
[0.281s] Level 1:colcon.colcon_core.package_identification:_identify(src/srv_and_cli_ros2) by extensions ['colcon_meta']
[0.281s] Level 1:colcon.colcon_core.package_identification:_identify(src/srv_and_cli_ros2) by extension 'colcon_meta'
[0.281s] Level 1:colcon.colcon_core.package_identification:_identify(src/srv_and_cli_ros2) by extensions ['ros']
[0.281s] Level 1:colcon.colcon_core.package_identification:_identify(src/srv_and_cli_ros2) by extension 'ros'
[0.281s] DEBUG:colcon.colcon_core.package_identification:Package 'src/srv_and_cli_ros2' with type 'ros.ament_cmake' and name 'srv_and_cli_ros2'
[0.282s] Level 1:colcon.colcon_core.package_discovery:discover_packages(recursive) using defaults
[0.282s] Level 1:colcon.colcon_core.package_discovery:discover_packages(ignore) discover
[0.282s] Level 1:colcon.colcon_core.package_discovery:discover_packages(ignore) using defaults
[0.282s] Level 1:colcon.colcon_core.package_discovery:discover_packages(path) discover
[0.282s] Level 1:colcon.colcon_core.package_discovery:discover_packages(path) using defaults
[0.298s] Level 5:colcon.colcon_core.verb:set package 'action_interface_ros2' build argument 'cmake_args' from command line to 'None'
[0.299s] Level 5:colcon.colcon_core.verb:set package 'action_interface_ros2' build argument 'cmake_target' from command line to 'None'
[0.299s] Level 5:colcon.colcon_core.verb:set package 'action_interface_ros2' build argument 'cmake_target_skip_unavailable' from command line to 'False'
[0.299s] Level 5:colcon.colcon_core.verb:set package 'action_interface_ros2' build argument 'cmake_clean_cache' from command line to 'False'
[0.299s] Level 5:colcon.colcon_core.verb:set package 'action_interface_ros2' build argument 'cmake_clean_first' from command line to 'False'
[0.299s] Level 5:colcon.colcon_core.verb:set package 'action_interface_ros2' build argument 'cmake_force_configure' from command line to 'False'
[0.299s] Level 5:colcon.colcon_core.verb:set package 'action_interface_ros2' build argument 'ament_cmake_args' from command line to 'None'
[0.299s] Level 5:colcon.colcon_core.verb:set package 'action_interface_ros2' build argument 'catkin_cmake_args' from command line to 'None'
[0.299s] Level 5:colcon.colcon_core.verb:set package 'action_interface_ros2' build argument 'catkin_skip_building_tests' from command line to 'False'
[0.299s] DEBUG:colcon.colcon_core.verb:Building package 'action_interface_ros2' with the following arguments: {'ament_cmake_args': None, 'build_base': '/home/gyufoxy/dev_ws/build/action_interface_ros2', 'catkin_cmake_args': None, 'catkin_skip_building_tests': False, 'cmake_args': None, 'cmake_clean_cache': False, 'cmake_clean_first': False, 'cmake_force_configure': False, 'cmake_target': None, 'cmake_target_skip_unavailable': False, 'install_base': '/home/gyufoxy/dev_ws/install/action_interface_ros2', 'merge_install': False, 'path': '/home/gyufoxy/dev_ws/src/action_interface_ros2', 'symlink_install': False, 'test_result_base': None}
[0.301s] Level 5:colcon.colcon_core.verb:set package 'cpp_pubsub' build argument 'cmake_args' from command line to 'None'
[0.301s] Level 5:colcon.colcon_core.verb:set package 'cpp_pubsub' build argument 'cmake_target' from command line to 'None'
[0.301s] Level 5:colcon.colcon_core.verb:set package 'cpp_pubsub' build argument 'cmake_target_skip_unavailable' from command line to 'False'
[0.301s] Level 5:colcon.colcon_core.verb:set package 'cpp_pubsub' build argument 'cmake_clean_cache' from command line to 'False'
[0.301s] Level 5:colcon.colcon_core.verb:set package 'cpp_pubsub' build argument 'cmake_clean_first' from command line to 'False'
[0.301s] Level 5:colcon.colcon_core.verb:set package 'cpp_pubsub' build argument 'cmake_force_configure' from command line to 'False'
[0.301s] Level 5:colcon.colcon_core.verb:set package 'cpp_pubsub' build argument 'ament_cmake_args' from command line to 'None'
[0.301s] Level 5:colcon.colcon_core.verb:set package 'cpp_pubsub' build argument 'catkin_cmake_args' from command line to 'None'
[0.301s] Level 5:colcon.colcon_core.verb:set package 'cpp_pubsub' build argument 'catkin_skip_building_tests' from command line to 'False'
[0.301s] DEBUG:colcon.colcon_core.verb:Building package 'cpp_pubsub' with the following arguments: {'ament_cmake_args': None, 'build_base': '/home/gyufoxy/dev_ws/build/cpp_pubsub', 'catkin_cmake_args': None, 'catkin_skip_building_tests': False, 'cmake_args': None, 'cmake_clean_cache': False, 'cmake_clean_first': False, 'cmake_force_configure': False, 'cmake_target': None, 'cmake_target_skip_unavailable': False, 'install_base': '/home/gyufoxy/dev_ws/install/cpp_pubsub', 'merge_install': False, 'path': '/home/gyufoxy/dev_ws/src/cpp_pubsub', 'symlink_install': False, 'test_result_base': None}
[0.304s] Level 5:colcon.colcon_core.verb:set package 'pub_and_sub_ros2' build argument 'cmake_args' from command line to 'None'
[0.304s] Level 5:colcon.colcon_core.verb:set package 'pub_and_sub_ros2' build argument 'cmake_target' from command line to 'None'
[0.304s] Level 5:colcon.colcon_core.verb:set package 'pub_and_sub_ros2' build argument 'cmake_target_skip_unavailable' from command line to 'False'
[0.304s] Level 5:colcon.colcon_core.verb:set package 'pub_and_sub_ros2' build argument 'cmake_clean_cache' from command line to 'False'
[0.304s] Level 5:colcon.colcon_core.verb:set package 'pub_and_sub_ros2' build argument 'cmake_clean_first' from command line to 'False'
[0.304s] Level 5:colcon.colcon_core.verb:set package 'pub_and_sub_ros2' build argument 'cmake_force_configure' from command line to 'False'
[0.304s] Level 5:colcon.colcon_core.verb:set package 'pub_and_sub_ros2' build argument 'ament_cmake_args' from command line to 'None'
[0.304s] Level 5:colcon.colcon_core.verb:set package 'pub_and_sub_ros2' build argument 'catkin_cmake_args' from command line to 'None'
[0.304s] Level 5:colcon.colcon_core.verb:set package 'pub_and_sub_ros2' build argument 'catkin_skip_building_tests' from command line to 'False'
[0.304s] DEBUG:colcon.colcon_core.verb:Building package 'pub_and_sub_ros2' with the following arguments: {'ament_cmake_args': None, 'build_base': '/home/gyufoxy/dev_ws/build/pub_and_sub_ros2', 'catkin_cmake_args': None, 'catkin_skip_building_tests': False, 'cmake_args': None, 'cmake_clean_cache': False, 'cmake_clean_first': False, 'cmake_force_configure': False, 'cmake_target': None, 'cmake_target_skip_unavailable': False, 'install_base': '/home/gyufoxy/dev_ws/install/pub_and_sub_ros2', 'merge_install': False, 'path': '/home/gyufoxy/dev_ws/src/pub_and_sub_ros2', 'symlink_install': False, 'test_result_base': None}
[0.306s] Level 5:colcon.colcon_core.verb:set package 'srv_and_cli_ros2' build argument 'cmake_args' from command line to 'None'
[0.306s] Level 5:colcon.colcon_core.verb:set package 'srv_and_cli_ros2' build argument 'cmake_target' from command line to 'None'
[0.306s] Level 5:colcon.colcon_core.verb:set package 'srv_and_cli_ros2' build argument 'cmake_target_skip_unavailable' from command line to 'False'
[0.306s] Level 5:colcon.colcon_core.verb:set package 'srv_and_cli_ros2' build argument 'cmake_clean_cache' from command line to 'False'
[0.306s] Level 5:colcon.colcon_core.verb:set package 'srv_and_cli_ros2' build argument 'cmake_clean_first' from command line to 'False'
[0.306s] Level 5:colcon.colcon_core.verb:set package 'srv_and_cli_ros2' build argument 'cmake_force_configure' from command line to 'False'
[0.306s] Level 5:colcon.colcon_core.verb:set package 'srv_and_cli_ros2' build argument 'ament_cmake_args' from command line to 'None'
[0.306s] Level 5:colcon.colcon_core.verb:set package 'srv_and_cli_ros2' build argument 'catkin_cmake_args' from command line to 'None'
[0.306s] Level 5:colcon.colcon_core.verb:set package 'srv_and_cli_ros2' build argument 'catkin_skip_building_tests' from command line to 'False'
[0.306s] DEBUG:colcon.colcon_core.verb:Building package 'srv_and_cli_ros2' with the following arguments: {'ament_cmake_args': None, 'build_base': '/home/gyufoxy/dev_ws/build/srv_and_cli_ros2', 'catkin_cmake_args': None, 'catkin_skip_building_tests': False, 'cmake_args': None, 'cmake_clean_cache': False, 'cmake_clean_first': False, 'cmake_force_configure': False, 'cmake_target': None, 'cmake_target_skip_unavailable': False, 'install_base': '/home/gyufoxy/dev_ws/install/srv_and_cli_ros2', 'merge_install': False, 'path': '/home/gyufoxy/dev_ws/src/srv_and_cli_ros2', 'symlink_install': False, 'test_result_base': None}
[0.307s] INFO:colcon.colcon_core.executor:Executing jobs using 'parallel' executor
[0.308s] DEBUG:colcon.colcon_parallel_executor.executor.parallel:run_until_complete
[0.309s] INFO:colcon.colcon_ros.task.ament_cmake.build:Building ROS package in '/home/gyufoxy/dev_ws/src/action_interface_ros2' with build type 'ament_cmake'
[0.309s] INFO:colcon.colcon_cmake.task.cmake.build:Building CMake package in '/home/gyufoxy/dev_ws/src/action_interface_ros2'
[0.313s] INFO:colcon.colcon_core.plugin_system:Skipping extension 'colcon_core.shell.bat': Not used on non-Windows systems
[0.313s] INFO:colcon.colcon_core.shell:Skip shell extension 'powershell' for command environment: Not usable outside of PowerShell
[0.313s] DEBUG:colcon.colcon_core.shell:Skip shell extension 'dsv' for command environment
[0.316s] DEBUG:colcon.colcon_core.shell:Ignoring prefix path '/opt/ros/foxy'
[0.318s] INFO:colcon.colcon_ros.task.ament_cmake.build:Building ROS package in '/home/gyufoxy/dev_ws/src/cpp_pubsub' with build type 'ament_cmake'
[0.318s] INFO:colcon.colcon_cmake.task.cmake.build:Building CMake package in '/home/gyufoxy/dev_ws/src/cpp_pubsub'
[0.319s] INFO:colcon.colcon_core.shell:Skip shell extension 'powershell' for command environment: Not usable outside of PowerShell
[0.319s] DEBUG:colcon.colcon_core.shell:Skip shell extension 'dsv' for command environment
[0.322s] DEBUG:colcon.colcon_core.shell:Ignoring prefix path '/opt/ros/foxy'
[0.324s] INFO:colcon.colcon_ros.task.ament_cmake.build:Building ROS package in '/home/gyufoxy/dev_ws/src/pub_and_sub_ros2' with build type 'ament_cmake'
[0.325s] INFO:colcon.colcon_cmake.task.cmake.build:Building CMake package in '/home/gyufoxy/dev_ws/src/pub_and_sub_ros2'
[0.326s] INFO:colcon.colcon_core.shell:Skip shell extension 'powershell' for command environment: Not usable outside of PowerShell
[0.326s] DEBUG:colcon.colcon_core.shell:Skip shell extension 'dsv' for command environment
[0.328s] DEBUG:colcon.colcon_core.shell:Ignoring prefix path '/opt/ros/foxy'
[0.331s] INFO:colcon.colcon_ros.task.ament_cmake.build:Building ROS package in '/home/gyufoxy/dev_ws/src/srv_and_cli_ros2' with build type 'ament_cmake'
[0.331s] INFO:colcon.colcon_cmake.task.cmake.build:Building CMake package in '/home/gyufoxy/dev_ws/src/srv_and_cli_ros2'
[0.332s] INFO:colcon.colcon_core.shell:Skip shell extension 'powershell' for command environment: Not usable outside of PowerShell
[0.332s] DEBUG:colcon.colcon_core.shell:Skip shell extension 'dsv' for command environment
[0.335s] DEBUG:colcon.colcon_core.shell:Ignoring prefix path '/opt/ros/foxy'
[0.344s] DEBUG:colcon.colcon_core.event_handler.log_command:Invoking command in '/home/gyufoxy/dev_ws/build/action_interface_ros2': CMAKE_PREFIX_PATH=${CMAKE_PREFIX_PATH}:/opt/ros/foxy /usr/bin/cmake --build /home/gyufoxy/dev_ws/build/action_interface_ros2 -- -j8 -l8
[0.353s] DEBUG:colcon.colcon_core.event_handler.log_command:Invoking command in '/home/gyufoxy/dev_ws/build/cpp_pubsub': CMAKE_PREFIX_PATH=${CMAKE_PREFIX_PATH}:/opt/ros/foxy /usr/bin/cmake --build /home/gyufoxy/dev_ws/build/cpp_pubsub -- -j8 -l8
[0.358s] DEBUG:colcon.colcon_core.event_handler.log_command:Invoking command in '/home/gyufoxy/dev_ws/build/pub_and_sub_ros2': CMAKE_PREFIX_PATH=${CMAKE_PREFIX_PATH}:/opt/ros/foxy /usr/bin/cmake --build /home/gyufoxy/dev_ws/build/pub_and_sub_ros2 -- -j8 -l8
[0.363s] DEBUG:colcon.colcon_core.event_handler.log_command:Invoking command in '/home/gyufoxy/dev_ws/build/srv_and_cli_ros2': CMAKE_PREFIX_PATH=${CMAKE_PREFIX_PATH}:/opt/ros/foxy /usr/bin/cmake --build /home/gyufoxy/dev_ws/build/srv_and_cli_ros2 -- -j8 -l8
[0.452s] DEBUG:colcon.colcon_core.event_handler.log_command:Invoked command in '/home/gyufoxy/dev_ws/build/pub_and_sub_ros2' returned '0': CMAKE_PREFIX_PATH=${CMAKE_PREFIX_PATH}:/opt/ros/foxy /usr/bin/cmake --build /home/gyufoxy/dev_ws/build/pub_and_sub_ros2 -- -j8 -l8
[0.457s] DEBUG:colcon.colcon_core.event_handler.log_command:Invoked command in '/home/gyufoxy/dev_ws/build/cpp_pubsub' returned '0': CMAKE_PREFIX_PATH=${CMAKE_PREFIX_PATH}:/opt/ros/foxy /usr/bin/cmake --build /home/gyufoxy/dev_ws/build/cpp_pubsub -- -j8 -l8
[0.497s] DEBUG:colcon.colcon_core.event_handler.log_command:Invoking command in '/home/gyufoxy/dev_ws/build/pub_and_sub_ros2': CMAKE_PREFIX_PATH=${CMAKE_PREFIX_PATH}:/opt/ros/foxy /usr/bin/cmake --install /home/gyufoxy/dev_ws/build/pub_and_sub_ros2
[0.502s] DEBUG:colcon.colcon_core.event_handler.log_command:Invoking command in '/home/gyufoxy/dev_ws/build/cpp_pubsub': CMAKE_PREFIX_PATH=${CMAKE_PREFIX_PATH}:/opt/ros/foxy /usr/bin/cmake --install /home/gyufoxy/dev_ws/build/cpp_pubsub
[0.509s] Level 1:colcon.colcon_core.environment:create_environment_scripts_only(pub_and_sub_ros2)
[0.510s] DEBUG:colcon.colcon_core.event_handler.log_command:Invoked command in '/home/gyufoxy/dev_ws/build/pub_and_sub_ros2' returned '0': CMAKE_PREFIX_PATH=${CMAKE_PREFIX_PATH}:/opt/ros/foxy /usr/bin/cmake --install /home/gyufoxy/dev_ws/build/pub_and_sub_ros2
[0.516s] Level 1:colcon.colcon_core.environment:checking '/home/gyufoxy/dev_ws/install/pub_and_sub_ros2' for CMake module files
[0.517s] Level 1:colcon.colcon_core.environment:checking '/home/gyufoxy/dev_ws/install/pub_and_sub_ros2' for CMake config files
[0.517s] Level 1:colcon.colcon_core.shell:create_environment_hook('pub_and_sub_ros2', 'cmake_prefix_path')
[0.518s] INFO:colcon.colcon_core.shell:Creating environment hook '/home/gyufoxy/dev_ws/install/pub_and_sub_ros2/share/pub_and_sub_ros2/hook/cmake_prefix_path.ps1'
[0.519s] INFO:colcon.colcon_core.shell:Creating environment descriptor '/home/gyufoxy/dev_ws/install/pub_and_sub_ros2/share/pub_and_sub_ros2/hook/cmake_prefix_path.dsv'
[0.519s] INFO:colcon.colcon_core.shell:Creating environment hook '/home/gyufoxy/dev_ws/install/pub_and_sub_ros2/share/pub_and_sub_ros2/hook/cmake_prefix_path.sh'
[0.520s] Level 1:colcon.colcon_core.environment:checking '/home/gyufoxy/dev_ws/install/pub_and_sub_ros2/lib'
[0.520s] Level 1:colcon.colcon_core.environment:checking '/home/gyufoxy/dev_ws/install/pub_and_sub_ros2/bin'
[0.520s] Level 1:colcon.colcon_core.environment:checking '/home/gyufoxy/dev_ws/install/pub_and_sub_ros2/lib/pkgconfig/pub_and_sub_ros2.pc'
[0.520s] Level 1:colcon.colcon_core.environment:checking '/home/gyufoxy/dev_ws/install/pub_and_sub_ros2/lib/python3.8/site-packages'
[0.521s] INFO:colcon.colcon_core.shell:Creating package script '/home/gyufoxy/dev_ws/install/pub_and_sub_ros2/share/pub_and_sub_ros2/package.ps1'
[0.522s] INFO:colcon.colcon_core.shell:Creating package descriptor '/home/gyufoxy/dev_ws/install/pub_and_sub_ros2/share/pub_and_sub_ros2/package.dsv'
[0.523s] INFO:colcon.colcon_core.shell:Creating package script '/home/gyufoxy/dev_ws/install/pub_and_sub_ros2/share/pub_and_sub_ros2/package.sh'
[0.523s] INFO:colcon.colcon_core.shell:Creating package script '/home/gyufoxy/dev_ws/install/pub_and_sub_ros2/share/pub_and_sub_ros2/package.bash'
[0.524s] INFO:colcon.colcon_core.shell:Creating package script '/home/gyufoxy/dev_ws/install/pub_and_sub_ros2/share/pub_and_sub_ros2/package.zsh'
[0.525s] Level 1:colcon.colcon_core.environment:create_file_with_runtime_dependencies(/home/gyufoxy/dev_ws/install/pub_and_sub_ros2/share/colcon-core/packages/pub_and_sub_ros2)
[0.528s] Level 1:colcon.colcon_core.environment:create_environment_scripts_only(cpp_pubsub)
[0.529s] DEBUG:colcon.colcon_core.event_handler.log_command:Invoked command in '/home/gyufoxy/dev_ws/build/cpp_pubsub' returned '0': CMAKE_PREFIX_PATH=${CMAKE_PREFIX_PATH}:/opt/ros/foxy /usr/bin/cmake --install /home/gyufoxy/dev_ws/build/cpp_pubsub
[0.530s] Level 1:colcon.colcon_core.environment:checking '/home/gyufoxy/dev_ws/install/cpp_pubsub' for CMake module files
[0.531s] Level 1:colcon.colcon_core.environment:checking '/home/gyufoxy/dev_ws/install/cpp_pubsub' for CMake config files
[0.531s] Level 1:colcon.colcon_core.shell:create_environment_hook('cpp_pubsub', 'cmake_prefix_path')
[0.532s] INFO:colcon.colcon_core.shell:Creating environment hook '/home/gyufoxy/dev_ws/install/cpp_pubsub/share/cpp_pubsub/hook/cmake_prefix_path.ps1'
[0.532s] INFO:colcon.colcon_core.shell:Creating environment descriptor '/home/gyufoxy/dev_ws/install/cpp_pubsub/share/cpp_pubsub/hook/cmake_prefix_path.dsv'
[0.533s] INFO:colcon.colcon_core.shell:Creating environment hook '/home/gyufoxy/dev_ws/install/cpp_pubsub/share/cpp_pubsub/hook/cmake_prefix_path.sh'
[0.533s] Level 1:colcon.colcon_core.environment:checking '/home/gyufoxy/dev_ws/install/cpp_pubsub/lib'
[0.533s] Level 1:colcon.colcon_core.environment:checking '/home/gyufoxy/dev_ws/install/cpp_pubsub/bin'
[0.533s] Level 1:colcon.colcon_core.environment:checking '/home/gyufoxy/dev_ws/install/cpp_pubsub/lib/pkgconfig/cpp_pubsub.pc'
[0.533s] Level 1:colcon.colcon_core.environment:checking '/home/gyufoxy/dev_ws/install/cpp_pubsub/lib/python3.8/site-packages'
[0.534s] INFO:colcon.colcon_core.shell:Creating package script '/home/gyufoxy/dev_ws/install/cpp_pubsub/share/cpp_pubsub/package.ps1'
[0.535s] INFO:colcon.colcon_core.shell:Creating package descriptor '/home/gyufoxy/dev_ws/install/cpp_pubsub/share/cpp_pubsub/package.dsv'
[0.535s] INFO:colcon.colcon_core.shell:Creating package script '/home/gyufoxy/dev_ws/install/cpp_pubsub/share/cpp_pubsub/package.sh'
[0.536s] INFO:colcon.colcon_core.shell:Creating package script '/home/gyufoxy/dev_ws/install/cpp_pubsub/share/cpp_pubsub/package.bash'
[0.536s] INFO:colcon.colcon_core.shell:Creating package script '/home/gyufoxy/dev_ws/install/cpp_pubsub/share/cpp_pubsub/package.zsh'
[0.536s] Level 1:colcon.colcon_core.environment:create_file_with_runtime_dependencies(/home/gyufoxy/dev_ws/install/cpp_pubsub/share/colcon-core/packages/cpp_pubsub)
[0.553s] Level 1:colcon.colcon_core.environment:create_environment_scripts_only(pub_and_sub_ros2)
[0.554s] Level 1:colcon.colcon_core.environment:checking '/home/gyufoxy/dev_ws/install/pub_and_sub_ros2' for CMake module files
[0.555s] Level 1:colcon.colcon_core.environment:checking '/home/gyufoxy/dev_ws/install/pub_and_sub_ros2' for CMake config files
[0.555s] Level 1:colcon.colcon_core.shell:create_environment_hook('pub_and_sub_ros2', 'cmake_prefix_path')
[0.556s] INFO:colcon.colcon_core.shell:Creating environment hook '/home/gyufoxy/dev_ws/install/pub_and_sub_ros2/share/pub_and_sub_ros2/hook/cmake_prefix_path.ps1'
[0.556s] INFO:colcon.colcon_core.shell:Creating environment descriptor '/home/gyufoxy/dev_ws/install/pub_and_sub_ros2/share/pub_and_sub_ros2/hook/cmake_prefix_path.dsv'
[0.557s] INFO:colcon.colcon_core.shell:Creating environment hook '/home/gyufoxy/dev_ws/install/pub_and_sub_ros2/share/pub_and_sub_ros2/hook/cmake_prefix_path.sh'
[0.557s] Level 1:colcon.colcon_core.environment:checking '/home/gyufoxy/dev_ws/install/pub_and_sub_ros2/lib'
[0.557s] Level 1:colcon.colcon_core.environment:checking '/home/gyufoxy/dev_ws/install/pub_and_sub_ros2/bin'
[0.557s] Level 1:colcon.colcon_core.environment:checking '/home/gyufoxy/dev_ws/install/pub_and_sub_ros2/lib/pkgconfig/pub_and_sub_ros2.pc'
[0.558s] Level 1:colcon.colcon_core.environment:checking '/home/gyufoxy/dev_ws/install/pub_and_sub_ros2/lib/python3.8/site-packages'
[0.558s] INFO:colcon.colcon_core.shell:Creating package script '/home/gyufoxy/dev_ws/install/pub_and_sub_ros2/share/pub_and_sub_ros2/package.ps1'
[0.559s] INFO:colcon.colcon_core.shell:Creating package descriptor '/home/gyufoxy/dev_ws/install/pub_and_sub_ros2/share/pub_and_sub_ros2/package.dsv'
[0.559s] INFO:colcon.colcon_core.shell:Creating package script '/home/gyufoxy/dev_ws/install/pub_and_sub_ros2/share/pub_and_sub_ros2/package.sh'
[0.560s] INFO:colcon.colcon_core.shell:Creating package script '/home/gyufoxy/dev_ws/install/pub_and_sub_ros2/share/pub_and_sub_ros2/package.bash'
[0.560s] INFO:colcon.colcon_core.shell:Creating package script '/home/gyufoxy/dev_ws/install/pub_and_sub_ros2/share/pub_and_sub_ros2/package.zsh'
[0.561s] Level 1:colcon.colcon_core.environment:create_file_with_runtime_dependencies(/home/gyufoxy/dev_ws/install/pub_and_sub_ros2/share/colcon-core/packages/pub_and_sub_ros2)
[0.562s] Level 1:colcon.colcon_core.environment:create_environment_scripts_only(cpp_pubsub)
[0.563s] Level 1:colcon.colcon_core.environment:checking '/home/gyufoxy/dev_ws/install/cpp_pubsub' for CMake module files
[0.564s] Level 1:colcon.colcon_core.environment:checking '/home/gyufoxy/dev_ws/install/cpp_pubsub' for CMake config files
[0.564s] Level 1:colcon.colcon_core.shell:create_environment_hook('cpp_pubsub', 'cmake_prefix_path')
[0.565s] INFO:colcon.colcon_core.shell:Creating environment hook '/home/gyufoxy/dev_ws/install/cpp_pubsub/share/cpp_pubsub/hook/cmake_prefix_path.ps1'
[0.565s] INFO:colcon.colcon_core.shell:Creating environment descriptor '/home/gyufoxy/dev_ws/install/cpp_pubsub/share/cpp_pubsub/hook/cmake_prefix_path.dsv'
[0.566s] INFO:colcon.colcon_core.shell:Creating environment hook '/home/gyufoxy/dev_ws/install/cpp_pubsub/share/cpp_pubsub/hook/cmake_prefix_path.sh'
[0.566s] Level 1:colcon.colcon_core.environment:checking '/home/gyufoxy/dev_ws/install/cpp_pubsub/lib'
[0.566s] Level 1:colcon.colcon_core.environment:checking '/home/gyufoxy/dev_ws/install/cpp_pubsub/bin'
[0.567s] Level 1:colcon.colcon_core.environment:checking '/home/gyufoxy/dev_ws/install/cpp_pubsub/lib/pkgconfig/cpp_pubsub.pc'
[0.567s] Level 1:colcon.colcon_core.environment:checking '/home/gyufoxy/dev_ws/install/cpp_pubsub/lib/python3.8/site-packages'
[0.567s] INFO:colcon.colcon_core.shell:Creating package script '/home/gyufoxy/dev_ws/install/cpp_pubsub/share/cpp_pubsub/package.ps1'
[0.568s] INFO:colcon.colcon_core.shell:Creating package descriptor '/home/gyufoxy/dev_ws/install/cpp_pubsub/share/cpp_pubsub/package.dsv'
[0.568s] INFO:colcon.colcon_core.shell:Creating package script '/home/gyufoxy/dev_ws/install/cpp_pubsub/share/cpp_pubsub/package.sh'
[0.569s] INFO:colcon.colcon_core.shell:Creating package script '/home/gyufoxy/dev_ws/install/cpp_pubsub/share/cpp_pubsub/package.bash'
[0.569s] INFO:colcon.colcon_core.shell:Creating package script '/home/gyufoxy/dev_ws/install/cpp_pubsub/share/cpp_pubsub/package.zsh'
[0.570s] Level 1:colcon.colcon_core.environment:create_file_with_runtime_dependencies(/home/gyufoxy/dev_ws/install/cpp_pubsub/share/colcon-core/packages/cpp_pubsub)
[0.623s] DEBUG:colcon.colcon_core.event_handler.log_command:Invoked command in '/home/gyufoxy/dev_ws/build/srv_and_cli_ros2' returned '0': CMAKE_PREFIX_PATH=${CMAKE_PREFIX_PATH}:/opt/ros/foxy /usr/bin/cmake --build /home/gyufoxy/dev_ws/build/srv_and_cli_ros2 -- -j8 -l8
[0.689s] DEBUG:colcon.colcon_core.event_handler.log_command:Invoking command in '/home/gyufoxy/dev_ws/build/srv_and_cli_ros2': CMAKE_PREFIX_PATH=${CMAKE_PREFIX_PATH}:/opt/ros/foxy /usr/bin/cmake --install /home/gyufoxy/dev_ws/build/srv_and_cli_ros2
[0.745s] Level 1:colcon.colcon_core.environment:create_environment_scripts_only(srv_and_cli_ros2)
[0.746s] Level 1:colcon.colcon_core.environment:checking '/home/gyufoxy/dev_ws/install/srv_and_cli_ros2' for CMake module files
[0.746s] DEBUG:colcon.colcon_core.event_handler.log_command:Invoked command in '/home/gyufoxy/dev_ws/build/srv_and_cli_ros2' returned '0': CMAKE_PREFIX_PATH=${CMAKE_PREFIX_PATH}:/opt/ros/foxy /usr/bin/cmake --install /home/gyufoxy/dev_ws/build/srv_and_cli_ros2
[0.747s] Level 1:colcon.colcon_core.environment:checking '/home/gyufoxy/dev_ws/install/srv_and_cli_ros2' for CMake config files
[0.747s] Level 1:colcon.colcon_core.shell:create_environment_hook('srv_and_cli_ros2', 'cmake_prefix_path')
[0.748s] INFO:colcon.colcon_core.shell:Creating environment hook '/home/gyufoxy/dev_ws/install/srv_and_cli_ros2/share/srv_and_cli_ros2/hook/cmake_prefix_path.ps1'
[0.748s] INFO:colcon.colcon_core.shell:Creating environment descriptor '/home/gyufoxy/dev_ws/install/srv_and_cli_ros2/share/srv_and_cli_ros2/hook/cmake_prefix_path.dsv'
[0.749s] INFO:colcon.colcon_core.shell:Creating environment hook '/home/gyufoxy/dev_ws/install/srv_and_cli_ros2/share/srv_and_cli_ros2/hook/cmake_prefix_path.sh'
[0.749s] Level 1:colcon.colcon_core.environment:checking '/home/gyufoxy/dev_ws/install/srv_and_cli_ros2/lib'
[0.749s] Level 1:colcon.colcon_core.shell:create_environment_hook('srv_and_cli_ros2', 'ld_library_path_lib')
[0.750s] INFO:colcon.colcon_core.shell:Creating environment hook '/home/gyufoxy/dev_ws/install/srv_and_cli_ros2/share/srv_and_cli_ros2/hook/ld_library_path_lib.ps1'
[0.750s] INFO:colcon.colcon_core.shell:Creating environment descriptor '/home/gyufoxy/dev_ws/install/srv_and_cli_ros2/share/srv_and_cli_ros2/hook/ld_library_path_lib.dsv'
[0.750s] INFO:colcon.colcon_core.shell:Creating environment hook '/home/gyufoxy/dev_ws/install/srv_and_cli_ros2/share/srv_and_cli_ros2/hook/ld_library_path_lib.sh'
[0.751s] Level 1:colcon.colcon_core.environment:checking '/home/gyufoxy/dev_ws/install/srv_and_cli_ros2/bin'
[0.751s] Level 1:colcon.colcon_core.environment:checking '/home/gyufoxy/dev_ws/install/srv_and_cli_ros2/lib/pkgconfig/srv_and_cli_ros2.pc'
[0.751s] Level 1:colcon.colcon_core.environment:checking '/home/gyufoxy/dev_ws/install/srv_and_cli_ros2/lib/python3.8/site-packages'
[0.751s] Level 1:colcon.colcon_core.shell:create_environment_hook('srv_and_cli_ros2', 'pythonpath')
[0.752s] INFO:colcon.colcon_core.shell:Creating environment hook '/home/gyufoxy/dev_ws/install/srv_and_cli_ros2/share/srv_and_cli_ros2/hook/pythonpath.ps1'
[0.752s] INFO:colcon.colcon_core.shell:Creating environment descriptor '/home/gyufoxy/dev_ws/install/srv_and_cli_ros2/share/srv_and_cli_ros2/hook/pythonpath.dsv'
[0.752s] INFO:colcon.colcon_core.shell:Creating environment hook '/home/gyufoxy/dev_ws/install/srv_and_cli_ros2/share/srv_and_cli_ros2/hook/pythonpath.sh'
[0.753s] INFO:colcon.colcon_core.shell:Creating package script '/home/gyufoxy/dev_ws/install/srv_and_cli_ros2/share/srv_and_cli_ros2/package.ps1'
[0.754s] INFO:colcon.colcon_core.shell:Creating package descriptor '/home/gyufoxy/dev_ws/install/srv_and_cli_ros2/share/srv_and_cli_ros2/package.dsv'
[0.754s] INFO:colcon.colcon_core.shell:Creating package script '/home/gyufoxy/dev_ws/install/srv_and_cli_ros2/share/srv_and_cli_ros2/package.sh'
[0.755s] INFO:colcon.colcon_core.shell:Creating package script '/home/gyufoxy/dev_ws/install/srv_and_cli_ros2/share/srv_and_cli_ros2/package.bash'
[0.755s] INFO:colcon.colcon_core.shell:Creating package script '/home/gyufoxy/dev_ws/install/srv_and_cli_ros2/share/srv_and_cli_ros2/package.zsh'
[0.755s] Level 1:colcon.colcon_core.environment:create_file_with_runtime_dependencies(/home/gyufoxy/dev_ws/install/srv_and_cli_ros2/share/colcon-core/packages/srv_and_cli_ros2)
[0.820s] Level 1:colcon.colcon_core.environment:create_environment_scripts_only(srv_and_cli_ros2)
[0.821s] Level 1:colcon.colcon_core.environment:checking '/home/gyufoxy/dev_ws/install/srv_and_cli_ros2' for CMake module files
[0.822s] Level 1:colcon.colcon_core.environment:checking '/home/gyufoxy/dev_ws/install/srv_and_cli_ros2' for CMake config files
[0.822s] Level 1:colcon.colcon_core.shell:create_environment_hook('srv_and_cli_ros2', 'cmake_prefix_path')
[0.822s] INFO:colcon.colcon_core.shell:Creating environment hook '/home/gyufoxy/dev_ws/install/srv_and_cli_ros2/share/srv_and_cli_ros2/hook/cmake_prefix_path.ps1'
[0.823s] INFO:colcon.colcon_core.shell:Creating environment descriptor '/home/gyufoxy/dev_ws/install/srv_and_cli_ros2/share/srv_and_cli_ros2/hook/cmake_prefix_path.dsv'
[0.823s] INFO:colcon.colcon_core.shell:Creating environment hook '/home/gyufoxy/dev_ws/install/srv_and_cli_ros2/share/srv_and_cli_ros2/hook/cmake_prefix_path.sh'
[0.824s] Level 1:colcon.colcon_core.environment:checking '/home/gyufoxy/dev_ws/install/srv_and_cli_ros2/lib'
[0.824s] Level 1:colcon.colcon_core.shell:create_environment_hook('srv_and_cli_ros2', 'ld_library_path_lib')
[0.824s] INFO:colcon.colcon_core.shell:Creating environment hook '/home/gyufoxy/dev_ws/install/srv_and_cli_ros2/share/srv_and_cli_ros2/hook/ld_library_path_lib.ps1'
[0.825s] INFO:colcon.colcon_core.shell:Creating environment descriptor '/home/gyufoxy/dev_ws/install/srv_and_cli_ros2/share/srv_and_cli_ros2/hook/ld_library_path_lib.dsv'
[0.825s] INFO:colcon.colcon_core.shell:Creating environment hook '/home/gyufoxy/dev_ws/install/srv_and_cli_ros2/share/srv_and_cli_ros2/hook/ld_library_path_lib.sh'
[0.826s] Level 1:colcon.colcon_core.environment:checking '/home/gyufoxy/dev_ws/install/srv_and_cli_ros2/bin'
[0.826s] Level 1:colcon.colcon_core.environment:checking '/home/gyufoxy/dev_ws/install/srv_and_cli_ros2/lib/pkgconfig/srv_and_cli_ros2.pc'
[0.826s] Level 1:colcon.colcon_core.environment:checking '/home/gyufoxy/dev_ws/install/srv_and_cli_ros2/lib/python3.8/site-packages'
[0.826s] Level 1:colcon.colcon_core.shell:create_environment_hook('srv_and_cli_ros2', 'pythonpath')
[0.826s] INFO:colcon.colcon_core.shell:Creating environment hook '/home/gyufoxy/dev_ws/install/srv_and_cli_ros2/share/srv_and_cli_ros2/hook/pythonpath.ps1'
[0.827s] INFO:colcon.colcon_core.shell:Creating environment descriptor '/home/gyufoxy/dev_ws/install/srv_and_cli_ros2/share/srv_and_cli_ros2/hook/pythonpath.dsv'
[0.827s] INFO:colcon.colcon_core.shell:Creating environment hook '/home/gyufoxy/dev_ws/install/srv_and_cli_ros2/share/srv_and_cli_ros2/hook/pythonpath.sh'
[0.828s] INFO:colcon.colcon_core.shell:Creating package script '/home/gyufoxy/dev_ws/install/srv_and_cli_ros2/share/srv_and_cli_ros2/package.ps1'
[0.828s] INFO:colcon.colcon_core.shell:Creating package descriptor '/home/gyufoxy/dev_ws/install/srv_and_cli_ros2/share/srv_and_cli_ros2/package.dsv'
[0.829s] INFO:colcon.colcon_core.shell:Creating package script '/home/gyufoxy/dev_ws/install/srv_and_cli_ros2/share/srv_and_cli_ros2/package.sh'
[0.829s] INFO:colcon.colcon_core.shell:Creating package script '/home/gyufoxy/dev_ws/install/srv_and_cli_ros2/share/srv_and_cli_ros2/package.bash'
[0.830s] INFO:colcon.colcon_core.shell:Creating package script '/home/gyufoxy/dev_ws/install/srv_and_cli_ros2/share/srv_and_cli_ros2/package.zsh'
[0.830s] Level 1:colcon.colcon_core.environment:create_file_with_runtime_dependencies(/home/gyufoxy/dev_ws/install/srv_and_cli_ros2/share/colcon-core/packages/srv_and_cli_ros2)
[3.873s] DEBUG:colcon.colcon_core.event_handler.log_command:Invoked command in '/home/gyufoxy/dev_ws/build/action_interface_ros2' returned '2': CMAKE_PREFIX_PATH=${CMAKE_PREFIX_PATH}:/opt/ros/foxy /usr/bin/cmake --build /home/gyufoxy/dev_ws/build/action_interface_ros2 -- -j8 -l8
[3.922s] Level 1:colcon.colcon_core.environment:create_environment_scripts_only(action_interface_ros2)
[3.923s] Level 1:colcon.colcon_core.environment:checking '/home/gyufoxy/dev_ws/install/action_interface_ros2' for CMake module files
[3.923s] Level 1:colcon.colcon_core.environment:checking '/home/gyufoxy/dev_ws/install/action_interface_ros2' for CMake config files
[3.924s] Level 1:colcon.colcon_core.shell:create_environment_hook('action_interface_ros2', 'cmake_prefix_path')
[3.924s] INFO:colcon.colcon_core.shell:Creating environment hook '/home/gyufoxy/dev_ws/install/action_interface_ros2/share/action_interface_ros2/hook/cmake_prefix_path.ps1'
[3.925s] INFO:colcon.colcon_core.shell:Creating environment descriptor '/home/gyufoxy/dev_ws/install/action_interface_ros2/share/action_interface_ros2/hook/cmake_prefix_path.dsv'
[3.925s] INFO:colcon.colcon_core.shell:Creating environment hook '/home/gyufoxy/dev_ws/install/action_interface_ros2/share/action_interface_ros2/hook/cmake_prefix_path.sh'
[3.926s] Level 1:colcon.colcon_core.environment:checking '/home/gyufoxy/dev_ws/install/action_interface_ros2/lib'
[3.926s] Level 1:colcon.colcon_core.shell:create_environment_hook('action_interface_ros2', 'ld_library_path_lib')
[3.926s] INFO:colcon.colcon_core.shell:Creating environment hook '/home/gyufoxy/dev_ws/install/action_interface_ros2/share/action_interface_ros2/hook/ld_library_path_lib.ps1'
[3.927s] INFO:colcon.colcon_core.shell:Creating environment descriptor '/home/gyufoxy/dev_ws/install/action_interface_ros2/share/action_interface_ros2/hook/ld_library_path_lib.dsv'
[3.927s] INFO:colcon.colcon_core.shell:Creating environment hook '/home/gyufoxy/dev_ws/install/action_interface_ros2/share/action_interface_ros2/hook/ld_library_path_lib.sh'
[3.928s] Level 1:colcon.colcon_core.environment:checking '/home/gyufoxy/dev_ws/install/action_interface_ros2/bin'
[3.928s] Level 1:colcon.colcon_core.environment:checking '/home/gyufoxy/dev_ws/install/action_interface_ros2/lib/pkgconfig/action_interface_ros2.pc'
[3.928s] Level 1:colcon.colcon_core.environment:checking '/home/gyufoxy/dev_ws/install/action_interface_ros2/lib/python3.8/site-packages'
[3.928s] Level 1:colcon.colcon_core.shell:create_environment_hook('action_interface_ros2', 'pythonpath')
[3.928s] INFO:colcon.colcon_core.shell:Creating environment hook '/home/gyufoxy/dev_ws/install/action_interface_ros2/share/action_interface_ros2/hook/pythonpath.ps1'
[3.929s] INFO:colcon.colcon_core.shell:Creating environment descriptor '/home/gyufoxy/dev_ws/install/action_interface_ros2/share/action_interface_ros2/hook/pythonpath.dsv'
[3.929s] INFO:colcon.colcon_core.shell:Creating environment hook '/home/gyufoxy/dev_ws/install/action_interface_ros2/share/action_interface_ros2/hook/pythonpath.sh'
[3.930s] INFO:colcon.colcon_core.shell:Creating package script '/home/gyufoxy/dev_ws/install/action_interface_ros2/share/action_interface_ros2/package.ps1'
[3.930s] INFO:colcon.colcon_core.shell:Creating package descriptor '/home/gyufoxy/dev_ws/install/action_interface_ros2/share/action_interface_ros2/package.dsv'
[3.931s] INFO:colcon.colcon_core.shell:Creating package script '/home/gyufoxy/dev_ws/install/action_interface_ros2/share/action_interface_ros2/package.sh'
[3.931s] INFO:colcon.colcon_core.shell:Creating package script '/home/gyufoxy/dev_ws/install/action_interface_ros2/share/action_interface_ros2/package.bash'
[3.932s] INFO:colcon.colcon_core.shell:Creating package script '/home/gyufoxy/dev_ws/install/action_interface_ros2/share/action_interface_ros2/package.zsh'
[3.932s] Level 1:colcon.colcon_core.environment:create_file_with_runtime_dependencies(/home/gyufoxy/dev_ws/install/action_interface_ros2/share/colcon-core/packages/action_interface_ros2)
[3.943s] DEBUG:colcon.colcon_parallel_executor.executor.parallel:closing loop
[3.944s] DEBUG:colcon.colcon_parallel_executor.executor.parallel:loop closed
[3.944s] DEBUG:colcon.colcon_parallel_executor.executor.parallel:run_until_complete finished with '2'
[3.944s] DEBUG:colcon.colcon_core.event_reactor:joining thread
[3.965s] INFO:colcon.colcon_core.plugin_system:Skipping extension 'colcon_notification.desktop_notification.terminal_notifier': Not used on non-Darwin systems
[3.966s] INFO:colcon.colcon_core.plugin_system:Skipping extension 'colcon_notification.desktop_notification.win32': Not used on non-Windows systems
[3.966s] INFO:colcon.colcon_notification.desktop_notification:Sending desktop notification using 'notify2'
[3.995s] DEBUG:colcon.colcon_core.event_reactor:joined thread
[3.996s] INFO:colcon.colcon_core.shell:Creating prefix script '/home/gyufoxy/dev_ws/install/local_setup.ps1'
[3.997s] INFO:colcon.colcon_core.shell:Creating prefix util module '/home/gyufoxy/dev_ws/install/_local_setup_util_ps1.py'
[3.999s] INFO:colcon.colcon_core.shell:Creating prefix chain script '/home/gyufoxy/dev_ws/install/setup.ps1'
[4.003s] INFO:colcon.colcon_core.shell:Creating prefix script '/home/gyufoxy/dev_ws/install/local_setup.sh'
[4.003s] INFO:colcon.colcon_core.shell:Creating prefix util module '/home/gyufoxy/dev_ws/install/_local_setup_util_sh.py'
[4.004s] INFO:colcon.colcon_core.shell:Creating prefix chain script '/home/gyufoxy/dev_ws/install/setup.sh'
[4.008s] INFO:colcon.colcon_core.shell:Creating prefix script '/home/gyufoxy/dev_ws/install/local_setup.bash'
[4.008s] INFO:colcon.colcon_core.shell:Creating prefix chain script '/home/gyufoxy/dev_ws/install/setup.bash'
[4.012s] INFO:colcon.colcon_core.shell:Creating prefix script '/home/gyufoxy/dev_ws/install/local_setup.zsh'
[4.013s] INFO:colcon.colcon_core.shell:Creating prefix chain script '/home/gyufoxy/dev_ws/install/setup.zsh'
