[0.037s] Invoking command in '/home/gyufoxy/dev_ws/build/action_interfaces_ros2': CMAKE_PREFIX_PATH=${CMAKE_PREFIX_PATH}:/opt/ros/foxy /usr/bin/cmake /home/gyufoxy/dev_ws/src/action_interfaces_ros2 -DCMAKE_INSTALL_PREFIX=/home/gyufoxy/dev_ws/install/action_interfaces_ros2
[0.057s] -- Found ament_cmake: 0.9.9 (/opt/ros/foxy/share/ament_cmake/cmake)
[0.074s] -- Found PythonInterp: /usr/bin/python3 (found suitable version "3.8.10", minimum required is "3") 
[0.074s] -- Using PYTHON_EXECUTABLE: /usr/bin/python3
[0.304s] -- Found rosidl_default_generators: 1.0.1 (/opt/ros/foxy/share/rosidl_default_generators/cmake)
[0.307s] -- Using all available rosidl_typesupport_c: rosidl_typesupport_fastrtps_c;rosidl_typesupport_introspection_c
[0.310s] -- Found rosidl_adapter: 1.2.1 (/opt/ros/foxy/share/rosidl_adapter/cmake)
[0.457s] -- Using all available rosidl_typesupport_cpp: rosidl_typesupport_fastrtps_cpp;rosidl_typesupport_introspection_cpp
[0.503s] -- Found PythonInterp: /usr/bin/python3 (found version "3.8.10") 
[0.690s] -- Found ament_cmake_ros: 0.9.2 (/opt/ros/foxy/share/ament_cmake_ros/cmake)
[0.819s] -- Using all available rosidl_typesupport_c: rosidl_typesupport_fastrtps_c;rosidl_typesupport_introspection_c
[0.845s] -- Using all available rosidl_typesupport_cpp: rosidl_typesupport_fastrtps_cpp;rosidl_typesupport_introspection_cpp
[0.873s] -- Found PythonInterp: /usr/bin/python3 (found suitable version "3.8.10", minimum required is "3.5") 
[0.876s] -- Found python_cmake_module: 0.8.1 (/opt/ros/foxy/share/python_cmake_module/cmake)
[0.905s] -- Found PythonLibs: /usr/lib/x86_64-linux-gnu/libpython3.8.so (found suitable version "3.8.10", minimum required is "3.5") 
[0.905s] -- Using PYTHON_EXECUTABLE: /usr/bin/python3
[0.905s] -- Using PYTHON_INCLUDE_DIRS: /usr/include/python3.8
[0.905s] -- Using PYTHON_LIBRARIES: /usr/lib/x86_64-linux-gnu/libpython3.8.so
[0.929s] -- Found PythonExtra: .so  
[0.985s] -- Found ament_lint_auto: 0.9.6 (/opt/ros/foxy/share/ament_lint_auto/cmake)
[1.010s] -- Added test 'copyright' to check source files copyright and LICENSE
[1.012s] -- Added test 'lint_cmake' to check CMake code style
[1.014s] -- Added test 'xmllint' to check XML markup files
[1.020s] -- Configuring done
[1.072s] -- Generating done
[1.075s] -- Build files have been written to: /home/gyufoxy/dev_ws/build/action_interfaces_ros2
[1.081s] Invoked command in '/home/gyufoxy/dev_ws/build/action_interfaces_ros2' returned '0': CMAKE_PREFIX_PATH=${CMAKE_PREFIX_PATH}:/opt/ros/foxy /usr/bin/cmake /home/gyufoxy/dev_ws/src/action_interfaces_ros2 -DCMAKE_INSTALL_PREFIX=/home/gyufoxy/dev_ws/install/action_interfaces_ros2
[1.084s] Invoking command in '/home/gyufoxy/dev_ws/build/action_interfaces_ros2': CMAKE_PREFIX_PATH=${CMAKE_PREFIX_PATH}:/opt/ros/foxy /usr/bin/cmake --build /home/gyufoxy/dev_ws/build/action_interfaces_ros2 -- -j8 -l8
[1.121s] [  3%] [34m[1mGenerating C code for ROS interfaces[0m
[1.121s] [35m[1mScanning dependencies of target action_interfaces_ros2__cpp[0m
[1.132s] [  6%] [34m[1mGenerating C++ code for ROS interfaces[0m
[1.535s] [35m[1mScanning dependencies of target action_interfaces_ros2__rosidl_generator_c[0m
[1.537s] [  6%] Built target action_interfaces_ros2__cpp
[1.547s] [ 19%] [34m[1mGenerating C++ type support dispatch for ROS interfaces[0m
[1.547s] [ 19%] [34m[1mGenerating C++ introspection for ROS interfaces[0m
[1.548s] [ 19%] [34m[1mGenerating C++ type support for eProsima Fast-RTPS[0m
[1.548s] [ 19%] [32mBuilding C object CMakeFiles/action_interfaces_ros2__rosidl_generator_c.dir/rosidl_generator_c/action_interfaces_ros2/action/detail/fibonacci__functions.c.o[0m
[1.631s] [ 22%] [32m[1mLinking C shared library libaction_interfaces_ros2__rosidl_generator_c.so[0m
[1.676s] [ 22%] Built target action_interfaces_ros2__rosidl_generator_c
[1.689s] [ 25%] [34m[1mGenerating C introspection for ROS interfaces[0m
[1.690s] [ 29%] [34m[1mGenerating C type support dispatch for ROS interfaces[0m
[1.810s] [35m[1mScanning dependencies of target action_interfaces_ros2__rosidl_typesupport_cpp[0m
[1.827s] [ 32%] [32mBuilding CXX object CMakeFiles/action_interfaces_ros2__rosidl_typesupport_cpp.dir/rosidl_typesupport_cpp/action_interfaces_ros2/action/fibonacci__type_support.cpp.o[0m
[1.917s] [35m[1mScanning dependencies of target action_interfaces_ros2__rosidl_typesupport_fastrtps_cpp[0m
[1.940s] [ 35%] [32mBuilding CXX object CMakeFiles/action_interfaces_ros2__rosidl_typesupport_fastrtps_cpp.dir/rosidl_typesupport_fastrtps_cpp/action_interfaces_ros2/action/detail/dds_fastrtps/fibonacci__type_support.cpp.o[0m
[2.036s] [35m[1mScanning dependencies of target action_interfaces_ros2__rosidl_typesupport_introspection_cpp[0m
[2.057s] [ 38%] [32mBuilding CXX object CMakeFiles/action_interfaces_ros2__rosidl_typesupport_introspection_cpp.dir/rosidl_typesupport_introspection_cpp/action_interfaces_ros2/action/detail/fibonacci__type_support.cpp.o[0m
[2.120s] [35m[1mScanning dependencies of target action_interfaces_ros2__rosidl_typesupport_c[0m
[2.139s] [ 41%] [32mBuilding CXX object CMakeFiles/action_interfaces_ros2__rosidl_typesupport_c.dir/rosidl_typesupport_c/action_interfaces_ros2/action/fibonacci__type_support.cpp.o[0m
[2.181s] [ 45%] [32m[1mLinking CXX shared library libaction_interfaces_ros2__rosidl_typesupport_cpp.so[0m
[2.199s] [ 48%] [32m[1mLinking CXX shared library libaction_interfaces_ros2__rosidl_typesupport_c.so[0m
[2.203s] [35m[1mScanning dependencies of target action_interfaces_ros2__rosidl_typesupport_introspection_c[0m
[2.222s] [ 51%] [32mBuilding C object CMakeFiles/action_interfaces_ros2__rosidl_typesupport_introspection_c.dir/rosidl_typesupport_introspection_c/action_interfaces_ros2/action/detail/fibonacci__type_support.c.o[0m
[2.231s] [ 51%] Built target action_interfaces_ros2__rosidl_typesupport_cpp
[2.249s] [ 51%] Built target action_interfaces_ros2__rosidl_typesupport_c
[2.272s] [ 54%] [32m[1mLinking C shared library libaction_interfaces_ros2__rosidl_typesupport_introspection_c.so[0m
[2.304s] [ 54%] Built target action_interfaces_ros2__rosidl_typesupport_introspection_c
[2.510s] [ 58%] [32m[1mLinking CXX shared library libaction_interfaces_ros2__rosidl_typesupport_introspection_cpp.so[0m
[2.546s] [ 61%] [32m[1mLinking CXX shared library libaction_interfaces_ros2__rosidl_typesupport_fastrtps_cpp.so[0m
[2.590s] [ 61%] Built target action_interfaces_ros2__rosidl_typesupport_introspection_cpp
[2.666s] [ 61%] Built target action_interfaces_ros2__rosidl_typesupport_fastrtps_cpp
[2.677s] [ 64%] [34m[1mGenerating C type support for eProsima Fast-RTPS[0m
[2.998s] [35m[1mScanning dependencies of target action_interfaces_ros2__rosidl_typesupport_fastrtps_c[0m
[3.017s] [ 67%] [32mBuilding CXX object CMakeFiles/action_interfaces_ros2__rosidl_typesupport_fastrtps_c.dir/rosidl_typesupport_fastrtps_c/action_interfaces_ros2/action/detail/fibonacci__type_support_c.cpp.o[0m
[3.380s] [ 70%] [32m[1mLinking CXX shared library libaction_interfaces_ros2__rosidl_typesupport_fastrtps_c.so[0m
[3.471s] [ 70%] Built target action_interfaces_ros2__rosidl_typesupport_fastrtps_c
[3.480s] [35m[1mScanning dependencies of target action_interfaces_ros2[0m
[3.490s] [ 70%] Built target action_interfaces_ros2
[3.500s] [35m[1mScanning dependencies of target action_interfaces_ros2__py[0m
[3.510s] [ 74%] [34m[1mGenerating Python code for ROS interfaces[0m
[4.313s] [ 74%] Built target action_interfaces_ros2__py
[4.323s] [35m[1mScanning dependencies of target action_interfaces_ros2__python[0m
[4.341s] [ 77%] [32mBuilding C object CMakeFiles/action_interfaces_ros2__python.dir/rosidl_generator_py/action_interfaces_ros2/action/_fibonacci_s.c.o[0m
[4.469s] [ 80%] [32m[1mLinking C shared library rosidl_generator_py/action_interfaces_ros2/libaction_interfaces_ros2__python.so[0m
[4.513s] [ 80%] Built target action_interfaces_ros2__python
[4.523s] [35m[1mScanning dependencies of target action_interfaces_ros2__rosidl_typesupport_c__pyext[0m
[4.524s] [35m[1mScanning dependencies of target action_interfaces_ros2__rosidl_typesupport_introspection_c__pyext[0m
[4.524s] [35m[1mScanning dependencies of target action_interfaces_ros2__rosidl_typesupport_fastrtps_c__pyext[0m
[4.543s] [ 83%] [32mBuilding C object CMakeFiles/action_interfaces_ros2__rosidl_typesupport_introspection_c__pyext.dir/rosidl_generator_py/action_interfaces_ros2/_action_interfaces_ros2_s.ep.rosidl_typesupport_introspection_c.c.o[0m
[4.543s] [ 87%] [32mBuilding C object CMakeFiles/action_interfaces_ros2__rosidl_typesupport_c__pyext.dir/rosidl_generator_py/action_interfaces_ros2/_action_interfaces_ros2_s.ep.rosidl_typesupport_c.c.o[0m
[4.548s] [ 90%] [32mBuilding C object CMakeFiles/action_interfaces_ros2__rosidl_typesupport_fastrtps_c__pyext.dir/rosidl_generator_py/action_interfaces_ros2/_action_interfaces_ros2_s.ep.rosidl_typesupport_fastrtps_c.c.o[0m
[4.641s] [ 93%] [32m[1mLinking C shared library rosidl_generator_py/action_interfaces_ros2/action_interfaces_ros2_s__rosidl_typesupport_c.cpython-38-x86_64-linux-gnu.so[0m
[4.643s] [ 96%] [32m[1mLinking C shared library rosidl_generator_py/action_interfaces_ros2/action_interfaces_ros2_s__rosidl_typesupport_introspection_c.cpython-38-x86_64-linux-gnu.so[0m
[4.649s] [100%] [32m[1mLinking CXX shared library rosidl_generator_py/action_interfaces_ros2/action_interfaces_ros2_s__rosidl_typesupport_fastrtps_c.cpython-38-x86_64-linux-gnu.so[0m
[4.681s] [100%] Built target action_interfaces_ros2__rosidl_typesupport_c__pyext
[4.683s] [100%] Built target action_interfaces_ros2__rosidl_typesupport_introspection_c__pyext
[4.718s] [100%] Built target action_interfaces_ros2__rosidl_typesupport_fastrtps_c__pyext
[4.731s] Invoked command in '/home/gyufoxy/dev_ws/build/action_interfaces_ros2' returned '0': CMAKE_PREFIX_PATH=${CMAKE_PREFIX_PATH}:/opt/ros/foxy /usr/bin/cmake --build /home/gyufoxy/dev_ws/build/action_interfaces_ros2 -- -j8 -l8
[4.778s] Invoking command in '/home/gyufoxy/dev_ws/build/action_interfaces_ros2': CMAKE_PREFIX_PATH=${CMAKE_PREFIX_PATH}:/opt/ros/foxy /usr/bin/cmake --install /home/gyufoxy/dev_ws/build/action_interfaces_ros2
[4.786s] -- Install configuration: ""
[4.786s] -- Installing: /home/gyufoxy/dev_ws/install/action_interfaces_ros2/share/ament_index/resource_index/rosidl_interfaces/action_interfaces_ros2
[4.787s] -- Installing: /home/gyufoxy/dev_ws/install/action_interfaces_ros2/include/action_interfaces_ros2
[4.787s] -- Installing: /home/gyufoxy/dev_ws/install/action_interfaces_ros2/include/action_interfaces_ros2/action
[4.787s] -- Installing: /home/gyufoxy/dev_ws/install/action_interfaces_ros2/include/action_interfaces_ros2/action/detail
[4.787s] -- Installing: /home/gyufoxy/dev_ws/install/action_interfaces_ros2/include/action_interfaces_ros2/action/detail/fibonacci__struct.h
[4.787s] -- Installing: /home/gyufoxy/dev_ws/install/action_interfaces_ros2/include/action_interfaces_ros2/action/detail/fibonacci__type_support.h
[4.787s] -- Installing: /home/gyufoxy/dev_ws/install/action_interfaces_ros2/include/action_interfaces_ros2/action/detail/fibonacci__functions.h
[4.787s] -- Installing: /home/gyufoxy/dev_ws/install/action_interfaces_ros2/include/action_interfaces_ros2/action/detail/fibonacci__functions.c
[4.788s] -- Installing: /home/gyufoxy/dev_ws/install/action_interfaces_ros2/include/action_interfaces_ros2/action/fibonacci.h
[4.788s] -- Installing: /home/gyufoxy/dev_ws/install/action_interfaces_ros2/include/action_interfaces_ros2/msg
[4.788s] -- Installing: /home/gyufoxy/dev_ws/install/action_interfaces_ros2/include/action_interfaces_ros2/msg/rosidl_generator_c__visibility_control.h
[4.788s] -- Installing: /home/gyufoxy/dev_ws/install/action_interfaces_ros2/share/action_interfaces_ros2/environment/library_path.sh
[4.788s] -- Installing: /home/gyufoxy/dev_ws/install/action_interfaces_ros2/share/action_interfaces_ros2/environment/library_path.dsv
[4.788s] -- Installing: /home/gyufoxy/dev_ws/install/action_interfaces_ros2/lib/libaction_interfaces_ros2__rosidl_generator_c.so
[4.788s] -- Set runtime path of "/home/gyufoxy/dev_ws/install/action_interfaces_ros2/lib/libaction_interfaces_ros2__rosidl_generator_c.so" to ""
[4.788s] -- Up-to-date: /home/gyufoxy/dev_ws/install/action_interfaces_ros2/include/action_interfaces_ros2
[4.788s] -- Up-to-date: /home/gyufoxy/dev_ws/install/action_interfaces_ros2/include/action_interfaces_ros2/action
[4.789s] -- Up-to-date: /home/gyufoxy/dev_ws/install/action_interfaces_ros2/include/action_interfaces_ros2/action/detail
[4.789s] -- Installing: /home/gyufoxy/dev_ws/install/action_interfaces_ros2/include/action_interfaces_ros2/action/detail/fibonacci__rosidl_typesupport_fastrtps_c.h
[4.789s] -- Up-to-date: /home/gyufoxy/dev_ws/install/action_interfaces_ros2/include/action_interfaces_ros2/msg
[4.789s] -- Installing: /home/gyufoxy/dev_ws/install/action_interfaces_ros2/include/action_interfaces_ros2/msg/rosidl_typesupport_fastrtps_c__visibility_control.h
[4.789s] -- Installing: /home/gyufoxy/dev_ws/install/action_interfaces_ros2/lib/libaction_interfaces_ros2__rosidl_typesupport_fastrtps_c.so
[4.789s] -- Set runtime path of "/home/gyufoxy/dev_ws/install/action_interfaces_ros2/lib/libaction_interfaces_ros2__rosidl_typesupport_fastrtps_c.so" to ""
[4.789s] -- Up-to-date: /home/gyufoxy/dev_ws/install/action_interfaces_ros2/include/action_interfaces_ros2
[4.789s] -- Up-to-date: /home/gyufoxy/dev_ws/install/action_interfaces_ros2/include/action_interfaces_ros2/action
[4.789s] -- Up-to-date: /home/gyufoxy/dev_ws/install/action_interfaces_ros2/include/action_interfaces_ros2/action/detail
[4.790s] -- Installing: /home/gyufoxy/dev_ws/install/action_interfaces_ros2/include/action_interfaces_ros2/action/detail/fibonacci__rosidl_typesupport_fastrtps_cpp.hpp
[4.790s] -- Installing: /home/gyufoxy/dev_ws/install/action_interfaces_ros2/include/action_interfaces_ros2/action/detail/dds_fastrtps
[4.790s] -- Up-to-date: /home/gyufoxy/dev_ws/install/action_interfaces_ros2/include/action_interfaces_ros2/msg
[4.790s] -- Installing: /home/gyufoxy/dev_ws/install/action_interfaces_ros2/include/action_interfaces_ros2/msg/rosidl_typesupport_fastrtps_cpp__visibility_control.h
[4.790s] -- Installing: /home/gyufoxy/dev_ws/install/action_interfaces_ros2/lib/libaction_interfaces_ros2__rosidl_typesupport_fastrtps_cpp.so
[4.790s] -- Set runtime path of "/home/gyufoxy/dev_ws/install/action_interfaces_ros2/lib/libaction_interfaces_ros2__rosidl_typesupport_fastrtps_cpp.so" to ""
[4.790s] -- Up-to-date: /home/gyufoxy/dev_ws/install/action_interfaces_ros2/include/action_interfaces_ros2
[4.790s] -- Up-to-date: /home/gyufoxy/dev_ws/install/action_interfaces_ros2/include/action_interfaces_ros2/action
[4.791s] -- Up-to-date: /home/gyufoxy/dev_ws/install/action_interfaces_ros2/include/action_interfaces_ros2/action/detail
[4.791s] -- Installing: /home/gyufoxy/dev_ws/install/action_interfaces_ros2/include/action_interfaces_ros2/action/detail/fibonacci__rosidl_typesupport_introspection_c.h
[4.791s] -- Installing: /home/gyufoxy/dev_ws/install/action_interfaces_ros2/include/action_interfaces_ros2/action/detail/fibonacci__type_support.c
[4.791s] -- Up-to-date: /home/gyufoxy/dev_ws/install/action_interfaces_ros2/include/action_interfaces_ros2/msg
[4.791s] -- Installing: /home/gyufoxy/dev_ws/install/action_interfaces_ros2/include/action_interfaces_ros2/msg/rosidl_typesupport_introspection_c__visibility_control.h
[4.791s] -- Installing: /home/gyufoxy/dev_ws/install/action_interfaces_ros2/lib/libaction_interfaces_ros2__rosidl_typesupport_introspection_c.so
[4.791s] -- Set runtime path of "/home/gyufoxy/dev_ws/install/action_interfaces_ros2/lib/libaction_interfaces_ros2__rosidl_typesupport_introspection_c.so" to ""
[4.791s] -- Installing: /home/gyufoxy/dev_ws/install/action_interfaces_ros2/lib/libaction_interfaces_ros2__rosidl_typesupport_c.so
[4.792s] -- Set runtime path of "/home/gyufoxy/dev_ws/install/action_interfaces_ros2/lib/libaction_interfaces_ros2__rosidl_typesupport_c.so" to ""
[4.792s] -- Up-to-date: /home/gyufoxy/dev_ws/install/action_interfaces_ros2/include/action_interfaces_ros2
[4.792s] -- Up-to-date: /home/gyufoxy/dev_ws/install/action_interfaces_ros2/include/action_interfaces_ros2/action
[4.792s] -- Installing: /home/gyufoxy/dev_ws/install/action_interfaces_ros2/include/action_interfaces_ros2/action/fibonacci.hpp
[4.792s] -- Up-to-date: /home/gyufoxy/dev_ws/install/action_interfaces_ros2/include/action_interfaces_ros2/action/detail
[4.792s] -- Installing: /home/gyufoxy/dev_ws/install/action_interfaces_ros2/include/action_interfaces_ros2/action/detail/fibonacci__builder.hpp
[4.792s] -- Installing: /home/gyufoxy/dev_ws/install/action_interfaces_ros2/include/action_interfaces_ros2/action/detail/fibonacci__struct.hpp
[4.793s] -- Installing: /home/gyufoxy/dev_ws/install/action_interfaces_ros2/include/action_interfaces_ros2/action/detail/fibonacci__traits.hpp
[4.793s] -- Up-to-date: /home/gyufoxy/dev_ws/install/action_interfaces_ros2/include/action_interfaces_ros2
[4.793s] -- Up-to-date: /home/gyufoxy/dev_ws/install/action_interfaces_ros2/include/action_interfaces_ros2/action
[4.793s] -- Up-to-date: /home/gyufoxy/dev_ws/install/action_interfaces_ros2/include/action_interfaces_ros2/action/detail
[4.793s] -- Installing: /home/gyufoxy/dev_ws/install/action_interfaces_ros2/include/action_interfaces_ros2/action/detail/fibonacci__type_support.cpp
[4.793s] -- Installing: /home/gyufoxy/dev_ws/install/action_interfaces_ros2/include/action_interfaces_ros2/action/detail/fibonacci__rosidl_typesupport_introspection_cpp.hpp
[4.793s] -- Installing: /home/gyufoxy/dev_ws/install/action_interfaces_ros2/lib/libaction_interfaces_ros2__rosidl_typesupport_introspection_cpp.so
[4.793s] -- Set runtime path of "/home/gyufoxy/dev_ws/install/action_interfaces_ros2/lib/libaction_interfaces_ros2__rosidl_typesupport_introspection_cpp.so" to ""
[4.794s] -- Installing: /home/gyufoxy/dev_ws/install/action_interfaces_ros2/lib/libaction_interfaces_ros2__rosidl_typesupport_cpp.so
[4.794s] -- Set runtime path of "/home/gyufoxy/dev_ws/install/action_interfaces_ros2/lib/libaction_interfaces_ros2__rosidl_typesupport_cpp.so" to ""
[4.794s] -- Installing: /home/gyufoxy/dev_ws/install/action_interfaces_ros2/share/action_interfaces_ros2/environment/pythonpath.sh
[4.794s] -- Installing: /home/gyufoxy/dev_ws/install/action_interfaces_ros2/share/action_interfaces_ros2/environment/pythonpath.dsv
[4.794s] -- Installing: /home/gyufoxy/dev_ws/install/action_interfaces_ros2/lib/python3.8/site-packages/action_interfaces_ros2/__init__.py
[4.823s] Compiling '/home/gyufoxy/dev_ws/install/action_interfaces_ros2/lib/python3.8/site-packages/action_interfaces_ros2/__init__.py'...
[4.827s] -- Installing: /home/gyufoxy/dev_ws/install/action_interfaces_ros2/lib/python3.8/site-packages/action_interfaces_ros2/action
[4.827s] -- Installing: /home/gyufoxy/dev_ws/install/action_interfaces_ros2/lib/python3.8/site-packages/action_interfaces_ros2/action/_fibonacci_s.c
[4.827s] -- Installing: /home/gyufoxy/dev_ws/install/action_interfaces_ros2/lib/python3.8/site-packages/action_interfaces_ros2/action/_fibonacci.py
[4.827s] -- Installing: /home/gyufoxy/dev_ws/install/action_interfaces_ros2/lib/python3.8/site-packages/action_interfaces_ros2/action/__init__.py
[4.828s] -- Installing: /home/gyufoxy/dev_ws/install/action_interfaces_ros2/lib/python3.8/site-packages/action_interfaces_ros2/action_interfaces_ros2_s__rosidl_typesupport_fastrtps_c.cpython-38-x86_64-linux-gnu.so
[4.828s] -- Set runtime path of "/home/gyufoxy/dev_ws/install/action_interfaces_ros2/lib/python3.8/site-packages/action_interfaces_ros2/action_interfaces_ros2_s__rosidl_typesupport_fastrtps_c.cpython-38-x86_64-linux-gnu.so" to ""
[4.829s] -- Installing: /home/gyufoxy/dev_ws/install/action_interfaces_ros2/lib/python3.8/site-packages/action_interfaces_ros2/action_interfaces_ros2_s__rosidl_typesupport_introspection_c.cpython-38-x86_64-linux-gnu.so
[4.829s] -- Set runtime path of "/home/gyufoxy/dev_ws/install/action_interfaces_ros2/lib/python3.8/site-packages/action_interfaces_ros2/action_interfaces_ros2_s__rosidl_typesupport_introspection_c.cpython-38-x86_64-linux-gnu.so" to ""
[4.829s] -- Installing: /home/gyufoxy/dev_ws/install/action_interfaces_ros2/lib/python3.8/site-packages/action_interfaces_ros2/action_interfaces_ros2_s__rosidl_typesupport_c.cpython-38-x86_64-linux-gnu.so
[4.830s] -- Set runtime path of "/home/gyufoxy/dev_ws/install/action_interfaces_ros2/lib/python3.8/site-packages/action_interfaces_ros2/action_interfaces_ros2_s__rosidl_typesupport_c.cpython-38-x86_64-linux-gnu.so" to ""
[4.830s] -- Installing: /home/gyufoxy/dev_ws/install/action_interfaces_ros2/lib/libaction_interfaces_ros2__python.so
[4.831s] -- Set runtime path of "/home/gyufoxy/dev_ws/install/action_interfaces_ros2/lib/libaction_interfaces_ros2__python.so" to ""
[4.831s] -- Installing: /home/gyufoxy/dev_ws/install/action_interfaces_ros2/share/action_interfaces_ros2/action/Fibonacci.idl
[4.831s] -- Installing: /home/gyufoxy/dev_ws/install/action_interfaces_ros2/share/action_interfaces_ros2/action/Fibonacci.action
[4.831s] -- Installing: /home/gyufoxy/dev_ws/install/action_interfaces_ros2/share/ament_index/resource_index/package_run_dependencies/action_interfaces_ros2
[4.831s] -- Installing: /home/gyufoxy/dev_ws/install/action_interfaces_ros2/share/ament_index/resource_index/parent_prefix_path/action_interfaces_ros2
[4.832s] -- Installing: /home/gyufoxy/dev_ws/install/action_interfaces_ros2/share/action_interfaces_ros2/environment/ament_prefix_path.sh
[4.832s] -- Installing: /home/gyufoxy/dev_ws/install/action_interfaces_ros2/share/action_interfaces_ros2/environment/ament_prefix_path.dsv
[4.832s] -- Installing: /home/gyufoxy/dev_ws/install/action_interfaces_ros2/share/action_interfaces_ros2/environment/path.sh
[4.832s] -- Installing: /home/gyufoxy/dev_ws/install/action_interfaces_ros2/share/action_interfaces_ros2/environment/path.dsv
[4.832s] -- Installing: /home/gyufoxy/dev_ws/install/action_interfaces_ros2/share/action_interfaces_ros2/local_setup.bash
[4.833s] -- Installing: /home/gyufoxy/dev_ws/install/action_interfaces_ros2/share/action_interfaces_ros2/local_setup.sh
[4.833s] -- Installing: /home/gyufoxy/dev_ws/install/action_interfaces_ros2/share/action_interfaces_ros2/local_setup.zsh
[4.833s] -- Installing: /home/gyufoxy/dev_ws/install/action_interfaces_ros2/share/action_interfaces_ros2/local_setup.dsv
[4.833s] -- Installing: /home/gyufoxy/dev_ws/install/action_interfaces_ros2/share/action_interfaces_ros2/package.dsv
[4.833s] -- Installing: /home/gyufoxy/dev_ws/install/action_interfaces_ros2/share/ament_index/resource_index/packages/action_interfaces_ros2
[4.834s] -- Installing: /home/gyufoxy/dev_ws/install/action_interfaces_ros2/share/action_interfaces_ros2/cmake/action_interfaces_ros2__rosidl_generator_cExport.cmake
[4.834s] -- Installing: /home/gyufoxy/dev_ws/install/action_interfaces_ros2/share/action_interfaces_ros2/cmake/action_interfaces_ros2__rosidl_generator_cExport-noconfig.cmake
[4.834s] -- Installing: /home/gyufoxy/dev_ws/install/action_interfaces_ros2/share/action_interfaces_ros2/cmake/action_interfaces_ros2__rosidl_typesupport_introspection_cExport.cmake
[4.834s] -- Installing: /home/gyufoxy/dev_ws/install/action_interfaces_ros2/share/action_interfaces_ros2/cmake/action_interfaces_ros2__rosidl_typesupport_introspection_cExport-noconfig.cmake
[4.834s] -- Installing: /home/gyufoxy/dev_ws/install/action_interfaces_ros2/share/action_interfaces_ros2/cmake/action_interfaces_ros2__rosidl_typesupport_cExport.cmake
[4.835s] -- Installing: /home/gyufoxy/dev_ws/install/action_interfaces_ros2/share/action_interfaces_ros2/cmake/action_interfaces_ros2__rosidl_typesupport_cExport-noconfig.cmake
[4.835s] -- Installing: /home/gyufoxy/dev_ws/install/action_interfaces_ros2/share/action_interfaces_ros2/cmake/action_interfaces_ros2__rosidl_generator_cppExport.cmake
[4.835s] -- Installing: /home/gyufoxy/dev_ws/install/action_interfaces_ros2/share/action_interfaces_ros2/cmake/action_interfaces_ros2__rosidl_typesupport_introspection_cppExport.cmake
[4.835s] -- Installing: /home/gyufoxy/dev_ws/install/action_interfaces_ros2/share/action_interfaces_ros2/cmake/action_interfaces_ros2__rosidl_typesupport_introspection_cppExport-noconfig.cmake
[4.836s] -- Installing: /home/gyufoxy/dev_ws/install/action_interfaces_ros2/share/action_interfaces_ros2/cmake/action_interfaces_ros2__rosidl_typesupport_cppExport.cmake
[4.836s] -- Installing: /home/gyufoxy/dev_ws/install/action_interfaces_ros2/share/action_interfaces_ros2/cmake/action_interfaces_ros2__rosidl_typesupport_cppExport-noconfig.cmake
[4.836s] -- Installing: /home/gyufoxy/dev_ws/install/action_interfaces_ros2/share/action_interfaces_ros2/cmake/rosidl_cmake-extras.cmake
[4.836s] -- Installing: /home/gyufoxy/dev_ws/install/action_interfaces_ros2/share/action_interfaces_ros2/cmake/ament_cmake_export_dependencies-extras.cmake
[4.836s] -- Installing: /home/gyufoxy/dev_ws/install/action_interfaces_ros2/share/action_interfaces_ros2/cmake/ament_cmake_export_libraries-extras.cmake
[4.836s] -- Installing: /home/gyufoxy/dev_ws/install/action_interfaces_ros2/share/action_interfaces_ros2/cmake/ament_cmake_export_targets-extras.cmake
[4.837s] -- Installing: /home/gyufoxy/dev_ws/install/action_interfaces_ros2/share/action_interfaces_ros2/cmake/ament_cmake_export_include_directories-extras.cmake
[4.837s] -- Installing: /home/gyufoxy/dev_ws/install/action_interfaces_ros2/share/action_interfaces_ros2/cmake/rosidl_cmake_export_typesupport_libraries-extras.cmake
[4.837s] -- Installing: /home/gyufoxy/dev_ws/install/action_interfaces_ros2/share/action_interfaces_ros2/cmake/rosidl_cmake_export_typesupport_targets-extras.cmake
[4.837s] -- Installing: /home/gyufoxy/dev_ws/install/action_interfaces_ros2/share/action_interfaces_ros2/cmake/action_interfaces_ros2Config.cmake
[4.837s] -- Installing: /home/gyufoxy/dev_ws/install/action_interfaces_ros2/share/action_interfaces_ros2/cmake/action_interfaces_ros2Config-version.cmake
[4.837s] -- Installing: /home/gyufoxy/dev_ws/install/action_interfaces_ros2/share/action_interfaces_ros2/package.xml
[4.841s] Invoked command in '/home/gyufoxy/dev_ws/build/action_interfaces_ros2' returned '0': CMAKE_PREFIX_PATH=${CMAKE_PREFIX_PATH}:/opt/ros/foxy /usr/bin/cmake --install /home/gyufoxy/dev_ws/build/action_interfaces_ros2
