[0.034s] Invoking command in '/home/gyufoxy/dev_ws/build/action_interface_ros2': CMAKE_PREFIX_PATH=${CMAKE_PREFIX_PATH}:/opt/ros/foxy /usr/bin/cmake --build /home/gyufoxy/dev_ws/build/action_interface_ros2 -- -j8 -l8
[0.066s] -- Found ament_cmake: 0.9.9 (/opt/ros/foxy/share/ament_cmake/cmake)
[0.089s] -- Found PythonInterp: /usr/bin/python3 (found suitable version "3.8.10", minimum required is "3") 
[0.090s] -- Using PYTHON_EXECUTABLE: /usr/bin/python3
[0.321s] -- Found rosidl_default_generators: 1.0.1 (/opt/ros/foxy/share/rosidl_default_generators/cmake)
[0.324s] -- Using all available rosidl_typesupport_c: rosidl_typesupport_fastrtps_c;rosidl_typesupport_introspection_c
[0.328s] -- Found rosidl_adapter: 1.2.1 (/opt/ros/foxy/share/rosidl_adapter/cmake)
[0.466s] -- Using all available rosidl_typesupport_cpp: rosidl_typesupport_fastrtps_cpp;rosidl_typesupport_introspection_cpp
[0.489s] -- Found rclcpp: 2.4.0 (/opt/ros/foxy/share/rclcpp/cmake)
[0.543s] -- Found rmw_implementation_cmake: 1.0.3 (/opt/ros/foxy/share/rmw_implementation_cmake/cmake)
[0.545s] -- Using RMW implementation 'rmw_fastrtps_cpp' as default
[0.698s] -- Found rclcpp_action: 2.4.0 (/opt/ros/foxy/share/rclcpp_action/cmake)
[0.767s] -- Found rclcpp_components: 2.4.0 (/opt/ros/foxy/share/rclcpp_components/cmake)
[0.840s] -- Found PythonInterp: /usr/bin/python3 (found version "3.8.10") 
[0.971s] -- Found ament_cmake_ros: 0.9.2 (/opt/ros/foxy/share/ament_cmake_ros/cmake)
[1.089s] -- Using all available rosidl_typesupport_c: rosidl_typesupport_fastrtps_c;rosidl_typesupport_introspection_c
[1.114s] -- Using all available rosidl_typesupport_cpp: rosidl_typesupport_fastrtps_cpp;rosidl_typesupport_introspection_cpp
[1.142s] -- Found PythonInterp: /usr/bin/python3 (found suitable version "3.8.10", minimum required is "3.5") 
[1.142s] -- Found python_cmake_module: 0.8.1 (/opt/ros/foxy/share/python_cmake_module/cmake)
[1.169s] -- Using PYTHON_EXECUTABLE: /usr/bin/python3
[1.169s] -- Using PYTHON_INCLUDE_DIRS: /usr/include/python3.8
[1.169s] -- Using PYTHON_LIBRARIES: /usr/lib/x86_64-linux-gnu/libpython3.8.so
[1.206s] -- Found ament_lint_auto: 0.9.6 (/opt/ros/foxy/share/ament_lint_auto/cmake)
[1.234s] -- Added test 'copyright' to check source files copyright and LICENSE
[1.235s] -- Added test 'cppcheck' to perform static code analysis on C / C++ code
[1.237s] -- Configured cppcheck include dirs: $<BUILD_INTERFACE:/home/gyufoxy/dev_ws/src/action_interface_ros2/include>
[1.237s] -- Configured cppcheck exclude dirs and/or files: 
[1.238s] -- Added test 'cpplint' to check C / C++ code against the Google style
[1.238s] -- Configured cpplint exclude dirs and/or files: 
[1.239s] -- Added test 'lint_cmake' to check CMake code style
[1.241s] -- Added test 'uncrustify' to check C / C++ code style
[1.241s] -- Configured uncrustify additional arguments: 
[1.242s] -- Added test 'xmllint' to check XML markup files
[1.250s] -- Configuring done
[1.336s] -- Generating done
[1.341s] -- Build files have been written to: /home/gyufoxy/dev_ws/build/action_interface_ros2
[1.369s] [35m[1mScanning dependencies of target action_server[0m
[1.372s] [35m[1mScanning dependencies of target fibonacci_action_server[0m
[1.380s] [  2%] Built target action_interface_ros2__cpp
[1.386s] [ 11%] Built target action_interface_ros2__rosidl_generator_c
[1.412s] [ 28%] Built target action_interface_ros2__rosidl_typesupport_cpp
[1.413s] [ 28%] Built target action_interface_ros2__rosidl_typesupport_introspection_cpp
[1.419s] [ 40%] Built target action_interface_ros2__rosidl_typesupport_c
[1.419s] [ 45%] Built target action_interface_ros2__rosidl_typesupport_fastrtps_cpp
[1.421s] [ 54%] Built target action_interface_ros2__rosidl_typesupport_introspection_c
[1.424s] [ 60%] [32mBuilding CXX object CMakeFiles/fibonacci_action_server.dir/rclcpp_components/node_main_fibonacci_action_server.cpp.o[0m
[1.424s] [ 60%] [32mBuilding CXX object CMakeFiles/action_server.dir/src/fibo_action_server.cpp.o[0m
[1.541s] [ 68%] Built target action_interface_ros2__rosidl_typesupport_fastrtps_c
[1.577s] [ 68%] Built target action_interface_ros2
[1.586s] [01m[K/home/gyufoxy/dev_ws/src/action_interface_ros2/src/fibo_action_server.cpp:5:10:[m[K [01;31m[Kfatal error: [m[Kaction_interface_ros2/action/fibonacci.hpp: No such file or directory
[1.586s]     5 | #include [01;31m[K"action_interface_ros2/action/fibonacci.hpp"[m[K
[1.586s]       |          [01;31m[K^~~~~~~~~~~~~~~~~~~~~~~~~~~~~~~~~~~~~~~~~~~~[m[K
[1.586s] compilation terminated.
[1.587s] make[2]: *** [CMakeFiles/action_server.dir/build.make:63: CMakeFiles/action_server.dir/src/fibo_action_server.cpp.o] Error 1
[1.587s] make[1]: *** [CMakeFiles/Makefile2:476: CMakeFiles/action_server.dir/all] Error 2
[1.587s] make[1]: *** Waiting for unfinished jobs....
[1.600s] [ 71%] Built target action_interface_ros2__py
[3.400s] [ 74%] [32m[1mLinking CXX executable fibonacci_action_server[0m
[3.559s] [ 74%] Built target fibonacci_action_server
[3.560s] make: *** [Makefile:141: all] Error 2
[3.563s] Invoked command in '/home/gyufoxy/dev_ws/build/action_interface_ros2' returned '2': CMAKE_PREFIX_PATH=${CMAKE_PREFIX_PATH}:/opt/ros/foxy /usr/bin/cmake --build /home/gyufoxy/dev_ws/build/action_interface_ros2 -- -j8 -l8
