[0.015s] Invoking command in '/home/gyufoxy/dev_ws/build/srv_and_cli_ros2': CMAKE_PREFIX_PATH=${CMAKE_PREFIX_PATH}:/opt/ros/foxy /usr/bin/cmake --build /home/gyufoxy/dev_ws/build/srv_and_cli_ros2 -- -j8 -l8
[0.042s] -- Found ament_cmake: 0.9.9 (/opt/ros/foxy/share/ament_cmake/cmake)
[0.064s] -- Found PythonInterp: /usr/bin/python3 (found suitable version "3.8.10", minimum required is "3") 
[0.064s] -- Using PYTHON_EXECUTABLE: /usr/bin/python3
[0.253s] -- Found rclcpp: 2.4.0 (/opt/ros/foxy/share/rclcpp/cmake)
[0.286s] -- Using all available rosidl_typesupport_c: rosidl_typesupport_fastrtps_c;rosidl_typesupport_introspection_c
[0.289s] -- Found rosidl_adapter: 1.2.1 (/opt/ros/foxy/share/rosidl_adapter/cmake)
[0.399s] -- Using all available rosidl_typesupport_cpp: rosidl_typesupport_fastrtps_cpp;rosidl_typesupport_introspection_cpp
[0.448s] -- Found rmw_implementation_cmake: 1.0.3 (/opt/ros/foxy/share/rmw_implementation_cmake/cmake)
[0.449s] -- Using RMW implementation 'rmw_fastrtps_cpp' as default
[0.589s] -- Found rosidl_default_generators: 1.0.1 (/opt/ros/foxy/share/rosidl_default_generators/cmake)
[0.599s] CMake Error at CMakeLists.txt:26 (intsall):
[0.599s]   Unknown CMake command "intsall".
[0.599s] 
[0.599s] 
[0.600s] -- Configuring incomplete, errors occurred!
[0.600s] See also "/home/gyufoxy/dev_ws/build/srv_and_cli_ros2/CMakeFiles/CMakeOutput.log".
[0.600s] See also "/home/gyufoxy/dev_ws/build/srv_and_cli_ros2/CMakeFiles/CMakeError.log".
[0.605s] make: *** [Makefile:988: cmake_check_build_system] Error 1
[0.607s] Invoked command in '/home/gyufoxy/dev_ws/build/srv_and_cli_ros2' returned '2': CMAKE_PREFIX_PATH=${CMAKE_PREFIX_PATH}:/opt/ros/foxy /usr/bin/cmake --build /home/gyufoxy/dev_ws/build/srv_and_cli_ros2 -- -j8 -l8
