[0.016s] Invoking command in '/home/gyufoxy/dev_ws/build/turtlesim': CMAKE_PREFIX_PATH=/opt/ros/foxy /usr/bin/cmake /home/gyufoxy/dev_ws/src/ros_tutorials/turtlesim -DCMAKE_INSTALL_PREFIX=/home/gyufoxy/dev_ws/install/turtlesim
[0.244s] -- The C compiler identification is GNU 9.3.0
[0.405s] -- The CXX compiler identification is GNU 9.3.0
[0.413s] -- Check for working C compiler: /usr/bin/cc
[0.474s] -- Check for working C compiler: /usr/bin/cc -- works
[0.476s] -- Detecting C compiler ABI info
[0.536s] -- Detecting C compiler ABI info - done
[0.547s] -- Detecting C compile features
[0.547s] -- Detecting C compile features - done
[0.550s] -- Check for working CXX compiler: /usr/bin/c++
[0.619s] -- Check for working CXX compiler: /usr/bin/c++ -- works
[0.620s] -- Detecting CXX compiler ABI info
[0.690s] -- Detecting CXX compiler ABI info - done
[0.701s] -- Detecting CXX compile features
[0.702s] -- Detecting CXX compile features - done
[0.709s] -- Found ament_cmake: 0.9.9 (/opt/ros/foxy/share/ament_cmake/cmake)
[0.735s] -- Found PythonInterp: /usr/bin/python3 (found suitable version "3.8.10", minimum required is "3") 
[0.735s] -- Using PYTHON_EXECUTABLE: /usr/bin/python3
[0.940s] -- Found ament_index_cpp: 1.1.0 (/opt/ros/foxy/share/ament_index_cpp/cmake)
[0.945s] -- Found geometry_msgs: 2.0.4 (/opt/ros/foxy/share/geometry_msgs/cmake)
[0.981s] -- Using all available rosidl_typesupport_c: rosidl_typesupport_fastrtps_c;rosidl_typesupport_introspection_c
[0.989s] -- Found rosidl_adapter: 1.2.1 (/opt/ros/foxy/share/rosidl_adapter/cmake)
[1.069s] -- Found OpenSSL: /usr/lib/x86_64-linux-gnu/libcrypto.so (found version "1.1.1f")  
[1.095s] -- Found FastRTPS: /opt/ros/foxy/include  
[1.175s] -- Using all available rosidl_typesupport_cpp: rosidl_typesupport_fastrtps_cpp;rosidl_typesupport_introspection_cpp
[1.289s] -- Found rclcpp: 2.4.0 (/opt/ros/foxy/share/rclcpp/cmake)
[1.345s] -- Found rmw_implementation_cmake: 1.0.3 (/opt/ros/foxy/share/rmw_implementation_cmake/cmake)
[1.348s] -- Using RMW implementation 'rmw_fastrtps_cpp' as default
[1.349s] -- Looking for pthread.h
[1.421s] -- Looking for pthread.h - found
[1.421s] -- Performing Test CMAKE_HAVE_LIBC_PTHREAD
[1.490s] -- Performing Test CMAKE_HAVE_LIBC_PTHREAD - Failed
[1.490s] -- Looking for pthread_create in pthreads
[1.548s] -- Looking for pthread_create in pthreads - not found
[1.548s] -- Looking for pthread_create in pthread
[1.617s] -- Looking for pthread_create in pthread - found
[1.618s] -- Found Threads: TRUE  
[1.768s] -- Found rclcpp_action: 2.4.0 (/opt/ros/foxy/share/rclcpp_action/cmake)
[1.850s] -- Found rosidl_default_generators: 1.0.1 (/opt/ros/foxy/share/rosidl_default_generators/cmake)
[1.863s] -- Found std_srvs: 2.0.4 (/opt/ros/foxy/share/std_srvs/cmake)
[1.894s] -- Found PythonInterp: /usr/bin/python3 (found version "3.8.10") 
[2.063s] -- Found ament_cmake_ros: 0.9.2 (/opt/ros/foxy/share/ament_cmake_ros/cmake)
[2.183s] -- Using all available rosidl_typesupport_c: rosidl_typesupport_fastrtps_c;rosidl_typesupport_introspection_c
[2.207s] -- Using all available rosidl_typesupport_cpp: rosidl_typesupport_fastrtps_cpp;rosidl_typesupport_introspection_cpp
[2.229s] -- Found PythonInterp: /usr/bin/python3 (found suitable version "3.8.10", minimum required is "3.5") 
[2.231s] -- Found python_cmake_module: 0.8.1 (/opt/ros/foxy/share/python_cmake_module/cmake)
[2.257s] -- Found PythonLibs: /usr/lib/x86_64-linux-gnu/libpython3.8.so (found suitable version "3.8.10", minimum required is "3.5") 
[2.257s] -- Using PYTHON_EXECUTABLE: /usr/bin/python3
[2.258s] -- Using PYTHON_INCLUDE_DIRS: /usr/include/python3.8
[2.258s] -- Using PYTHON_LIBRARIES: /usr/lib/x86_64-linux-gnu/libpython3.8.so
[2.277s] -- Found PythonExtra: .so  
[2.343s] -- Configuring done
[2.423s] -- Generating done
[2.425s] -- Build files have been written to: /home/gyufoxy/dev_ws/build/turtlesim
[2.436s] Invoked command in '/home/gyufoxy/dev_ws/build/turtlesim' returned '0': CMAKE_PREFIX_PATH=/opt/ros/foxy /usr/bin/cmake /home/gyufoxy/dev_ws/src/ros_tutorials/turtlesim -DCMAKE_INSTALL_PREFIX=/home/gyufoxy/dev_ws/install/turtlesim
[2.440s] Invoking command in '/home/gyufoxy/dev_ws/build/turtlesim': CMAKE_PREFIX_PATH=/opt/ros/foxy /usr/bin/cmake --build /home/gyufoxy/dev_ws/build/turtlesim -- -j8 -l8
[2.479s] [  1%] [34m[1mGenerating C code for ROS interfaces[0m
[2.479s] [35m[1mScanning dependencies of target turtlesim__cpp[0m
[2.489s] [  2%] [34m[1mGenerating C++ code for ROS interfaces[0m
[3.262s] [  2%] Built target turtlesim__cpp
[3.275s] [  3%] [34m[1mGenerating C++ type support dispatch for ROS interfaces[0m
[3.275s] [  4%] [34m[1mGenerating C++ introspection for ROS interfaces[0m
[3.286s] [  5%] [34m[1mGenerating C++ type support for eProsima Fast-RTPS[0m
[3.290s] [35m[1mScanning dependencies of target turtlesim__rosidl_generator_c[0m
[3.313s] [  9%] [32mBuilding C object CMakeFiles/turtlesim__rosidl_generator_c.dir/rosidl_generator_c/turtlesim/action/detail/rotate_absolute__functions.c.o[0m
[3.313s] [  9%] [32mBuilding C object CMakeFiles/turtlesim__rosidl_generator_c.dir/rosidl_generator_c/turtlesim/msg/detail/color__functions.c.o[0m
[3.313s] [  9%] [32mBuilding C object CMakeFiles/turtlesim__rosidl_generator_c.dir/rosidl_generator_c/turtlesim/srv/detail/kill__functions.c.o[0m
[3.313s] [  9%] [32mBuilding C object CMakeFiles/turtlesim__rosidl_generator_c.dir/rosidl_generator_c/turtlesim/msg/detail/pose__functions.c.o[0m
[3.313s] [ 10%] [32mBuilding C object CMakeFiles/turtlesim__rosidl_generator_c.dir/rosidl_generator_c/turtlesim/srv/detail/set_pen__functions.c.o[0m
[3.375s] [ 11%] [32mBuilding C object CMakeFiles/turtlesim__rosidl_generator_c.dir/rosidl_generator_c/turtlesim/srv/detail/spawn__functions.c.o[0m
[3.376s] [ 12%] [32mBuilding C object CMakeFiles/turtlesim__rosidl_generator_c.dir/rosidl_generator_c/turtlesim/srv/detail/teleport_absolute__functions.c.o[0m
[3.383s] [ 13%] [32mBuilding C object CMakeFiles/turtlesim__rosidl_generator_c.dir/rosidl_generator_c/turtlesim/srv/detail/teleport_relative__functions.c.o[0m
[3.440s] [ 14%] [32m[1mLinking C shared library libturtlesim__rosidl_generator_c.so[0m
[3.480s] [ 14%] Built target turtlesim__rosidl_generator_c
[3.491s] [ 15%] [34m[1mGenerating C introspection for ROS interfaces[0m
[3.494s] [ 16%] [34m[1mGenerating C type support dispatch for ROS interfaces[0m
[3.816s] [35m[1mScanning dependencies of target turtlesim__rosidl_typesupport_cpp[0m
[3.844s] [ 18%] [32mBuilding CXX object CMakeFiles/turtlesim__rosidl_typesupport_cpp.dir/rosidl_typesupport_cpp/turtlesim/msg/color__type_support.cpp.o[0m
[3.844s] [ 18%] [32mBuilding CXX object CMakeFiles/turtlesim__rosidl_typesupport_cpp.dir/rosidl_typesupport_cpp/turtlesim/action/rotate_absolute__type_support.cpp.o[0m
[3.845s] [ 19%] [32mBuilding CXX object CMakeFiles/turtlesim__rosidl_typesupport_cpp.dir/rosidl_typesupport_cpp/turtlesim/msg/pose__type_support.cpp.o[0m
[3.847s] [ 20%] [32mBuilding CXX object CMakeFiles/turtlesim__rosidl_typesupport_cpp.dir/rosidl_typesupport_cpp/turtlesim/srv/kill__type_support.cpp.o[0m
[4.315s] [ 21%] [32mBuilding CXX object CMakeFiles/turtlesim__rosidl_typesupport_cpp.dir/rosidl_typesupport_cpp/turtlesim/srv/set_pen__type_support.cpp.o[0m
[4.335s] [ 22%] [32mBuilding CXX object CMakeFiles/turtlesim__rosidl_typesupport_cpp.dir/rosidl_typesupport_cpp/turtlesim/srv/spawn__type_support.cpp.o[0m
[4.337s] [ 23%] [32mBuilding CXX object CMakeFiles/turtlesim__rosidl_typesupport_cpp.dir/rosidl_typesupport_cpp/turtlesim/srv/teleport_absolute__type_support.cpp.o[0m
[4.373s] [35m[1mScanning dependencies of target turtlesim__rosidl_typesupport_c[0m
[4.384s] [35m[1mScanning dependencies of target turtlesim__rosidl_typesupport_introspection_cpp[0m
[4.395s] [35m[1mScanning dependencies of target turtlesim__rosidl_typesupport_fastrtps_cpp[0m
[4.400s] [ 24%] [32mBuilding CXX object CMakeFiles/turtlesim__rosidl_typesupport_c.dir/rosidl_typesupport_c/turtlesim/action/rotate_absolute__type_support.cpp.o[0m
[4.409s] [ 25%] [32mBuilding CXX object CMakeFiles/turtlesim__rosidl_typesupport_c.dir/rosidl_typesupport_c/turtlesim/msg/color__type_support.cpp.o[0m
[4.414s] [ 26%] [32mBuilding CXX object CMakeFiles/turtlesim__rosidl_typesupport_introspection_cpp.dir/rosidl_typesupport_introspection_cpp/turtlesim/action/detail/rotate_absolute__type_support.cpp.o[0m
[4.454s] [ 27%] [32mBuilding CXX object CMakeFiles/turtlesim__rosidl_typesupport_fastrtps_cpp.dir/rosidl_typesupport_fastrtps_cpp/turtlesim/action/detail/dds_fastrtps/rotate_absolute__type_support.cpp.o[0m
[4.457s] [ 28%] [32mBuilding CXX object CMakeFiles/turtlesim__rosidl_typesupport_introspection_cpp.dir/rosidl_typesupport_introspection_cpp/turtlesim/msg/detail/color__type_support.cpp.o[0m
[4.474s] [ 29%] [32mBuilding CXX object CMakeFiles/turtlesim__rosidl_typesupport_c.dir/rosidl_typesupport_c/turtlesim/msg/pose__type_support.cpp.o[0m
[4.505s] [35m[1mScanning dependencies of target turtlesim__rosidl_typesupport_introspection_c[0m
[4.520s] [ 30%] [32mBuilding CXX object CMakeFiles/turtlesim__rosidl_typesupport_c.dir/rosidl_typesupport_c/turtlesim/srv/kill__type_support.cpp.o[0m
[4.535s] [ 31%] [32mBuilding C object CMakeFiles/turtlesim__rosidl_typesupport_introspection_c.dir/rosidl_typesupport_introspection_c/turtlesim/action/detail/rotate_absolute__type_support.c.o[0m
[4.568s] [ 32%] [32mBuilding CXX object CMakeFiles/turtlesim__rosidl_typesupport_c.dir/rosidl_typesupport_c/turtlesim/srv/set_pen__type_support.cpp.o[0m
[4.613s] [ 33%] [32mBuilding C object CMakeFiles/turtlesim__rosidl_typesupport_introspection_c.dir/rosidl_typesupport_introspection_c/turtlesim/msg/detail/color__type_support.c.o[0m
[4.615s] [ 34%] [32mBuilding CXX object CMakeFiles/turtlesim__rosidl_typesupport_c.dir/rosidl_typesupport_c/turtlesim/srv/spawn__type_support.cpp.o[0m
[4.667s] [ 36%] [32mBuilding C object CMakeFiles/turtlesim__rosidl_typesupport_introspection_c.dir/rosidl_typesupport_introspection_c/turtlesim/msg/detail/pose__type_support.c.o[0m
[4.667s] [ 36%] [32mBuilding CXX object CMakeFiles/turtlesim__rosidl_typesupport_c.dir/rosidl_typesupport_c/turtlesim/srv/teleport_absolute__type_support.cpp.o[0m
[4.714s] [ 37%] [32mBuilding CXX object CMakeFiles/turtlesim__rosidl_typesupport_c.dir/rosidl_typesupport_c/turtlesim/srv/teleport_relative__type_support.cpp.o[0m
[4.719s] [ 38%] [32mBuilding C object CMakeFiles/turtlesim__rosidl_typesupport_introspection_c.dir/rosidl_typesupport_introspection_c/turtlesim/srv/detail/kill__type_support.c.o[0m
[4.755s] [ 39%] [32mBuilding CXX object CMakeFiles/turtlesim__rosidl_typesupport_introspection_cpp.dir/rosidl_typesupport_introspection_cpp/turtlesim/msg/detail/pose__type_support.cpp.o[0m
[4.762s] [ 40%] [32m[1mLinking CXX shared library libturtlesim__rosidl_typesupport_c.so[0m
[4.775s] [ 41%] [32mBuilding C object CMakeFiles/turtlesim__rosidl_typesupport_introspection_c.dir/rosidl_typesupport_introspection_c/turtlesim/srv/detail/set_pen__type_support.c.o[0m
[4.782s] [ 42%] [32mBuilding CXX object CMakeFiles/turtlesim__rosidl_typesupport_cpp.dir/rosidl_typesupport_cpp/turtlesim/srv/teleport_relative__type_support.cpp.o[0m
[4.790s] [ 43%] [32mBuilding C object CMakeFiles/turtlesim__rosidl_typesupport_introspection_c.dir/rosidl_typesupport_introspection_c/turtlesim/srv/detail/spawn__type_support.c.o[0m
[4.830s] [ 43%] Built target turtlesim__rosidl_typesupport_c
[4.833s] [ 44%] [32mBuilding C object CMakeFiles/turtlesim__rosidl_typesupport_introspection_c.dir/rosidl_typesupport_introspection_c/turtlesim/srv/detail/teleport_absolute__type_support.c.o[0m
[4.844s] [ 46%] [32mBuilding C object CMakeFiles/turtlesim__rosidl_typesupport_introspection_c.dir/rosidl_typesupport_introspection_c/turtlesim/srv/detail/teleport_relative__type_support.c.o[0m
[4.844s] [ 46%] [32mBuilding CXX object CMakeFiles/turtlesim__rosidl_typesupport_fastrtps_cpp.dir/rosidl_typesupport_fastrtps_cpp/turtlesim/msg/detail/dds_fastrtps/color__type_support.cpp.o[0m
[4.888s] [ 47%] [32mBuilding CXX object CMakeFiles/turtlesim__rosidl_typesupport_fastrtps_cpp.dir/rosidl_typesupport_fastrtps_cpp/turtlesim/msg/detail/dds_fastrtps/pose__type_support.cpp.o[0m
[4.900s] [ 48%] [32m[1mLinking C shared library libturtlesim__rosidl_typesupport_introspection_c.so[0m
[4.912s] [ 49%] [32mBuilding CXX object CMakeFiles/turtlesim__rosidl_typesupport_introspection_cpp.dir/rosidl_typesupport_introspection_cpp/turtlesim/srv/detail/kill__type_support.cpp.o[0m
[4.952s] [ 49%] Built target turtlesim__rosidl_typesupport_introspection_c
[4.960s] [ 50%] [32mBuilding CXX object CMakeFiles/turtlesim__rosidl_typesupport_introspection_cpp.dir/rosidl_typesupport_introspection_cpp/turtlesim/srv/detail/set_pen__type_support.cpp.o[0m
[4.963s] [ 51%] [32mBuilding CXX object CMakeFiles/turtlesim__rosidl_typesupport_introspection_cpp.dir/rosidl_typesupport_introspection_cpp/turtlesim/srv/detail/spawn__type_support.cpp.o[0m
[5.212s] [ 52%] [32mBuilding CXX object CMakeFiles/turtlesim__rosidl_typesupport_introspection_cpp.dir/rosidl_typesupport_introspection_cpp/turtlesim/srv/detail/teleport_absolute__type_support.cpp.o[0m
[5.241s] [ 53%] [32m[1mLinking CXX shared library libturtlesim__rosidl_typesupport_cpp.so[0m
[5.275s] [ 54%] [32mBuilding CXX object CMakeFiles/turtlesim__rosidl_typesupport_fastrtps_cpp.dir/rosidl_typesupport_fastrtps_cpp/turtlesim/srv/detail/dds_fastrtps/kill__type_support.cpp.o[0m
[5.308s] [ 54%] Built target turtlesim__rosidl_typesupport_cpp
[5.321s] [ 55%] [32mBuilding CXX object CMakeFiles/turtlesim__rosidl_typesupport_fastrtps_cpp.dir/rosidl_typesupport_fastrtps_cpp/turtlesim/srv/detail/dds_fastrtps/set_pen__type_support.cpp.o[0m
[5.376s] [ 56%] [32mBuilding CXX object CMakeFiles/turtlesim__rosidl_typesupport_introspection_cpp.dir/rosidl_typesupport_introspection_cpp/turtlesim/srv/detail/teleport_relative__type_support.cpp.o[0m
[5.423s] [ 57%] [32mBuilding CXX object CMakeFiles/turtlesim__rosidl_typesupport_fastrtps_cpp.dir/rosidl_typesupport_fastrtps_cpp/turtlesim/srv/detail/dds_fastrtps/spawn__type_support.cpp.o[0m
[5.430s] [ 58%] [32mBuilding CXX object CMakeFiles/turtlesim__rosidl_typesupport_fastrtps_cpp.dir/rosidl_typesupport_fastrtps_cpp/turtlesim/srv/detail/dds_fastrtps/teleport_absolute__type_support.cpp.o[0m
[5.512s] [ 59%] [32mBuilding CXX object CMakeFiles/turtlesim__rosidl_typesupport_fastrtps_cpp.dir/rosidl_typesupport_fastrtps_cpp/turtlesim/srv/detail/dds_fastrtps/teleport_relative__type_support.cpp.o[0m
[5.821s] [ 60%] [32m[1mLinking CXX shared library libturtlesim__rosidl_typesupport_introspection_cpp.so[0m
[5.907s] [ 60%] Built target turtlesim__rosidl_typesupport_introspection_cpp
[6.094s] [ 61%] [32m[1mLinking CXX shared library libturtlesim__rosidl_typesupport_fastrtps_cpp.so[0m
[6.184s] [ 61%] Built target turtlesim__rosidl_typesupport_fastrtps_cpp
[6.210s] [ 62%] [34m[1mGenerating C type support for eProsima Fast-RTPS[0m
[6.885s] [35m[1mScanning dependencies of target turtlesim__rosidl_typesupport_fastrtps_c[0m
[6.932s] [ 65%] [32mBuilding CXX object CMakeFiles/turtlesim__rosidl_typesupport_fastrtps_c.dir/rosidl_typesupport_fastrtps_c/turtlesim/msg/detail/pose__type_support_c.cpp.o[0m
[6.932s] [ 65%] [32mBuilding CXX object CMakeFiles/turtlesim__rosidl_typesupport_fastrtps_c.dir/rosidl_typesupport_fastrtps_c/turtlesim/msg/detail/color__type_support_c.cpp.o[0m
[6.932s] [ 66%] [32mBuilding CXX object CMakeFiles/turtlesim__rosidl_typesupport_fastrtps_c.dir/rosidl_typesupport_fastrtps_c/turtlesim/srv/detail/kill__type_support_c.cpp.o[0m
[6.933s] [ 67%] [32mBuilding CXX object CMakeFiles/turtlesim__rosidl_typesupport_fastrtps_c.dir/rosidl_typesupport_fastrtps_c/turtlesim/srv/detail/set_pen__type_support_c.cpp.o[0m
[6.933s] [ 68%] [32mBuilding CXX object CMakeFiles/turtlesim__rosidl_typesupport_fastrtps_c.dir/rosidl_typesupport_fastrtps_c/turtlesim/srv/detail/teleport_absolute__type_support_c.cpp.o[0m
[6.933s] [ 69%] [32mBuilding CXX object CMakeFiles/turtlesim__rosidl_typesupport_fastrtps_c.dir/rosidl_typesupport_fastrtps_c/turtlesim/srv/detail/spawn__type_support_c.cpp.o[0m
[6.933s] [ 65%] [32mBuilding CXX object CMakeFiles/turtlesim__rosidl_typesupport_fastrtps_c.dir/rosidl_typesupport_fastrtps_c/turtlesim/action/detail/rotate_absolute__type_support_c.cpp.o[0m
[6.940s] [ 70%] [32mBuilding CXX object CMakeFiles/turtlesim__rosidl_typesupport_fastrtps_c.dir/rosidl_typesupport_fastrtps_c/turtlesim/srv/detail/teleport_relative__type_support_c.cpp.o[0m
[7.538s] [ 71%] [32m[1mLinking CXX shared library libturtlesim__rosidl_typesupport_fastrtps_c.so[0m
[7.623s] [ 71%] Built target turtlesim__rosidl_typesupport_fastrtps_c
[7.632s] [35m[1mScanning dependencies of target turtlesim[0m
[7.642s] [ 71%] Built target turtlesim
[7.652s] [35m[1mScanning dependencies of target turtle_teleop_key[0m
[7.652s] [35m[1mScanning dependencies of target mimic[0m
[7.652s] [35m[1mScanning dependencies of target turtlesim__py[0m
[7.654s] [35m[1mScanning dependencies of target draw_square[0m
[7.656s] [ 72%] [34m[1mGenerating include/turtlesim/moc_turtle_frame.cpp[0m
[7.663s] [ 73%] [34m[1mGenerating Python code for ROS interfaces[0m
[7.738s] [35m[1mScanning dependencies of target turtlesim_node[0m
[7.761s] [ 74%] [32mBuilding CXX object CMakeFiles/turtle_teleop_key.dir/tutorials/teleop_turtle_key.cpp.o[0m
[7.761s] [ 75%] [32mBuilding CXX object CMakeFiles/mimic.dir/tutorials/mimic.cpp.o[0m
[7.765s] [ 76%] [32mBuilding CXX object CMakeFiles/draw_square.dir/tutorials/draw_square.cpp.o[0m
[7.864s] [ 77%] [32mBuilding CXX object CMakeFiles/turtlesim_node.dir/src/turtle.cpp.o[0m
[7.865s] [ 79%] [32mBuilding CXX object CMakeFiles/turtlesim_node.dir/src/turtlesim.cpp.o[0m
[7.865s] [ 79%] [32mBuilding CXX object CMakeFiles/turtlesim_node.dir/src/turtle_frame.cpp.o[0m
[7.871s] [ 80%] [32mBuilding CXX object CMakeFiles/turtlesim_node.dir/include/turtlesim/moc_turtle_frame.cpp.o[0m
[10.866s] [ 80%] Built target turtlesim__py
[10.881s] [35m[1mScanning dependencies of target turtlesim__python[0m
[10.970s] [ 81%] [32mBuilding C object CMakeFiles/turtlesim__python.dir/rosidl_generator_py/turtlesim/action/_rotate_absolute_s.c.o[0m
[11.180s] [ 82%] [32mBuilding C object CMakeFiles/turtlesim__python.dir/rosidl_generator_py/turtlesim/msg/_color_s.c.o[0m
[11.327s] [ 83%] [32mBuilding C object CMakeFiles/turtlesim__python.dir/rosidl_generator_py/turtlesim/msg/_pose_s.c.o[0m
[11.474s] [ 84%] [32mBuilding C object CMakeFiles/turtlesim__python.dir/rosidl_generator_py/turtlesim/srv/_kill_s.c.o[0m
[11.626s] [ 85%] [32mBuilding C object CMakeFiles/turtlesim__python.dir/rosidl_generator_py/turtlesim/srv/_set_pen_s.c.o[0m
[11.774s] [ 86%] [32mBuilding C object CMakeFiles/turtlesim__python.dir/rosidl_generator_py/turtlesim/srv/_spawn_s.c.o[0m
[11.929s] [ 87%] [32mBuilding C object CMakeFiles/turtlesim__python.dir/rosidl_generator_py/turtlesim/srv/_teleport_absolute_s.c.o[0m
[12.079s] [ 88%] [32mBuilding C object CMakeFiles/turtlesim__python.dir/rosidl_generator_py/turtlesim/srv/_teleport_relative_s.c.o[0m
[12.227s] [ 89%] [32m[1mLinking C shared library rosidl_generator_py/turtlesim/libturtlesim__python.so[0m
[12.298s] [ 89%] Built target turtlesim__python
[12.313s] [35m[1mScanning dependencies of target turtlesim__rosidl_typesupport_introspection_c__pyext[0m
[12.317s] [35m[1mScanning dependencies of target turtlesim__rosidl_typesupport_fastrtps_c__pyext[0m
[12.347s] [ 90%] [32mBuilding C object CMakeFiles/turtlesim__rosidl_typesupport_introspection_c__pyext.dir/rosidl_generator_py/turtlesim/_turtlesim_s.ep.rosidl_typesupport_introspection_c.c.o[0m
[12.360s] [ 91%] [32mBuilding C object CMakeFiles/turtlesim__rosidl_typesupport_fastrtps_c__pyext.dir/rosidl_generator_py/turtlesim/_turtlesim_s.ep.rosidl_typesupport_fastrtps_c.c.o[0m
[12.405s] [35m[1mScanning dependencies of target turtlesim__rosidl_typesupport_c__pyext[0m
[12.442s] [ 92%] [32mBuilding C object CMakeFiles/turtlesim__rosidl_typesupport_c__pyext.dir/rosidl_generator_py/turtlesim/_turtlesim_s.ep.rosidl_typesupport_c.c.o[0m
[12.598s] [ 93%] [32m[1mLinking C shared library rosidl_generator_py/turtlesim/turtlesim_s__rosidl_typesupport_introspection_c.cpython-38-x86_64-linux-gnu.so[0m
[12.608s] [ 94%] [32m[1mLinking CXX shared library rosidl_generator_py/turtlesim/turtlesim_s__rosidl_typesupport_fastrtps_c.cpython-38-x86_64-linux-gnu.so[0m
[12.661s] [ 94%] Built target turtlesim__rosidl_typesupport_introspection_c__pyext
[12.689s] [ 95%] [32m[1mLinking C shared library rosidl_generator_py/turtlesim/turtlesim_s__rosidl_typesupport_c.cpython-38-x86_64-linux-gnu.so[0m
[12.721s] [ 95%] Built target turtlesim__rosidl_typesupport_fastrtps_c__pyext
[12.737s] [ 95%] Built target turtlesim__rosidl_typesupport_c__pyext
[13.808s] [ 96%] [32m[1mLinking CXX executable turtle_teleop_key[0m
[14.082s] [ 96%] Built target turtle_teleop_key
[14.746s] [ 97%] [32m[1mLinking CXX executable mimic[0m
[15.039s] [ 97%] Built target mimic
[15.646s] [ 98%] [32m[1mLinking CXX executable draw_square[0m
[15.961s] [ 98%] Built target draw_square
[17.627s] [100%] [32m[1mLinking CXX executable turtlesim_node[0m
[18.919s] [100%] Built target turtlesim_node
[18.930s] Invoked command in '/home/gyufoxy/dev_ws/build/turtlesim' returned '0': CMAKE_PREFIX_PATH=/opt/ros/foxy /usr/bin/cmake --build /home/gyufoxy/dev_ws/build/turtlesim -- -j8 -l8
[19.073s] Invoking command in '/home/gyufoxy/dev_ws/build/turtlesim': CMAKE_PREFIX_PATH=/opt/ros/foxy /usr/bin/cmake --install /home/gyufoxy/dev_ws/build/turtlesim
[19.082s] -- Install configuration: ""
[19.082s] -- Installing: /home/gyufoxy/dev_ws/install/turtlesim/share/ament_index/resource_index/rosidl_interfaces/turtlesim
[19.082s] -- Installing: /home/gyufoxy/dev_ws/install/turtlesim/include/turtlesim
[19.082s] -- Installing: /home/gyufoxy/dev_ws/install/turtlesim/include/turtlesim/action
[19.082s] -- Installing: /home/gyufoxy/dev_ws/install/turtlesim/include/turtlesim/action/detail
[19.083s] -- Installing: /home/gyufoxy/dev_ws/install/turtlesim/include/turtlesim/action/detail/rotate_absolute__functions.c
[19.083s] -- Installing: /home/gyufoxy/dev_ws/install/turtlesim/include/turtlesim/action/detail/rotate_absolute__functions.h
[19.083s] -- Installing: /home/gyufoxy/dev_ws/install/turtlesim/include/turtlesim/action/detail/rotate_absolute__type_support.h
[19.083s] -- Installing: /home/gyufoxy/dev_ws/install/turtlesim/include/turtlesim/action/detail/rotate_absolute__struct.h
[19.083s] -- Installing: /home/gyufoxy/dev_ws/install/turtlesim/include/turtlesim/action/rotate_absolute.h
[19.083s] -- Installing: /home/gyufoxy/dev_ws/install/turtlesim/include/turtlesim/srv
[19.083s] -- Installing: /home/gyufoxy/dev_ws/install/turtlesim/include/turtlesim/srv/teleport_relative.h
[19.083s] -- Installing: /home/gyufoxy/dev_ws/install/turtlesim/include/turtlesim/srv/kill.h
[19.083s] -- Installing: /home/gyufoxy/dev_ws/install/turtlesim/include/turtlesim/srv/detail
[19.083s] -- Installing: /home/gyufoxy/dev_ws/install/turtlesim/include/turtlesim/srv/detail/kill__struct.h
[19.083s] -- Installing: /home/gyufoxy/dev_ws/install/turtlesim/include/turtlesim/srv/detail/kill__functions.c
[19.084s] -- Installing: /home/gyufoxy/dev_ws/install/turtlesim/include/turtlesim/srv/detail/kill__functions.h
[19.084s] -- Installing: /home/gyufoxy/dev_ws/install/turtlesim/include/turtlesim/srv/detail/spawn__functions.h
[19.084s] -- Installing: /home/gyufoxy/dev_ws/install/turtlesim/include/turtlesim/srv/detail/teleport_relative__type_support.h
[19.084s] -- Installing: /home/gyufoxy/dev_ws/install/turtlesim/include/turtlesim/srv/detail/teleport_absolute__functions.c
[19.084s] -- Installing: /home/gyufoxy/dev_ws/install/turtlesim/include/turtlesim/srv/detail/teleport_relative__functions.c
[19.084s] -- Installing: /home/gyufoxy/dev_ws/install/turtlesim/include/turtlesim/srv/detail/set_pen__type_support.h
[19.084s] -- Installing: /home/gyufoxy/dev_ws/install/turtlesim/include/turtlesim/srv/detail/set_pen__functions.c
[19.084s] -- Installing: /home/gyufoxy/dev_ws/install/turtlesim/include/turtlesim/srv/detail/set_pen__struct.h
[19.084s] -- Installing: /home/gyufoxy/dev_ws/install/turtlesim/include/turtlesim/srv/detail/spawn__functions.c
[19.084s] -- Installing: /home/gyufoxy/dev_ws/install/turtlesim/include/turtlesim/srv/detail/kill__type_support.h
[19.084s] -- Installing: /home/gyufoxy/dev_ws/install/turtlesim/include/turtlesim/srv/detail/teleport_relative__struct.h
[19.084s] -- Installing: /home/gyufoxy/dev_ws/install/turtlesim/include/turtlesim/srv/detail/teleport_absolute__functions.h
[19.084s] -- Installing: /home/gyufoxy/dev_ws/install/turtlesim/include/turtlesim/srv/detail/spawn__struct.h
[19.084s] -- Installing: /home/gyufoxy/dev_ws/install/turtlesim/include/turtlesim/srv/detail/teleport_relative__functions.h
[19.085s] -- Installing: /home/gyufoxy/dev_ws/install/turtlesim/include/turtlesim/srv/detail/spawn__type_support.h
[19.085s] -- Installing: /home/gyufoxy/dev_ws/install/turtlesim/include/turtlesim/srv/detail/teleport_absolute__type_support.h
[19.085s] -- Installing: /home/gyufoxy/dev_ws/install/turtlesim/include/turtlesim/srv/detail/set_pen__functions.h
[19.085s] -- Installing: /home/gyufoxy/dev_ws/install/turtlesim/include/turtlesim/srv/detail/teleport_absolute__struct.h
[19.085s] -- Installing: /home/gyufoxy/dev_ws/install/turtlesim/include/turtlesim/srv/spawn.h
[19.085s] -- Installing: /home/gyufoxy/dev_ws/install/turtlesim/include/turtlesim/srv/set_pen.h
[19.085s] -- Installing: /home/gyufoxy/dev_ws/install/turtlesim/include/turtlesim/srv/teleport_absolute.h
[19.085s] -- Installing: /home/gyufoxy/dev_ws/install/turtlesim/include/turtlesim/msg
[19.085s] -- Installing: /home/gyufoxy/dev_ws/install/turtlesim/include/turtlesim/msg/pose.h
[19.085s] -- Installing: /home/gyufoxy/dev_ws/install/turtlesim/include/turtlesim/msg/detail
[19.085s] -- Installing: /home/gyufoxy/dev_ws/install/turtlesim/include/turtlesim/msg/detail/pose__struct.h
[19.085s] -- Installing: /home/gyufoxy/dev_ws/install/turtlesim/include/turtlesim/msg/detail/pose__functions.h
[19.086s] -- Installing: /home/gyufoxy/dev_ws/install/turtlesim/include/turtlesim/msg/detail/pose__type_support.h
[19.086s] -- Installing: /home/gyufoxy/dev_ws/install/turtlesim/include/turtlesim/msg/detail/color__type_support.h
[19.086s] -- Installing: /home/gyufoxy/dev_ws/install/turtlesim/include/turtlesim/msg/detail/color__struct.h
[19.086s] -- Installing: /home/gyufoxy/dev_ws/install/turtlesim/include/turtlesim/msg/detail/color__functions.h
[19.086s] -- Installing: /home/gyufoxy/dev_ws/install/turtlesim/include/turtlesim/msg/detail/pose__functions.c
[19.086s] -- Installing: /home/gyufoxy/dev_ws/install/turtlesim/include/turtlesim/msg/detail/color__functions.c
[19.086s] -- Installing: /home/gyufoxy/dev_ws/install/turtlesim/include/turtlesim/msg/color.h
[19.086s] -- Installing: /home/gyufoxy/dev_ws/install/turtlesim/include/turtlesim/msg/rosidl_generator_c__visibility_control.h
[19.086s] -- Installing: /home/gyufoxy/dev_ws/install/turtlesim/share/turtlesim/environment/library_path.sh
[19.086s] -- Installing: /home/gyufoxy/dev_ws/install/turtlesim/share/turtlesim/environment/library_path.dsv
[19.086s] -- Installing: /home/gyufoxy/dev_ws/install/turtlesim/lib/libturtlesim__rosidl_generator_c.so
[19.087s] -- Set runtime path of "/home/gyufoxy/dev_ws/install/turtlesim/lib/libturtlesim__rosidl_generator_c.so" to ""
[19.087s] -- Up-to-date: /home/gyufoxy/dev_ws/install/turtlesim/include/turtlesim
[19.087s] -- Up-to-date: /home/gyufoxy/dev_ws/install/turtlesim/include/turtlesim/action
[19.087s] -- Up-to-date: /home/gyufoxy/dev_ws/install/turtlesim/include/turtlesim/action/detail
[19.087s] -- Installing: /home/gyufoxy/dev_ws/install/turtlesim/include/turtlesim/action/detail/rotate_absolute__rosidl_typesupport_fastrtps_c.h
[19.087s] -- Up-to-date: /home/gyufoxy/dev_ws/install/turtlesim/include/turtlesim/srv
[19.087s] -- Up-to-date: /home/gyufoxy/dev_ws/install/turtlesim/include/turtlesim/srv/detail
[19.087s] -- Installing: /home/gyufoxy/dev_ws/install/turtlesim/include/turtlesim/srv/detail/kill__rosidl_typesupport_fastrtps_c.h
[19.087s] -- Installing: /home/gyufoxy/dev_ws/install/turtlesim/include/turtlesim/srv/detail/teleport_absolute__rosidl_typesupport_fastrtps_c.h
[19.088s] -- Installing: /home/gyufoxy/dev_ws/install/turtlesim/include/turtlesim/srv/detail/spawn__rosidl_typesupport_fastrtps_c.h
[19.088s] -- Installing: /home/gyufoxy/dev_ws/install/turtlesim/include/turtlesim/srv/detail/set_pen__rosidl_typesupport_fastrtps_c.h
[19.088s] -- Installing: /home/gyufoxy/dev_ws/install/turtlesim/include/turtlesim/srv/detail/teleport_relative__rosidl_typesupport_fastrtps_c.h
[19.088s] -- Up-to-date: /home/gyufoxy/dev_ws/install/turtlesim/include/turtlesim/msg
[19.088s] -- Installing: /home/gyufoxy/dev_ws/install/turtlesim/include/turtlesim/msg/rosidl_typesupport_fastrtps_c__visibility_control.h
[19.088s] -- Up-to-date: /home/gyufoxy/dev_ws/install/turtlesim/include/turtlesim/msg/detail
[19.088s] -- Installing: /home/gyufoxy/dev_ws/install/turtlesim/include/turtlesim/msg/detail/pose__rosidl_typesupport_fastrtps_c.h
[19.088s] -- Installing: /home/gyufoxy/dev_ws/install/turtlesim/include/turtlesim/msg/detail/color__rosidl_typesupport_fastrtps_c.h
[19.088s] -- Installing: /home/gyufoxy/dev_ws/install/turtlesim/lib/libturtlesim__rosidl_typesupport_fastrtps_c.so
[19.088s] -- Set runtime path of "/home/gyufoxy/dev_ws/install/turtlesim/lib/libturtlesim__rosidl_typesupport_fastrtps_c.so" to ""
[19.088s] -- Up-to-date: /home/gyufoxy/dev_ws/install/turtlesim/include/turtlesim
[19.088s] -- Up-to-date: /home/gyufoxy/dev_ws/install/turtlesim/include/turtlesim/action
[19.088s] -- Up-to-date: /home/gyufoxy/dev_ws/install/turtlesim/include/turtlesim/action/detail
[19.089s] -- Installing: /home/gyufoxy/dev_ws/install/turtlesim/include/turtlesim/action/detail/rotate_absolute__rosidl_typesupport_fastrtps_cpp.hpp
[19.089s] -- Installing: /home/gyufoxy/dev_ws/install/turtlesim/include/turtlesim/action/detail/dds_fastrtps
[19.089s] -- Up-to-date: /home/gyufoxy/dev_ws/install/turtlesim/include/turtlesim/srv
[19.089s] -- Up-to-date: /home/gyufoxy/dev_ws/install/turtlesim/include/turtlesim/srv/detail
[19.089s] -- Installing: /home/gyufoxy/dev_ws/install/turtlesim/include/turtlesim/srv/detail/spawn__rosidl_typesupport_fastrtps_cpp.hpp
[19.089s] -- Installing: /home/gyufoxy/dev_ws/install/turtlesim/include/turtlesim/srv/detail/teleport_relative__rosidl_typesupport_fastrtps_cpp.hpp
[19.089s] -- Installing: /home/gyufoxy/dev_ws/install/turtlesim/include/turtlesim/srv/detail/set_pen__rosidl_typesupport_fastrtps_cpp.hpp
[19.089s] -- Installing: /home/gyufoxy/dev_ws/install/turtlesim/include/turtlesim/srv/detail/teleport_absolute__rosidl_typesupport_fastrtps_cpp.hpp
[19.089s] -- Installing: /home/gyufoxy/dev_ws/install/turtlesim/include/turtlesim/srv/detail/dds_fastrtps
[19.089s] -- Installing: /home/gyufoxy/dev_ws/install/turtlesim/include/turtlesim/srv/detail/kill__rosidl_typesupport_fastrtps_cpp.hpp
[19.089s] -- Up-to-date: /home/gyufoxy/dev_ws/install/turtlesim/include/turtlesim/msg
[19.089s] -- Up-to-date: /home/gyufoxy/dev_ws/install/turtlesim/include/turtlesim/msg/detail
[19.089s] -- Installing: /home/gyufoxy/dev_ws/install/turtlesim/include/turtlesim/msg/detail/dds_fastrtps
[19.090s] -- Installing: /home/gyufoxy/dev_ws/install/turtlesim/include/turtlesim/msg/detail/pose__rosidl_typesupport_fastrtps_cpp.hpp
[19.090s] -- Installing: /home/gyufoxy/dev_ws/install/turtlesim/include/turtlesim/msg/detail/color__rosidl_typesupport_fastrtps_cpp.hpp
[19.090s] -- Installing: /home/gyufoxy/dev_ws/install/turtlesim/include/turtlesim/msg/rosidl_typesupport_fastrtps_cpp__visibility_control.h
[19.090s] -- Installing: /home/gyufoxy/dev_ws/install/turtlesim/lib/libturtlesim__rosidl_typesupport_fastrtps_cpp.so
[19.090s] -- Set runtime path of "/home/gyufoxy/dev_ws/install/turtlesim/lib/libturtlesim__rosidl_typesupport_fastrtps_cpp.so" to ""
[19.090s] -- Up-to-date: /home/gyufoxy/dev_ws/install/turtlesim/include/turtlesim
[19.090s] -- Up-to-date: /home/gyufoxy/dev_ws/install/turtlesim/include/turtlesim/action
[19.090s] -- Up-to-date: /home/gyufoxy/dev_ws/install/turtlesim/include/turtlesim/action/detail
[19.090s] -- Installing: /home/gyufoxy/dev_ws/install/turtlesim/include/turtlesim/action/detail/rotate_absolute__type_support.c
[19.090s] -- Installing: /home/gyufoxy/dev_ws/install/turtlesim/include/turtlesim/action/detail/rotate_absolute__rosidl_typesupport_introspection_c.h
[19.091s] -- Up-to-date: /home/gyufoxy/dev_ws/install/turtlesim/include/turtlesim/srv
[19.091s] -- Up-to-date: /home/gyufoxy/dev_ws/install/turtlesim/include/turtlesim/srv/detail
[19.091s] -- Installing: /home/gyufoxy/dev_ws/install/turtlesim/include/turtlesim/srv/detail/kill__rosidl_typesupport_introspection_c.h
[19.091s] -- Installing: /home/gyufoxy/dev_ws/install/turtlesim/include/turtlesim/srv/detail/teleport_relative__type_support.c
[19.091s] -- Installing: /home/gyufoxy/dev_ws/install/turtlesim/include/turtlesim/srv/detail/kill__type_support.c
[19.091s] -- Installing: /home/gyufoxy/dev_ws/install/turtlesim/include/turtlesim/srv/detail/set_pen__type_support.c
[19.091s] -- Installing: /home/gyufoxy/dev_ws/install/turtlesim/include/turtlesim/srv/detail/spawn__rosidl_typesupport_introspection_c.h
[19.091s] -- Installing: /home/gyufoxy/dev_ws/install/turtlesim/include/turtlesim/srv/detail/teleport_relative__rosidl_typesupport_introspection_c.h
[19.091s] -- Installing: /home/gyufoxy/dev_ws/install/turtlesim/include/turtlesim/srv/detail/set_pen__rosidl_typesupport_introspection_c.h
[19.091s] -- Installing: /home/gyufoxy/dev_ws/install/turtlesim/include/turtlesim/srv/detail/teleport_absolute__rosidl_typesupport_introspection_c.h
[19.091s] -- Installing: /home/gyufoxy/dev_ws/install/turtlesim/include/turtlesim/srv/detail/teleport_absolute__type_support.c
[19.091s] -- Installing: /home/gyufoxy/dev_ws/install/turtlesim/include/turtlesim/srv/detail/spawn__type_support.c
[19.091s] -- Up-to-date: /home/gyufoxy/dev_ws/install/turtlesim/include/turtlesim/msg
[19.092s] -- Installing: /home/gyufoxy/dev_ws/install/turtlesim/include/turtlesim/msg/rosidl_typesupport_introspection_c__visibility_control.h
[19.092s] -- Up-to-date: /home/gyufoxy/dev_ws/install/turtlesim/include/turtlesim/msg/detail
[19.092s] -- Installing: /home/gyufoxy/dev_ws/install/turtlesim/include/turtlesim/msg/detail/pose__rosidl_typesupport_introspection_c.h
[19.092s] -- Installing: /home/gyufoxy/dev_ws/install/turtlesim/include/turtlesim/msg/detail/pose__type_support.c
[19.092s] -- Installing: /home/gyufoxy/dev_ws/install/turtlesim/include/turtlesim/msg/detail/color__rosidl_typesupport_introspection_c.h
[19.092s] -- Installing: /home/gyufoxy/dev_ws/install/turtlesim/include/turtlesim/msg/detail/color__type_support.c
[19.092s] -- Installing: /home/gyufoxy/dev_ws/install/turtlesim/lib/libturtlesim__rosidl_typesupport_introspection_c.so
[19.092s] -- Set runtime path of "/home/gyufoxy/dev_ws/install/turtlesim/lib/libturtlesim__rosidl_typesupport_introspection_c.so" to ""
[19.092s] -- Installing: /home/gyufoxy/dev_ws/install/turtlesim/lib/libturtlesim__rosidl_typesupport_c.so
[19.092s] -- Set runtime path of "/home/gyufoxy/dev_ws/install/turtlesim/lib/libturtlesim__rosidl_typesupport_c.so" to ""
[19.093s] -- Up-to-date: /home/gyufoxy/dev_ws/install/turtlesim/include/turtlesim
[19.093s] -- Up-to-date: /home/gyufoxy/dev_ws/install/turtlesim/include/turtlesim/action
[19.093s] -- Installing: /home/gyufoxy/dev_ws/install/turtlesim/include/turtlesim/action/rotate_absolute.hpp
[19.093s] -- Up-to-date: /home/gyufoxy/dev_ws/install/turtlesim/include/turtlesim/action/detail
[19.093s] -- Installing: /home/gyufoxy/dev_ws/install/turtlesim/include/turtlesim/action/detail/rotate_absolute__builder.hpp
[19.093s] -- Installing: /home/gyufoxy/dev_ws/install/turtlesim/include/turtlesim/action/detail/rotate_absolute__traits.hpp
[19.093s] -- Installing: /home/gyufoxy/dev_ws/install/turtlesim/include/turtlesim/action/detail/rotate_absolute__struct.hpp
[19.093s] -- Up-to-date: /home/gyufoxy/dev_ws/install/turtlesim/include/turtlesim/srv
[19.093s] -- Installing: /home/gyufoxy/dev_ws/install/turtlesim/include/turtlesim/srv/teleport_relative.hpp
[19.093s] -- Installing: /home/gyufoxy/dev_ws/install/turtlesim/include/turtlesim/srv/set_pen.hpp
[19.093s] -- Up-to-date: /home/gyufoxy/dev_ws/install/turtlesim/include/turtlesim/srv/detail
[19.093s] -- Installing: /home/gyufoxy/dev_ws/install/turtlesim/include/turtlesim/srv/detail/teleport_absolute__builder.hpp
[19.094s] -- Installing: /home/gyufoxy/dev_ws/install/turtlesim/include/turtlesim/srv/detail/spawn__traits.hpp
[19.094s] -- Installing: /home/gyufoxy/dev_ws/install/turtlesim/include/turtlesim/srv/detail/kill__struct.hpp
[19.094s] -- Installing: /home/gyufoxy/dev_ws/install/turtlesim/include/turtlesim/srv/detail/spawn__struct.hpp
[19.094s] -- Installing: /home/gyufoxy/dev_ws/install/turtlesim/include/turtlesim/srv/detail/kill__builder.hpp
[19.094s] -- Installing: /home/gyufoxy/dev_ws/install/turtlesim/include/turtlesim/srv/detail/teleport_absolute__traits.hpp
[19.094s] -- Installing: /home/gyufoxy/dev_ws/install/turtlesim/include/turtlesim/srv/detail/teleport_relative__traits.hpp
[19.094s] -- Installing: /home/gyufoxy/dev_ws/install/turtlesim/include/turtlesim/srv/detail/teleport_relative__struct.hpp
[19.094s] -- Installing: /home/gyufoxy/dev_ws/install/turtlesim/include/turtlesim/srv/detail/spawn__builder.hpp
[19.094s] -- Installing: /home/gyufoxy/dev_ws/install/turtlesim/include/turtlesim/srv/detail/teleport_relative__builder.hpp
[19.094s] -- Installing: /home/gyufoxy/dev_ws/install/turtlesim/include/turtlesim/srv/detail/set_pen__builder.hpp
[19.094s] -- Installing: /home/gyufoxy/dev_ws/install/turtlesim/include/turtlesim/srv/detail/set_pen__struct.hpp
[19.095s] -- Installing: /home/gyufoxy/dev_ws/install/turtlesim/include/turtlesim/srv/detail/set_pen__traits.hpp
[19.095s] -- Installing: /home/gyufoxy/dev_ws/install/turtlesim/include/turtlesim/srv/detail/kill__traits.hpp
[19.095s] -- Installing: /home/gyufoxy/dev_ws/install/turtlesim/include/turtlesim/srv/detail/teleport_absolute__struct.hpp
[19.095s] -- Installing: /home/gyufoxy/dev_ws/install/turtlesim/include/turtlesim/srv/spawn.hpp
[19.095s] -- Installing: /home/gyufoxy/dev_ws/install/turtlesim/include/turtlesim/srv/teleport_absolute.hpp
[19.095s] -- Installing: /home/gyufoxy/dev_ws/install/turtlesim/include/turtlesim/srv/kill.hpp
[19.095s] -- Up-to-date: /home/gyufoxy/dev_ws/install/turtlesim/include/turtlesim/msg
[19.095s] -- Installing: /home/gyufoxy/dev_ws/install/turtlesim/include/turtlesim/msg/color.hpp
[19.095s] -- Up-to-date: /home/gyufoxy/dev_ws/install/turtlesim/include/turtlesim/msg/detail
[19.095s] -- Installing: /home/gyufoxy/dev_ws/install/turtlesim/include/turtlesim/msg/detail/color__struct.hpp
[19.095s] -- Installing: /home/gyufoxy/dev_ws/install/turtlesim/include/turtlesim/msg/detail/pose__struct.hpp
[19.095s] -- Installing: /home/gyufoxy/dev_ws/install/turtlesim/include/turtlesim/msg/detail/color__traits.hpp
[19.095s] -- Installing: /home/gyufoxy/dev_ws/install/turtlesim/include/turtlesim/msg/detail/color__builder.hpp
[19.096s] -- Installing: /home/gyufoxy/dev_ws/install/turtlesim/include/turtlesim/msg/detail/pose__traits.hpp
[19.096s] -- Installing: /home/gyufoxy/dev_ws/install/turtlesim/include/turtlesim/msg/detail/pose__builder.hpp
[19.096s] -- Installing: /home/gyufoxy/dev_ws/install/turtlesim/include/turtlesim/msg/pose.hpp
[19.096s] -- Up-to-date: /home/gyufoxy/dev_ws/install/turtlesim/include/turtlesim
[19.096s] -- Up-to-date: /home/gyufoxy/dev_ws/install/turtlesim/include/turtlesim/action
[19.096s] -- Up-to-date: /home/gyufoxy/dev_ws/install/turtlesim/include/turtlesim/action/detail
[19.096s] -- Installing: /home/gyufoxy/dev_ws/install/turtlesim/include/turtlesim/action/detail/rotate_absolute__type_support.cpp
[19.096s] -- Installing: /home/gyufoxy/dev_ws/install/turtlesim/include/turtlesim/action/detail/rotate_absolute__rosidl_typesupport_introspection_cpp.hpp
[19.096s] -- Up-to-date: /home/gyufoxy/dev_ws/install/turtlesim/include/turtlesim/srv
[19.096s] -- Up-to-date: /home/gyufoxy/dev_ws/install/turtlesim/include/turtlesim/srv/detail
[19.096s] -- Installing: /home/gyufoxy/dev_ws/install/turtlesim/include/turtlesim/srv/detail/kill__rosidl_typesupport_introspection_cpp.hpp
[19.096s] -- Installing: /home/gyufoxy/dev_ws/install/turtlesim/include/turtlesim/srv/detail/kill__type_support.cpp
[19.096s] -- Installing: /home/gyufoxy/dev_ws/install/turtlesim/include/turtlesim/srv/detail/spawn__type_support.cpp
[19.097s] -- Installing: /home/gyufoxy/dev_ws/install/turtlesim/include/turtlesim/srv/detail/teleport_relative__type_support.cpp
[19.097s] -- Installing: /home/gyufoxy/dev_ws/install/turtlesim/include/turtlesim/srv/detail/spawn__rosidl_typesupport_introspection_cpp.hpp
[19.097s] -- Installing: /home/gyufoxy/dev_ws/install/turtlesim/include/turtlesim/srv/detail/teleport_absolute__rosidl_typesupport_introspection_cpp.hpp
[19.097s] -- Installing: /home/gyufoxy/dev_ws/install/turtlesim/include/turtlesim/srv/detail/set_pen__type_support.cpp
[19.097s] -- Installing: /home/gyufoxy/dev_ws/install/turtlesim/include/turtlesim/srv/detail/teleport_relative__rosidl_typesupport_introspection_cpp.hpp
[19.097s] -- Installing: /home/gyufoxy/dev_ws/install/turtlesim/include/turtlesim/srv/detail/set_pen__rosidl_typesupport_introspection_cpp.hpp
[19.097s] -- Installing: /home/gyufoxy/dev_ws/install/turtlesim/include/turtlesim/srv/detail/teleport_absolute__type_support.cpp
[19.097s] -- Up-to-date: /home/gyufoxy/dev_ws/install/turtlesim/include/turtlesim/msg
[19.097s] -- Up-to-date: /home/gyufoxy/dev_ws/install/turtlesim/include/turtlesim/msg/detail
[19.097s] -- Installing: /home/gyufoxy/dev_ws/install/turtlesim/include/turtlesim/msg/detail/pose__rosidl_typesupport_introspection_cpp.hpp
[19.097s] -- Installing: /home/gyufoxy/dev_ws/install/turtlesim/include/turtlesim/msg/detail/color__rosidl_typesupport_introspection_cpp.hpp
[19.097s] -- Installing: /home/gyufoxy/dev_ws/install/turtlesim/include/turtlesim/msg/detail/pose__type_support.cpp
[19.097s] -- Installing: /home/gyufoxy/dev_ws/install/turtlesim/include/turtlesim/msg/detail/color__type_support.cpp
[19.097s] -- Installing: /home/gyufoxy/dev_ws/install/turtlesim/lib/libturtlesim__rosidl_typesupport_introspection_cpp.so
[19.097s] -- Set runtime path of "/home/gyufoxy/dev_ws/install/turtlesim/lib/libturtlesim__rosidl_typesupport_introspection_cpp.so" to ""
[19.098s] -- Installing: /home/gyufoxy/dev_ws/install/turtlesim/lib/libturtlesim__rosidl_typesupport_cpp.so
[19.098s] -- Set runtime path of "/home/gyufoxy/dev_ws/install/turtlesim/lib/libturtlesim__rosidl_typesupport_cpp.so" to ""
[19.098s] -- Installing: /home/gyufoxy/dev_ws/install/turtlesim/share/turtlesim/environment/pythonpath.sh
[19.098s] -- Installing: /home/gyufoxy/dev_ws/install/turtlesim/share/turtlesim/environment/pythonpath.dsv
[19.098s] -- Installing: /home/gyufoxy/dev_ws/install/turtlesim/lib/python3.8/site-packages/turtlesim/__init__.py
[19.130s] Compiling '/home/gyufoxy/dev_ws/install/turtlesim/lib/python3.8/site-packages/turtlesim/__init__.py'...
[19.133s] -- Installing: /home/gyufoxy/dev_ws/install/turtlesim/lib/python3.8/site-packages/turtlesim/action
[19.134s] -- Installing: /home/gyufoxy/dev_ws/install/turtlesim/lib/python3.8/site-packages/turtlesim/action/__init__.py
[19.134s] -- Installing: /home/gyufoxy/dev_ws/install/turtlesim/lib/python3.8/site-packages/turtlesim/action/_rotate_absolute.py
[19.134s] -- Installing: /home/gyufoxy/dev_ws/install/turtlesim/lib/python3.8/site-packages/turtlesim/action/_rotate_absolute_s.c
[19.134s] -- Installing: /home/gyufoxy/dev_ws/install/turtlesim/lib/python3.8/site-packages/turtlesim/msg
[19.134s] -- Installing: /home/gyufoxy/dev_ws/install/turtlesim/lib/python3.8/site-packages/turtlesim/msg/_pose_s.c
[19.134s] -- Installing: /home/gyufoxy/dev_ws/install/turtlesim/lib/python3.8/site-packages/turtlesim/msg/_color.py
[19.134s] -- Installing: /home/gyufoxy/dev_ws/install/turtlesim/lib/python3.8/site-packages/turtlesim/msg/__init__.py
[19.134s] -- Installing: /home/gyufoxy/dev_ws/install/turtlesim/lib/python3.8/site-packages/turtlesim/msg/_pose.py
[19.134s] -- Installing: /home/gyufoxy/dev_ws/install/turtlesim/lib/python3.8/site-packages/turtlesim/msg/_color_s.c
[19.134s] -- Installing: /home/gyufoxy/dev_ws/install/turtlesim/lib/python3.8/site-packages/turtlesim/srv
[19.134s] -- Installing: /home/gyufoxy/dev_ws/install/turtlesim/lib/python3.8/site-packages/turtlesim/srv/_teleport_absolute.py
[19.135s] -- Installing: /home/gyufoxy/dev_ws/install/turtlesim/lib/python3.8/site-packages/turtlesim/srv/_spawn.py
[19.135s] -- Installing: /home/gyufoxy/dev_ws/install/turtlesim/lib/python3.8/site-packages/turtlesim/srv/_teleport_relative_s.c
[19.135s] -- Installing: /home/gyufoxy/dev_ws/install/turtlesim/lib/python3.8/site-packages/turtlesim/srv/_teleport_absolute_s.c
[19.135s] -- Installing: /home/gyufoxy/dev_ws/install/turtlesim/lib/python3.8/site-packages/turtlesim/srv/_kill.py
[19.135s] -- Installing: /home/gyufoxy/dev_ws/install/turtlesim/lib/python3.8/site-packages/turtlesim/srv/_set_pen_s.c
[19.135s] -- Installing: /home/gyufoxy/dev_ws/install/turtlesim/lib/python3.8/site-packages/turtlesim/srv/__init__.py
[19.135s] -- Installing: /home/gyufoxy/dev_ws/install/turtlesim/lib/python3.8/site-packages/turtlesim/srv/_kill_s.c
[19.135s] -- Installing: /home/gyufoxy/dev_ws/install/turtlesim/lib/python3.8/site-packages/turtlesim/srv/_teleport_relative.py
[19.135s] -- Installing: /home/gyufoxy/dev_ws/install/turtlesim/lib/python3.8/site-packages/turtlesim/srv/_spawn_s.c
[19.135s] -- Installing: /home/gyufoxy/dev_ws/install/turtlesim/lib/python3.8/site-packages/turtlesim/srv/_set_pen.py
[19.135s] -- Installing: /home/gyufoxy/dev_ws/install/turtlesim/lib/python3.8/site-packages/turtlesim/turtlesim_s__rosidl_typesupport_fastrtps_c.cpython-38-x86_64-linux-gnu.so
[19.136s] -- Set runtime path of "/home/gyufoxy/dev_ws/install/turtlesim/lib/python3.8/site-packages/turtlesim/turtlesim_s__rosidl_typesupport_fastrtps_c.cpython-38-x86_64-linux-gnu.so" to ""
[19.136s] -- Installing: /home/gyufoxy/dev_ws/install/turtlesim/lib/python3.8/site-packages/turtlesim/turtlesim_s__rosidl_typesupport_introspection_c.cpython-38-x86_64-linux-gnu.so
[19.137s] -- Set runtime path of "/home/gyufoxy/dev_ws/install/turtlesim/lib/python3.8/site-packages/turtlesim/turtlesim_s__rosidl_typesupport_introspection_c.cpython-38-x86_64-linux-gnu.so" to ""
[19.137s] -- Installing: /home/gyufoxy/dev_ws/install/turtlesim/lib/python3.8/site-packages/turtlesim/turtlesim_s__rosidl_typesupport_c.cpython-38-x86_64-linux-gnu.so
[19.137s] -- Set runtime path of "/home/gyufoxy/dev_ws/install/turtlesim/lib/python3.8/site-packages/turtlesim/turtlesim_s__rosidl_typesupport_c.cpython-38-x86_64-linux-gnu.so" to ""
[19.137s] -- Installing: /home/gyufoxy/dev_ws/install/turtlesim/lib/libturtlesim__python.so
[19.138s] -- Set runtime path of "/home/gyufoxy/dev_ws/install/turtlesim/lib/libturtlesim__python.so" to ""
[19.138s] -- Installing: /home/gyufoxy/dev_ws/install/turtlesim/share/turtlesim/action/RotateAbsolute.idl
[19.138s] -- Installing: /home/gyufoxy/dev_ws/install/turtlesim/share/turtlesim/msg/Color.idl
[19.138s] -- Installing: /home/gyufoxy/dev_ws/install/turtlesim/share/turtlesim/msg/Pose.idl
[19.138s] -- Installing: /home/gyufoxy/dev_ws/install/turtlesim/share/turtlesim/srv/Kill.idl
[19.138s] -- Installing: /home/gyufoxy/dev_ws/install/turtlesim/share/turtlesim/srv/SetPen.idl
[19.138s] -- Installing: /home/gyufoxy/dev_ws/install/turtlesim/share/turtlesim/srv/Spawn.idl
[19.138s] -- Installing: /home/gyufoxy/dev_ws/install/turtlesim/share/turtlesim/srv/TeleportAbsolute.idl
[19.139s] -- Installing: /home/gyufoxy/dev_ws/install/turtlesim/share/turtlesim/srv/TeleportRelative.idl
[19.139s] -- Installing: /home/gyufoxy/dev_ws/install/turtlesim/share/turtlesim/action/RotateAbsolute.action
[19.139s] -- Installing: /home/gyufoxy/dev_ws/install/turtlesim/share/turtlesim/msg/Color.msg
[19.139s] -- Installing: /home/gyufoxy/dev_ws/install/turtlesim/share/turtlesim/msg/Pose.msg
[19.139s] -- Installing: /home/gyufoxy/dev_ws/install/turtlesim/share/turtlesim/srv/Kill.srv
[19.139s] -- Installing: /home/gyufoxy/dev_ws/install/turtlesim/share/turtlesim/srv/Kill_Request.msg
[19.139s] -- Installing: /home/gyufoxy/dev_ws/install/turtlesim/share/turtlesim/srv/Kill_Response.msg
[19.139s] -- Installing: /home/gyufoxy/dev_ws/install/turtlesim/share/turtlesim/srv/SetPen.srv
[19.139s] -- Installing: /home/gyufoxy/dev_ws/install/turtlesim/share/turtlesim/srv/SetPen_Request.msg
[19.140s] -- Installing: /home/gyufoxy/dev_ws/install/turtlesim/share/turtlesim/srv/SetPen_Response.msg
[19.140s] -- Installing: /home/gyufoxy/dev_ws/install/turtlesim/share/turtlesim/srv/Spawn.srv
[19.140s] -- Installing: /home/gyufoxy/dev_ws/install/turtlesim/share/turtlesim/srv/Spawn_Request.msg
[19.140s] -- Installing: /home/gyufoxy/dev_ws/install/turtlesim/share/turtlesim/srv/Spawn_Response.msg
[19.140s] -- Installing: /home/gyufoxy/dev_ws/install/turtlesim/share/turtlesim/srv/TeleportAbsolute.srv
[19.140s] -- Installing: /home/gyufoxy/dev_ws/install/turtlesim/share/turtlesim/srv/TeleportAbsolute_Request.msg
[19.140s] -- Installing: /home/gyufoxy/dev_ws/install/turtlesim/share/turtlesim/srv/TeleportAbsolute_Response.msg
[19.140s] -- Installing: /home/gyufoxy/dev_ws/install/turtlesim/share/turtlesim/srv/TeleportRelative.srv
[19.140s] -- Installing: /home/gyufoxy/dev_ws/install/turtlesim/share/turtlesim/srv/TeleportRelative_Request.msg
[19.141s] -- Installing: /home/gyufoxy/dev_ws/install/turtlesim/share/turtlesim/srv/TeleportRelative_Response.msg
[19.141s] -- Installing: /home/gyufoxy/dev_ws/install/turtlesim/lib/turtlesim/turtlesim_node
[19.145s] -- Set runtime path of "/home/gyufoxy/dev_ws/install/turtlesim/lib/turtlesim/turtlesim_node" to ""
[19.145s] -- Installing: /home/gyufoxy/dev_ws/install/turtlesim/lib/turtlesim/turtle_teleop_key
[19.146s] -- Set runtime path of "/home/gyufoxy/dev_ws/install/turtlesim/lib/turtlesim/turtle_teleop_key" to ""
[19.146s] -- Installing: /home/gyufoxy/dev_ws/install/turtlesim/lib/turtlesim/draw_square
[19.148s] -- Set runtime path of "/home/gyufoxy/dev_ws/install/turtlesim/lib/turtlesim/draw_square" to ""
[19.149s] -- Installing: /home/gyufoxy/dev_ws/install/turtlesim/lib/turtlesim/mimic
[19.150s] -- Set runtime path of "/home/gyufoxy/dev_ws/install/turtlesim/lib/turtlesim/mimic" to ""
[19.150s] -- Installing: /home/gyufoxy/dev_ws/install/turtlesim/share/turtlesim/images
[19.151s] -- Installing: /home/gyufoxy/dev_ws/install/turtlesim/share/turtlesim/images/ardent.png
[19.151s] -- Installing: /home/gyufoxy/dev_ws/install/turtlesim/share/turtlesim/images/crystal.png
[19.151s] -- Installing: /home/gyufoxy/dev_ws/install/turtlesim/share/turtlesim/images/eloquent.png
[19.151s] -- Installing: /home/gyufoxy/dev_ws/install/turtlesim/share/turtlesim/images/foxy.png
[19.151s] -- Installing: /home/gyufoxy/dev_ws/install/turtlesim/share/turtlesim/images/dashing.png
[19.151s] -- Installing: /home/gyufoxy/dev_ws/install/turtlesim/share/turtlesim/images/bouncy.png
[19.151s] -- Installing: /home/gyufoxy/dev_ws/install/turtlesim/share/turtlesim/launch
[19.151s] -- Installing: /home/gyufoxy/dev_ws/install/turtlesim/share/turtlesim/launch/multisim.launch.py
[19.151s] -- Installing: /home/gyufoxy/dev_ws/install/turtlesim/share/ament_index/resource_index/package_run_dependencies/turtlesim
[19.151s] -- Installing: /home/gyufoxy/dev_ws/install/turtlesim/share/ament_index/resource_index/parent_prefix_path/turtlesim
[19.151s] -- Installing: /home/gyufoxy/dev_ws/install/turtlesim/share/turtlesim/environment/ament_prefix_path.sh
[19.152s] -- Installing: /home/gyufoxy/dev_ws/install/turtlesim/share/turtlesim/environment/ament_prefix_path.dsv
[19.152s] -- Installing: /home/gyufoxy/dev_ws/install/turtlesim/share/turtlesim/environment/path.sh
[19.152s] -- Installing: /home/gyufoxy/dev_ws/install/turtlesim/share/turtlesim/environment/path.dsv
[19.152s] -- Installing: /home/gyufoxy/dev_ws/install/turtlesim/share/turtlesim/local_setup.bash
[19.152s] -- Installing: /home/gyufoxy/dev_ws/install/turtlesim/share/turtlesim/local_setup.sh
[19.152s] -- Installing: /home/gyufoxy/dev_ws/install/turtlesim/share/turtlesim/local_setup.zsh
[19.152s] -- Installing: /home/gyufoxy/dev_ws/install/turtlesim/share/turtlesim/local_setup.dsv
[19.152s] -- Installing: /home/gyufoxy/dev_ws/install/turtlesim/share/turtlesim/package.dsv
[19.152s] -- Installing: /home/gyufoxy/dev_ws/install/turtlesim/share/ament_index/resource_index/packages/turtlesim
[19.152s] -- Installing: /home/gyufoxy/dev_ws/install/turtlesim/share/turtlesim/cmake/turtlesim__rosidl_generator_cExport.cmake
[19.153s] -- Installing: /home/gyufoxy/dev_ws/install/turtlesim/share/turtlesim/cmake/turtlesim__rosidl_generator_cExport-noconfig.cmake
[19.153s] -- Installing: /home/gyufoxy/dev_ws/install/turtlesim/share/turtlesim/cmake/turtlesim__rosidl_typesupport_introspection_cExport.cmake
[19.153s] -- Installing: /home/gyufoxy/dev_ws/install/turtlesim/share/turtlesim/cmake/turtlesim__rosidl_typesupport_introspection_cExport-noconfig.cmake
[19.153s] -- Installing: /home/gyufoxy/dev_ws/install/turtlesim/share/turtlesim/cmake/turtlesim__rosidl_typesupport_cExport.cmake
[19.153s] -- Installing: /home/gyufoxy/dev_ws/install/turtlesim/share/turtlesim/cmake/turtlesim__rosidl_typesupport_cExport-noconfig.cmake
[19.153s] -- Installing: /home/gyufoxy/dev_ws/install/turtlesim/share/turtlesim/cmake/turtlesim__rosidl_generator_cppExport.cmake
[19.153s] -- Installing: /home/gyufoxy/dev_ws/install/turtlesim/share/turtlesim/cmake/turtlesim__rosidl_typesupport_introspection_cppExport.cmake
[19.154s] -- Installing: /home/gyufoxy/dev_ws/install/turtlesim/share/turtlesim/cmake/turtlesim__rosidl_typesupport_introspection_cppExport-noconfig.cmake
[19.154s] -- Installing: /home/gyufoxy/dev_ws/install/turtlesim/share/turtlesim/cmake/turtlesim__rosidl_typesupport_cppExport.cmake
[19.154s] -- Installing: /home/gyufoxy/dev_ws/install/turtlesim/share/turtlesim/cmake/turtlesim__rosidl_typesupport_cppExport-noconfig.cmake
[19.154s] -- Installing: /home/gyufoxy/dev_ws/install/turtlesim/share/turtlesim/cmake/rosidl_cmake-extras.cmake
[19.154s] -- Installing: /home/gyufoxy/dev_ws/install/turtlesim/share/turtlesim/cmake/ament_cmake_export_dependencies-extras.cmake
[19.154s] -- Installing: /home/gyufoxy/dev_ws/install/turtlesim/share/turtlesim/cmake/ament_cmake_export_libraries-extras.cmake
[19.155s] -- Installing: /home/gyufoxy/dev_ws/install/turtlesim/share/turtlesim/cmake/ament_cmake_export_targets-extras.cmake
[19.155s] -- Installing: /home/gyufoxy/dev_ws/install/turtlesim/share/turtlesim/cmake/ament_cmake_export_include_directories-extras.cmake
[19.155s] -- Installing: /home/gyufoxy/dev_ws/install/turtlesim/share/turtlesim/cmake/rosidl_cmake_export_typesupport_libraries-extras.cmake
[19.155s] -- Installing: /home/gyufoxy/dev_ws/install/turtlesim/share/turtlesim/cmake/rosidl_cmake_export_typesupport_targets-extras.cmake
[19.155s] -- Installing: /home/gyufoxy/dev_ws/install/turtlesim/share/turtlesim/cmake/turtlesimConfig.cmake
[19.155s] -- Installing: /home/gyufoxy/dev_ws/install/turtlesim/share/turtlesim/cmake/turtlesimConfig-version.cmake
[19.155s] -- Installing: /home/gyufoxy/dev_ws/install/turtlesim/share/turtlesim/package.xml
[19.158s] Invoked command in '/home/gyufoxy/dev_ws/build/turtlesim' returned '0': CMAKE_PREFIX_PATH=/opt/ros/foxy /usr/bin/cmake --install /home/gyufoxy/dev_ws/build/turtlesim
