[0.032s] Invoking command in '/home/gyufoxy/dev_ws/build/cpp_pubsub': CMAKE_PREFIX_PATH=${CMAKE_PREFIX_PATH}:/opt/ros/foxy /usr/bin/cmake --build /home/gyufoxy/dev_ws/build/cpp_pubsub -- -j8 -l8
[0.103s] [ 50%] Built target listener
[0.116s] [100%] Built target talker
[0.135s] Invoked command in '/home/gyufoxy/dev_ws/build/cpp_pubsub' returned '0': CMAKE_PREFIX_PATH=${CMAKE_PREFIX_PATH}:/opt/ros/foxy /usr/bin/cmake --build /home/gyufoxy/dev_ws/build/cpp_pubsub -- -j8 -l8
[0.181s] Invoking command in '/home/gyufoxy/dev_ws/build/cpp_pubsub': CMAKE_PREFIX_PATH=${CMAKE_PREFIX_PATH}:/opt/ros/foxy /usr/bin/cmake --install /home/gyufoxy/dev_ws/build/cpp_pubsub
[0.190s] -- Install configuration: ""
[0.191s] -- Up-to-date: /home/gyufoxy/dev_ws/install/cpp_pubsub/lib/cpp_pubsub/talker
[0.191s] -- Up-to-date: /home/gyufoxy/dev_ws/install/cpp_pubsub/lib/cpp_pubsub/listener
[0.191s] -- Up-to-date: /home/gyufoxy/dev_ws/install/cpp_pubsub/share/ament_index/resource_index/package_run_dependencies/cpp_pubsub
[0.191s] -- Up-to-date: /home/gyufoxy/dev_ws/install/cpp_pubsub/share/ament_index/resource_index/parent_prefix_path/cpp_pubsub
[0.192s] -- Up-to-date: /home/gyufoxy/dev_ws/install/cpp_pubsub/share/cpp_pubsub/environment/ament_prefix_path.sh
[0.192s] -- Up-to-date: /home/gyufoxy/dev_ws/install/cpp_pubsub/share/cpp_pubsub/environment/ament_prefix_path.dsv
[0.192s] -- Up-to-date: /home/gyufoxy/dev_ws/install/cpp_pubsub/share/cpp_pubsub/environment/path.sh
[0.193s] -- Up-to-date: /home/gyufoxy/dev_ws/install/cpp_pubsub/share/cpp_pubsub/environment/path.dsv
[0.193s] -- Up-to-date: /home/gyufoxy/dev_ws/install/cpp_pubsub/share/cpp_pubsub/local_setup.bash
[0.193s] -- Up-to-date: /home/gyufoxy/dev_ws/install/cpp_pubsub/share/cpp_pubsub/local_setup.sh
[0.193s] -- Up-to-date: /home/gyufoxy/dev_ws/install/cpp_pubsub/share/cpp_pubsub/local_setup.zsh
[0.194s] -- Up-to-date: /home/gyufoxy/dev_ws/install/cpp_pubsub/share/cpp_pubsub/local_setup.dsv
[0.194s] -- Installing: /home/gyufoxy/dev_ws/install/cpp_pubsub/share/cpp_pubsub/package.dsv
[0.195s] -- Up-to-date: /home/gyufoxy/dev_ws/install/cpp_pubsub/share/ament_index/resource_index/packages/cpp_pubsub
[0.195s] -- Up-to-date: /home/gyufoxy/dev_ws/install/cpp_pubsub/share/cpp_pubsub/cmake/cpp_pubsubConfig.cmake
[0.195s] -- Up-to-date: /home/gyufoxy/dev_ws/install/cpp_pubsub/share/cpp_pubsub/cmake/cpp_pubsubConfig-version.cmake
[0.196s] -- Up-to-date: /home/gyufoxy/dev_ws/install/cpp_pubsub/share/cpp_pubsub/package.xml
[0.208s] Invoked command in '/home/gyufoxy/dev_ws/build/cpp_pubsub' returned '0': CMAKE_PREFIX_PATH=${CMAKE_PREFIX_PATH}:/opt/ros/foxy /usr/bin/cmake --install /home/gyufoxy/dev_ws/build/cpp_pubsub
