[0.027s] Invoking command in '/home/gyufoxy/dev_ws/build/pub_and_sub_ros2': CMAKE_PREFIX_PATH=${CMAKE_PREFIX_PATH}:/opt/ros/foxy /usr/bin/cmake --build /home/gyufoxy/dev_ws/build/pub_and_sub_ros2 -- -j8 -l8
[0.091s] [ 50%] Built target sub_node
[0.092s] [100%] Built target pub_node
[0.106s] Invoked command in '/home/gyufoxy/dev_ws/build/pub_and_sub_ros2' returned '0': CMAKE_PREFIX_PATH=${CMAKE_PREFIX_PATH}:/opt/ros/foxy /usr/bin/cmake --build /home/gyufoxy/dev_ws/build/pub_and_sub_ros2 -- -j8 -l8
[0.145s] Invoking command in '/home/gyufoxy/dev_ws/build/pub_and_sub_ros2': CMAKE_PREFIX_PATH=${CMAKE_PREFIX_PATH}:/opt/ros/foxy /usr/bin/cmake --install /home/gyufoxy/dev_ws/build/pub_and_sub_ros2
[0.155s] -- Install configuration: ""
[0.156s] -- Up-to-date: /home/gyufoxy/dev_ws/install/pub_and_sub_ros2/lib/pub_and_sub_ros2/pub_node
[0.157s] -- Up-to-date: /home/gyufoxy/dev_ws/install/pub_and_sub_ros2/lib/pub_and_sub_ros2/sub_node
[0.157s] -- Up-to-date: /home/gyufoxy/dev_ws/install/pub_and_sub_ros2/share/ament_index/resource_index/package_run_dependencies/pub_and_sub_ros2
[0.157s] -- Up-to-date: /home/gyufoxy/dev_ws/install/pub_and_sub_ros2/share/ament_index/resource_index/parent_prefix_path/pub_and_sub_ros2
[0.158s] -- Up-to-date: /home/gyufoxy/dev_ws/install/pub_and_sub_ros2/share/pub_and_sub_ros2/environment/ament_prefix_path.sh
[0.158s] -- Up-to-date: /home/gyufoxy/dev_ws/install/pub_and_sub_ros2/share/pub_and_sub_ros2/environment/ament_prefix_path.dsv
[0.158s] -- Up-to-date: /home/gyufoxy/dev_ws/install/pub_and_sub_ros2/share/pub_and_sub_ros2/environment/path.sh
[0.158s] -- Up-to-date: /home/gyufoxy/dev_ws/install/pub_and_sub_ros2/share/pub_and_sub_ros2/environment/path.dsv
[0.159s] -- Up-to-date: /home/gyufoxy/dev_ws/install/pub_and_sub_ros2/share/pub_and_sub_ros2/local_setup.bash
[0.159s] -- Up-to-date: /home/gyufoxy/dev_ws/install/pub_and_sub_ros2/share/pub_and_sub_ros2/local_setup.sh
[0.159s] -- Up-to-date: /home/gyufoxy/dev_ws/install/pub_and_sub_ros2/share/pub_and_sub_ros2/local_setup.zsh
[0.159s] -- Up-to-date: /home/gyufoxy/dev_ws/install/pub_and_sub_ros2/share/pub_and_sub_ros2/local_setup.dsv
[0.159s] -- Installing: /home/gyufoxy/dev_ws/install/pub_and_sub_ros2/share/pub_and_sub_ros2/package.dsv
[0.159s] -- Up-to-date: /home/gyufoxy/dev_ws/install/pub_and_sub_ros2/share/ament_index/resource_index/packages/pub_and_sub_ros2
[0.159s] -- Up-to-date: /home/gyufoxy/dev_ws/install/pub_and_sub_ros2/share/pub_and_sub_ros2/cmake/pub_and_sub_ros2Config.cmake
[0.160s] -- Up-to-date: /home/gyufoxy/dev_ws/install/pub_and_sub_ros2/share/pub_and_sub_ros2/cmake/pub_and_sub_ros2Config-version.cmake
[0.160s] -- Up-to-date: /home/gyufoxy/dev_ws/install/pub_and_sub_ros2/share/pub_and_sub_ros2/package.xml
[0.174s] Invoked command in '/home/gyufoxy/dev_ws/build/pub_and_sub_ros2' returned '0': CMAKE_PREFIX_PATH=${CMAKE_PREFIX_PATH}:/opt/ros/foxy /usr/bin/cmake --install /home/gyufoxy/dev_ws/build/pub_and_sub_ros2
