[0.015s] Invoking command in '/home/gyufoxy/dev_ws/build/srv_and_cli_ros2': CMAKE_PREFIX_PATH=${CMAKE_PREFIX_PATH}:/opt/ros/foxy /usr/bin/cmake --build /home/gyufoxy/dev_ws/build/srv_and_cli_ros2 -- -j8 -l8
[0.041s] -- Found ament_cmake: 0.9.9 (/opt/ros/foxy/share/ament_cmake/cmake)
[0.062s] -- Found PythonInterp: /usr/bin/python3 (found suitable version "3.8.10", minimum required is "3") 
[0.062s] -- Using PYTHON_EXECUTABLE: /usr/bin/python3
[0.235s] -- Found rclcpp: 2.4.0 (/opt/ros/foxy/share/rclcpp/cmake)
[0.266s] -- Using all available rosidl_typesupport_c: rosidl_typesupport_fastrtps_c;rosidl_typesupport_introspection_c
[0.270s] -- Found rosidl_adapter: 1.2.1 (/opt/ros/foxy/share/rosidl_adapter/cmake)
[0.377s] -- Using all available rosidl_typesupport_cpp: rosidl_typesupport_fastrtps_cpp;rosidl_typesupport_introspection_cpp
[0.422s] -- Found rmw_implementation_cmake: 1.0.3 (/opt/ros/foxy/share/rmw_implementation_cmake/cmake)
[0.424s] -- Using RMW implementation 'rmw_fastrtps_cpp' as default
[0.559s] -- Found rosidl_default_generators: 1.0.1 (/opt/ros/foxy/share/rosidl_default_generators/cmake)
[0.587s] -- Found PythonInterp: /usr/bin/python3 (found version "3.8.10") 
[0.715s] -- Found ament_cmake_ros: 0.9.2 (/opt/ros/foxy/share/ament_cmake_ros/cmake)
[0.818s] -- Using all available rosidl_typesupport_c: rosidl_typesupport_fastrtps_c;rosidl_typesupport_introspection_c
[0.824s] -- Using all available rosidl_typesupport_cpp: rosidl_typesupport_fastrtps_cpp;rosidl_typesupport_introspection_cpp
[0.847s] -- Found PythonInterp: /usr/bin/python3 (found suitable version "3.8.10", minimum required is "3.5") 
[0.848s] -- Found python_cmake_module: 0.8.1 (/opt/ros/foxy/share/python_cmake_module/cmake)
[0.871s] -- Using PYTHON_EXECUTABLE: /usr/bin/python3
[0.871s] -- Using PYTHON_INCLUDE_DIRS: /usr/include/python3.8
[0.871s] -- Using PYTHON_LIBRARIES: /usr/lib/x86_64-linux-gnu/libpython3.8.so
[0.885s] -- Found ament_lint_auto: 0.9.6 (/opt/ros/foxy/share/ament_lint_auto/cmake)
[0.895s] -- Added test 'copyright' to check source files copyright and LICENSE
[0.896s] -- Added test 'cppcheck' to perform static code analysis on C / C++ code
[0.897s] -- Configured cppcheck include dirs: 
[0.897s] -- Configured cppcheck exclude dirs and/or files: 
[0.898s] -- Added test 'cpplint' to check C / C++ code against the Google style
[0.898s] -- Configured cpplint exclude dirs and/or files: 
[0.899s] -- Added test 'lint_cmake' to check CMake code style
[0.900s] -- Added test 'uncrustify' to check C / C++ code style
[0.900s] -- Configured uncrustify additional arguments: 
[0.900s] -- Added test 'xmllint' to check XML markup files
[0.904s] -- Configuring done
[0.939s] -- Generating done
[0.942s] -- Build files have been written to: /home/gyufoxy/dev_ws/build/srv_and_cli_ros2
[0.967s] [35m[1mScanning dependencies of target server[0m
[0.977s] [  9%] [32mBuilding CXX object CMakeFiles/server.dir/src/srv.cpp.o[0m
[0.977s] [  9%] Built target srv_and_cli_ros2__cpp
[0.977s] [ 14%] Built target srv_and_cli_ros2__rosidl_generator_c
[0.985s] [01m[K/home/gyufoxy/dev_ws/src/srv_and_cli_ros2/src/srv.cpp:1:10:[m[K [01;31m[Kfatal error: [m[Krclcpp/rclcpp.hpp: No such file or directory
[0.985s]     1 | #include [01;31m[K<rclcpp/rclcpp.hpp>[m[K
[0.985s]       |          [01;31m[K^~~~~~~~~~~~~~~~~~~[m[K
[0.985s] compilation terminated.
[0.986s] make[2]: *** [CMakeFiles/server.dir/build.make:63: CMakeFiles/server.dir/src/srv.cpp.o] Error 1
[0.986s] make[1]: *** [CMakeFiles/Makefile2:304: CMakeFiles/server.dir/all] Error 2
[0.986s] make[1]: *** Waiting for unfinished jobs....
[1.001s] [ 24%] Built target srv_and_cli_ros2__rosidl_typesupport_introspection_cpp
[1.002s] [ 34%] Built target srv_and_cli_ros2__rosidl_typesupport_cpp
[1.003s] [ 43%] Built target srv_and_cli_ros2__rosidl_typesupport_introspection_c
[1.006s] [ 53%] Built target srv_and_cli_ros2__rosidl_typesupport_c
[1.010s] [ 63%] Built target srv_and_cli_ros2__rosidl_typesupport_fastrtps_cpp
[1.011s] make: *** [Makefile:141: all] Error 2
[1.013s] Invoked command in '/home/gyufoxy/dev_ws/build/srv_and_cli_ros2' returned '2': CMAKE_PREFIX_PATH=${CMAKE_PREFIX_PATH}:/opt/ros/foxy /usr/bin/cmake --build /home/gyufoxy/dev_ws/build/srv_and_cli_ros2 -- -j8 -l8
